[(68.1235, -9.7628, 0.7851)/10] => [[5,26,35,68,88,97,328,396,421,466,545,587,608,635,693,732,774,913,964],[91,92,93,94,95,96,97,98,99,100,101,102,103,104,105,106,107,108,109,110,111,112,113,114,115,116,117,118,119,120,121,122,123,124,125,126,127,128,129,130,131]]
[(17.0706, -60.6489, 0.9098)/20] => [[14,88,99,141,225,254,287,321,478,582,664,685,695,708,722,753,858,950,1012],[192,193,194,195,196,197,198,199,200,201,202,203,204,205,206,207,208,209,210,211,212,213,214,215,216,217,218,219,220,221,222,223,224,225,226,227,228,229,230,231,232]]
[(-33.5131, -9.7628, 1.4266)/20] => [[69,71,74,96,157,234,243,388,396,433,489,574,603,678,696,703,709,712,776,924],[192,193,194,195,196,197,198,199,200,201,202,203,204,205,206,207,208,209,210,211,212,213,214,215,216,217,218,219,220,221,222,223,224,225,226,227,228,229,230,231,232]]
[(17.0706, 40.7189, 1.4637)/21] => [[17,98,117,129,156,231,276,328,388,567,574,575,593,703,709,728,924,969,987],[202,203,204,205,206,207,208,209,210,211,212,213,214,215,216,217,218,219,220,221,222,223,224,225,226,227,228,229,230,231,232,233,234,235,236,237,238,239,240,241,242]]
[(17.0706, -9.7628, 3.7398)/17] => [[17,71,74,88,117,204,234,243,276,339,388,489,542,574,703,709,712,776,924,987],[161,162,163,164,165,166,167,168,169,170,171,172,173,174,175,176,177,178,179,180,181,182,183,184,185,186,187,188,189,190,191,192,193,194,195,196,197,198,199,200,201]]
[(-18.2577, -45.0388, 22.2836)/21] => [[37,69,99,204,225,234,243,387,396,577,582,669,688,696,722,789,858,900,1012,1014],[202,203,204,205,206,207,208,209,210,211,212,213,214,215,216,217,218,219,220,221,222,223,224,225,226,227,228,229,230,231,232,233,234,235,236,237,238,239,240,241,242]]
[(52.3895, -45.0294, 22.2965)/21] => [[89,97,204,225,321,387,390,426,515,703,708,722,753,805,858,885,950,958,1014],[202,203,204,205,206,207,208,209,210,211,212,213,214,215,216,217,218,219,220,221,222,223,224,225,226,227,228,229,230,231,232,233,234,235,236,237,238,239,240,241,242]]
[(-18.1646, 25.4202, 22.4109)/22] => [[17,96,98,117,234,276,304,328,388,489,574,662,678,691,712,728,836,899,904,924],[212,213,214,215,216,217,218,219,220,221,222,223,224,225,226,227,228,229,230,231,232,233,234,235,236,237,238,239,240,241,242,243,244,245,246,247,248,249,250,251,252]]
[(52.2679, 25.3823, 22.4628)/22] => [[5,97,114,240,304,326,328,390,567,571,614,635,693,709,732,774,896,964,969],[212,213,214,215,216,217,218,219,220,221,222,223,224,225,226,227,228,229,230,231,232,233,234,235,236,237,238,239,240,241,242,243,244,245,246,247,248,249,250,251,252]]
[(-18.1497, -44.9310, 70.5843)/18] => [[24,131,250,345,387,397,406,454,467,471,533,535,540,577,653,743,789,795,852,900],[171,172,173,174,175,176,177,178,179,180,181,182,183,184,185,186,187,188,189,190,191,192,193,194,195,196,197,198,199,200,201,202,203,204,205,206,207,208,209,210,211]]
[(-32.5082, -9.7628, 70.5843)/18] => [[24,63,131,145,250,332,345,471,540,576,615,653,662,691,735,766,832,882,888,904],[171,172,173,174,175,176,177,178,179,180,181,182,183,184,185,186,187,188,189,190,191,192,193,194,195,196,197,198,199,200,201,202,203,204,205,206,207,208,209,210,211]]
[(66.7157, -9.7628, 70.5843)/21] => [[37,134,172,187,212,302,354,374,390,451,469,515,617,649,725,765,784,839,885,896],[202,203,204,205,206,207,208,209,210,211,212,213,214,215,216,217,218,219,220,221,222,223,224,225,226,227,228,229,230,231,232,233,234,235,236,237,238,239,240,241,242]]
[(52.0385, -44.6789, 70.5843)/15] => [[89,172,387,390,402,406,451,467,469,471,515,533,617,675,703,743,830,885,999],[141,142,143,144,145,146,147,148,149,150,151,152,153,154,155,156,157,158,159,160,161,162,163,164,165,166,167,168,169,170,171,172,173,174,175,176,177,178,179,180,181]]
[(17.0706, -59.3909, 70.5843)/21] => [[131,345,350,387,397,406,454,467,533,535,577,692,703,725,743,769,830,859,920,1014],[202,203,204,205,206,207,208,209,210,211,212,213,214,215,216,217,218,219,220,221,222,223,224,225,226,227,228,229,230,231,232,233,234,235,236,237,238,239,240,241,242]]
[(17.0706, 39.9530, 70.5843)/21] => [[69,87,168,175,218,236,304,349,572,674,691,735,765,766,771,780,832,896,904,931],[202,203,204,205,206,207,208,209,210,211,212,213,214,215,216,217,218,219,220,221,222,223,224,225,226,227,228,229,230,231,232,233,234,235,236,237,238,239,240,241,242]]
[(52.2476, 25.3621, 70.5843)/21] => [[37,134,172,187,263,304,326,354,374,389,390,451,574,765,771,773,835,839,896,931],[202,203,204,205,206,207,208,209,210,211,212,213,214,215,216,217,218,219,220,221,222,223,224,225,226,227,228,229,230,231,232,233,234,235,236,237,238,239,240,241,242]]
[(-17.8843, 25.1404, 70.5843)/17] => [[24,27,87,145,168,175,218,236,250,304,332,612,662,691,735,766,832,875,888,904],[161,162,163,164,165,166,167,168,169,170,171,172,173,174,175,176,177,178,179,180,181,182,183,184,185,186,187,188,189,190,191,192,193,194,195,196,197,198,199,200,201]]
[(52.4096, 25.5238, 118.8995)/20] => [[37,77,134,187,194,204,210,237,247,297,354,451,488,526,536,574,698,765,807,838],[192,193,194,195,196,197,198,199,200,201,202,203,204,205,206,207,208,209,210,211,212,213,214,215,216,217,218,219,220,221,222,223,224,225,226,227,228,229,230,231,232]]
[(52.4262, -45.0660, 118.9221)/20] => [[143,160,173,194,210,339,402,406,464,467,469,471,617,644,677,698,830,885,999],[192,193,194,195,196,197,198,199,200,201,202,203,204,205,206,207,208,209,210,211,212,213,214,215,216,217,218,219,220,221,222,223,224,225,226,227,228,229,230,231,232]]
[(-18.2877, -45.0688, 118.9259)/21] => [[65,131,160,239,250,339,345,429,467,535,540,653,698,707,733,761,795,852,913,946],[202,203,204,205,206,207,208,209,210,211,212,213,214,215,216,217,218,219,220,221,222,223,224,225,226,227,228,229,230,231,232,233,234,235,236,237,238,239,240,241,242]]
[(-18.3094, 25.5648, 118.9557)/22] => [[145,168,175,218,244,250,253,332,342,458,525,536,612,698,766,802,832,838,875,1007],[212,213,214,215,216,217,218,219,220,221,222,223,224,225,226,227,228,229,230,231,232,233,234,235,236,237,238,239,240,241,242,243,244,245,246,247,248,249,250,251,252]]
[(17.0706, -9.7628, 138.0312)/15] => [[33,88,95,160,204,210,253,342,345,458,536,612,698,707,733,765,779,838,963,987],[141,142,143,144,145,146,147,148,149,150,151,152,153,154,155,156,157,158,159,160,161,162,163,164,165,166,167,168,169,170,171,172,173,174,175,176,177,178,179,180,181]]
[(67.1950, -9.7628, 139.1141)/11] => [[24,37,77,134,194,196,204,210,212,237,256,302,612,705,755,765,807,963,978,987],[101,102,103,104,105,106,107,108,109,110,111,112,113,114,115,116,117,118,119,120,121,122,123,124,125,126,127,128,129,130,131,132,133,134,135,136,137,138,139,140,141]]
[(-33.1199, -9.7628, 139.2045)/15] => [[63,88,214,244,253,284,296,332,345,458,478,612,644,653,707,712,733,748,779,1007],[141,142,143,144,145,146,147,148,149,150,151,152,153,154,155,156,157,158,159,160,161,162,163,164,165,166,167,168,169,170,171,172,173,174,175,176,177,178,179,180,181]]
[(17.0706, 40.4633, 139.3550)/17] => [[44,45,168,182,197,204,218,244,253,285,297,342,349,525,526,536,700,779,824,963],[161,162,163,164,165,166,167,168,169,170,171,172,173,174,175,176,177,178,179,180,181,182,183,184,185,186,187,188,189,190,191,192,193,194,195,196,197,198,199,200,201]]
[(17.0706, -60.0187, 139.3957)/13] => [[33,65,239,339,426,464,466,519,598,668,707,769,814,825,841,849,913,946,947,987],[121,122,123,124,125,126,127,128,129,130,131,132,133,134,135,136,137,138,139,140,141,142,143,144,145,146,147,148,149,150,151,152,153,154,155,156,157,158,159,160,161]]
