[(14.8533, -14.2052, -3.1036)/20] => [[71,74,88,99,117,204,234,243,276,339,388,489,542,703,712,753,776,924,987,1012],[192,193,194,195,196,197,198,199,200,201,202,203,204,205,206,207,208,209,210,211,212,213,214,215,216,217,218,219,220,221,222,223,224,225,226,227,228,229,230,231,232]]
[(14.8533, -93.5873, -1.0844)/19] => [[14,21,141,225,254,287,300,305,321,452,478,540,582,646,664,667,685,695,722,950],[182,183,184,185,186,187,188,189,190,191,192,193,194,195,196,197,198,199,200,201,202,203,204,205,206,207,208,209,210,211,212,213,214,215,216,217,218,219,220,221,222]]
[(14.8533, 65.0395, -0.9053)/21] => [[17,98,129,156,209,231,328,558,567,574,575,593,608,614,709,728,906,969,1022],[202,203,204,205,206,207,208,209,210,211,212,213,214,215,216,217,218,219,220,221,222,223,224,225,226,227,228,229,230,231,232,233,234,235,236,237,238,239,240,241,242]]
[(-18.5547, -14.2052, 2.8936)/20] => [[69,71,74,96,99,117,204,243,276,339,388,396,489,678,696,703,712,924,987,1012],[192,193,194,195,196,197,198,199,200,201,202,203,204,205,206,207,208,209,210,211,212,213,214,215,216,217,218,219,220,221,222,223,224,225,226,227,228,229,230,231,232]]
[(-18.0328, -89.3376, 4.4453)/14] => [[44,58,141,225,254,287,305,452,478,582,612,620,664,667,669,685,710,722,858,950],[131,132,133,134,135,136,137,138,139,140,141,142,143,144,145,146,147,148,149,150,151,152,153,154,155,156,157,158,159,160,161,162,163,164,165,166,167,168,169,170,171]]
[(-17.3874, 59.4528, 6.3638)/15] => [[17,98,117,141,156,231,328,509,550,558,574,575,593,678,709,728,836,987,1003,1022],[141,142,143,144,145,146,147,148,149,150,151,152,153,154,155,156,157,158,159,160,161,162,163,164,165,166,167,168,169,170,171,172,173,174,175,176,177,178,179,180,181]]
[(46.5702, -14.2052, 7.9212)/17] => [[68,88,97,117,204,276,328,339,396,421,466,542,635,732,753,884,913,964,987,988],[161,162,163,164,165,166,167,168,169,170,171,172,173,174,175,176,177,178,179,180,181,182,183,184,185,186,187,188,189,190,191,192,193,194,195,196,197,198,199,200,201]]
[(46.0434, 57.0524, 9.4873)/18] => [[5,17,114,117,129,156,209,240,328,567,575,579,614,635,709,774,835,969,987],[171,172,173,174,175,176,177,178,179,180,181,182,183,184,185,186,187,188,189,190,191,192,193,194,195,196,197,198,199,200,201,202,203,204,205,206,207,208,209,210,211]]
[(45.2943, -83.7511, 11.7139)/20] => [[14,225,254,287,321,387,394,489,524,646,664,667,695,708,722,858,907,920,930,950],[192,193,194,195,196,197,198,199,200,201,202,203,204,205,206,207,208,209,210,211,212,213,214,215,216,217,218,219,220,221,222,223,224,225,226,227,228,229,230,231,232]]
[(-15.8547, -14.2052, 102.2046)/23] => [[24,131,145,160,239,250,253,332,345,467,535,536,540,653,698,707,852,888,913,1007],[222,223,224,225,226,227,228,229,230,231,232,233,234,235,236,237,238,239,240,241,242,243,244,245,246,247,248,249,250,251,252,253,254,255,256,257,258,259,260,261,262]]
[(48.2984, -14.2052, 102.2046)/24] => [[160,172,187,204,210,212,247,264,397,451,454,467,469,535,536,617,698,765,784,913],[232,233,234,235,236,237,238,239,240,241,242,243,244,245,246,247,248,249,250,251,252,253,254,255,256,257,258,259,260,261,262,263,264,265,266,267,268,269,270,271,272]]
[(-15.0937, -82.6227, 102.2045)/18] => [[65,89,115,259,406,419,431,466,496,544,641,668,725,769,795,814,825,841,863,946],[171,172,173,174,175,176,177,178,179,180,181,182,183,184,185,186,187,188,189,190,191,192,193,194,195,196,197,198,199,200,201,202,203,204,205,206,207,208,209,210,211]]
[(46.2778, -85.9982, 102.2045)/22] => [[65,115,143,149,163,173,385,406,431,464,644,692,725,814,830,870,946,951,994,999],[212,213,214,215,216,217,218,219,220,221,222,223,224,225,226,227,228,229,230,231,232,233,234,235,236,237,238,239,240,241,242,243,244,245,246,247,248,249,250,251,252]]
[(14.8533, -94.2957, 102.2045)/17] => [[115,197,259,264,406,431,464,466,641,668,680,692,725,769,814,825,830,841,890,946],[161,162,163,164,165,166,167,168,169,170,171,172,173,174,175,176,177,178,179,180,181,182,183,184,185,186,187,188,189,190,191,192,193,194,195,196,197,198,199,200,201]]
[(14.8533, 66.0328, 102.2046)/25] => [[45,69,168,182,218,296,297,349,394,418,466,526,551,572,574,700,736,746,854,931],[242,243,244,245,246,247,248,249,250,251,252,253,254,255,256,257,258,259,260,261,262,263,264,265,266,267,268,269,270,271,272,273,274,275,276,277,278,279,280,281,282]]
[(45.8561, 56.6246, 102.2046)/20] => [[37,162,187,204,297,347,349,389,394,488,526,528,572,574,609,700,773,835,838,909],[192,193,194,195,196,197,198,199,200,201,202,203,204,205,206,207,208,209,210,211,212,213,214,215,216,217,218,219,220,221,222,223,224,225,226,227,228,229,230,231,232]]
[(-15.9671, 56.2080, 102.2046)/23] => [[45,69,112,168,175,218,244,296,300,316,394,418,466,551,572,700,746,802,854,875],[222,223,224,225,226,227,228,229,230,231,232,233,234,235,236,237,238,239,240,241,242,243,244,245,246,247,248,249,250,251,252,253,254,255,256,257,258,259,260,261,262]]
[(-15.8906, -84.4435, 193.5958)/18] => [[20,22,54,342,368,486,573,629,636,700,703,818,900,905,912,935,947,964,973],[171,172,173,174,175,176,177,178,179,180,181,182,183,184,185,186,187,188,189,190,191,192,193,194,195,196,197,198,199,200,201,202,203,204,205,206,207,208,209,210,211]]
[(45.9039, -14.2052, 194.5074)/22] => [[6,24,33,95,144,147,159,425,429,433,455,536,657,659,765,786,825,888,912,987],[212,213,214,215,216,217,218,219,220,221,222,223,224,225,226,227,228,229,230,231,232,233,234,235,236,237,238,239,240,241,242,243,244,245,246,247,248,249,250,251,252]]
[(46.3091, 57.6595, 195.7119)/19] => [[28,138,144,209,257,295,425,473,513,561,634,691,750,845,851,861,974,983,997,998],[182,183,184,185,186,187,188,189,190,191,192,193,194,195,196,197,198,199,200,201,202,203,204,205,206,207,208,209,210,211,212,213,214,215,216,217,218,219,220,221,222]]
[(-16.9958, 58.5577, 196.8806)/18] => [[105,138,144,207,225,227,251,274,295,324,465,561,571,613,634,689,750,904,983,998],[171,172,173,174,175,176,177,178,179,180,181,182,183,184,185,186,187,188,189,190,191,192,193,194,195,196,197,198,199,200,201,202,203,204,205,206,207,208,209,210,211]]
[(-16.9959, 58.5583, 196.8815)/18] => [[105,138,144,207,225,227,251,274,295,324,465,561,571,613,634,689,750,904,983,998],[171,172,173,174,175,176,177,178,179,180,181,182,183,184,185,186,187,188,189,190,191,192,193,194,195,196,197,198,199,200,201,202,203,204,205,206,207,208,209,210,211]]
[(46.7257, -87.0217, 196.9504)/19] => [[12,31,54,91,139,176,219,316,330,342,465,483,494,594,598,650,783,912,918,925],[182,183,184,185,186,187,188,189,190,191,192,193,194,195,196,197,198,199,200,201,202,203,204,205,206,207,208,209,210,211,212,213,214,215,216,217,218,219,220,221,222]]
[(-18.2373, -14.2052, 200.5718)/15] => [[8,16,18,20,114,132,144,155,172,201,293,425,429,455,582,620,668,704,713,863],[141,142,143,144,145,146,147,148,149,150,151,152,153,154,155,156,157,158,159,160,161,162,163,164,165,166,167,168,169,170,171,172,173,174,175,176,177,178,179,180,181]]
[(14.8533, -94.1611, 206.2400)/21] => [[20,54,113,342,483,486,494,520,573,636,667,684,750,783,818,905,912,925,935],[202,203,204,205,206,207,208,209,210,211,212,213,214,215,216,217,218,219,220,221,222,223,224,225,226,227,228,229,230,231,232,233,234,235,236,237,238,239,240,241,242]]
[(14.8533, 66.1823, 206.8015)/19] => [[138,207,236,257,295,324,504,548,613,634,689,691,750,774,845,861,904,983,997,998],[182,183,184,185,186,187,188,189,190,191,192,193,194,195,196,197,198,199,200,201,202,203,204,205,206,207,208,209,210,211,212,213,214,215,216,217,218,219,220,221,222]]
[(14.8533, -14.2052, 209.6775)/25] => [[18,20,114,132,144,155,172,201,274,425,455,536,582,620,657,659,704,713,716,765],[242,243,244,245,246,247,248,249,250,251,252,253,254,255,256,257,258,259,260,261,262,263,264,265,266,267,268,269,270,271,272,273,274,275,276,277,278,279,280,281,282]]
