[(7.6983, -17.0780, 0.0881)/24] => [[69,71,74,88,96,99,117,204,243,276,339,388,489,542,678,703,712,924,987,1012],[232,233,234,235,236,237,238,239,240,241,242,243,244,245,246,247,248,249,250,251,252,253,254,255,256,257,258,259,260,261,262,263,264,265,266,267,268,269,270,271,272]]
[(7.6983, -62.3356, 1.4248)/18] => [[88,99,141,225,243,254,287,300,321,452,478,582,646,664,685,708,722,858,950,1012],[171,172,173,174,175,176,177,178,179,180,181,182,183,184,185,186,187,188,189,190,191,192,193,194,195,196,197,198,199,200,201,202,203,204,205,206,207,208,209,210,211]]
[(7.6983, 27.6379, 2.4373)/18] => [[17,74,96,98,117,231,276,328,339,388,489,567,575,678,703,712,728,924,969,987],[171,172,173,174,175,176,177,178,179,180,181,182,183,184,185,186,187,188,189,190,191,192,193,194,195,196,197,198,199,200,201,202,203,204,205,206,207,208,209,210,211]]
[(-15.1969, -17.0780, 4.6046)/20] => [[69,71,74,96,99,117,204,243,276,339,388,396,489,678,696,703,712,924,987,1012],[192,193,194,195,196,197,198,199,200,201,202,203,204,205,206,207,208,209,210,211,212,213,214,215,216,217,218,219,220,221,222,223,224,225,226,227,228,229,230,231,232]]
[(-14.8082, 25.7389, 5.9870)/18] => [[17,74,96,98,117,231,234,276,328,339,388,489,542,575,678,703,712,728,924,987],[171,172,173,174,175,176,177,178,179,180,181,182,183,184,185,186,187,188,189,190,191,192,193,194,195,196,197,198,199,200,201,202,203,204,205,206,207,208,209,210,211]]
[(-13.3735, -57.1655, 11.0888)/18] => [[69,71,99,141,204,225,254,387,396,478,577,582,669,685,696,722,789,858,920,1012],[171,172,173,174,175,176,177,178,179,180,181,182,183,184,185,186,187,188,189,190,191,192,193,194,195,196,197,198,199,200,201,202,203,204,205,206,207,208,209,210,211]]
[(27.3671, -17.0780, 16.0785)/24] => [[68,71,88,99,117,204,234,243,276,328,339,388,421,489,577,688,712,753,924,988],[232,233,234,235,236,237,238,239,240,241,242,243,244,245,246,247,248,249,250,251,252,253,254,255,256,257,258,259,260,261,262,263,264,265,266,267,268,269,270,271,272]]
[(26.5082, -52.8622, 19.1330)/23] => [[14,71,88,99,204,225,254,321,387,478,577,685,695,708,722,753,858,907,920,950],[222,223,224,225,226,227,228,229,230,231,232,233,234,235,236,237,238,239,240,241,242,243,244,245,246,247,248,249,250,251,252,253,254,255,256,257,258,259,260,261,262]]
[(24.6061, 15.0875, 25.8970)/22] => [[5,17,117,204,234,276,304,388,390,489,567,574,577,709,712,774,896,904,924,969],[212,213,214,215,216,217,218,219,220,221,222,223,224,225,226,227,228,229,230,231,232,233,234,235,236,237,238,239,240,241,242,243,244,245,246,247,248,249,250,251,252]]
[(-10.9773, -52.6070, 86.0235)/23] => [[65,131,184,345,406,454,467,471,496,533,535,540,544,653,743,795,841,852,900,913],[222,223,224,225,226,227,228,229,230,231,232,233,234,235,236,237,238,239,240,241,242,243,244,245,246,247,248,249,250,251,252,253,254,255,256,257,258,259,260,261,262]]
[(28.5830, -56.8096, 86.0235)/21] => [[65,345,397,406,454,464,467,533,535,617,649,675,703,743,769,830,841,859,913,999],[202,203,204,205,206,207,208,209,210,211,212,213,214,215,216,217,218,219,220,221,222,223,224,225,226,227,228,229,230,231,232,233,234,235,236,237,238,239,240,241,242]]
[(7.6983, -62.2135, 86.0235)/25] => [[65,89,184,350,397,406,464,467,533,544,680,725,743,769,814,825,841,851,900,913],[242,243,244,245,246,247,248,249,250,251,252,253,254,255,256,257,258,259,260,261,262,263,264,265,266,267,268,269,270,271,272,273,274,275,276,277,278,279,280,281,282]]
[(7.6983, 28.1395, 86.0236)/24] => [[27,87,145,168,172,175,218,236,250,332,390,612,691,735,766,771,832,888,904,931],[232,233,234,235,236,237,238,239,240,241,242,243,244,245,246,247,248,249,250,251,252,253,254,255,256,257,258,259,260,261,262,263,264,265,266,267,268,269,270,271,272]]
[(-13.1164, 22.5204, 86.0236)/21] => [[24,27,87,145,168,175,218,236,250,332,612,691,735,766,832,872,875,888,904,1007],[202,203,204,205,206,207,208,209,210,211,212,213,214,215,216,217,218,219,220,221,222,223,224,225,226,227,228,229,230,231,232,233,234,235,236,237,238,239,240,241,242]]
[(26.3591, 18.4227, 86.0236)/23] => [[172,175,187,345,389,390,451,454,535,612,649,691,735,765,766,771,773,896,904,931],[222,223,224,225,226,227,228,229,230,231,232,233,234,235,236,237,238,239,240,241,242,243,244,245,246,247,248,249,250,251,252,253,254,255,256,257,258,259,260,261,262]]
[(-14.3546, -17.0780, 86.0236)/25] => [[24,131,145,250,332,345,454,467,471,533,535,540,653,735,852,888,900,904,913,1007],[242,243,244,245,246,247,248,249,250,251,252,253,254,255,256,257,258,259,260,261,262,263,264,265,266,267,268,269,270,271,272,273,274,275,276,277,278,279,280,281,282]]
[(29.2713, -17.0780, 86.0236)/25] => [[172,187,345,390,397,451,454,467,533,535,612,617,649,691,735,765,766,896,904,913],[242,243,244,245,246,247,248,249,250,251,252,253,254,255,256,257,258,259,260,261,262,263,264,265,266,267,268,269,270,271,272,273,274,275,276,277,278,279,280,281,282]]
[(-8.2815, -47.4785, 142.8502)/18] => [[65,88,160,239,339,429,464,507,629,698,704,707,713,733,814,849,913,946,947,987],[171,172,173,174,175,176,177,178,179,180,181,182,183,184,185,186,187,188,189,190,191,192,193,194,195,196,197,198,199,200,201,202,203,204,205,206,207,208,209,210,211]]
[(-9.0295, -17.0780, 145.5101)/12] => [[88,114,160,204,239,253,342,429,507,536,698,704,707,712,713,733,838,913,963,987],[111,112,113,114,115,116,117,118,119,120,121,122,123,124,125,126,127,128,129,130,131,132,133,134,135,136,137,138,139,140,141,142,143,144,145,146,147,148,149,150,151]]
[(-9.6806, 15.9840, 147.8257)/17] => [[88,95,114,160,204,253,264,342,458,465,525,536,698,704,712,733,779,802,838,963],[161,162,163,164,165,166,167,168,169,170,171,172,173,174,175,176,177,178,179,180,181,182,183,184,185,186,187,188,189,190,191,192,193,194,195,196,197,198,199,200,201]]
[(27.9748, 21.4962, 158.1296)/23] => [[77,95,114,194,204,210,244,297,342,425,458,488,525,526,536,698,779,838,963,983],[222,223,224,225,226,227,228,229,230,231,232,233,234,235,236,237,238,239,240,241,242,243,244,245,246,247,248,249,250,251,252,253,254,255,256,257,258,259,260,261,262]]
[(30.1774, -59.8427, 165.9622)/17] => [[33,143,149,219,247,256,264,316,339,501,598,677,733,765,849,888,892,925,987,994],[161,162,163,164,165,166,167,168,169,170,171,172,173,174,175,176,177,178,179,180,181,182,183,184,185,186,187,188,189,190,191,192,193,194,195,196,197,198,199,200,201]]
[(30.5261, -17.0780, 167.2026)/20] => [[33,77,95,114,155,194,237,247,256,264,342,536,657,698,733,765,838,888,963,987],[192,193,194,195,196,197,198,199,200,201,202,203,204,205,206,207,208,209,210,211,212,213,214,215,216,217,218,219,220,221,222,223,224,225,226,227,228,229,230,231,232]]
[(7.6983, -61.2061, 168.5112)/18] => [[20,33,54,339,429,466,507,519,598,629,668,707,713,849,905,912,935,947,987],[171,172,173,174,175,176,177,178,179,180,181,182,183,184,185,186,187,188,189,190,191,192,193,194,195,196,197,198,199,200,201,202,203,204,205,206,207,208,209,210,211]]
[(7.6983, 29.2419, 172.6088)/19] => [[95,114,155,251,342,425,429,465,471,525,613,657,689,779,825,838,851,963,983],[182,183,184,185,186,187,188,189,190,191,192,193,194,195,196,197,198,199,200,201,202,203,204,205,206,207,208,209,210,211,212,213,214,215,216,217,218,219,220,221,222]]
[(7.6983, -17.0780, 175.7935)/25] => [[88,95,114,155,172,342,425,429,465,507,657,668,704,712,713,733,838,963,987],[242,243,244,245,246,247,248,249,250,251,252,253,254,255,256,257,258,259,260,261,262,263,264,265,266,267,268,269,270,271,272,273,274,275,276,277,278,279,280,281,282]]
