[(41.8566, 84.2243, 1.2591)/14] => [[9,97,129,156,174,209,238,240,307,328,402,475,579,608,614,794,835,906,946,991],[131,132,133,134,135,136,137,138,139,140,141,142,143,144,145,146,147,148,149,150,151,152,153,154,155,156,157,158,159,160,161,162,163,164,165,166,167,168,169,170,171]]
[(9.3420, 51.9075, 1.4354)/21] => [[17,98,117,129,156,209,231,328,558,567,574,575,593,614,678,709,728,969,987,1022],[202,203,204,205,206,207,208,209,210,211,212,213,214,215,216,217,218,219,220,221,222,223,224,225,226,227,228,229,230,231,232,233,234,235,236,237,238,239,240,241,242]]
[(9.3420, 116.4619, 1.5547)/19] => [[40,88,141,301,329,338,466,508,550,558,608,614,662,693,734,736,852,867,1005,1022],[182,183,184,185,186,187,188,189,190,191,192,193,194,195,196,197,198,199,200,201,202,203,204,205,206,207,208,209,210,211,212,213,214,215,216,217,218,219,220,221,222]]
[(-22.5864, 84.2243, 2.1382)/15] => [[98,141,158,327,334,338,509,520,550,558,593,608,662,728,767,852,936,958,1003,1022],[141,142,143,144,145,146,147,148,149,150,151,152,153,154,155,156,157,158,159,160,161,162,163,164,165,166,167,168,169,170,171,172,173,174,175,176,177,178,179,180,181]]
[(9.3420, 84.2243, 4.2628)/21] => [[98,129,141,156,209,328,338,421,509,550,558,593,608,614,662,728,852,936,1003,1022],[202,203,204,205,206,207,208,209,210,211,212,213,214,215,216,217,218,219,220,221,222,223,224,225,226,227,228,229,230,231,232,233,234,235,236,237,238,239,240,241,242]]
[(-14.6722, 60.2695, 14.0082)/15] => [[17,98,141,156,256,304,328,509,574,575,593,608,662,709,728,780,852,936,1003,1022],[141,142,143,144,145,146,147,148,149,150,151,152,153,154,155,156,157,158,159,160,161,162,163,164,165,166,167,168,169,170,171,172,173,174,175,176,177,178,179,180,181]]
[(33.2423, 60.3832, 14.1791)/19] => [[5,17,156,209,240,304,328,567,575,579,593,608,614,709,774,780,794,835,969,1022],[182,183,184,185,186,187,188,189,190,191,192,193,194,195,196,197,198,199,200,201,202,203,204,205,206,207,208,209,210,211,212,213,214,215,216,217,218,219,220,221,222]]
[(32.6252, 107.4500, 15.1046)/18] => [[40,156,209,307,329,338,402,406,466,475,579,580,608,614,786,794,810,941,991,1022],[171,172,173,174,175,176,177,178,179,180,181,182,183,184,185,186,187,188,189,190,191,192,193,194,195,196,197,198,199,200,201,202,203,204,205,206,207,208,209,210,211]]
[(-13.8097, 107.3188, 15.3018)/16] => [[40,141,156,256,329,334,338,406,466,508,509,608,662,765,767,816,852,941,1005,1022],[151,152,153,154,155,156,157,158,159,160,161,162,163,164,165,166,167,168,169,170,171,172,173,174,175,176,177,178,179,180,181,182,183,184,185,186,187,188,189,190,191]]
[(-23.4712, 84.2243, 50.0255)/23] => [[87,98,113,199,256,300,327,334,421,472,608,650,696,731,765,780,796,895,936,987],[222,223,224,225,226,227,228,229,230,231,232,233,234,235,236,237,238,239,240,241,242,243,244,245,246,247,248,249,250,251,252,253,254,255,256,257,258,259,260,261,262]]
[(-14.8294, 60.1127, 50.0255)/19] => [[17,87,98,163,236,256,300,304,394,472,551,572,574,608,674,715,780,796,936,987],[182,183,184,185,186,187,188,189,190,191,192,193,194,195,196,197,198,199,200,201,202,203,204,205,206,207,208,209,210,211,212,213,214,215,216,217,218,219,220,221,222]]
[(9.3420, 117.4535, 50.0255)/20] => [[110,113,163,182,329,354,406,421,466,574,608,614,650,693,696,736,796,816,936,1005],[192,193,194,195,196,197,198,199,200,201,202,203,204,205,206,207,208,209,210,211,212,213,214,215,216,217,218,219,220,221,222,223,224,225,226,227,228,229,230,231,232]]
[(-13.7814, 107.2906, 50.0255)/16] => [[110,113,163,256,329,334,394,406,421,466,472,608,650,696,765,796,816,936,987,1005],[151,152,153,154,155,156,157,158,159,160,161,162,163,164,165,166,167,168,169,170,171,172,173,174,175,176,177,178,179,180,181,182,183,184,185,186,187,188,189,190,191]]
[(32.4002, 107.2255, 50.0255)/15] => [[49,110,162,209,307,329,394,402,406,466,528,574,608,614,684,760,838,936,953,987],[141,142,143,144,145,146,147,148,149,150,151,152,153,154,155,156,157,158,159,160,161,162,163,164,165,166,167,168,169,170,171,172,173,174,175,176,177,178,179,180,181]]
[(41.9847, 84.2243, 50.0255)/23] => [[49,162,209,307,326,394,402,528,572,574,606,608,614,684,696,760,780,835,838,909],[222,223,224,225,226,227,228,229,230,231,232,233,234,235,236,237,238,239,240,241,242,243,244,245,246,247,248,249,250,251,252,253,254,255,256,257,258,259,260,261,262]]
[(33.6960, 59.9306, 50.0255)/19] => [[5,17,49,162,209,304,394,528,567,572,574,606,614,709,773,780,835,838,909,987],[182,183,184,185,186,187,188,189,190,191,192,193,194,195,196,197,198,199,200,201,202,203,204,205,206,207,208,209,210,211,212,213,214,215,216,217,218,219,220,221,222]]
[(9.3420, 53.5216, 50.0255)/23] => [[5,17,87,98,163,209,304,394,472,551,567,572,574,614,674,735,780,936,987],[222,223,224,225,226,227,228,229,230,231,232,233,234,235,236,237,238,239,240,241,242,243,244,245,246,247,248,249,250,251,252,253,254,255,256,257,258,259,260,261,262]]
[(32.4698, 107.2949, 84.7133)/19] => [[49,63,110,113,162,380,394,463,528,574,684,696,736,760,779,838,852,936,953,987],[182,183,184,185,186,187,188,189,190,191,192,193,194,195,196,197,198,199,200,201,202,203,204,205,206,207,208,209,210,211,212,213,214,215,216,217,218,219,220,221,222]]
[(-13.8894, 107.3982, 84.8687)/18] => [[110,113,215,267,316,380,394,418,463,472,598,650,696,736,746,796,852,854,936,987],[171,172,173,174,175,176,177,178,179,180,181,182,183,184,185,186,187,188,189,190,191,192,193,194,195,196,197,198,199,200,201,202,203,204,205,206,207,208,209,210,211]]
[(-14.3446, 60.5962, 85.5514)/18] => [[69,87,163,168,218,236,300,316,394,418,472,551,572,674,715,736,746,796,867,987],[171,172,173,174,175,176,177,178,179,180,181,182,183,184,185,186,187,188,189,190,191,192,193,194,195,196,197,198,199,200,201,202,203,204,205,206,207,208,209,210,211]]
[(33.0810, 60.5439, 85.6300)/15] => [[37,49,162,167,349,389,394,528,551,572,574,606,684,736,773,835,838,839,909,987],[141,142,143,144,145,146,147,148,149,150,151,152,153,154,155,156,157,158,159,160,161,162,163,164,165,166,167,168,169,170,171,172,173,174,175,176,177,178,179,180,181]]
[(9.3420, 84.2242, 95.5095)/17] => [[45,87,113,163,168,218,316,380,394,418,472,551,572,574,650,696,700,736,746,796],[161,162,163,164,165,166,167,168,169,170,171,172,173,174,175,176,177,178,179,180,181,182,183,184,185,186,187,188,189,190,191,192,193,194,195,196,197,198,199,200,201]]
[(40.1837, 84.2243, 96.2828)/20] => [[69,113,162,167,182,204,344,349,350,394,528,572,574,609,696,700,835,838,839,909],[192,193,194,195,196,197,198,199,200,201,202,203,204,205,206,207,208,209,210,211,212,213,214,215,216,217,218,219,220,221,222,223,224,225,226,227,228,229,230,231,232]]
[(43.0351, 84.2243, 100.5595)/19] => [[113,162,204,247,259,297,344,347,349,394,420,526,528,572,574,609,700,835,838,909],[182,183,184,185,186,187,188,189,190,191,192,193,194,195,196,197,198,199,200,201,202,203,204,205,206,207,208,209,210,211,212,213,214,215,216,217,218,219,220,221,222]]
[(9.3420, 117.8685, 100.6112)/21] => [[113,129,182,215,247,296,354,380,418,463,551,574,589,650,736,746,800,839,852,854],[202,203,204,205,206,207,208,209,210,211,212,213,214,215,216,217,218,219,220,221,222,223,224,225,226,227,228,229,230,231,232,233,234,235,236,237,238,239,240,241,242]]
[(-24.4159, 84.2243, 100.6567)/18] => [[45,53,113,168,199,218,300,316,322,380,418,423,510,551,598,650,700,736,746,795],[171,172,173,174,175,176,177,178,179,180,181,182,183,184,185,186,187,188,189,190,191,192,193,194,195,196,197,198,199,200,201,202,203,204,205,206,207,208,209,210,211]]
[(9.3420, 50.3212, 101.0004)/19] => [[45,69,168,175,204,218,244,296,297,316,394,418,466,551,572,574,700,746,802,931],[182,183,184,185,186,187,188,189,190,191,192,193,194,195,196,197,198,199,200,201,202,203,204,205,206,207,208,209,210,211,212,213,214,215,216,217,218,219,220,221,222]]
