[(54.3777, -23.1094, -2.3530)/17] => [[88,97,204,224,339,373,396,421,466,542,708,732,740,753,805,858,884,930,964,988],[161,162,163,164,165,166,167,168,169,170,171,172,173,174,175,176,177,178,179,180,181,182,183,184,185,186,187,188,189,190,191,192,193,194,195,196,197,198,199,200,201]]
[(-24.2265, -23.1094, -2.2682)/13] => [[69,71,74,96,99,234,243,276,388,396,489,688,696,703,712,776,924,950,1012],[121,122,123,124,125,126,127,128,129,130,131,132,133,134,135,136,137,138,139,140,141,142,143,144,145,146,147,148,149,150,151,152,153,154,155,156,157,158,159,160,161]]
[(15.0540, -50.0069, -2.1936)/20] => [[14,71,88,99,141,204,225,254,321,478,582,685,695,708,722,753,858,950,1012],[192,193,194,195,196,197,198,199,200,201,202,203,204,205,206,207,208,209,210,211,212,213,214,215,216,217,218,219,220,221,222,223,224,225,226,227,228,229,230,231,232]]
[(15.0540, 3.6324, -1.7468)/19] => [[17,71,74,88,117,204,234,243,276,339,388,489,542,574,703,709,712,776,924,987],[182,183,184,185,186,187,188,189,190,191,192,193,194,195,196,197,198,199,200,201,202,203,204,205,206,207,208,209,210,211,212,213,214,215,216,217,218,219,220,221,222]]
[(15.0540, -23.1094, 0.0799)/12] => [[71,74,88,99,204,234,243,276,339,388,489,542,703,708,712,753,858,924,950,1012],[111,112,113,114,115,116,117,118,119,120,121,122,123,124,125,126,127,128,129,130,131,132,133,134,135,136,137,138,139,140,141,142,143,144,145,146,147,148,149,150,151]]
[(-22.7078, -48.9922, 0.7207)/14] => [[37,69,71,99,141,234,243,246,254,396,582,669,685,688,696,808,898,924,950,1012],[131,132,133,134,135,136,137,138,139,140,141,142,143,144,145,146,147,148,149,150,151,152,153,154,155,156,157,158,159,160,161,162,163,164,165,166,167,168,169,170,171]]
[(52.7277, 2.7126, 0.8944)/14] => [[5,68,88,97,204,328,339,396,421,466,542,587,635,693,732,774,913,964,987],[131,132,133,134,135,136,137,138,139,140,141,142,143,144,145,146,147,148,149,150,151,152,153,154,155,156,157,158,159,160,161,162,163,164,165,166,167,168,169,170,171]]
[(40.3424, -40.4427, 25.2706)/21] => [[89,97,195,204,225,321,387,390,577,703,708,722,753,805,858,885,950,958,1014],[202,203,204,205,206,207,208,209,210,211,212,213,214,215,216,217,218,219,220,221,222,223,224,225,226,227,228,229,230,231,232,233,234,235,236,237,238,239,240,241,242]]
[(-9.6082, -6.2058, 26.5029)/22] => [[5,17,69,96,117,204,234,243,276,304,388,390,489,574,577,678,712,836,904,924],[212,213,214,215,216,217,218,219,220,221,222,223,224,225,226,227,228,229,230,231,232,233,234,235,236,237,238,239,240,241,242,243,244,245,246,247,248,249,250,251,252]]
[(38.0678, -38.8836, 75.0421)/23] => [[172,387,390,397,451,454,467,533,535,577,617,649,675,691,703,743,765,830,885,999],[222,223,224,225,226,227,228,229,230,231,232,233,234,235,236,237,238,239,240,241,242,243,244,245,246,247,248,249,250,251,252,253,254,255,256,257,258,259,260,261,262]]
[(15.0540, 3.7113, 75.0421)/25] => [[131,172,175,250,304,345,390,454,533,535,577,612,691,735,765,766,771,832,896,904],[242,243,244,245,246,247,248,249,250,251,252,253,254,255,256,257,258,259,260,261,262,263,264,265,266,267,268,269,270,271,272,273,274,275,276,277,278,279,280,281,282]]
[(48.1813, -0.4036, 75.0421)/18] => [[37,172,187,212,263,304,374,390,451,454,469,533,535,577,617,649,765,784,885,896],[171,172,173,174,175,176,177,178,179,180,181,182,183,184,185,186,187,188,189,190,191,192,193,194,195,196,197,198,199,200,201,202,203,204,205,206,207,208,209,210,211]]
[(-8.1666, -7.1938, 75.0421)/21] => [[131,145,172,250,280,304,332,345,390,454,533,535,577,612,691,735,766,832,888,904],[202,203,204,205,206,207,208,209,210,211,212,213,214,215,216,217,218,219,220,221,222,223,224,225,226,227,228,229,230,231,232,233,234,235,236,237,238,239,240,241,242]]
[(-26.1063, -23.1095, 75.0421)/21] => [[24,63,131,145,250,332,345,397,454,471,535,540,577,653,766,852,882,888,900,904],[202,203,204,205,206,207,208,209,210,211,212,213,214,215,216,217,218,219,220,221,222,223,224,225,226,227,228,229,230,231,232,233,234,235,236,237,238,239,240,241,242]]
[(56.7731, -23.1095, 75.0421)/18] => [[89,134,172,212,374,390,402,451,467,469,515,533,617,649,703,765,784,885,896,1014],[171,172,173,174,175,176,177,178,179,180,181,182,183,184,185,186,187,188,189,190,191,192,193,194,195,196,197,198,199,200,201,202,203,204,205,206,207,208,209,210,211]]
[(-18.4813, -46.0953, 75.0421)/18] => [[24,131,250,345,387,397,406,454,467,471,533,535,540,577,653,743,789,795,852,900],[171,172,173,174,175,176,177,178,179,180,181,182,183,184,185,186,187,188,189,190,191,192,193,194,195,196,197,198,199,200,201,202,203,204,205,206,207,208,209,210,211]]
[(15.0540, -49.8974, 75.0421)/25] => [[131,172,250,345,350,387,390,397,406,454,467,533,535,577,612,703,725,743,830,1014],[242,243,244,245,246,247,248,249,250,251,252,253,254,255,256,257,258,259,260,261,262,263,264,265,266,267,268,269,270,271,272,273,274,275,276,277,278,279,280,281,282]]
[(37.7654, -38.6761, 119.7415)/20] => [[65,143,160,194,210,239,339,451,464,467,535,617,644,677,698,733,765,830,913,999],[192,193,194,195,196,197,198,199,200,201,202,203,204,205,206,207,208,209,210,211,212,213,214,215,216,217,218,219,220,221,222,223,224,225,226,227,228,229,230,231,232]]
[(-8.7887, -6.7673, 121.9684)/22] => [[88,131,160,204,253,332,342,345,458,535,536,612,698,707,712,733,766,779,838,963],[212,213,214,215,216,217,218,219,220,221,222,223,224,225,226,227,228,229,230,231,232,233,234,235,236,237,238,239,240,241,242,243,244,245,246,247,248,249,250,251,252]]
[(46.0509, -1.8639, 136.0490)/19] => [[33,37,77,95,160,194,204,210,237,256,264,342,536,698,755,765,838,963,978,987],[182,183,184,185,186,187,188,189,190,191,192,193,194,195,196,197,198,199,200,201,202,203,204,205,206,207,208,209,210,211,212,213,214,215,216,217,218,219,220,221,222]]
[(-15.9987, -44.3936, 136.1587)/20] => [[65,88,160,239,339,345,429,496,507,653,698,707,733,761,814,849,900,913,946,947],[192,193,194,195,196,197,198,199,200,201,202,203,204,205,206,207,208,209,210,211,212,213,214,215,216,217,218,219,220,221,222,223,224,225,226,227,228,229,230,231,232]]
[(48.3912, -23.1095, 140.6549)/19] => [[33,65,95,160,163,194,210,237,247,256,264,339,536,598,644,698,838,888,913,987],[182,183,184,185,186,187,188,189,190,191,192,193,194,195,196,197,198,199,200,201,202,203,204,205,206,207,208,209,210,211,212,213,214,215,216,217,218,219,220,221,222]]
[(-18.3331, -23.1095, 140.7532)/19] => [[65,88,114,160,239,253,339,429,496,507,536,629,698,704,707,713,733,913,947,1007],[182,183,184,185,186,187,188,189,190,191,192,193,194,195,196,197,198,199,200,201,202,203,204,205,206,207,208,209,210,211,212,213,214,215,216,217,218,219,220,221,222]]
[(15.0540, -48.4787, 147.8893)/20] => [[65,88,95,160,210,239,339,464,698,704,707,713,733,814,838,849,913,946,947,987],[192,193,194,195,196,197,198,199,200,201,202,203,204,205,206,207,208,209,210,211,212,213,214,215,216,217,218,219,220,221,222,223,224,225,226,227,228,229,230,231,232]]
[(15.0540, 2.4071, 148.3124)/22] => [[33,88,95,114,160,204,210,253,342,458,536,698,704,707,713,733,779,838,963,987],[212,213,214,215,216,217,218,219,220,221,222,223,224,225,226,227,228,229,230,231,232,233,234,235,236,237,238,239,240,241,242,243,244,245,246,247,248,249,250,251,252]]
[(15.0540, -23.1095, 186.2694)/15] => [[18,33,88,95,114,155,172,191,425,471,598,657,659,704,713,765,779,825,947,987],[141,142,143,144,145,146,147,148,149,150,151,152,153,154,155,156,157,158,159,160,161,162,163,164,165,166,167,168,169,170,171,172,173,174,175,176,177,178,179,180,181]]
