[(-14.2736, -22.1405, -2.7962)/12] => [[69,71,74,96,99,204,243,276,339,388,396,489,542,696,703,712,858,924,950,1012],[111,112,113,114,115,116,117,118,119,120,121,122,123,124,125,126,127,128,129,130,131,132,133,134,135,136,137,138,139,140,141,142,143,144,145,146,147,148,149,150,151]]
[(25.9965, -62.3972, -2.7945)/13] => [[14,88,99,225,243,254,287,321,478,646,664,685,695,708,722,753,858,930,950],[121,122,123,124,125,126,127,128,129,130,131,132,133,134,135,136,137,138,139,140,141,142,143,144,145,146,147,148,149,150,151,152,153,154,155,156,157,158,159,160,161]]
[(25.9965, 18.0797, -2.7801)/17] => [[17,71,74,117,204,231,234,276,339,388,489,542,567,575,709,712,774,924,969,987],[161,162,163,164,165,166,167,168,169,170,171,172,173,174,175,176,177,178,179,180,181,182,183,184,185,186,187,188,189,190,191,192,193,194,195,196,197,198,199,200,201]]
[(65.6846, -22.1405, -2.5681)/20] => [[26,35,88,97,349,373,396,421,466,503,545,708,732,740,753,805,884,930,964,988],[192,193,194,195,196,197,198,199,200,201,202,203,204,205,206,207,208,209,210,211,212,213,214,215,216,217,218,219,220,221,222,223,224,225,226,227,228,229,230,231,232]]
[(25.9965, -22.1405, 1.0328)/9] => [[71,74,88,99,204,234,243,276,339,388,489,542,708,712,753,776,858,924,930,950],[81,82,83,84,85,86,87,88,89,90,91,92,93,94,95,96,97,98,99,100,101,102,103,104,105,106,107,108,109,110,111,112,113,114,115,116,117,118,119,120,121]]
[(55.7805, -51.9179, 1.3143)/20] => [[14,88,177,204,225,321,373,426,646,695,708,722,743,753,805,858,930,950,958,988],[192,193,194,195,196,197,198,199,200,201,202,203,204,205,206,207,208,209,210,211,212,213,214,215,216,217,218,219,220,221,222,223,224,225,226,227,228,229,230,231,232]]
[(55.7329, 7.5893, 1.3329)/20] => [[5,68,88,97,204,328,339,396,421,466,542,587,635,693,732,774,913,964,987],[192,193,194,195,196,197,198,199,200,201,202,203,204,205,206,207,208,209,210,211,212,213,214,215,216,217,218,219,220,221,222,223,224,225,226,227,228,229,230,231,232]]
[(-3.7005, -51.8309, 1.3483)/19] => [[69,71,88,99,141,204,225,243,254,321,452,478,582,646,685,708,722,858,950,1012],[182,183,184,185,186,187,188,189,190,191,192,193,194,195,196,197,198,199,200,201,202,203,204,205,206,207,208,209,210,211,212,213,214,215,216,217,218,219,220,221,222]]
[(-3.6848, 7.5342, 1.3546)/20] => [[17,69,71,74,88,96,117,204,234,243,276,339,388,489,542,678,703,712,924,987],[192,193,194,195,196,197,198,199,200,201,202,203,204,205,206,207,208,209,210,211,212,213,214,215,216,217,218,219,220,221,222,223,224,225,226,227,228,229,230,231,232]]
[(-3.6660, -51.7964, 12.9892)/19] => [[69,71,88,99,141,204,225,243,254,321,387,478,577,582,685,708,722,858,920,1012],[182,183,184,185,186,187,188,189,190,191,192,193,194,195,196,197,198,199,200,201,202,203,204,205,206,207,208,209,210,211,212,213,214,215,216,217,218,219,220,221,222]]
[(55.7396, -51.8770, 12.9892)/17] => [[14,88,89,204,225,321,387,524,646,695,708,722,753,805,858,907,930,950,988,1014],[161,162,163,164,165,166,167,168,169,170,171,172,173,174,175,176,177,178,179,180,181,182,183,184,185,186,187,188,189,190,191,192,193,194,195,196,197,198,199,200,201]]
[(25.9965, -64.2881, 12.9892)/19] => [[14,88,99,225,243,254,287,321,387,478,664,685,695,708,722,753,858,907,920,950],[182,183,184,185,186,187,188,189,190,191,192,193,194,195,196,197,198,199,200,201,202,203,204,205,206,207,208,209,210,211,212,213,214,215,216,217,218,219,220,221,222]]
[(25.9965, 19.9265, 12.9892)/23] => [[17,71,117,204,234,276,304,339,388,489,567,574,575,577,709,712,774,924,969],[222,223,224,225,226,227,228,229,230,231,232,233,234,235,236,237,238,239,240,241,242,243,244,245,246,247,248,249,250,251,252,253,254,255,256,257,258,259,260,261,262]]
[(55.7170, 7.5734, 12.9892)/18] => [[5,68,88,204,304,328,339,396,406,421,466,587,635,693,732,774,913,950,964],[171,172,173,174,175,176,177,178,179,180,181,182,183,184,185,186,187,188,189,190,191,192,193,194,195,196,197,198,199,200,201,202,203,204,205,206,207,208,209,210,211]]
[(-3.6443, 7.4937, 12.9892)/19] => [[17,69,71,88,96,117,204,234,243,276,304,339,388,489,574,577,678,709,712,924],[182,183,184,185,186,187,188,189,190,191,192,193,194,195,196,197,198,199,200,201,202,203,204,205,206,207,208,209,210,211,212,213,214,215,216,217,218,219,220,221,222]]
[(-15.9668, -22.1405, 12.9892)/21] => [[69,71,96,99,204,234,243,276,339,388,396,489,577,688,696,712,858,924,1012,1014],[202,203,204,205,206,207,208,209,210,211,212,213,214,215,216,217,218,219,220,221,222,223,224,225,226,227,228,229,230,231,232,233,234,235,236,237,238,239,240,241,242]]
[(68.0328, -22.1405, 12.9892)/22] => [[26,35,88,89,97,373,396,406,421,466,503,545,708,732,753,805,930,950,964,988],[212,213,214,215,216,217,218,219,220,221,222,223,224,225,226,227,228,229,230,231,232,233,234,235,236,237,238,239,240,241,242,243,244,245,246,247,248,249,250,251,252]]
[(-3.6279, -51.7582, 24.6016)/21] => [[37,69,99,174,204,225,243,321,387,478,577,582,685,708,722,858,900,920,1012,1014],[202,203,204,205,206,207,208,209,210,211,212,213,214,215,216,217,218,219,220,221,222,223,224,225,226,227,228,229,230,231,232,233,234,235,236,237,238,239,240,241,242]]
[(55.6319, -51.7694, 24.6059)/20] => [[14,89,204,225,321,387,515,524,703,708,722,753,805,858,859,885,907,950,958,1014],[192,193,194,195,196,197,198,199,200,201,202,203,204,205,206,207,208,209,210,211,212,213,214,215,216,217,218,219,220,221,222,223,224,225,226,227,228,229,230,231,232]]
[(-3.6510, 7.5005, 24.6106)/20] => [[5,17,69,96,117,204,234,243,276,304,388,390,489,574,577,678,712,836,904,924],[192,193,194,195,196,197,198,199,200,201,202,203,204,205,206,207,208,209,210,211,212,213,214,215,216,217,218,219,220,221,222,223,224,225,226,227,228,229,230,231,232]]
[(55.7196, 7.5760, 24.6403)/21] => [[5,97,204,304,328,390,406,421,515,587,635,693,732,740,774,885,896,913,950,964],[202,203,204,205,206,207,208,209,210,211,212,213,214,215,216,217,218,219,220,221,222,223,224,225,226,227,228,229,230,231,232,233,234,235,236,237,238,239,240,241,242]]
[(25.9965, -22.1405, 26.0255)/15] => [[99,204,234,243,276,388,390,489,577,691,703,708,712,753,805,858,896,904,924,1014],[141,142,143,144,145,146,147,148,149,150,151,152,153,154,155,156,157,158,159,160,161,162,163,164,165,166,167,168,169,170,171,172,173,174,175,176,177,178,179,180,181]]
[(61.2784, -22.1406, 26.8189)/14] => [[26,35,89,97,231,390,406,421,503,515,545,703,708,732,753,805,885,896,950,964],[131,132,133,134,135,136,137,138,139,140,141,142,143,144,145,146,147,148,149,150,151,152,153,154,155,156,157,158,159,160,161,162,163,164,165,166,167,168,169,170,171]]
[(25.9965, -57.4506, 26.8331)/20] => [[14,99,204,225,243,321,387,478,577,685,703,708,722,753,805,858,859,907,920,950],[192,193,194,195,196,197,198,199,200,201,202,203,204,205,206,207,208,209,210,211,212,213,214,215,216,217,218,219,220,221,222,223,224,225,226,227,228,229,230,231,232]]
[(25.9966, 13.2208, 26.8532)/20] => [[5,17,117,204,234,276,304,388,390,489,567,574,577,709,712,774,896,904,924,969],[192,193,194,195,196,197,198,199,200,201,202,203,204,205,206,207,208,209,210,211,212,213,214,215,216,217,218,219,220,221,222,223,224,225,226,227,228,229,230,231,232]]
[(-9.4195, -22.1406, 26.8716)/15] => [[69,96,99,204,234,243,276,388,390,489,577,691,708,712,858,900,904,924,1012,1014],[141,142,143,144,145,146,147,148,149,150,151,152,153,154,155,156,157,158,159,160,161,162,163,164,165,166,167,168,169,170,171,172,173,174,175,176,177,178,179,180,181]]
[(-16.1755, -22.1405, 29.5200)/16] => [[69,96,99,204,234,243,276,388,396,489,577,691,696,712,858,900,904,924,1012,1014],[151,152,153,154,155,156,157,158,159,160,161,162,163,164,165,166,167,168,169,170,171,172,173,174,175,176,177,178,179,180,181,182,183,184,185,186,187,188,189,190,191]]
[(68.4555, -22.1405, 29.6326)/15] => [[26,35,89,97,231,390,406,421,503,515,545,703,708,732,753,805,885,896,950,964],[141,142,143,144,145,146,147,148,149,150,151,152,153,154,155,156,157,158,159,160,161,162,163,164,165,166,167,168,169,170,171,172,173,174,175,176,177,178,179,180,181]]
[(25.9965, -64.6201, 29.6443)/17] => [[14,99,225,243,287,321,387,478,664,685,703,708,722,753,805,858,859,907,920,950],[161,162,163,164,165,166,167,168,169,170,171,172,173,174,175,176,177,178,179,180,181,182,183,184,185,186,187,188,189,190,191,192,193,194,195,196,197,198,199,200,201]]
[(25.9965, 20.5030, 29.7086)/18] => [[17,98,117,234,276,304,328,388,390,489,567,574,709,712,728,774,896,904,924,969],[171,172,173,174,175,176,177,178,179,180,181,182,183,184,185,186,187,188,189,190,191,192,193,194,195,196,197,198,199,200,201,202,203,204,205,206,207,208,209,210,211]]
