[(-1.5175, 18.7958, -0.2638)/25] => [[17,69,71,74,96,117,204,231,276,339,388,489,567,575,678,703,712,924,969,987],[242,243,244,245,246,247,248,249,250,251,252,253,254,255,256,257,258,259,260,261,262,263,264,265,266,267,268,269,270,271,272,273,274,275,276,277,278,279,280,281,282]]
[(59.4567, 18.7958, 1.4669)/20] => [[5,114,204,328,339,396,542,567,571,575,614,635,693,709,732,774,964,969,987],[192,193,194,195,196,197,198,199,200,201,202,203,204,205,206,207,208,209,210,211,212,213,214,215,216,217,218,219,220,221,222,223,224,225,226,227,228,229,230,231,232]]
[(-57.7539, 18.7958, 2.8026)/20] => [[69,96,114,155,157,273,341,433,493,577,603,678,696,703,706,751,773,836,946,965],[192,193,194,195,196,197,198,199,200,201,202,203,204,205,206,207,208,209,210,211,212,213,214,215,216,217,218,219,220,221,222,223,224,225,226,227,228,229,230,231,232]]
[(-1.5175, 68.0920, 3.7682)/21] => [[17,98,129,156,209,231,328,550,558,567,574,575,593,608,614,709,728,852,969,1022],[202,203,204,205,206,207,208,209,210,211,212,213,214,215,216,217,218,219,220,221,222,223,224,225,226,227,228,229,230,231,232,233,234,235,236,237,238,239,240,241,242]]
[(-1.5175, -30.1617, 3.8705)/21] => [[69,71,74,88,96,99,141,204,225,243,254,339,489,582,708,712,722,858,950,1012],[202,203,204,205,206,207,208,209,210,211,212,213,214,215,216,217,218,219,220,221,222,223,224,225,226,227,228,229,230,231,232,233,234,235,236,237,238,239,240,241,242]]
[(40.4583, -20.3858, 6.8231)/21] => [[88,97,204,276,339,373,396,421,466,542,708,732,753,805,858,884,930,950,964,988],[202,203,204,205,206,207,208,209,210,211,212,213,214,215,216,217,218,219,220,221,222,223,224,225,226,227,228,229,230,231,232,233,234,235,236,237,238,239,240,241,242]]
[(-42.5939, 57.1381, 7.0767)/20] => [[98,127,141,155,157,407,509,558,574,603,637,662,678,709,728,773,836,946,958,965],[192,193,194,195,196,197,198,199,200,201,202,203,204,205,206,207,208,209,210,211,212,213,214,215,216,217,218,219,220,221,222,223,224,225,226,227,228,229,230,231,232]]
[(32.9001, 50.9224, 8.9541)/23] => [[17,117,129,156,209,231,240,328,567,575,579,593,614,635,709,774,835,969,987,1022],[222,223,224,225,226,227,228,229,230,231,232,233,234,235,236,237,238,239,240,241,242,243,244,245,246,247,248,249,250,251,252,253,254,255,256,257,258,259,260,261,262]]
[(-35.0231, -12.4794, 9.2111)/23] => [[69,71,74,96,99,157,234,243,388,396,433,489,493,678,696,703,712,776,924,1012],[222,223,224,225,226,227,228,229,230,231,232,233,234,235,236,237,238,239,240,241,242,243,244,245,246,247,248,249,250,251,252,253,254,255,256,257,258,259,260,261,262]]
[(-1.5175, -31.0627, 18.6574)/22] => [[69,71,88,96,99,141,204,225,243,254,339,387,489,577,582,708,712,722,858,1012],[212,213,214,215,216,217,218,219,220,221,222,223,224,225,226,227,228,229,230,231,232,233,234,235,236,237,238,239,240,241,242,243,244,245,246,247,248,249,250,251,252]]
[(-63.9115, 18.7958, 18.6574)/20] => [[63,69,96,114,127,155,273,341,433,493,577,603,662,678,696,706,751,773,946,965],[192,193,194,195,196,197,198,199,200,201,202,203,204,205,206,207,208,209,210,211,212,213,214,215,216,217,218,219,220,221,222,223,224,225,226,227,228,229,230,231,232]]
[(61.8474, 18.7958, 18.6574)/20] => [[5,26,35,114,328,396,545,567,571,608,614,635,693,709,732,774,860,964,969],[192,193,194,195,196,197,198,199,200,201,202,203,204,205,206,207,208,209,210,211,212,213,214,215,216,217,218,219,220,221,222,223,224,225,226,227,228,229,230,231,232]]
[(-35.1534, -12.6011, 18.6574)/22] => [[63,69,71,96,99,234,243,311,388,396,433,489,493,662,678,696,712,836,924,1012],[212,213,214,215,216,217,218,219,220,221,222,223,224,225,226,227,228,229,230,231,232,233,234,235,236,237,238,239,240,241,242,243,244,245,246,247,248,249,250,251,252]]
[(41.2744, -21.1475, 18.6574)/20] => [[88,89,204,276,339,373,396,406,421,466,577,708,732,753,805,858,930,964,988,1014],[192,193,194,195,196,197,198,199,200,201,202,203,204,205,206,207,208,209,210,211,212,213,214,215,216,217,218,219,220,221,222,223,224,225,226,227,228,229,230,231,232]]
[(-1.5175, 68.2888, 18.6574)/18] => [[5,17,98,156,209,304,328,567,574,575,593,608,614,709,728,780,852,969,1003,1022],[171,172,173,174,175,176,177,178,179,180,181,182,183,184,185,186,187,188,189,190,191,192,193,194,195,196,197,198,199,200,201,202,203,204,205,206,207,208,209,210,211]]
[(-43.2436, 57.7442, 18.6574)/21] => [[98,127,141,155,351,407,509,574,603,637,662,678,709,728,773,836,946,958,965],[202,203,204,205,206,207,208,209,210,211,212,213,214,215,216,217,218,219,220,221,222,223,224,225,226,227,228,229,230,231,232,233,234,235,236,237,238,239,240,241,242]]
[(33.0156, 51.0300, 18.6574)/20] => [[5,17,117,156,209,240,304,328,567,575,579,593,614,635,709,774,780,835,969,1022],[192,193,194,195,196,197,198,199,200,201,202,203,204,205,206,207,208,209,210,211,212,213,214,215,216,217,218,219,220,221,222,223,224,225,226,227,228,229,230,231,232]]
[(-35.2929, -12.7316, 28.1798)/23] => [[63,69,96,99,234,243,388,396,433,489,493,662,678,696,712,882,900,904,924,1012],[222,223,224,225,226,227,228,229,230,231,232,233,234,235,236,237,238,239,240,241,242,243,244,245,246,247,248,249,250,251,252,253,254,255,256,257,258,259,260,261,262]]
[(33.5383, 51.5179, 28.5407)/21] => [[5,17,49,117,156,209,240,304,328,567,579,593,614,635,709,774,780,969,1003],[202,203,204,205,206,207,208,209,210,211,212,213,214,215,216,217,218,219,220,221,222,223,224,225,226,227,228,229,230,231,232,233,234,235,236,237,238,239,240,241,242]]
[(-42.8154, 57.3448, 30.3006)/20] => [[87,98,141,162,163,382,472,574,603,637,662,674,715,728,731,735,773,836,958],[192,193,194,195,196,197,198,199,200,201,202,203,204,205,206,207,208,209,210,211,212,213,214,215,216,217,218,219,220,221,222,223,224,225,226,227,228,229,230,231,232]]
[(40.5439, -20.4659, 30.5158)/21] => [[89,195,204,276,350,374,390,406,421,533,577,649,703,708,732,805,885,896,964,1014],[202,203,204,205,206,207,208,209,210,211,212,213,214,215,216,217,218,219,220,221,222,223,224,225,226,227,228,229,230,231,232,233,234,235,236,237,238,239,240,241,242]]
[(-1.5175, -31.0402, 33.7097)/21] => [[69,96,99,204,225,234,243,387,390,489,533,577,582,708,712,722,743,900,904,1012],[202,203,204,205,206,207,208,209,210,211,212,213,214,215,216,217,218,219,220,221,222,223,224,225,226,227,228,229,230,231,232,233,234,235,236,237,238,239,240,241,242]]
[(52.4176, 18.7958, 33.8634)/20] => [[5,114,204,304,374,390,406,421,515,567,571,614,649,693,709,732,774,896,913,964],[192,193,194,195,196,197,198,199,200,201,202,203,204,205,206,207,208,209,210,211,212,213,214,215,216,217,218,219,220,221,222,223,224,225,226,227,228,229,230,231,232]]
[(-1.5175, 69.5656, 33.9918)/21] => [[5,17,98,141,156,209,304,472,567,574,593,608,614,662,728,780,796,852,936,987],[202,203,204,205,206,207,208,209,210,211,212,213,214,215,216,217,218,219,220,221,222,223,224,225,226,227,228,229,230,231,232,233,234,235,236,237,238,239,240,241,242]]
[(-62.5838, 18.7958, 35.8737)/19] => [[41,63,69,96,127,273,289,341,382,433,471,493,513,603,662,706,751,773,882],[182,183,184,185,186,187,188,189,190,191,192,193,194,195,196,197,198,199,200,201,202,203,204,205,206,207,208,209,210,211,212,213,214,215,216,217,218,219,220,221,222]]
[(-62.5849, 18.7958, 35.8743)/19] => [[41,63,69,96,127,273,289,341,382,433,471,493,513,603,662,706,751,773,882],[182,183,184,185,186,187,188,189,190,191,192,193,194,195,196,197,198,199,200,201,202,203,204,205,206,207,208,209,210,211,212,213,214,215,216,217,218,219,220,221,222]]
[(-1.5175, 18.7958, 37.2047)/25] => [[5,17,69,96,117,204,234,276,304,388,390,489,567,574,577,712,735,836,904,924],[242,243,244,245,246,247,248,249,250,251,252,253,254,255,256,257,258,259,260,261,262,263,264,265,266,267,268,269,270,271,272,273,274,275,276,277,278,279,280,281,282]]
