[(-14.9729, -26.3528, -1.2981)/20] => [[69,71,74,96,99,204,243,276,339,388,396,489,542,696,703,712,858,924,950,1012],[192,193,194,195,196,197,198,199,200,201,202,203,204,205,206,207,208,209,210,211,212,213,214,215,216,217,218,219,220,221,222,223,224,225,226,227,228,229,230,231,232]]
[(80.5854, -26.3528, -1.2420)/18] => [[26,35,97,349,373,396,409,466,503,545,732,740,770,805,817,881,930,964,979,988],[171,172,173,174,175,176,177,178,179,180,181,182,183,184,185,186,187,188,189,190,191,192,193,194,195,196,197,198,199,200,201,202,203,204,205,206,207,208,209,210,211]]
[(32.8405, -26.3528, 0.1818)/8] => [[71,88,99,204,234,243,276,339,466,542,708,712,732,753,776,805,858,930,950,988],[71,72,73,74,75,76,77,78,79,80,81,82,83,84,85,86,87,88,89,90,91,92,93,94,95,96,97,98,99,100,101,102,103,104,105,106,107,108,109,110,111]]
[(32.8405, -51.5115, 2.8603)/19] => [[14,71,88,99,204,225,243,254,321,478,646,695,708,722,753,805,858,930,950],[182,183,184,185,186,187,188,189,190,191,192,193,194,195,196,197,198,199,200,201,202,203,204,205,206,207,208,209,210,211,212,213,214,215,216,217,218,219,220,221,222]]
[(32.8405, -1.2828, 2.9835)/23] => [[5,17,71,88,117,204,234,243,276,328,339,542,635,712,732,774,776,899,964,987],[222,223,224,225,226,227,228,229,230,231,232,233,234,235,236,237,238,239,240,241,242,243,244,245,246,247,248,249,250,251,252,253,254,255,256,257,258,259,260,261,262]]
[(73.1078, -50.0604, 4.8774)/18] => [[14,26,97,349,373,409,426,503,695,743,753,774,775,805,817,872,930,950,958,988],[171,172,173,174,175,176,177,178,179,180,181,182,183,184,185,186,187,188,189,190,191,192,193,194,195,196,197,198,199,200,201,202,203,204,205,206,207,208,209,210,211]]
[(-7.4221, -2.6481, 4.8812)/18] => [[17,69,71,74,88,96,117,204,234,243,276,339,388,489,542,678,703,712,924,987],[171,172,173,174,175,176,177,178,179,180,181,182,183,184,185,186,187,188,189,190,191,192,193,194,195,196,197,198,199,200,201,202,203,204,205,206,207,208,209,210,211]]
[(70.8126, -3.9966, 6.7557)/17] => [[26,28,35,97,328,396,409,466,545,587,608,635,693,732,774,817,881,884,913,964],[161,162,163,164,165,166,167,168,169,170,171,172,173,174,175,176,177,178,179,180,181,182,183,184,185,186,187,188,189,190,191,192,193,194,195,196,197,198,199,200,201]]
[(-4.6491, -48.4250, 7.1505)/18] => [[69,71,88,99,141,204,225,234,243,254,321,339,542,582,646,708,722,858,950,1012],[171,172,173,174,175,176,177,178,179,180,181,182,183,184,185,186,187,188,189,190,191,192,193,194,195,196,197,198,199,200,201,202,203,204,205,206,207,208,209,210,211]]
[(73.0534, -50.0282, 37.8308)/18] => [[14,26,89,426,503,515,524,649,675,703,775,805,817,859,863,885,907,950,958,991],[171,172,173,174,175,176,177,178,179,180,181,182,183,184,185,186,187,188,189,190,191,192,193,194,195,196,197,198,199,200,201,202,203,204,205,206,207,208,209,210,211]]
[(-7.3228, -2.7064, 37.8308)/16] => [[5,17,69,96,117,204,234,243,276,304,388,390,489,533,574,577,712,735,904,924],[151,152,153,154,155,156,157,158,159,160,161,162,163,164,165,166,167,168,169,170,171,172,173,174,175,176,177,178,179,180,181,182,183,184,185,186,187,188,189,190,191]]
[(-4.8630, -48.5509, 37.8308)/18] => [[37,69,99,204,225,234,243,321,350,387,390,533,577,582,708,722,743,900,1012,1014],[171,172,173,174,175,176,177,178,179,180,181,182,183,184,185,186,187,188,189,190,191,192,193,194,195,196,197,198,199,200,201,202,203,204,205,206,207,208,209,210,211]]
[(32.8405, -51.3220, 37.8308)/14] => [[14,99,204,225,243,321,387,524,533,577,675,703,708,722,743,859,885,907,920,950],[131,132,133,134,135,136,137,138,139,140,141,142,143,144,145,146,147,148,149,150,151,152,153,154,155,156,157,158,159,160,161,162,163,164,165,166,167,168,169,170,171]]
[(32.8405, -1.2755, 37.8308)/20] => [[5,17,117,204,234,243,276,304,374,390,421,533,577,649,691,712,732,774,885,896],[192,193,194,195,196,197,198,199,200,201,202,203,204,205,206,207,208,209,210,211,212,213,214,215,216,217,218,219,220,221,222,223,224,225,226,227,228,229,230,231,232]]
[(70.7459, -4.0360, 37.8308)/19] => [[26,28,35,374,485,515,608,649,693,725,732,774,817,853,863,881,885,896,964,991],[182,183,184,185,186,187,188,189,190,191,192,193,194,195,196,197,198,199,200,201,202,203,204,205,206,207,208,209,210,211,212,213,214,215,216,217,218,219,220,221,222]]
[(-15.1314, -26.3528, 37.8308)/22] => [[69,96,99,204,234,243,276,388,396,471,489,533,577,691,712,900,904,924,1012,1014],[212,213,214,215,216,217,218,219,220,221,222,223,224,225,226,227,228,229,230,231,232,233,234,235,236,237,238,239,240,241,242,243,244,245,246,247,248,249,250,251,252]]
[(80.8292, -26.3528, 37.8308)/23] => [[26,35,89,328,374,406,503,515,649,725,732,770,805,817,863,881,885,950,964,991],[222,223,224,225,226,227,228,229,230,231,232,233,234,235,236,237,238,239,240,241,242,243,244,245,246,247,248,249,250,251,252,253,254,255,256,257,258,259,260,261,262]]
[(70.7281, -4.0464, 68.8367)/19] => [[28,187,212,354,374,451,469,485,515,607,617,649,725,732,784,791,853,885,896,991],[182,183,184,185,186,187,188,189,190,191,192,193,194,195,196,197,198,199,200,201,202,203,204,205,206,207,208,209,210,211,212,213,214,215,216,217,218,219,220,221,222]]
[(-5.3476, -48.8362, 69.0827)/19] => [[69,131,172,225,234,250,280,387,390,397,406,454,467,533,535,577,725,743,900,1014],[182,183,184,185,186,187,188,189,190,191,192,193,194,195,196,197,198,199,200,201,202,203,204,205,206,207,208,209,210,211,212,213,214,215,216,217,218,219,220,221,222]]
[(-7.1815, -2.7897, 70.5835)/17] => [[131,145,172,250,280,304,332,345,390,454,533,535,577,612,691,735,766,832,888,904],[161,162,163,164,165,166,167,168,169,170,171,172,173,174,175,176,177,178,179,180,181,182,183,184,185,186,187,188,189,190,191,192,193,194,195,196,197,198,199,200,201]]
[(73.1636, -50.0932, 70.8299)/18] => [[89,402,469,471,515,524,607,617,649,675,692,703,784,830,859,885,907,991,999],[171,172,173,174,175,176,177,178,179,180,181,182,183,184,185,186,187,188,189,190,191,192,193,194,195,196,197,198,199,200,201,202,203,204,205,206,207,208,209,210,211]]
[(32.8405, -0.5870, 73.6453)/17] => [[37,172,175,187,212,304,374,390,451,454,533,535,577,612,617,649,691,765,885,896],[161,162,163,164,165,166,167,168,169,170,171,172,173,174,175,176,177,178,179,180,181,182,183,184,185,186,187,188,189,190,191,192,193,194,195,196,197,198,199,200,201]]
[(32.8405, -26.3528, 74.8328)/25] => [[172,212,374,390,397,451,454,467,533,535,577,612,617,649,691,703,765,885,896,1014],[242,243,244,245,246,247,248,249,250,251,252,253,254,255,256,257,258,259,260,261,262,263,264,265,266,267,268,269,270,271,272,273,274,275,276,277,278,279,280,281,282]]
[(-14.1687, -26.3528, 76.3016)/20] => [[24,131,145,250,332,345,397,454,467,471,533,535,540,577,653,766,852,888,900,904],[192,193,194,195,196,197,198,199,200,201,202,203,204,205,206,207,208,209,210,211,212,213,214,215,216,217,218,219,220,221,222,223,224,225,226,227,228,229,230,231,232]]
[(32.8405, -54.6717, 77.1939)/21] => [[387,397,406,454,467,524,533,535,577,617,649,675,703,743,830,859,885,907,920,999],[202,203,204,205,206,207,208,209,210,211,212,213,214,215,216,217,218,219,220,221,222,223,224,225,226,227,228,229,230,231,232,233,234,235,236,237,238,239,240,241,242]]
[(-17.7546, -26.3528, 79.2362)/13] => [[24,131,145,250,332,345,397,454,467,471,533,535,540,577,653,766,852,888,900,904],[121,122,123,124,125,126,127,128,129,130,131,132,133,134,135,136,137,138,139,140,141,142,143,144,145,146,147,148,149,150,151,152,153,154,155,156,157,158,159,160,161]]
[(83.4509, -26.3528, 79.2487)/20] => [[89,134,212,302,328,374,402,451,469,515,607,617,649,725,784,791,863,885,991],[192,193,194,195,196,197,198,199,200,201,202,203,204,205,206,207,208,209,210,211,212,213,214,215,216,217,218,219,220,221,222,223,224,225,226,227,228,229,230,231,232]]
