[(-1.3106, -3.8613, 7.3174)/15] => [[17,69,71,74,88,96,117,204,234,243,276,339,388,489,542,678,703,712,924,987],[141,142,143,144,145,146,147,148,149,150,151,152,153,154,155,156,157,158,159,160,161,162,163,164,165,166,167,168,169,170,171,172,173,174,175,176,177,178,179,180,181]]
[(-1.3106, -33.2404, 8.1274)/15] => [[69,71,74,88,96,99,141,204,225,243,254,339,489,582,708,712,722,858,950,1012],[141,142,143,144,145,146,147,148,149,150,151,152,153,154,155,156,157,158,159,160,161,162,163,164,165,166,167,168,169,170,171,172,173,174,175,176,177,178,179,180,181]]
[(-30.8158, -3.8613, 8.2230)/18] => [[69,71,74,96,157,234,243,388,396,433,489,574,603,678,696,703,709,712,776,924],[171,172,173,174,175,176,177,178,179,180,181,182,183,184,185,186,187,188,189,190,191,192,193,194,195,196,197,198,199,200,201,202,203,204,205,206,207,208,209,210,211]]
[(27.8034, -3.8613, 8.5957)/17] => [[17,71,74,88,117,204,234,243,276,339,388,489,542,574,709,712,774,776,924,987],[161,162,163,164,165,166,167,168,169,170,171,172,173,174,175,176,177,178,179,180,181,182,183,184,185,186,187,188,189,190,191,192,193,194,195,196,197,198,199,200,201]]
[(-1.3106, 24.2994, 9.2973)/18] => [[17,74,96,98,117,231,276,328,339,388,489,567,575,678,703,712,728,924,969,987],[171,172,173,174,175,176,177,178,179,180,181,182,183,184,185,186,187,188,189,190,191,192,193,194,195,196,197,198,199,200,201,202,203,204,205,206,207,208,209,210,211]]
[(-24.8645, -27.2350, 13.8936)/17] => [[37,63,69,71,96,99,234,243,276,388,396,437,489,577,645,688,696,712,924,1012],[161,162,163,164,165,166,167,168,169,170,171,172,173,174,175,176,177,178,179,180,181,182,183,184,185,186,187,188,189,190,191,192,193,194,195,196,197,198,199,200,201]]
[(22.1693, 19.4391, 13.9640)/16] => [[17,71,117,204,234,276,304,339,388,489,567,574,575,577,709,712,774,924,969],[151,152,153,154,155,156,157,158,159,160,161,162,163,164,165,166,167,168,169,170,171,172,173,174,175,176,177,178,179,180,181,182,183,184,185,186,187,188,189,190,191]]
[(-24.6227, 19.2725, 14.1239)/15] => [[17,63,69,71,96,117,155,234,276,388,489,574,577,662,678,696,709,712,924,946],[141,142,143,144,145,146,147,148,149,150,151,152,153,154,155,156,157,158,159,160,161,162,163,164,165,166,167,168,169,170,171,172,173,174,175,176,177,178,179,180,181]]
[(21.5919, -26.5887, 14.5142)/15] => [[71,88,99,204,234,243,276,339,388,489,577,708,712,753,805,858,924,930,988,1014],[141,142,143,144,145,146,147,148,149,150,151,152,153,154,155,156,157,158,159,160,161,162,163,164,165,166,167,168,169,170,171,172,173,174,175,176,177,178,179,180,181]]
[(-1.3106, -41.1769, 36.3364)/17] => [[37,69,99,204,225,234,243,321,350,387,390,533,577,582,708,722,743,900,1012,1014],[161,162,163,164,165,166,167,168,169,170,171,172,173,174,175,176,177,178,179,180,181,182,183,184,185,186,187,188,189,190,191,192,193,194,195,196,197,198,199,200,201]]
[(-27.9064, -30.2537, 36.3364)/17] => [[37,63,69,96,99,195,234,243,246,396,471,489,577,582,691,712,808,900,904,1012],[161,162,163,164,165,166,167,168,169,170,171,172,173,174,175,176,177,178,179,180,181,182,183,184,185,186,187,188,189,190,191,192,193,194,195,196,197,198,199,200,201]]
[(25.3648, -30.3328, 36.3364)/18] => [[99,204,225,234,243,387,390,489,533,577,649,675,691,703,708,712,722,743,805,904],[171,172,173,174,175,176,177,178,179,180,181,182,183,184,185,186,187,188,189,190,191,192,193,194,195,196,197,198,199,200,201,202,203,204,205,206,207,208,209,210,211]]
[(-1.3106, 33.4308, 36.3364)/18] => [[5,17,96,98,117,276,304,388,489,567,574,593,691,712,728,735,780,836,904,924],[171,172,173,174,175,176,177,178,179,180,181,182,183,184,185,186,187,188,189,190,191,192,193,194,195,196,197,198,199,200,201,202,203,204,205,206,207,208,209,210,211]]
[(25.8433, 23.0850, 36.3364)/17] => [[5,17,98,117,234,276,304,388,390,489,567,574,709,712,728,735,774,896,904,924],[161,162,163,164,165,166,167,168,169,170,171,172,173,174,175,176,177,178,179,180,181,182,183,184,185,186,187,188,189,190,191,192,193,194,195,196,197,198,199,200,201]]
[(-28.2608, 22.8828, 36.3364)/19] => [[17,63,96,98,117,234,276,382,388,489,574,662,712,728,731,735,836,882,904,924],[182,183,184,185,186,187,188,189,190,191,192,193,194,195,196,197,198,199,200,201,202,203,204,205,206,207,208,209,210,211,212,213,214,215,216,217,218,219,220,221,222]]
[(-38.4971, -3.8613, 36.3364)/21] => [[63,69,96,234,243,273,388,396,433,471,489,574,603,662,712,735,836,882,904,924],[202,203,204,205,206,207,208,209,210,211,212,213,214,215,216,217,218,219,220,221,222,223,224,225,226,227,228,229,230,231,232,233,234,235,236,237,238,239,240,241,242]]
[(36.2103, -3.8613, 36.3364)/20] => [[5,17,117,204,234,243,276,304,374,390,421,533,577,649,691,712,732,774,885,896],[192,193,194,195,196,197,198,199,200,201,202,203,204,205,206,207,208,209,210,211,212,213,214,215,216,217,218,219,220,221,222,223,224,225,226,227,228,229,230,231,232]]
[(-25.4160, -27.7825, 59.3047)/17] => [[24,63,69,96,145,234,250,276,454,471,576,577,712,832,882,888,900,904,924,1012],[161,162,163,164,165,166,167,168,169,170,171,172,173,174,175,176,177,178,179,180,181,182,183,184,185,186,187,188,189,190,191,192,193,194,195,196,197,198,199,200,201]]
[(23.1093, 20.3718, 59.6044)/16] => [[5,17,98,172,234,236,276,304,389,390,567,574,691,709,712,735,773,896,904,924],[151,152,153,154,155,156,157,158,159,160,161,162,163,164,165,166,167,168,169,170,171,172,173,174,175,176,177,178,179,180,181,182,183,184,185,186,187,188,189,190,191]]
[(-25.8314, 20.4721, 59.7006)/11] => [[17,24,63,96,98,145,234,250,276,382,574,615,662,712,731,735,882,888,904,924],[101,102,103,104,105,106,107,108,109,110,111,112,113,114,115,116,117,118,119,120,121,122,123,124,125,126,127,128,129,130,131,132,133,134,135,136,137,138,139,140,141]]
[(23.7766, -28.7567, 60.2402)/12] => [[172,234,350,390,397,451,454,467,533,535,577,617,649,691,703,766,896,904,924,1014],[111,112,113,114,115,116,117,118,119,120,121,122,123,124,125,126,127,128,129,130,131,132,133,134,135,136,137,138,139,140,141,142,143,144,145,146,147,148,149,150,151]]
[(-1.3106, -3.8613, 63.1419)/16] => [[5,69,131,145,172,234,250,304,390,454,533,535,577,691,735,766,832,888,904,924],[151,152,153,154,155,156,157,158,159,160,161,162,163,164,165,166,167,168,169,170,171,172,173,174,175,176,177,178,179,180,181,182,183,184,185,186,187,188,189,190,191]]
[(-1.3106, 25.6187, 64.6424)/16] => [[5,87,98,145,172,175,234,236,250,304,390,567,691,735,766,771,832,888,904,924],[151,152,153,154,155,156,157,158,159,160,161,162,163,164,165,166,167,168,169,170,171,172,173,174,175,176,177,178,179,180,181,182,183,184,185,186,187,188,189,190,191]]
[(-1.3106, -33.7057, 64.9921)/20] => [[69,131,145,172,225,234,250,387,390,397,454,467,533,535,577,691,743,888,900,904],[192,193,194,195,196,197,198,199,200,201,202,203,204,205,206,207,208,209,210,211,212,213,214,215,216,217,218,219,220,221,222,223,224,225,226,227,228,229,230,231,232]]
[(-31.7024, -3.8613, 65.2946)/12] => [[24,63,69,131,145,234,250,471,540,576,603,615,662,735,766,832,882,888,904,924],[111,112,113,114,115,116,117,118,119,120,121,122,123,124,125,126,127,128,129,130,131,132,133,134,135,136,137,138,139,140,141,142,143,144,145,146,147,148,149,150,151]]
[(29.1991, -3.8613, 65.4069)/14] => [[5,172,175,187,234,304,390,451,454,533,535,577,617,649,691,735,766,896,904,924],[131,132,133,134,135,136,137,138,139,140,141,142,143,144,145,146,147,148,149,150,151,152,153,154,155,156,157,158,159,160,161,162,163,164,165,166,167,168,169,170,171]]
