[(10.7704, 21.0142, -0.1598)/14] => [[17,74,98,117,231,276,328,339,388,489,542,567,575,703,709,712,728,924,969,987],[131,132,133,134,135,136,137,138,139,140,141,142,143,144,145,146,147,148,149,150,151,152,153,154,155,156,157,158,159,160,161,162,163,164,165,166,167,168,169,170,171]]
[(10.7704, 42.1473, 7.3142)/12] => [[17,98,117,129,156,231,276,328,388,567,574,575,593,703,709,728,924,969,987],[111,112,113,114,115,116,117,118,119,120,121,122,123,124,125,126,127,128,129,130,131,132,133,134,135,136,137,138,139,140,141,142,143,144,145,146,147,148,149,150,151]]
[(-10.7288, 21.0142, 7.3957)/12] => [[17,74,96,98,117,231,234,276,328,339,388,489,542,575,678,703,712,728,924,987],[111,112,113,114,115,116,117,118,119,120,121,122,123,124,125,126,127,128,129,130,131,132,133,134,135,136,137,138,139,140,141,142,143,144,145,146,147,148,149,150,151]]
[(10.7704, -0.0096, 7.4118)/16] => [[17,71,74,88,117,204,234,243,276,339,388,489,542,574,703,709,712,776,924,987],[151,152,153,154,155,156,157,158,159,160,161,162,163,164,165,166,167,168,169,170,171,172,173,174,175,176,177,178,179,180,181,182,183,184,185,186,187,188,189,190,191]]
[(32.0120, 21.0142, 7.6212)/12] => [[17,117,231,234,240,276,328,339,542,567,575,635,709,712,732,774,776,835,969,987],[111,112,113,114,115,116,117,118,119,120,121,122,123,124,125,126,127,128,129,130,131,132,133,134,135,136,137,138,139,140,141,142,143,144,145,146,147,148,149,150,151]]
[(29.3578, 2.8222, 9.9437)/12] => [[17,71,74,88,117,204,234,243,276,339,388,489,542,574,709,712,774,776,924,987],[111,112,113,114,115,116,117,118,119,120,121,122,123,124,125,126,127,128,129,130,131,132,133,134,135,136,137,138,139,140,141,142,143,144,145,146,147,148,149,150,151]]
[(-7.5573, 38.9521, 10.1709)/17] => [[17,96,98,117,276,304,328,388,489,567,574,575,593,678,709,712,728,780,924,969],[161,162,163,164,165,166,167,168,169,170,171,172,173,174,175,176,177,178,179,180,181,182,183,184,185,186,187,188,189,190,191,192,193,194,195,196,197,198,199,200,201]]
[(-5.7780, 4.8178, 11.7278)/11] => [[17,69,71,88,96,117,204,234,243,276,304,339,388,489,574,577,678,709,712,924],[101,102,103,104,105,106,107,108,109,110,111,112,113,114,115,116,117,118,119,120,121,122,123,124,125,126,127,128,129,130,131,132,133,134,135,136,137,138,139,140,141]]
[(26.7194, 36.6240, 12.2524)/15] => [[17,98,117,276,304,328,388,489,567,574,575,593,709,712,728,774,780,924,969],[141,142,143,144,145,146,147,148,149,150,151,152,153,154,155,156,157,158,159,160,161,162,163,164,165,166,167,168,169,170,171,172,173,174,175,176,177,178,179,180,181]]
[(-19.4013, 21.0142, 26.2084)/12] => [[17,96,98,117,234,276,304,328,388,489,574,662,678,691,712,728,836,899,904,924],[111,112,113,114,115,116,117,118,119,120,121,122,123,124,125,126,127,128,129,130,131,132,133,134,135,136,137,138,139,140,141,142,143,144,145,146,147,148,149,150,151]]
[(40.1913, 21.0142, 26.2084)/13] => [[5,17,114,117,240,276,304,326,328,390,567,635,709,732,774,896,899,964,969],[121,122,123,124,125,126,127,128,129,130,131,132,133,134,135,136,137,138,139,140,141,142,143,144,145,146,147,148,149,150,151,152,153,154,155,156,157,158,159,160,161]]
[(10.7704, -7.5334, 26.2084)/15] => [[5,17,117,204,234,243,276,304,328,388,390,489,574,577,691,712,836,896,904,924],[141,142,143,144,145,146,147,148,149,150,151,152,153,154,155,156,157,158,159,160,161,162,163,164,165,166,167,168,169,170,171,172,173,174,175,176,177,178,179,180,181]]
[(-7.9988, 2.6443, 26.2084)/18] => [[5,17,69,96,117,204,234,243,276,304,388,390,489,574,577,678,712,836,904,924],[171,172,173,174,175,176,177,178,179,180,181,182,183,184,185,186,187,188,189,190,191,192,193,194,195,196,197,198,199,200,201,202,203,204,205,206,207,208,209,210,211]]
[(36.2117, -3.8859, 26.2084)/18] => [[5,17,117,204,234,243,276,304,328,390,421,577,635,691,712,732,774,885,896,899],[171,172,173,174,175,176,177,178,179,180,181,182,183,184,185,186,187,188,189,190,191,192,193,194,195,196,197,198,199,200,201,202,203,204,205,206,207,208,209,210,211]]
[(10.7704, 50.3741, 26.2084)/15] => [[5,17,98,117,156,209,304,328,567,574,593,614,709,728,780,836,969,987,1003],[141,142,143,144,145,146,147,148,149,150,151,152,153,154,155,156,157,158,159,160,161,162,163,164,165,166,167,168,169,170,171,172,173,174,175,176,177,178,179,180,181]]
[(-11.6257, 42.9339, 26.2084)/19] => [[17,98,117,156,276,304,328,388,574,593,662,678,728,780,836,899,924,936,987,1003],[182,183,184,185,186,187,188,189,190,191,192,193,194,195,196,197,198,199,200,201,202,203,204,205,206,207,208,209,210,211,212,213,214,215,216,217,218,219,220,221,222]]
[(29.4800, 39.3257, 26.2084)/17] => [[17,98,117,276,304,328,388,489,567,574,593,709,712,728,774,780,896,904,924,969],[161,162,163,164,165,166,167,168,169,170,171,172,173,174,175,176,177,178,179,180,181,182,183,184,185,186,187,188,189,190,191,192,193,194,195,196,197,198,199,200,201]]
[(27.1761, 37.0709, 40.5641)/14] => [[5,17,98,276,304,388,489,567,572,574,691,709,712,735,773,774,780,896,904,924],[131,132,133,134,135,136,137,138,139,140,141,142,143,144,145,146,147,148,149,150,151,152,153,154,155,156,157,158,159,160,161,162,163,164,165,166,167,168,169,170,171]]
[(-5.6746, 4.9190, 40.5985)/15] => [[5,17,69,96,172,234,243,276,304,388,390,489,533,574,577,712,735,888,904,924],[141,142,143,144,145,146,147,148,149,150,151,152,153,154,155,156,157,158,159,160,161,162,163,164,165,166,167,168,169,170,171,172,173,174,175,176,177,178,179,180,181]]
[(29.0052, 3.1673, 42.1645)/17] => [[5,17,172,234,243,276,304,388,390,489,533,574,577,649,712,735,774,896,904,924],[161,162,163,164,165,166,167,168,169,170,171,172,173,174,175,176,177,178,179,180,181,182,183,184,185,186,187,188,189,190,191,192,193,194,195,196,197,198,199,200,201]]
[(-7.5637, 38.9584, 42.2515)/14] => [[5,17,87,96,98,276,304,388,489,567,572,574,691,712,735,780,888,904,924,936],[131,132,133,134,135,136,137,138,139,140,141,142,143,144,145,146,147,148,149,150,151,152,153,154,155,156,157,158,159,160,161,162,163,164,165,166,167,168,169,170,171]]
[(10.7704, 41.2762, 44.3238)/15] => [[5,17,87,98,156,209,276,304,388,472,567,572,574,709,735,780,896,924,936,987],[141,142,143,144,145,146,147,148,149,150,151,152,153,154,155,156,157,158,159,160,161,162,163,164,165,166,167,168,169,170,171,172,173,174,175,176,177,178,179,180,181]]
[(10.7704, 0.3348, 44.6970)/16] => [[5,17,172,234,243,276,304,388,390,421,489,533,574,577,691,712,735,896,904,924],[151,152,153,154,155,156,157,158,159,160,161,162,163,164,165,166,167,168,169,170,171,172,173,174,175,176,177,178,179,180,181,182,183,184,185,186,187,188,189,190,191]]
[(-10.5098, 21.0142, 44.8295)/16] => [[17,24,87,96,98,234,236,276,304,388,489,574,662,691,712,735,872,888,904,924],[151,152,153,154,155,156,157,158,159,160,161,162,163,164,165,166,167,168,169,170,171,172,173,174,175,176,177,178,179,180,181,182,183,184,185,186,187,188,189,190,191]]
[(32.6244, 21.0142, 45.3315)/14] => [[5,17,172,234,276,304,374,390,421,567,571,587,691,709,712,732,773,774,835,896],[131,132,133,134,135,136,137,138,139,140,141,142,143,144,145,146,147,148,149,150,151,152,153,154,155,156,157,158,159,160,161,162,163,164,165,166,167,168,169,170,171]]
[(10.7704, 21.0142, 52.7351)/16] => [[5,17,87,98,172,234,250,276,304,390,567,574,691,709,712,735,832,896,904,924],[151,152,153,154,155,156,157,158,159,160,161,162,163,164,165,166,167,168,169,170,171,172,173,174,175,176,177,178,179,180,181,182,183,184,185,186,187,188,189,190,191]]
