[(15.0473, 6.7841, 0.3899)/17] => [[17,71,74,88,117,204,234,243,276,339,388,489,542,574,703,709,712,776,924,987],[161,162,163,164,165,166,167,168,169,170,171,172,173,174,175,176,177,178,179,180,181,182,183,184,185,186,187,188,189,190,191,192,193,194,195,196,197,198,199,200,201]]
[(15.0473, -16.2193, 6.7206)/11] => [[71,74,88,99,117,204,234,243,276,339,388,489,542,703,712,753,776,924,987,1012],[101,102,103,104,105,106,107,108,109,110,111,112,113,114,115,116,117,118,119,120,121,122,123,124,125,126,127,128,129,130,131,132,133,134,135,136,137,138,139,140,141]]
[(-7.2586, 6.7841, 7.2023)/11] => [[17,69,71,74,88,96,117,204,234,243,276,339,388,489,542,678,703,712,924,987],[101,102,103,104,105,106,107,108,109,110,111,112,113,114,115,116,117,118,119,120,121,122,123,124,125,126,127,128,129,130,131,132,133,134,135,136,137,138,139,140,141]]
[(36.9678, 6.7841, 7.5662)/13] => [[5,17,71,88,117,204,234,243,276,328,339,542,635,712,732,774,776,899,964,987],[121,122,123,124,125,126,127,128,129,130,131,132,133,134,135,136,137,138,139,140,141,142,143,144,145,146,147,148,149,150,151,152,153,154,155,156,157,158,159,160,161]]
[(15.0473, 28.7613, 7.6813)/13] => [[17,74,98,117,231,276,328,339,388,489,542,567,575,703,709,712,728,924,969,987],[121,122,123,124,125,126,127,128,129,130,131,132,133,134,135,136,137,138,139,140,141,142,143,144,145,146,147,148,149,150,151,152,153,154,155,156,157,158,159,160,161]]
[(-3.4760, 25.4593, 10.7732)/12] => [[17,96,98,117,234,276,304,328,339,388,489,567,574,575,678,709,712,728,924,969],[111,112,113,114,115,116,117,118,119,120,121,122,123,124,125,126,127,128,129,130,131,132,133,134,135,136,137,138,139,140,141,142,143,144,145,146,147,148,149,150,151]]
[(33.1781, -11.4952, 11.1438)/12] => [[68,71,88,99,117,204,234,243,276,328,339,421,466,577,635,645,712,732,753,988],[111,112,113,114,115,116,117,118,119,120,121,122,123,124,125,126,127,128,129,130,131,132,133,134,135,136,137,138,139,140,141,142,143,144,145,146,147,148,149,150,151]]
[(33.0080, 24.8921, 11.3044)/11] => [[5,17,117,234,240,276,304,328,339,567,575,635,709,712,732,774,835,964,969],[101,102,103,104,105,106,107,108,109,110,111,112,113,114,115,116,117,118,119,120,121,122,123,124,125,126,127,128,129,130,131,132,133,134,135,136,137,138,139,140,141]]
[(-2.1013, -10.5049, 12.0709)/16] => [[68,69,71,88,96,99,117,204,234,243,276,339,388,489,577,678,712,836,924,1012],[151,152,153,154,155,156,157,158,159,160,161,162,163,164,165,166,167,168,169,170,171,172,173,174,175,176,177,178,179,180,181,182,183,184,185,186,187,188,189,190,191]]
[(-6.0202, -14.4562, 28.2595)/16] => [[69,96,99,117,204,234,243,276,388,390,489,577,678,691,712,836,900,904,924,1012],[151,152,153,154,155,156,157,158,159,160,161,162,163,164,165,166,167,168,169,170,171,172,173,174,175,176,177,178,179,180,181,182,183,184,185,186,187,188,189,190,191]]
[(36.9353, -15.2832, 28.2595)/12] => [[97,99,117,204,234,243,276,328,390,421,577,635,691,712,732,753,872,885,896,950],[111,112,113,114,115,116,117,118,119,120,121,122,123,124,125,126,127,128,129,130,131,132,133,134,135,136,137,138,139,140,141,142,143,144,145,146,147,148,149,150,151]]
[(15.0473, -25.5970, 28.2595)/11] => [[99,204,234,243,276,388,390,489,577,691,703,708,712,753,858,896,904,924,1012,1014],[101,102,103,104,105,106,107,108,109,110,111,112,113,114,115,116,117,118,119,120,121,122,123,124,125,126,127,128,129,130,131,132,133,134,135,136,137,138,139,140,141]]
[(15.0473, 36.6924, 28.2595)/14] => [[5,17,98,117,276,304,328,388,489,567,574,593,709,712,728,780,896,904,924,969],[131,132,133,134,135,136,137,138,139,140,141,142,143,144,145,146,147,148,149,150,151,152,153,154,155,156,157,158,159,160,161,162,163,164,165,166,167,168,169,170,171]]
[(-7.7690, 29.7875, 28.2595)/11] => [[5,17,96,98,117,234,276,304,328,388,390,489,567,574,678,712,728,904,924,969],[101,102,103,104,105,106,107,108,109,110,111,112,113,114,115,116,117,118,119,120,121,122,123,124,125,126,127,128,129,130,131,132,133,134,135,136,137,138,139,140,141]]
[(35.9411, 27.8488, 28.2595)/17] => [[5,17,117,234,240,276,304,328,390,567,635,691,709,712,732,774,896,899,969],[161,162,163,164,165,166,167,168,169,170,171,172,173,174,175,176,177,178,179,180,181,182,183,184,185,186,187,188,189,190,191,192,193,194,195,196,197,198,199,200,201]]
[(-16.6464, 6.7841, 28.2595)/9] => [[17,69,96,117,204,234,243,276,304,388,396,489,574,577,662,678,696,712,904,924],[81,82,83,84,85,86,87,88,89,90,91,92,93,94,95,96,97,98,99,100,101,102,103,104,105,106,107,108,109,110,111,112,113,114,115,116,117,118,119,120,121]]
[(45.2660, 6.7841, 28.2595)/12] => [[5,17,117,204,276,304,328,390,406,421,577,587,635,732,774,885,896,899,913,964],[111,112,113,114,115,116,117,118,119,120,121,122,123,124,125,126,127,128,129,130,131,132,133,134,135,136,137,138,139,140,141,142,143,144,145,146,147,148,149,150,151]]
[(3.4890, -4.8691, 39.1707)/22] => [[5,17,69,96,117,204,234,243,276,304,388,390,489,533,574,577,712,735,904,924],[212,213,214,215,216,217,218,219,220,221,222,223,224,225,226,227,228,229,230,231,232,233,234,235,236,237,238,239,240,241,242,243,244,245,246,247,248,249,250,251,252]]
[(32.7611, 24.6429, 44.9816)/14] => [[5,17,172,234,276,304,374,390,421,567,571,587,691,709,712,732,773,774,835,896],[131,132,133,134,135,136,137,138,139,140,141,142,143,144,145,146,147,148,149,150,151,152,153,154,155,156,157,158,159,160,161,162,163,164,165,166,167,168,169,170,171]]
[(33.3238, -11.6421, 45.5128)/15] => [[97,172,212,234,243,276,350,374,390,421,533,577,649,691,712,732,872,885,896,950],[141,142,143,144,145,146,147,148,149,150,151,152,153,154,155,156,157,158,159,160,161,162,163,164,165,166,167,168,169,170,171,172,173,174,175,176,177,178,179,180,181]]
[(-3.5832, 25.5672, 45.8470)/11] => [[5,17,87,96,98,172,234,276,304,388,390,489,567,574,691,712,735,888,904,924],[101,102,103,104,105,106,107,108,109,110,111,112,113,114,115,116,117,118,119,120,121,122,123,124,125,126,127,128,129,130,131,132,133,134,135,136,137,138,139,140,141]]
[(-6.6004, 6.7841, 48.6954)/17] => [[5,17,69,96,172,234,243,276,304,388,390,489,533,574,577,712,735,888,904,924],[161,162,163,164,165,166,167,168,169,170,171,172,173,174,175,176,177,178,179,180,181,182,183,184,185,186,187,188,189,190,191,192,193,194,195,196,197,198,199,200,201]]
[(36.9403, 6.7841, 48.9268)/9] => [[5,17,172,212,234,243,276,304,374,390,421,533,577,649,691,712,732,774,885,896],[81,82,83,84,85,86,87,88,89,90,91,92,93,94,95,96,97,98,99,100,101,102,103,104,105,106,107,108,109,110,111,112,113,114,115,116,117,118,119,120,121]]
[(15.0473, 29.1756, 49.2258)/9] => [[5,17,87,98,172,234,276,304,388,390,489,567,574,691,709,712,735,896,904,924],[81,82,83,84,85,86,87,88,89,90,91,92,93,94,95,96,97,98,99,100,101,102,103,104,105,106,107,108,109,110,111,112,113,114,115,116,117,118,119,120,121]]
[(15.0473, -15.9004, 49.5001)/11] => [[172,234,243,276,350,388,390,421,489,533,558,577,691,712,735,872,896,904,924,1012],[101,102,103,104,105,106,107,108,109,110,111,112,113,114,115,116,117,118,119,120,121,122,123,124,125,126,127,128,129,130,131,132,133,134,135,136,137,138,139,140,141]]
[(15.0473, 6.7841, 58.3658)/16] => [[5,17,172,234,250,276,304,390,421,454,533,574,577,691,712,735,832,896,904,924],[151,152,153,154,155,156,157,158,159,160,161,162,163,164,165,166,167,168,169,170,171,172,173,174,175,176,177,178,179,180,181,182,183,184,185,186,187,188,189,190,191]]
