[(32.5427, 11.0756, 0.2590)/19] => [[5,17,71,117,204,231,234,276,339,542,567,575,635,709,712,732,774,776,969,987],[182,183,184,185,186,187,188,189,190,191,192,193,194,195,196,197,198,199,200,201,202,203,204,205,206,207,208,209,210,211,212,213,214,215,216,217,218,219,220,221,222]]
[(32.5427, 56.1806, 0.5571)/15] => [[17,117,129,156,209,231,240,328,567,575,579,593,614,635,709,774,835,969,987,1022],[141,142,143,144,145,146,147,148,149,150,151,152,153,154,155,156,157,158,159,160,161,162,163,164,165,166,167,168,169,170,171,172,173,174,175,176,177,178,179,180,181]]
[(55.8226, 11.0756, 7.0693)/16] => [[5,114,204,328,339,396,542,567,571,575,614,635,693,709,732,774,964,969,987],[151,152,153,154,155,156,157,158,159,160,161,162,163,164,165,166,167,168,169,170,171,172,173,174,175,176,177,178,179,180,181,182,183,184,185,186,187,188,189,190,191]]
[(10.4936, 11.0756, 8.2837)/17] => [[17,71,74,117,204,231,234,276,339,388,489,542,567,575,703,709,712,924,969,987],[161,162,163,164,165,166,167,168,169,170,171,172,173,174,175,176,177,178,179,180,181,182,183,184,185,186,187,188,189,190,191,192,193,194,195,196,197,198,199,200,201]]
[(32.5427, -19.6358, 9.9657)/16] => [[68,71,88,99,117,204,234,243,276,328,339,466,542,635,712,732,753,776,987,988],[151,152,153,154,155,156,157,158,159,160,161,162,163,164,165,166,167,168,169,170,171,172,173,174,175,176,177,178,179,180,181,182,183,184,185,186,187,188,189,190,191]]
[(13.9767, 39.1020, 11.7206)/15] => [[5,17,98,117,276,304,328,388,489,567,574,575,593,709,712,728,780,924,969],[141,142,143,144,145,146,147,148,149,150,151,152,153,154,155,156,157,158,159,160,161,162,163,164,165,166,167,168,169,170,171,172,173,174,175,176,177,178,179,180,181]]
[(50.4415, -15.9437, 12.3790)/16] => [[68,88,89,97,204,328,339,396,406,421,466,635,693,732,740,753,913,950,964,988],[151,152,153,154,155,156,157,158,159,160,161,162,163,164,165,166,167,168,169,170,171,172,173,174,175,176,177,178,179,180,181,182,183,184,185,186,187,188,189,190,191]]
[(15.0297, -15.3614, 12.7596)/15] => [[68,71,88,99,117,204,234,243,276,328,339,388,489,577,688,712,753,836,924,1012],[141,142,143,144,145,146,147,148,149,150,151,152,153,154,155,156,157,158,159,160,161,162,163,164,165,166,167,168,169,170,171,172,173,174,175,176,177,178,179,180,181]]
[(49.6710, 36.9316, 13.1393)/19] => [[5,17,114,117,240,276,304,326,328,567,575,635,709,732,774,780,835,964,969],[182,183,184,185,186,187,188,189,190,191,192,193,194,195,196,197,198,199,200,201,202,203,204,205,206,207,208,209,210,211,212,213,214,215,216,217,218,219,220,221,222]]
[(11.5611, -20.5975, 30.0402)/17] => [[99,204,234,243,276,350,388,390,489,533,577,691,703,708,712,896,904,924,1012,1014],[161,162,163,164,165,166,167,168,169,170,171,172,173,174,175,176,177,178,179,180,181,182,183,184,185,186,187,188,189,190,191,192,193,194,195,196,197,198,199,200,201]]
[(54.0206, -21.3465, 30.0402)/18] => [[89,97,204,350,374,390,406,421,515,533,649,703,708,732,805,885,896,950,964,1014],[171,172,173,174,175,176,177,178,179,180,181,182,183,184,185,186,187,188,189,190,191,192,193,194,195,196,197,198,199,200,201,202,203,204,205,206,207,208,209,210,211]]
[(32.5427, -31.4884, 30.0402)/14] => [[99,204,225,234,243,374,387,390,533,577,649,675,691,703,708,712,722,743,805,885],[131,132,133,134,135,136,137,138,139,140,141,142,143,144,145,146,147,148,149,150,151,152,153,154,155,156,157,158,159,160,161,162,163,164,165,166,167,168,169,170,171]]
[(0.8598, 11.0756, 30.0403)/15] => [[5,17,69,96,117,204,234,276,304,388,390,489,567,574,577,712,735,836,904,924],[141,142,143,144,145,146,147,148,149,150,151,152,153,154,155,156,157,158,159,160,161,162,163,164,165,166,167,168,169,170,171,172,173,174,175,176,177,178,179,180,181]]
[(65.8506, 11.0756, 30.0403)/12] => [[5,26,35,114,374,390,515,567,571,608,614,649,693,709,725,732,774,860,896,964],[111,112,113,114,115,116,117,118,119,120,121,122,123,124,125,126,127,128,129,130,131,132,133,134,135,136,137,138,139,140,141,142,143,144,145,146,147,148,149,150,151]]
[(32.5427, 58.0660, 30.0403)/14] => [[5,17,49,97,117,156,209,240,304,567,571,593,606,614,709,774,780,839,936,987],[131,132,133,134,135,136,137,138,139,140,141,142,143,144,145,146,147,148,149,150,151,152,153,154,155,156,157,158,159,160,161,162,163,164,165,166,167,168,169,170,171]]
[(13.3164, 40.0988, 30.0403)/20] => [[5,17,98,117,156,209,276,304,388,472,567,574,593,709,728,735,780,836,896,924],[192,193,194,195,196,197,198,199,200,201,202,203,204,205,206,207,208,209,210,211,212,213,214,215,216,217,218,219,220,221,222,223,224,225,226,227,228,229,230,231,232]]
[(50.1976, 37.7266, 30.0403)/20] => [[5,97,114,240,304,326,406,421,567,571,606,614,693,709,732,774,839,896,913,964],[192,193,194,195,196,197,198,199,200,201,202,203,204,205,206,207,208,209,210,211,212,213,214,215,216,217,218,219,220,221,222,223,224,225,226,227,228,229,230,231,232]]
[(46.9284, 32.7915, 44.2351)/20] => [[5,17,276,304,326,567,571,572,606,709,732,773,774,780,835,839,896,913,946,964],[192,193,194,195,196,197,198,199,200,201,202,203,204,205,206,207,208,209,210,211,212,213,214,215,216,217,218,219,220,221,222,223,224,225,226,227,228,229,230,231,232]]
[(17.4542, 33.8526, 44.9286)/19] => [[5,17,87,98,276,304,388,489,567,572,574,691,709,712,735,780,896,904,924,936],[182,183,184,185,186,187,188,189,190,191,192,193,194,195,196,197,198,199,200,201,202,203,204,205,206,207,208,209,210,211,212,213,214,215,216,217,218,219,220,221,222]]
[(32.5427, 36.5660, 46.7022)/17] => [[5,17,276,304,567,571,572,606,691,709,712,732,773,774,780,835,839,896,936,946],[161,162,163,164,165,166,167,168,169,170,171,172,173,174,175,176,177,178,179,180,181,182,183,184,185,186,187,188,189,190,191,192,193,194,195,196,197,198,199,200,201]]
[(51.6519, -17.7708, 48.8959)/15] => [[89,172,212,263,350,374,390,406,421,515,533,649,693,732,784,885,896,913,950,964],[141,142,143,144,145,146,147,148,149,150,151,152,153,154,155,156,157,158,159,160,161,162,163,164,165,166,167,168,169,170,171,172,173,174,175,176,177,178,179,180,181]]
[(13.3477, -17.9005, 48.9806)/14] => [[172,234,243,276,350,388,390,421,489,533,558,577,691,712,735,872,896,904,924,1012],[131,132,133,134,135,136,137,138,139,140,141,142,143,144,145,146,147,148,149,150,151,152,153,154,155,156,157,158,159,160,161,162,163,164,165,166,167,168,169,170,171]]
[(32.5427, -24.5167, 53.3052)/12] => [[172,212,234,276,350,374,390,454,533,577,617,649,691,703,712,732,805,885,896,1014],[111,112,113,114,115,116,117,118,119,120,121,122,123,124,125,126,127,128,129,130,131,132,133,134,135,136,137,138,139,140,141,142,143,144,145,146,147,148,149,150,151]]
[(57.2651, 11.0756, 54.4346)/14] => [[5,172,304,354,374,389,390,469,515,567,571,574,614,649,693,709,732,773,896,964],[131,132,133,134,135,136,137,138,139,140,141,142,143,144,145,146,147,148,149,150,151,152,153,154,155,156,157,158,159,160,161,162,163,164,165,166,167,168,169,170,171]]
[(7.7342, 11.0756, 54.5196)/9] => [[5,17,69,96,145,172,234,250,276,304,390,454,567,574,577,712,735,888,904,924],[81,82,83,84,85,86,87,88,89,90,91,92,93,94,95,96,97,98,99,100,101,102,103,104,105,106,107,108,109,110,111,112,113,114,115,116,117,118,119,120,121]]
[(32.5427, 11.0756, 65.1208)/15] => [[5,172,187,234,304,374,389,390,451,454,535,567,571,577,649,691,709,732,773,896],[141,142,143,144,145,146,147,148,149,150,151,152,153,154,155,156,157,158,159,160,161,162,163,164,165,166,167,168,169,170,171,172,173,174,175,176,177,178,179,180,181]]
