[(13.4133, 33.4774, 1.0556)/18] => [[17,74,98,117,129,231,276,328,388,489,567,575,593,703,709,712,728,924,969,987],[171,172,173,174,175,176,177,178,179,180,181,182,183,184,185,186,187,188,189,190,191,192,193,194,195,196,197,198,199,200,201,202,203,204,205,206,207,208,209,210,211]]
[(13.4133, -22.1043, 29.6140)/25] => [[99,204,234,243,276,388,390,489,577,691,703,708,712,753,858,896,904,924,1012,1014],[242,243,244,245,246,247,248,249,250,251,252,253,254,255,256,257,258,259,260,261,262,263,264,265,266,267,268,269,270,271,272,273,274,275,276,277,278,279,280,281,282]]
[(68.9432, 33.4774, 32.3832)/23] => [[5,35,97,114,134,240,326,567,571,606,614,693,709,723,725,732,774,860,896,964],[222,223,224,225,226,227,228,229,230,231,232,233,234,235,236,237,238,239,240,241,242,243,244,245,246,247,248,249,250,251,252,253,254,255,256,257,258,259,260,261,262]]
[(13.4133, 87.3104, 32.5405)/25] => [[87,97,98,156,209,307,402,472,593,608,614,662,696,728,760,780,796,936,987,991],[242,243,244,245,246,247,248,249,250,251,252,253,254,255,256,257,258,259,260,261,262,263,264,265,266,267,268,269,270,271,272,273,274,275,276,277,278,279,280,281,282]]
[(-41.0613, 33.4774, 34.0983)/25] => [[63,96,98,382,388,433,489,574,603,637,662,728,731,735,773,836,882,904,924,958],[242,243,244,245,246,247,248,249,250,251,252,253,254,255,256,257,258,259,260,261,262,263,264,265,266,267,268,269,270,271,272,273,274,275,276,277,278,279,280,281,282]]
[(54.4285, -6.3540, 55.9740)/22] => [[5,172,212,263,304,354,374,390,469,515,533,617,649,693,732,784,885,896,913,964],[212,213,214,215,216,217,218,219,220,221,222,223,224,225,226,227,228,229,230,231,232,233,234,235,236,237,238,239,240,241,242,243,244,245,246,247,248,249,250,251,252]]
[(-27.1732, -5.9376, 56.6706)/22] => [[17,24,63,69,96,145,234,250,276,471,574,577,615,662,712,735,882,888,904,924],[212,213,214,215,216,217,218,219,220,221,222,223,224,225,226,227,228,229,230,231,232,233,234,235,236,237,238,239,240,241,242,243,244,245,246,247,248,249,250,251,252]]
[(53.8400, 72.7371, 56.9306)/22] => [[49,162,209,307,326,394,528,567,572,574,614,684,709,773,838,909],[212,213,214,215,216,217,218,219,220,221,222,223,224,225,226,227,228,229,230,231,232,233,234,235,236,237,238,239,240,241,242,243,244,245,246,247,248,249,250,251,252]]
[(-25.9688, 71.7228, 58.6281)/22] => [[87,98,163,199,256,300,327,382,421,472,608,650,674,731,765,780,796,895,936,987],[212,213,214,215,216,217,218,219,220,221,222,223,224,225,226,227,228,229,230,231,232,233,234,235,236,237,238,239,240,241,242,243,244,245,246,247,248,249,250,251,252]]
[(-58.4651, 103.2808, 122.6358)/17] => [[215,261,267,291,316,418,510,512,598,630,746,785,790,800,854,880,906,944,952],[161,162,163,164,165,166,167,168,169,170,171,172,173,174,175,176,177,178,179,180,181,182,183,184,185,186,187,188,189,190,191,192,193,194,195,196,197,198,199,200,201]]
[(56.5210, 75.3407, 122.6358)/22] => [[44,93,196,204,247,297,344,347,349,361,420,488,526,537,609,751,824],[212,213,214,215,216,217,218,219,220,221,222,223,224,225,226,227,228,229,230,231,232,233,234,235,236,237,238,239,240,241,242,243,244,245,246,247,248,249,250,251,252]]
[(-46.0138, 33.4774, 122.6358)/25] => [[168,218,253,284,303,322,332,434,458,462,478,508,525,632,641,766,779,795,802,1007],[242,243,244,245,246,247,248,249,250,251,252,253,254,255,256,257,258,259,260,261,262,263,264,265,266,267,268,269,270,271,272,273,274,275,276,277,278,279,280,281,282]]
[(73.7112, 33.4774, 122.6358)/25] => [[37,44,77,134,187,196,237,247,349,361,410,459,488,510,523,526,751,765,807,830],[242,243,244,245,246,247,248,249,250,251,252,253,254,255,256,257,258,259,260,261,262,263,264,265,266,267,268,269,270,271,272,273,274,275,276,277,278,279,280,281,282]]
[(-29.5366, -8.2327, 122.6358)/22] => [[88,131,253,284,332,342,345,458,478,535,540,612,644,653,707,712,733,766,779,1007],[212,213,214,215,216,217,218,219,220,221,222,223,224,225,226,227,228,229,230,231,232,233,234,235,236,237,238,239,240,241,242,243,244,245,246,247,248,249,250,251,252]]
[(56.6913, -8.5514, 122.6358)/23] => [[37,77,134,160,187,194,196,204,210,237,256,451,536,698,765,807,838,839,963,978],[222,223,224,225,226,227,228,229,230,231,232,233,234,235,236,237,238,239,240,241,242,243,244,245,246,247,248,249,250,251,252,253,254,255,256,257,258,259,260,261,262]]
[(13.4133, -26.5961, 122.6358)/25] => [[65,88,131,160,210,239,253,339,345,397,467,535,536,698,707,733,765,766,838,913],[242,243,244,245,246,247,248,249,250,251,252,253,254,255,256,257,258,259,260,261,262,263,264,265,266,267,268,269,270,271,272,273,274,275,276,277,278,279,280,281,282]]
[(13.4133, 92.3332, 122.6359)/25] => [[38,44,45,196,197,215,247,285,306,349,380,418,537,592,700,736,746,751,824,839],[242,243,244,245,246,247,248,249,250,251,252,253,254,255,256,257,258,259,260,261,262,263,264,265,266,267,268,269,270,271,272,273,274,275,276,277,278,279,280,281,282]]
[(-31.6697, -10.3045, 195.9091)/16] => [[16,18,20,114,155,172,201,214,274,355,425,429,431,465,582,620,668,704,713,863],[151,152,153,154,155,156,157,158,159,160,161,162,163,164,165,166,167,168,169,170,171,172,173,174,175,176,177,178,179,180,181,182,183,184,185,186,187,188,189,190,191]]
[(-31.7567, 77.3434, 196.0505)/24] => [[105,165,222,227,251,324,467,518,545,571,613,667,688,774,779,799,904,923,949,990],[232,233,234,235,236,237,238,239,240,241,242,243,244,245,246,247,248,249,250,251,252,253,254,255,256,257,258,259,260,261,262,263,264,265,266,267,268,269,270,271,272]]
[(59.3152, 78.0540, 197.2400)/19] => [[28,68,209,257,285,295,443,473,671,679,691,750,845,861,974,997,998],[182,183,184,185,186,187,188,189,190,191,192,193,194,195,196,197,198,199,200,201,202,203,204,205,206,207,208,209,210,211,212,213,214,215,216,217,218,219,220,221,222]]
[(60.6593, -12.4049, 199.4245)/19] => [[6,24,147,159,200,429,433,532,536,657,659,738,765,786,800,825,888,912,944,987],[182,183,184,185,186,187,188,189,190,191,192,193,194,195,196,197,198,199,200,201,202,203,204,205,206,207,208,209,210,211,212,213,214,215,216,217,218,219,220,221,222]]
[(-47.3509, 92.4875, 221.3958)/16] => [[165,187,222,227,256,467,523,562,571,584,625,677,772,774,779,802,808,949,990,1006],[151,152,153,154,155,156,157,158,159,160,161,162,163,164,165,166,167,168,169,170,171,172,173,174,175,176,177,178,179,180,181,182,183,184,185,186,187,188,189,190,191]]
[(-52.5871, 33.4774, 229.9062)/20] => [[8,23,71,105,117,190,225,236,268,293,355,370,406,410,613,689,808,822,985,1016],[192,193,194,195,196,197,198,199,200,201,202,203,204,205,206,207,208,209,210,211,212,213,214,215,216,217,218,219,220,221,222,223,224,225,226,227,228,229,230,231,232]]
[(80.2020, 33.4774, 231.1873)/20] => [[38,87,278,295,403,429,501,554,588,664,675,677,691,731,801,814,841,861,889],[192,193,194,195,196,197,198,199,200,201,202,203,204,205,206,207,208,209,210,211,212,213,214,215,216,217,218,219,220,221,222,223,224,225,226,227,228,229,230,231,232]]
[(13.4134, 98.5416, 231.5280)/20] => [[0,34,118,138,212,246,298,324,467,490,507,518,584,602,634,802,845,861,997,1006],[192,193,194,195,196,197,198,199,200,201,202,203,204,205,206,207,208,209,210,211,212,213,214,215,216,217,218,219,220,221,222,223,224,225,226,227,228,229,230,231,232]]
[(13.4133, -32.1186, 232.4177)/17] => [[12,20,91,108,132,172,201,213,252,455,486,582,608,620,646,659,712,716,741,817],[161,162,163,164,165,166,167,168,169,170,171,172,173,174,175,176,177,178,179,180,181,182,183,184,185,186,187,188,189,190,191,192,193,194,195,196,197,198,199,200,201]]
[(13.4133, 33.4774, 239.4793)/17] => [[18,130,132,144,207,236,250,274,455,490,518,536,545,567,613,655,689,817,848,949],[161,162,163,164,165,166,167,168,169,170,171,172,173,174,175,176,177,178,179,180,181,182,183,184,185,186,187,188,189,190,191,192,193,194,195,196,197,198,199,200,201]]
