[(17.1390, -15.4419, -0.2991)/22] => [[71,74,88,99,117,204,234,243,276,339,388,489,542,703,712,753,776,924,987,1012],[212,213,214,215,216,217,218,219,220,221,222,223,224,225,226,227,228,229,230,231,232,233,234,235,236,237,238,239,240,241,242,243,244,245,246,247,248,249,250,251,252]]
[(17.1390, 38.5738, -0.2389)/21] => [[17,74,98,117,129,231,276,328,388,489,567,575,593,703,709,712,728,924,969,987],[202,203,204,205,206,207,208,209,210,211,212,213,214,215,216,217,218,219,220,221,222,223,224,225,226,227,228,229,230,231,232,233,234,235,236,237,238,239,240,241,242]]
[(57.8535, 38.4827, 0.0984)/19] => [[5,114,129,240,328,567,571,575,614,635,693,709,732,774,835,964,969,987],[182,183,184,185,186,187,188,189,190,191,192,193,194,195,196,197,198,199,200,201,202,203,204,205,206,207,208,209,210,211,212,213,214,215,216,217,218,219,220,221,222]]
[(57.7884, -15.2916, 0.2577)/20] => [[68,88,97,204,328,339,396,421,466,542,635,693,732,740,753,884,913,964,987,988],[192,193,194,195,196,197,198,199,200,201,202,203,204,205,206,207,208,209,210,211,212,213,214,215,216,217,218,219,220,221,222,223,224,225,226,227,228,229,230,231,232]]
[(57.6217, 11.5742, 0.6654)/22] => [[5,114,204,328,339,396,542,567,571,575,614,635,693,709,732,774,964,969,987],[212,213,214,215,216,217,218,219,220,221,222,223,224,225,226,227,228,229,230,231,232,233,234,235,236,237,238,239,240,241,242,243,244,245,246,247,248,249,250,251,252]]
[(-23.1027, 11.5742, 1.2551)/12] => [[17,69,71,74,96,117,155,231,234,276,388,489,574,678,696,703,709,712,924,946],[111,112,113,114,115,116,117,118,119,120,121,122,123,124,125,126,127,128,129,130,131,132,133,134,135,136,137,138,139,140,141,142,143,144,145,146,147,148,149,150,151]]
[(17.1390, 11.5742, 1.5507)/13] => [[17,71,74,117,204,231,234,276,339,388,489,542,567,575,703,709,712,924,969,987],[121,122,123,124,125,126,127,128,129,130,131,132,133,134,135,136,137,138,139,140,141,142,143,144,145,146,147,148,149,150,151,152,153,154,155,156,157,158,159,160,161]]
[(-20.1507, 36.2194, 8.4764)/18] => [[17,74,96,98,117,155,231,276,388,489,574,593,678,703,709,712,728,776,924,946],[171,172,173,174,175,176,177,178,179,180,181,182,183,184,185,186,187,188,189,190,191,192,193,194,195,196,197,198,199,200,201,202,203,204,205,206,207,208,209,210,211]]
[(-20.0557, -13.0081, 8.7091)/18] => [[69,71,74,96,99,117,234,243,276,388,396,489,678,696,703,712,776,836,924,1012],[171,172,173,174,175,176,177,178,179,180,181,182,183,184,185,186,187,188,189,190,191,192,193,194,195,196,197,198,199,200,201,202,203,204,205,206,207,208,209,210,211]]
[(54.0937, 35.9978, 99.6976)/19] => [[37,134,187,204,263,349,354,389,488,572,574,765,771,773,807,835,839,909,931],[182,183,184,185,186,187,188,189,190,191,192,193,194,195,196,197,198,199,200,201,202,203,204,205,206,207,208,209,210,211,212,213,214,215,216,217,218,219,220,221,222]]
[(-17.7707, 34.6462, 99.6976)/20] => [[45,87,145,168,175,218,236,244,253,300,332,458,572,700,735,766,802,832,888,1007],[192,193,194,195,196,197,198,199,200,201,202,203,204,205,206,207,208,209,210,211,212,213,214,215,216,217,218,219,220,221,222,223,224,225,226,227,228,229,230,231,232]]
[(-29.3738, 11.5742, 99.6976)/23] => [[24,131,145,250,253,332,345,454,471,535,540,576,612,615,735,766,802,832,888,1007],[222,223,224,225,226,227,228,229,230,231,232,233,234,235,236,237,238,239,240,241,242,243,244,245,246,247,248,249,250,251,252,253,254,255,256,257,258,259,260,261,262]]
[(63.6501, 11.5742, 99.6976)/21] => [[37,134,172,187,204,210,302,354,374,389,410,451,469,488,574,649,725,765,773,807],[202,203,204,205,206,207,208,209,210,211,212,213,214,215,216,217,218,219,220,221,222,223,224,225,226,227,228,229,230,231,232,233,234,235,236,237,238,239,240,241,242]]
[(-18.3583, -11.8866, 99.6976)/20] => [[24,131,145,160,239,250,253,332,345,467,471,533,535,540,653,735,852,888,913,1007],[192,193,194,195,196,197,198,199,200,201,202,203,204,205,206,207,208,209,210,211,212,213,214,215,216,217,218,219,220,221,222,223,224,225,226,227,228,229,230,231,232]]
[(53.5727, -12.5054, 99.6976)/18] => [[134,160,172,187,204,210,212,350,354,374,451,467,469,533,617,649,765,784,807,839],[171,172,173,174,175,176,177,178,179,180,181,182,183,184,185,186,187,188,189,190,191,192,193,194,195,196,197,198,199,200,201,202,203,204,205,206,207,208,209,210,211]]
[(17.1390, -16.6866, 99.6976)/25] => [[131,160,172,204,210,239,250,253,345,397,454,467,533,535,612,735,765,766,832,913],[242,243,244,245,246,247,248,249,250,251,252,253,254,255,256,257,258,259,260,261,262,263,264,265,266,267,268,269,270,271,272,273,274,275,276,277,278,279,280,281,282]]
[(17.1390, 39.6740, 99.6977)/25] => [[45,87,168,175,182,204,218,236,244,253,349,458,572,700,735,765,766,771,832,931],[242,243,244,245,246,247,248,249,250,251,252,253,254,255,256,257,258,259,260,261,262,263,264,265,266,267,268,269,270,271,272,273,274,275,276,277,278,279,280,281,282]]
[(45.2847, 30.1758, 168.5501)/16] => [[44,77,237,259,285,297,342,361,425,513,526,536,594,657,824,851,963,978,983,998],[151,152,153,154,155,156,157,158,159,160,161,162,163,164,165,166,167,168,169,170,171,172,173,174,175,176,177,178,179,180,181,182,183,184,185,186,187,188,189,190,191]]
[(45.2880, -7.0297, 168.5581)/19] => [[33,77,95,194,237,256,264,342,513,536,657,659,698,755,765,786,838,963,978,987],[182,183,184,185,186,187,188,189,190,191,192,193,194,195,196,197,198,199,200,201,202,203,204,205,206,207,208,209,210,211,212,213,214,215,216,217,218,219,220,221,222]]
[(47.2713, 11.5742, 173.4099)/23] => [[24,77,95,191,194,237,342,425,429,513,594,657,659,786,825,838,851,963,978,983],[222,223,224,225,226,227,228,229,230,231,232,233,234,235,236,237,238,239,240,241,242,243,244,245,246,247,248,249,250,251,252,253,254,255,256,257,258,259,260,261,262]]
[(-13.2783, 31.6772, 174.1069)/17] => [[105,114,155,225,251,285,342,425,434,465,525,613,689,779,887,904,974,983,998],[161,162,163,164,165,166,167,168,169,170,171,172,173,174,175,176,177,178,179,180,181,182,183,184,185,186,187,188,189,190,191,192,193,194,195,196,197,198,199,200,201]]
[(-13.8453, -8.9035, 175.4939)/16] => [[33,88,95,114,155,172,225,342,425,429,431,465,668,689,704,712,713,733,779,838],[151,152,153,154,155,156,157,158,159,160,161,162,163,164,165,166,167,168,169,170,171,172,173,174,175,176,177,178,179,180,181,182,183,184,185,186,187,188,189,190,191]]
[(17.1390, 37.5351, 195.7896)/25] => [[18,28,114,144,155,207,257,274,425,455,536,613,657,689,825,851,904,983,998],[242,243,244,245,246,247,248,249,250,251,252,253,254,255,256,257,258,259,260,261,262,263,264,265,266,267,268,269,270,271,272,273,274,275,276,277,278,279,280,281,282]]
[(17.1390, -14.3986, 195.8328)/24] => [[18,20,33,95,114,144,155,172,201,274,425,455,536,582,620,657,704,713,765,987],[232,233,234,235,236,237,238,239,240,241,242,243,244,245,246,247,248,249,250,251,252,253,254,255,256,257,258,259,260,261,262,263,264,265,266,267,268,269,270,271,272]]
[(-25.1239, 11.5742, 203.0845)/17] => [[8,18,114,155,172,201,225,268,293,355,425,429,455,582,620,689,704,983,985],[161,162,163,164,165,166,167,168,169,170,171,172,173,174,175,176,177,178,179,180,181,182,183,184,185,186,187,188,189,190,191,192,193,194,195,196,197,198,199,200,201]]
[(17.1390, 11.5742, 249.9933)/17] => [[18,130,132,144,201,207,236,250,252,274,455,518,536,545,582,620,716,817,949,950],[161,162,163,164,165,166,167,168,169,170,171,172,173,174,175,176,177,178,179,180,181,182,183,184,185,186,187,188,189,190,191,192,193,194,195,196,197,198,199,200,201]]
