[(-13.9425, 41.5260, 8.7972)/18] => [[17,98,117,156,231,276,328,388,509,574,575,593,678,703,709,728,836,924,987,1003],[171,172,173,174,175,176,177,178,179,180,181,182,183,184,185,186,187,188,189,190,191,192,193,194,195,196,197,198,199,200,201,202,203,204,205,206,207,208,209,210,211]]
[(-13.9425, 8.4301, 13.7282)/25] => [[17,69,71,96,117,204,234,243,276,304,339,388,396,489,577,662,678,696,712,924],[242,243,244,245,246,247,248,249,250,251,252,253,254,255,256,257,258,259,260,261,262,263,264,265,266,267,268,269,270,271,272,273,274,275,276,277,278,279,280,281,282]]
[(-40.5977, 8.4301, 15.4372)/18] => [[63,69,96,273,311,388,396,433,489,574,603,662,678,688,696,709,751,773,836,924],[171,172,173,174,175,176,177,178,179,180,181,182,183,184,185,186,187,188,189,190,191,192,193,194,195,196,197,198,199,200,201,202,203,204,205,206,207,208,209,210,211]]
[(11.9798, 8.4301, 17.8270)/21] => [[5,17,71,88,117,204,234,243,276,304,328,339,388,489,574,577,709,712,836,924],[202,203,204,205,206,207,208,209,210,211,212,213,214,215,216,217,218,219,220,221,222,223,224,225,226,227,228,229,230,231,232,233,234,235,236,237,238,239,240,241,242]]
[(-13.9425, -20.5628, 20.3983)/22] => [[69,96,99,204,234,243,276,388,396,489,577,691,696,712,858,900,904,924,1012,1014],[212,213,214,215,216,217,218,219,220,221,222,223,224,225,226,227,228,229,230,231,232,233,234,235,236,237,238,239,240,241,242,243,244,245,246,247,248,249,250,251,252]]
[(10.7874, 36.9568, 21.7160)/20] => [[5,17,98,117,276,304,328,388,489,567,574,593,709,712,728,780,896,904,924,969],[192,193,194,195,196,197,198,199,200,201,202,203,204,205,206,207,208,209,210,211,212,213,214,215,216,217,218,219,220,221,222,223,224,225,226,227,228,229,230,231,232]]
[(-38.6216, -20.0379, 21.8816)/18] => [[63,69,96,99,234,243,273,311,388,396,433,489,493,696,712,882,900,904,924,1012],[171,172,173,174,175,176,177,178,179,180,181,182,183,184,185,186,187,188,189,190,191,192,193,194,195,196,197,198,199,200,201,202,203,204,205,206,207,208,209,210,211]]
[(9.8218, -18.9827, 24.8650)/13] => [[69,96,99,117,204,234,243,276,388,390,489,577,678,691,712,836,900,904,924,1012],[121,122,123,124,125,126,127,128,129,130,131,132,133,134,135,136,137,138,139,140,141,142,143,144,145,146,147,148,149,150,151,152,153,154,155,156,157,158,159,160,161]]
[(-36.9469, 34.9663, 27.3436)/20] => [[63,96,98,155,382,388,433,489,574,593,603,637,662,678,712,728,882,904,924,958],[192,193,194,195,196,197,198,199,200,201,202,203,204,205,206,207,208,209,210,211,212,213,214,215,216,217,218,219,220,221,222,223,224,225,226,227,228,229,230,231,232]]
[(-26.6167, -6.1901, 102.3686)/18] => [[24,131,145,250,253,332,345,454,535,540,576,612,615,644,653,707,766,832,888,1007],[171,172,173,174,175,176,177,178,179,180,181,182,183,184,185,186,187,188,189,190,191,192,193,194,195,196,197,198,199,200,201,202,203,204,205,206,207,208,209,210,211]]
[(-13.9425, -20.7161, 102.3686)/15] => [[24,65,145,160,239,250,253,332,345,467,535,536,540,653,698,707,852,888,913,1007],[141,142,143,144,145,146,147,148,149,150,151,152,153,154,155,156,157,158,159,160,161,162,163,164,165,166,167,168,169,170,171,172,173,174,175,176,177,178,179,180,181]]
[(16.2800, -26.4324, 102.3686)/18] => [[65,131,160,172,210,239,250,253,345,397,454,467,535,536,698,707,765,766,832,913],[171,172,173,174,175,176,177,178,179,180,181,182,183,184,185,186,187,188,189,190,191,192,193,194,195,196,197,198,199,200,201,202,203,204,205,206,207,208,209,210,211]]
[(-13.9425, 56.7905, 102.3686)/15] => [[45,69,112,168,175,218,244,296,300,316,394,418,466,551,572,700,746,802,854,875],[141,142,143,144,145,146,147,148,149,150,151,152,153,154,155,156,157,158,159,160,161,162,163,164,165,166,167,168,169,170,171,172,173,174,175,176,177,178,179,180,181]]
[(10.2630, 36.3518, 102.3686)/21] => [[45,168,175,182,204,218,244,253,297,349,458,526,536,572,700,765,766,771,832,931],[202,203,204,205,206,207,208,209,210,211,212,213,214,215,216,217,218,219,220,221,222,223,224,225,226,227,228,229,230,231,232,233,234,235,236,237,238,239,240,241,242]]
[(-33.3797, 30.8514, 102.3686)/18] => [[45,53,141,145,168,175,218,253,300,322,332,458,462,615,766,795,802,832,888,1007],[171,172,173,174,175,176,177,178,179,180,181,182,183,184,185,186,187,188,189,190,191,192,193,194,195,196,197,198,199,200,201,202,203,204,205,206,207,208,209,210,211]]
[(-32.2056, 8.4301, 102.3686)/16] => [[24,131,145,250,253,280,332,345,458,540,576,612,615,644,653,707,766,832,888,1007],[151,152,153,154,155,156,157,158,159,160,161,162,163,164,165,166,167,168,169,170,171,172,173,174,175,176,177,178,179,180,181,182,183,184,185,186,187,188,189,190,191]]
[(21.2140, 8.4301, 102.3686)/25] => [[160,172,175,187,204,210,244,264,345,451,454,458,535,536,612,617,698,765,766,771],[242,243,244,245,246,247,248,249,250,251,252,253,254,255,256,257,258,259,260,261,262,263,264,265,266,267,268,269,270,271,272,273,274,275,276,277,278,279,280,281,282]]
[(-28.8256, 25.5981, 150.9076)/16] => [[38,114,244,251,253,284,322,342,425,429,434,458,465,478,525,748,779,802,983],[151,152,153,154,155,156,157,158,159,160,161,162,163,164,165,166,167,168,169,170,171,172,173,174,175,176,177,178,179,180,181,182,183,184,185,186,187,188,189,190,191]]
[(1.0298, 25.7011, 151.1985)/23] => [[95,114,204,244,251,253,297,342,425,429,458,465,525,536,698,779,802,838,963,983],[222,223,224,225,226,227,228,229,230,231,232,233,234,235,236,237,238,239,240,241,242,243,244,245,246,247,248,249,250,251,252,253,254,255,256,257,258,259,260,261,262]]
[(-13.9425, 28.5145, 159.1530)/20] => [[95,114,244,251,253,342,425,429,434,458,465,525,536,698,748,779,802,838,983],[192,193,194,195,196,197,198,199,200,201,202,203,204,205,206,207,208,209,210,211,212,213,214,215,216,217,218,219,220,221,222,223,224,225,226,227,228,229,230,231,232]]
[(5.0955, 8.4301, 164.4579)/24] => [[88,95,114,155,342,425,429,465,536,657,668,698,704,707,712,713,733,838,963,987],[232,233,234,235,236,237,238,239,240,241,242,243,244,245,246,247,248,249,250,251,252,253,254,255,256,257,258,259,260,261,262,263,264,265,266,267,268,269,270,271,272]]
[(-33.0520, -13.6132, 164.6913)/21] => [[88,114,155,175,214,266,284,425,429,465,478,507,668,704,707,712,713,733,779],[202,203,204,205,206,207,208,209,210,211,212,213,214,215,216,217,218,219,220,221,222,223,224,225,226,227,228,229,230,231,232,233,234,235,236,237,238,239,240,241,242]]
[(5.7751, -14.3151, 166.6745)/21] => [[88,114,155,342,425,429,507,536,657,668,698,704,707,712,713,733,838,963,987],[202,203,204,205,206,207,208,209,210,211,212,213,214,215,216,217,218,219,220,221,222,223,224,225,226,227,228,229,230,231,232,233,234,235,236,237,238,239,240,241,242]]
[(-36.7675, 8.4301, 176.8085)/16] => [[88,114,155,172,214,225,284,355,425,429,465,478,601,668,689,704,712,713,733,779],[151,152,153,154,155,156,157,158,159,160,161,162,163,164,165,166,167,168,169,170,171,172,173,174,175,176,177,178,179,180,181,182,183,184,185,186,187,188,189,190,191]]
[(-13.9425, -19.8616, 182.3567)/18] => [[18,33,88,95,114,155,172,191,425,429,431,465,471,507,534,668,704,713,779],[171,172,173,174,175,176,177,178,179,180,181,182,183,184,185,186,187,188,189,190,191,192,193,194,195,196,197,198,199,200,201,202,203,204,205,206,207,208,209,210,211]]
[(-13.9425, 8.4301, 268.9831)/18] => [[8,12,56,68,108,132,143,252,293,324,488,741,746,767,801,817,890,921,949,985],[171,172,173,174,175,176,177,178,179,180,181,182,183,184,185,186,187,188,189,190,191,192,193,194,195,196,197,198,199,200,201,202,203,204,205,206,207,208,209,210,211]]
