[(14.2727, -45.7286, 0.9687)/25] => [[71,88,99,141,204,225,243,254,321,339,542,582,695,708,722,753,858,950,1012],[242,243,244,245,246,247,248,249,250,251,252,253,254,255,256,257,258,259,260,261,262,263,264,265,266,267,268,269,270,271,272,273,274,275,276,277,278,279,280,281,282]]
[(14.2727, 9.7475, 7.8369)/18] => [[17,71,74,88,117,204,234,243,276,339,388,489,542,574,703,709,712,776,924,987],[171,172,173,174,175,176,177,178,179,180,181,182,183,184,185,186,187,188,189,190,191,192,193,194,195,196,197,198,199,200,201,202,203,204,205,206,207,208,209,210,211]]
[(68.1131, -45.7286, 8.4292)/23] => [[26,88,321,349,373,396,426,466,503,646,695,708,743,753,774,805,930,950,958,988],[222,223,224,225,226,227,228,229,230,231,232,233,234,235,236,237,238,239,240,241,242,243,244,245,246,247,248,249,250,251,252,253,254,255,256,257,258,259,260,261,262]]
[(-39.0542, -45.7286, 8.6041)/20] => [[37,69,71,99,141,234,243,246,311,396,493,582,669,688,696,808,898,924,981,1012],[192,193,194,195,196,197,198,199,200,201,202,203,204,205,206,207,208,209,210,211,212,213,214,215,216,217,218,219,220,221,222,223,224,225,226,227,228,229,230,231,232]]
[(14.2727, -97.4247, 9.1270)/22] => [[14,21,141,225,254,287,300,305,321,452,478,540,582,646,664,667,685,695,722,950],[212,213,214,215,216,217,218,219,220,221,222,223,224,225,226,227,228,229,230,231,232,233,234,235,236,237,238,239,240,241,242,243,244,245,246,247,248,249,250,251,252]]
[(56.1572, -3.9217, 12.5025)/22] => [[5,68,88,204,304,328,339,396,406,421,466,587,635,693,732,774,913,950,964],[212,213,214,215,216,217,218,219,220,221,222,223,224,225,226,227,228,229,230,231,232,233,234,235,236,237,238,239,240,241,242,243,244,245,246,247,248,249,250,251,252]]
[(-27.1911, -4.3416, 12.6458)/22] => [[17,63,69,71,96,117,234,243,276,388,396,489,574,577,662,678,696,709,712,924],[212,213,214,215,216,217,218,219,220,221,222,223,224,225,226,227,228,229,230,231,232,233,234,235,236,237,238,239,240,241,242,243,244,245,246,247,248,249,250,251,252]]
[(54.1606, -85.5426, 13.1826)/22] => [[14,43,225,239,287,321,387,394,489,524,595,646,695,708,722,858,907,910,930,950],[212,213,214,215,216,217,218,219,220,221,222,223,224,225,226,227,228,229,230,231,232,233,234,235,236,237,238,239,240,241,242,243,244,245,246,247,248,249,250,251,252]]
[(-25.2889, -85.2169, 13.2938)/22] => [[44,58,141,254,300,305,452,478,582,612,620,664,667,669,685,710,789,808,882,920],[212,213,214,215,216,217,218,219,220,221,222,223,224,225,226,227,228,229,230,231,232,233,234,235,236,237,238,239,240,241,242,243,244,245,246,247,248,249,250,251,252]]
[(-31.3283, -91.2451, 26.7721)/22] => [[58,216,305,354,478,546,582,612,620,669,685,710,778,789,799,808,882,924,978],[212,213,214,215,216,217,218,219,220,221,222,223,224,225,226,227,228,229,230,231,232,233,234,235,236,237,238,239,240,241,242,243,244,245,246,247,248,249,250,251,252]]
[(60.3080, -91.6786, 26.7721)/22] => [[14,43,148,216,321,389,394,424,489,501,524,595,774,854,859,905,907,910,950,971],[212,213,214,215,216,217,218,219,220,221,222,223,224,225,226,227,228,229,230,231,232,233,234,235,236,237,238,239,240,241,242,243,244,245,246,247,248,249,250,251,252]]
[(14.2727, -109.7394, 26.7721)/23] => [[14,21,148,174,287,305,321,478,494,546,664,667,685,748,842,859,905,920,950,1014],[222,223,224,225,226,227,228,229,230,231,232,233,234,235,236,237,238,239,240,241,242,243,244,245,246,247,248,249,250,251,252,253,254,255,256,257,258,259,260,261,262]]
[(62.7434, 2.6524, 26.7722)/22] => [[5,26,35,328,390,406,421,515,545,587,608,635,693,732,774,885,896,913,950,964],[212,213,214,215,216,217,218,219,220,221,222,223,224,225,226,227,228,229,230,231,232,233,234,235,236,237,238,239,240,241,242,243,244,245,246,247,248,249,250,251,252]]
[(-51.6625, -45.7286, 26.7722)/24] => [[69,118,208,232,246,311,396,411,493,513,582,651,669,696,729,789,808,900,981,1012],[232,233,234,235,236,237,238,239,240,241,242,243,244,245,246,247,248,249,250,251,252,253,254,255,256,257,258,259,260,261,262,263,264,265,266,267,268,269,270,271,272]]
[(81.1960, -45.7286, 26.7722)/24] => [[26,89,97,159,426,503,515,740,774,775,805,817,863,865,881,885,950,958,979,991],[232,233,234,235,236,237,238,239,240,241,242,243,244,245,246,247,248,249,250,251,252,253,254,255,256,257,258,259,260,261,262,263,264,265,266,267,268,269,270,271,272]]
[(14.2727, 23.0974, 26.7722)/23] => [[5,17,98,117,234,276,304,328,388,390,489,567,574,709,712,728,896,904,924,969],[222,223,224,225,226,227,228,229,230,231,232,233,234,235,236,237,238,239,240,241,242,243,244,245,246,247,248,249,250,251,252,253,254,255,256,257,258,259,260,261,262]]
[(-33.7144, 2.1697, 26.7722)/23] => [[63,69,96,234,243,311,388,396,433,489,574,603,662,678,696,712,836,882,904,924],[222,223,224,225,226,227,228,229,230,231,232,233,234,235,236,237,238,239,240,241,242,243,244,245,246,247,248,249,250,251,252,253,254,255,256,257,258,259,260,261,262]]
[(-35.5407, -95.4497, 43.7431)/20] => [[58,184,216,246,305,419,546,620,669,685,710,722,748,778,789,799,808,882,978],[192,193,194,195,196,197,198,199,200,201,202,203,204,205,206,207,208,209,210,211,212,213,214,215,216,217,218,219,220,221,222,223,224,225,226,227,228,229,230,231,232]]
[(64.6740, -96.0365, 43.9434)/19] => [[106,148,216,321,354,389,394,424,501,524,595,602,675,859,905,907,910,950,958,971],[182,183,184,185,186,187,188,189,190,191,192,193,194,195,196,197,198,199,200,201,202,203,204,205,206,207,208,209,210,211,212,213,214,215,216,217,218,219,220,221,222]]
[(-37.9703, 6.4177, 44.5709)/21] => [[24,63,69,96,234,243,273,388,471,489,574,603,615,662,712,735,882,888,904,924],[202,203,204,205,206,207,208,209,210,211,212,213,214,215,216,217,218,219,220,221,222,223,224,225,226,227,228,229,230,231,232,233,234,235,236,237,238,239,240,241,242]]
[(67.0666, 6.9676, 44.7586)/21] => [[5,172,212,263,374,390,406,421,515,608,649,693,725,732,774,784,885,896,913,964],[202,203,204,205,206,207,208,209,210,211,212,213,214,215,216,217,218,219,220,221,222,223,224,225,226,227,228,229,230,231,232,233,234,235,236,237,238,239,240,241,242]]
[(14.2727, -123.4455, 53.2988)/17] => [[21,53,104,189,208,259,264,285,305,396,431,565,629,641,664,809,905,907,945,1014],[161,162,163,164,165,166,167,168,169,170,171,172,173,174,175,176,177,178,179,180,181,182,183,184,185,186,187,188,189,190,191,192,193,194,195,196,197,198,199,200,201]]
[(92.4265, -45.7286, 53.3984)/15] => [[89,94,212,317,328,374,402,469,503,515,607,644,753,784,817,885,918,952,991],[141,142,143,144,145,146,147,148,149,150,151,152,153,154,155,156,157,158,159,160,161,162,163,164,165,166,167,168,169,170,171,172,173,174,175,176,177,178,179,180,181]]
[(-64.0816, -45.7286, 53.4668)/10] => [[24,69,118,159,208,246,280,303,404,411,471,493,513,576,669,722,789,808,831,900],[91,92,93,94,95,96,97,98,99,100,101,102,103,104,105,106,107,108,109,110,111,112,113,114,115,116,117,118,119,120,121,122,123,124,125,126,127,128,129,130,131]]
