[(18.8589, -14.4367, -0.1722)/21] => [[71,74,88,99,117,204,234,243,276,339,388,489,542,703,712,753,776,924,987,1012],[202,203,204,205,206,207,208,209,210,211,212,213,214,215,216,217,218,219,220,221,222,223,224,225,226,227,228,229,230,231,232,233,234,235,236,237,238,239,240,241,242]]
[(18.8589, 47.3702, 0.0131)/22] => [[17,98,117,129,156,231,276,328,388,567,574,575,593,703,709,728,924,969,987],[212,213,214,215,216,217,218,219,220,221,222,223,224,225,226,227,228,229,230,231,232,233,234,235,236,237,238,239,240,241,242,243,244,245,246,247,248,249,250,251,252]]
[(57.0364, 16.5730, 0.3659)/16] => [[5,114,204,328,339,396,542,567,571,575,614,635,693,709,732,774,964,969,987],[151,152,153,154,155,156,157,158,159,160,161,162,163,164,165,166,167,168,169,170,171,172,173,174,175,176,177,178,179,180,181,182,183,184,185,186,187,188,189,190,191]]
[(18.8589, 16.5730, 1.4463)/25] => [[17,71,74,117,204,231,234,276,339,388,489,542,567,575,703,709,712,924,969,987],[242,243,244,245,246,247,248,249,250,251,252,253,254,255,256,257,258,259,260,261,262,263,264,265,266,267,268,269,270,271,272,273,274,275,276,277,278,279,280,281,282]]
[(-17.6542, 16.5730, 1.5227)/17] => [[17,69,71,74,96,117,204,231,276,339,388,489,542,575,678,696,703,712,924,987],[161,162,163,164,165,166,167,168,169,170,171,172,173,174,175,176,177,178,179,180,181,182,183,184,185,186,187,188,189,190,191,192,193,194,195,196,197,198,199,200,201]]
[(51.4652, 42.5308, 4.2378)/13] => [[5,114,129,156,209,240,328,567,575,614,635,693,709,732,774,835,964,969,987],[121,122,123,124,125,126,127,128,129,130,131,132,133,134,135,136,137,138,139,140,141,142,143,144,145,146,147,148,149,150,151,152,153,154,155,156,157,158,159,160,161]]
[(50.8980, -8.9336, 4.6320)/19] => [[5,68,88,97,204,328,339,396,421,466,542,587,635,693,732,774,913,964,987],[182,183,184,185,186,187,188,189,190,191,192,193,194,195,196,197,198,199,200,201,202,203,204,205,206,207,208,209,210,211,212,213,214,215,216,217,218,219,220,221,222]]
[(-11.7677, 40.9550, 5.6137)/20] => [[17,98,117,156,231,276,328,388,509,574,575,593,678,703,709,728,836,924,987,1003],[192,193,194,195,196,197,198,199,200,201,202,203,204,205,206,207,208,209,210,211,212,213,214,215,216,217,218,219,220,221,222,223,224,225,226,227,228,229,230,231,232]]
[(-11.0862, -7.2666, 6.0873)/19] => [[17,69,71,74,96,117,204,243,276,339,388,396,489,542,678,696,703,712,924,987],[182,183,184,185,186,187,188,189,190,191,192,193,194,195,196,197,198,199,200,201,202,203,204,205,206,207,208,209,210,211,212,213,214,215,216,217,218,219,220,221,222]]
[(-19.8712, 16.5730, 26.8989)/23] => [[17,69,96,117,204,234,276,304,388,489,574,577,662,678,691,696,712,836,904,924],[222,223,224,225,226,227,228,229,230,231,232,233,234,235,236,237,238,239,240,241,242,243,244,245,246,247,248,249,250,251,252,253,254,255,256,257,258,259,260,261,262]]
[(-45.7440, 16.5730, 26.8990)/16] => [[63,69,96,155,273,382,388,433,489,574,603,662,678,696,751,773,836,882,904,924],[151,152,153,154,155,156,157,158,159,160,161,162,163,164,165,166,167,168,169,170,171,172,173,174,175,176,177,178,179,180,181,182,183,184,185,186,187,188,189,190,191]]
[(61.4092, 16.5730, 26.8990)/21] => [[5,26,35,114,328,390,515,545,567,571,614,635,693,709,732,774,860,896,964,969],[202,203,204,205,206,207,208,209,210,211,212,213,214,215,216,217,218,219,220,221,222,223,224,225,226,227,228,229,230,231,232,233,234,235,236,237,238,239,240,241,242]]
[(18.8589, -23.3776, 26.8990)/23] => [[99,204,234,243,276,388,390,489,577,691,703,708,712,753,858,896,904,924,1012,1014],[222,223,224,225,226,227,228,229,230,231,232,233,234,235,236,237,238,239,240,241,242,243,244,245,246,247,248,249,250,251,252,253,254,255,256,257,258,259,260,261,262]]
[(18.8589, 57.9315, 26.8990)/20] => [[5,17,98,117,156,209,304,328,567,574,593,614,709,728,780,836,969,987,1003],[192,193,194,195,196,197,198,199,200,201,202,203,204,205,206,207,208,209,210,211,212,213,214,215,216,217,218,219,220,221,222,223,224,225,226,227,228,229,230,231,232]]
[(52.3371, 43.2247, 26.8990)/21] => [[5,49,114,156,209,240,304,326,328,567,606,614,635,693,709,732,774,896,969],[202,203,204,205,206,207,208,209,210,211,212,213,214,215,216,217,218,219,220,221,222,223,224,225,226,227,228,229,230,231,232,233,234,235,236,237,238,239,240,241,242]]
[(-12.1562, 41.2640, 26.8990)/22] => [[17,98,117,156,276,304,328,388,574,593,662,678,728,780,836,899,924,936,987,1003],[212,213,214,215,216,217,218,219,220,221,222,223,224,225,226,227,228,229,230,231,232,233,234,235,236,237,238,239,240,241,242,243,244,245,246,247,248,249,250,251,252]]
[(-11.4488, -7.5550, 26.8990)/22] => [[17,69,96,117,204,234,243,276,304,388,396,489,574,577,662,678,696,712,904,924],[212,213,214,215,216,217,218,219,220,221,222,223,224,225,226,227,228,229,230,231,232,233,234,235,236,237,238,239,240,241,242,243,244,245,246,247,248,249,250,251,252]]
[(51.4987, -9.4116, 26.8990)/21] => [[5,97,204,304,328,390,406,421,515,587,635,693,732,740,774,885,896,913,950,964],[202,203,204,205,206,207,208,209,210,211,212,213,214,215,216,217,218,219,220,221,222,223,224,225,226,227,228,229,230,231,232,233,234,235,236,237,238,239,240,241,242]]
[(-11.6226, -7.6935, 48.0834)/22] => [[17,24,69,96,234,243,276,304,388,471,489,533,574,577,662,712,735,888,904,924],[212,213,214,215,216,217,218,219,220,221,222,223,224,225,226,227,228,229,230,231,232,233,234,235,236,237,238,239,240,241,242,243,244,245,246,247,248,249,250,251,252]]
[(-12.2841, 41.3658, 48.5432)/23] => [[17,87,98,156,236,276,300,304,388,472,572,574,662,674,715,735,780,924,936,987],[222,223,224,225,226,227,228,229,230,231,232,233,234,235,236,237,238,239,240,241,242,243,244,245,246,247,248,249,250,251,252,253,254,255,256,257,258,259,260,261,262]]
[(51.6673, -9.5459, 49.7006)/20] => [[5,172,212,263,304,374,390,406,421,515,533,649,693,732,774,784,885,896,913,964],[192,193,194,195,196,197,198,199,200,201,202,203,204,205,206,207,208,209,210,211,212,213,214,215,216,217,218,219,220,221,222,223,224,225,226,227,228,229,230,231,232]]
[(52.6488, 43.4731, 50.3827)/20] => [[5,49,209,304,326,354,394,528,567,572,574,606,614,693,709,732,773,835,896,909],[192,193,194,195,196,197,198,199,200,201,202,203,204,205,206,207,208,209,210,211,212,213,214,215,216,217,218,219,220,221,222,223,224,225,226,227,228,229,230,231,232]]
[(-20.1589, 16.5730, 54.0161)/25] => [[17,24,63,69,96,145,234,250,276,382,471,577,615,662,712,735,882,888,904,924],[242,243,244,245,246,247,248,249,250,251,252,253,254,255,256,257,258,259,260,261,262,263,264,265,266,267,268,269,270,271,272,273,274,275,276,277,278,279,280,281,282]]
[(61.6897, 16.5730, 56.6661)/22] => [[5,172,354,374,390,469,515,567,571,574,614,649,693,709,725,732,773,860,896,964],[212,213,214,215,216,217,218,219,220,221,222,223,224,225,226,227,228,229,230,231,232,233,234,235,236,237,238,239,240,241,242,243,244,245,246,247,248,249,250,251,252]]
[(18.8589, -23.4932, 61.8766)/23] => [[131,172,234,250,350,390,397,454,467,533,535,577,691,703,766,832,896,904,924,1014],[222,223,224,225,226,227,228,229,230,231,232,233,234,235,236,237,238,239,240,241,242,243,244,245,246,247,248,249,250,251,252,253,254,255,256,257,258,259,260,261,262]]
[(18.8589, 58.1513, 63.1967)/25] => [[5,87,98,163,209,304,394,472,551,567,572,574,614,674,709,735,746,780,936,987],[242,243,244,245,246,247,248,249,250,251,252,253,254,255,256,257,258,259,260,261,262,263,264,265,266,267,268,269,270,271,272,273,274,275,276,277,278,279,280,281,282]]
[(-38.0917, 16.5730, 66.4793)/20] => [[24,63,69,131,145,234,250,382,471,540,603,615,662,735,766,832,882,888,904,924],[192,193,194,195,196,197,198,199,200,201,202,203,204,205,206,207,208,209,210,211,212,213,214,215,216,217,218,219,220,221,222,223,224,225,226,227,228,229,230,231,232]]
