[(15.8422, 11.5204, 1.2151)/23] => [[17,71,74,117,204,231,234,276,339,388,489,542,567,575,703,709,712,924,969,987],[222,223,224,225,226,227,228,229,230,231,232,233,234,235,236,237,238,239,240,241,242,243,244,245,246,247,248,249,250,251,252,253,254,255,256,257,258,259,260,261,262]]
[(48.8205, 58.2348, 1.4527)/16] => [[5,17,114,117,129,156,209,240,328,567,575,579,614,635,709,774,835,969,987],[151,152,153,154,155,156,157,158,159,160,161,162,163,164,165,166,167,168,169,170,171,172,173,174,175,176,177,178,179,180,181,182,183,184,185,186,187,188,189,190,191]]
[(15.8422, -34.7977, 1.5198)/15] => [[71,74,88,99,141,204,225,243,254,339,489,582,695,708,712,722,753,858,950,1012],[141,142,143,144,145,146,147,148,149,150,151,152,153,154,155,156,157,158,159,160,161,162,163,164,165,166,167,168,169,170,171,172,173,174,175,176,177,178,179,180,181]]
[(-16.6298, -34.4769, 1.5742)/13] => [[69,71,74,96,99,141,204,225,243,254,339,396,489,582,696,712,722,858,950,1012],[121,122,123,124,125,126,127,128,129,130,131,132,133,134,135,136,137,138,139,140,141,142,143,144,145,146,147,148,149,150,151,152,153,154,155,156,157,158,159,160,161]]
[(15.8422, 56.7951, 1.6967)/19] => [[17,98,117,129,156,209,231,328,558,567,574,575,593,614,709,728,969,987,1022],[182,183,184,185,186,187,188,189,190,191,192,193,194,195,196,197,198,199,200,201,202,203,204,205,206,207,208,209,210,211,212,213,214,215,216,217,218,219,220,221,222]]
[(47.6109, -33.4805, 1.7431)/15] => [[88,97,204,225,254,339,373,396,466,542,695,708,722,753,805,858,930,950,964,988],[141,142,143,144,145,146,147,148,149,150,151,152,153,154,155,156,157,158,159,160,161,162,163,164,165,166,167,168,169,170,171,172,173,174,175,176,177,178,179,180,181]]
[(47.1231, 11.5204, 1.8603)/17] => [[5,17,114,117,204,276,328,339,396,542,567,575,635,709,732,774,964,969,987],[161,162,163,164,165,166,167,168,169,170,171,172,173,174,175,176,177,178,179,180,181,182,183,184,185,186,187,188,189,190,191,192,193,194,195,196,197,198,199,200,201]]
[(-13.8227, 11.5204, 2.2484)/15] => [[17,69,71,74,96,117,204,231,276,339,388,489,542,575,678,696,703,712,924,987],[141,142,143,144,145,146,147,148,149,150,151,152,153,154,155,156,157,158,159,160,161,162,163,164,165,166,167,168,169,170,171,172,173,174,175,176,177,178,179,180,181]]
[(-10.8725, 49.3622, 2.9569)/19] => [[17,98,117,156,231,276,328,388,509,574,575,593,678,703,709,728,836,924,987,1003],[182,183,184,185,186,187,188,189,190,191,192,193,194,195,196,197,198,199,200,201,202,203,204,205,206,207,208,209,210,211,212,213,214,215,216,217,218,219,220,221,222]]
[(-19.3092, -38.2721, 9.3723)/15] => [[69,71,74,96,99,141,204,225,243,254,339,396,489,582,696,712,722,858,950,1012],[141,142,143,144,145,146,147,148,149,150,151,152,153,154,155,156,157,158,159,160,161,162,163,164,165,166,167,168,169,170,171,172,173,174,175,176,177,178,179,180,181]]
[(52.1476, -39.9067, 9.3723)/15] => [[88,97,159,204,225,339,373,396,466,542,695,708,722,753,805,858,884,930,964,988],[141,142,143,144,145,146,147,148,149,150,151,152,153,154,155,156,157,158,159,160,161,162,163,164,165,166,167,168,169,170,171,172,173,174,175,176,177,178,179,180,181]]
[(15.8422, -41.2838, 9.3723)/14] => [[71,88,99,141,204,225,243,254,321,339,542,582,695,708,722,753,858,950,1012],[131,132,133,134,135,136,137,138,139,140,141,142,143,144,145,146,147,148,149,150,151,152,153,154,155,156,157,158,159,160,161,162,163,164,165,166,167,168,169,170,171]]
[(-20.6002, 11.5204, 9.3723)/15] => [[17,69,71,74,96,117,155,231,234,276,388,489,574,678,696,703,709,712,924,946],[141,142,143,144,145,146,147,148,149,150,151,152,153,154,155,156,157,158,159,160,161,162,163,164,165,166,167,168,169,170,171,172,173,174,175,176,177,178,179,180,181]]
[(52.1726, 11.5204, 9.3723)/15] => [[5,114,204,328,339,396,542,567,571,575,614,635,693,709,732,774,964,969,987],[141,142,143,144,145,146,147,148,149,150,151,152,153,154,155,156,157,158,159,160,161,162,163,164,165,166,167,168,169,170,171,172,173,174,175,176,177,178,179,180,181]]
[(15.8422, 68.9110, 9.3724)/18] => [[17,98,129,156,209,231,328,558,567,574,575,593,608,614,709,728,906,969,1022],[171,172,173,174,175,176,177,178,179,180,181,182,183,184,185,186,187,188,189,190,191,192,193,194,195,196,197,198,199,200,201,202,203,204,205,206,207,208,209,210,211]]
[(50.4476, 60.5396, 9.3724)/15] => [[114,129,156,209,240,328,567,575,579,614,709,774,794,835,906,969],[141,142,143,144,145,146,147,148,149,150,151,152,153,154,155,156,157,158,159,160,161,162,163,164,165,166,167,168,169,170,171,172,173,174,175,176,177,178,179,180,181]]
[(-18.0709, 59.5585, 9.3724)/16] => [[17,98,117,141,156,231,328,509,550,558,574,575,593,678,709,728,836,987,1003,1022],[151,152,153,154,155,156,157,158,159,160,161,162,163,164,165,166,167,168,169,170,171,172,173,174,175,176,177,178,179,180,181,182,183,184,185,186,187,188,189,190,191]]
[(44.0970, 51.5438, 16.1577)/18] => [[5,17,114,117,156,209,240,304,326,328,567,575,579,614,635,709,774,780,835,969],[171,172,173,174,175,176,177,178,179,180,181,182,183,184,185,186,187,188,189,190,191,192,193,194,195,196,197,198,199,200,201,202,203,204,205,206,207,208,209,210,211]]
[(-12.4273, -28.5236, 16.1612)/18] => [[69,71,96,99,204,234,243,276,339,388,396,489,577,688,696,712,858,924,1012,1014],[171,172,173,174,175,176,177,178,179,180,181,182,183,184,185,186,187,188,189,190,191,192,193,194,195,196,197,198,199,200,201,202,203,204,205,206,207,208,209,210,211]]
[(45.1048, -29.9305, 16.3997)/18] => [[88,89,204,276,339,373,396,406,421,466,577,708,732,753,805,858,930,964,988,1014],[171,172,173,174,175,176,177,178,179,180,181,182,183,184,185,186,187,188,189,190,191,192,193,194,195,196,197,198,199,200,201,202,203,204,205,206,207,208,209,210,211]]
[(15.8422, 54.4483, 16.6502)/20] => [[5,17,98,117,156,209,304,328,567,574,575,593,614,709,728,780,969,1003,1022],[192,193,194,195,196,197,198,199,200,201,202,203,204,205,206,207,208,209,210,211,212,213,214,215,216,217,218,219,220,221,222,223,224,225,226,227,228,229,230,231,232]]
[(15.8422, -33.3714, 16.9830)/17] => [[71,88,99,141,204,225,243,254,339,387,489,577,582,695,708,712,722,753,858,1012],[161,162,163,164,165,166,167,168,169,170,171,172,173,174,175,176,177,178,179,180,181,182,183,184,185,186,187,188,189,190,191,192,193,194,195,196,197,198,199,200,201]]
[(47.8772, 11.5204, 17.0655)/17] => [[5,17,114,117,204,276,304,328,339,396,567,575,577,635,709,732,774,964,969],[161,162,163,164,165,166,167,168,169,170,171,172,173,174,175,176,177,178,179,180,181,182,183,184,185,186,187,188,189,190,191,192,193,194,195,196,197,198,199,200,201]]
[(-17.0808, 11.5204, 17.2787)/15] => [[17,69,71,96,117,204,234,276,304,339,388,489,574,575,577,662,678,696,712,924],[141,142,143,144,145,146,147,148,149,150,151,152,153,154,155,156,157,158,159,160,161,162,163,164,165,166,167,168,169,170,171,172,173,174,175,176,177,178,179,180,181]]
[(-17.7825, 59.1503, 17.4472)/16] => [[17,98,117,141,156,304,328,509,574,575,593,662,678,709,728,780,836,1003,1022],[151,152,153,154,155,156,157,158,159,160,161,162,163,164,165,166,167,168,169,170,171,172,173,174,175,176,177,178,179,180,181,182,183,184,185,186,187,188,189,190,191]]
[(15.8422, 11.5204, 17.6832)/12] => [[5,17,71,117,204,234,276,304,339,388,489,567,574,575,577,709,712,924,969],[111,112,113,114,115,116,117,118,119,120,121,122,123,124,125,126,127,128,129,130,131,132,133,134,135,136,137,138,139,140,141,142,143,144,145,146,147,148,149,150,151]]
