[(10.0059, 1.2469, -0.6725)/25] => [[17,71,74,88,117,204,234,243,276,339,388,489,542,574,703,709,712,776,924,987],[242,243,244,245,246,247,248,249,250,251,252,253,254,255,256,257,258,259,260,261,262,263,264,265,266,267,268,269,270,271,272,273,274,275,276,277,278,279,280,281,282]]
[(10.0059, -86.8476, -0.1667)/21] => [[14,141,225,254,287,305,321,452,478,582,646,664,667,685,695,708,722,858,950],[202,203,204,205,206,207,208,209,210,211,212,213,214,215,216,217,218,219,220,221,222,223,224,225,226,227,228,229,230,231,232,233,234,235,236,237,238,239,240,241,242]]
[(97.0986, 1.2469, -0.0968)/20] => [[26,28,35,97,231,396,409,466,545,608,635,688,693,732,770,817,881,905,913,964],[192,193,194,195,196,197,198,199,200,201,202,203,204,205,206,207,208,209,210,211,212,213,214,215,216,217,218,219,220,221,222,223,224,225,226,227,228,229,230,231,232]]
[(10.0059, 86.0883, 0.1663)/22] => [[98,129,156,209,307,328,338,402,509,550,558,593,608,614,662,728,906,991,1003,1022],[212,213,214,215,216,217,218,219,220,221,222,223,224,225,226,227,228,229,230,231,232,233,234,235,236,237,238,239,240,241,242,243,244,245,246,247,248,249,250,251,252]]
[(-74.2127, 1.2469, 0.1985)/20] => [[114,157,273,311,341,361,396,430,433,493,551,577,603,696,701,706,751,773,1015],[192,193,194,195,196,197,198,199,200,201,202,203,204,205,206,207,208,209,210,211,212,213,214,215,216,217,218,219,220,221,222,223,224,225,226,227,228,229,230,231,232]]
[(74.1517, -63.1337, 2.2604)/19] => [[14,349,373,409,426,489,503,695,743,753,774,775,805,842,872,910,930,950,958,988],[182,183,184,185,186,187,188,189,190,191,192,193,194,195,196,197,198,199,200,201,202,203,204,205,206,207,208,209,210,211,212,213,214,215,216,217,218,219,220,221,222]]
[(-52.3564, -61.3435, 2.4436)/20] => [[1,141,300,311,333,378,396,493,582,620,639,651,669,710,734,803,808,924,1012],[192,193,194,195,196,197,198,199,200,201,202,203,204,205,206,207,208,209,210,211,212,213,214,215,216,217,218,219,220,221,222,223,224,225,226,227,228,229,230,231,232]]
[(72.3609, 63.8301, 2.4444)/19] => [[9,114,134,209,238,240,253,567,571,579,614,686,709,756,774,794,835,860,906,969],[182,183,184,185,186,187,188,189,190,191,192,193,194,195,196,197,198,199,200,201,202,203,204,205,206,207,208,209,210,211,212,213,214,215,216,217,218,219,220,221,222]]
[(-51.2517, 62.7287, 2.5571)/22] => [[141,155,226,289,291,298,327,330,345,351,407,520,531,551,603,637,662,852,946,958],[212,213,214,215,216,217,218,219,220,221,222,223,224,225,226,227,228,229,230,231,232,233,234,235,236,237,238,239,240,241,242,243,244,245,246,247,248,249,250,251,252]]
[(-55.6054, -64.6044, 8.8495)/18] => [[1,141,300,311,333,378,396,493,582,620,639,651,669,710,734,803,808,924,1012],[171,172,173,174,175,176,177,178,179,180,181,182,183,184,185,186,187,188,189,190,191,192,193,194,195,196,197,198,199,200,201,202,203,204,205,206,207,208,209,210,211]]
[(10.0059, -94.2770, 8.8495)/20] => [[14,21,141,225,254,287,300,305,321,452,478,540,582,646,664,667,685,695,722,950],[192,193,194,195,196,197,198,199,200,201,202,203,204,205,206,207,208,209,210,211,212,213,214,215,216,217,218,219,220,221,222,223,224,225,226,227,228,229,230,231,232]]
[(77.5653, -66.5598, 8.8496)/19] => [[14,349,373,409,426,489,503,695,743,753,774,775,805,842,872,910,930,950,958,988],[182,183,184,185,186,187,188,189,190,191,192,193,194,195,196,197,198,199,200,201,202,203,204,205,206,207,208,209,210,211,212,213,214,215,216,217,218,219,220,221,222]]
[(-81.1472, 1.2469, 8.8496)/11] => [[114,157,273,302,311,314,341,361,430,433,493,551,577,603,701,706,751,773,1015],[101,102,103,104,105,106,107,108,109,110,111,112,113,114,115,116,117,118,119,120,121,122,123,124,125,126,127,128,129,130,131,132,133,134,135,136,137,138,139,140,141]]
[(104.5691, 1.2469, 8.8496)/17] => [[26,28,35,39,115,125,231,322,396,409,545,608,688,693,770,817,881,891,954,964],[161,162,163,164,165,166,167,168,169,170,171,172,173,174,175,176,177,178,179,180,181,182,183,184,185,186,187,188,189,190,191,192,193,194,195,196,197,198,199,200,201]]
[(-54.2071, 65.6949, 8.8496)/22] => [[141,155,226,289,291,298,327,330,345,351,407,520,531,551,603,637,662,852,946,958],[212,213,214,215,216,217,218,219,220,221,222,223,224,225,226,227,228,229,230,231,232,233,234,235,236,237,238,239,240,241,242,243,244,245,246,247,248,249,250,251,252]]
[(10.0059, 92.8840, 8.8496)/23] => [[129,156,209,307,329,338,402,497,509,550,558,593,608,614,662,906,936,991,1003,1022],[222,223,224,225,226,227,228,229,230,231,232,233,234,235,236,237,238,239,240,241,242,243,244,245,246,247,248,249,250,251,252,253,254,255,256,257,258,259,260,261,262]]
[(75.6687, 67.1501, 8.8496)/18] => [[9,114,134,209,238,240,253,567,571,579,614,686,709,756,774,794,835,860,906,969],[171,172,173,174,175,176,177,178,179,180,181,182,183,184,185,186,187,188,189,190,191,192,193,194,195,196,197,198,199,200,201,202,203,204,205,206,207,208,209,210,211]]
[(-68.0850, 79.6235, 16.8712)/23] => [[141,155,226,243,256,320,327,336,407,520,637,727,752,765,767,852,901,946,958,981],[222,223,224,225,226,227,228,229,230,231,232,233,234,235,236,237,238,239,240,241,242,243,244,245,246,247,248,249,250,251,252,253,254,255,256,257,258,259,260,261,262]]
[(-68.8430, -77.8906, 16.9490)/23] => [[1,44,118,354,378,493,612,620,639,651,664,669,694,710,734,789,803,808,924],[222,223,224,225,226,227,228,229,230,231,232,233,234,235,236,237,238,239,240,241,242,243,244,245,246,247,248,249,250,251,252,253,254,255,256,257,258,259,260,261,262]]
[(89.4786, 81.0105, 17.0132)/23] => [[39,134,174,209,238,240,253,326,421,450,475,567,579,756,766,794,810,835,969,997],[222,223,224,225,226,227,228,229,230,231,232,233,234,235,236,237,238,239,240,241,242,243,244,245,246,247,248,249,250,251,252,253,254,255,256,257,258,259,260,261,262]]
[(102.7869, -91.8736, 18.3802)/16] => [[43,135,146,239,317,389,394,424,489,501,595,727,754,775,797,815,939,963,971,975],[151,152,153,154,155,156,157,158,159,160,161,162,163,164,165,166,167,168,169,170,171,172,173,174,175,176,177,178,179,180,181,182,183,184,185,186,187,188,189,190,191]]
[(10.0059, 128.4977, 21.8733)/17] => [[3,40,148,307,311,329,402,406,466,497,549,608,693,749,760,941,951,958,991],[161,162,163,164,165,166,167,168,169,170,171,172,173,174,175,176,177,178,179,180,181,182,183,184,185,186,187,188,189,190,191,192,193,194,195,196,197,198,199,200,201]]
[(-118.1412, 1.2469, 22.0131)/15] => [[193,267,302,341,361,391,395,430,457,493,513,530,551,701,706,739,751,804,941,1015],[141,142,143,144,145,146,147,148,149,150,151,152,153,154,155,156,157,158,159,160,161,162,163,164,165,166,167,168,169,170,171,172,173,174,175,176,177,178,179,180,181]]
[(139.6617, 1.2469, 22.1680)/15] => [[11,28,39,115,125,146,184,221,329,383,641,688,770,830,843,881,890,891,982,991],[141,142,143,144,145,146,147,148,149,150,151,152,153,154,155,156,157,158,159,160,161,162,163,164,165,166,167,168,169,170,171,172,173,174,175,176,177,178,179,180,181]]
