[(102.1228, -29.0925, -6.6386)/13] => [[26,35,115,172,231,349,396,409,503,545,688,770,817,881,890,891,954,955,964,979],[121,122,123,124,125,126,127,128,129,130,131,132,133,134,135,136,137,138,139,140,141,142,143,144,145,146,147,148,149,150,151,152,153,154,155,156,157,158,159,160,161]]
[(-8.4450, -29.0925, -0.0647)/19] => [[69,71,74,88,96,99,204,243,276,339,388,489,542,703,708,712,858,924,950,1012],[182,183,184,185,186,187,188,189,190,191,192,193,194,195,196,197,198,199,200,201,202,203,204,205,206,207,208,209,210,211,212,213,214,215,216,217,218,219,220,221,222]]
[(-52.4472, -29.0925, 0.3684)/16] => [[69,96,114,232,273,311,341,396,411,433,493,577,639,651,696,703,706,751,924,1012],[151,152,153,154,155,156,157,158,159,160,161,162,163,164,165,166,167,168,169,170,171,172,173,174,175,176,177,178,179,180,181,182,183,184,185,186,187,188,189,190,191]]
[(-8.4450, -33.2618, 0.4246)/17] => [[69,71,74,88,96,99,141,204,225,243,254,339,489,582,708,712,722,858,950,1012],[161,162,163,164,165,166,167,168,169,170,171,172,173,174,175,176,177,178,179,180,181,182,183,184,185,186,187,188,189,190,191,192,193,194,195,196,197,198,199,200,201]]
[(-48.4288, -32.9275, 0.7915)/20] => [[37,69,74,96,141,246,311,396,433,489,493,582,639,651,688,696,751,808,924,1012],[192,193,194,195,196,197,198,199,200,201,202,203,204,205,206,207,208,209,210,211,212,213,214,215,216,217,218,219,220,221,222,223,224,225,226,227,228,229,230,231,232]]
[(-48.3619, -25.2640, 0.7985)/19] => [[37,69,74,96,273,311,388,396,433,489,493,639,651,688,696,703,751,924,1012],[182,183,184,185,186,187,188,189,190,191,192,193,194,195,196,197,198,199,200,201,202,203,204,205,206,207,208,209,210,211,212,213,214,215,216,217,218,219,220,221,222]]
[(-8.4450, -25.4091, 0.9577)/20] => [[69,71,74,88,96,99,204,243,276,339,388,489,542,703,708,712,858,924,950,1012],[192,193,194,195,196,197,198,199,200,201,202,203,204,205,206,207,208,209,210,211,212,213,214,215,216,217,218,219,220,221,222,223,224,225,226,227,228,229,230,231,232]]
[(13.4367, -26.9938, 2.6969)/15] => [[71,74,88,99,204,234,243,276,339,388,489,542,703,708,712,753,858,924,950,1012],[141,142,143,144,145,146,147,148,149,150,151,152,153,154,155,156,157,158,159,160,161,162,163,164,165,166,167,168,169,170,171,172,173,174,175,176,177,178,179,180,181]]
[(12.9696, -31.1465, 2.7461)/15] => [[71,74,88,99,141,204,225,243,254,339,489,582,695,708,712,722,753,858,950,1012],[141,142,143,144,145,146,147,148,149,150,151,152,153,154,155,156,157,158,159,160,161,162,163,164,165,166,167,168,169,170,171,172,173,174,175,176,177,178,179,180,181]]
[(27.6413, -29.0928, 5.0001)/11] => [[71,74,88,99,204,234,243,276,339,388,489,542,708,712,753,776,858,924,930,950],[101,102,103,104,105,106,107,108,109,110,111,112,113,114,115,116,117,118,119,120,121,122,123,124,125,126,127,128,129,130,131,132,133,134,135,136,137,138,139,140,141]]
[(30.0824, -29.0927, 5.0001)/15] => [[71,88,99,204,234,243,276,339,466,542,708,712,732,753,776,805,858,930,950,988],[141,142,143,144,145,146,147,148,149,150,151,152,153,154,155,156,157,158,159,160,161,162,163,164,165,166,167,168,169,170,171,172,173,174,175,176,177,178,179,180,181]]
[(32.1562, -29.0927, 5.0002)/13] => [[71,88,99,204,234,243,276,339,466,542,708,712,732,753,776,805,858,930,950,988],[121,122,123,124,125,126,127,128,129,130,131,132,133,134,135,136,137,138,139,140,141,142,143,144,145,146,147,148,149,150,151,152,153,154,155,156,157,158,159,160,161]]
[(32.1748, -29.0926, 5.0002)/11] => [[71,88,99,204,234,243,276,339,466,542,708,712,732,753,776,805,858,930,950,988],[101,102,103,104,105,106,107,108,109,110,111,112,113,114,115,116,117,118,119,120,121,122,123,124,125,126,127,128,129,130,131,132,133,134,135,136,137,138,139,140,141]]
[(14.8442, -26.8589, 5.0003)/20] => [[71,74,88,99,204,234,243,276,339,388,489,542,703,708,712,753,858,924,950,1012],[192,193,194,195,196,197,198,199,200,201,202,203,204,205,206,207,208,209,210,211,212,213,214,215,216,217,218,219,220,221,222,223,224,225,226,227,228,229,230,231,232]]
[(32.3490, -29.0926, 5.0003)/19] => [[71,88,99,204,234,243,276,339,466,542,708,712,732,753,776,805,858,930,950,988],[182,183,184,185,186,187,188,189,190,191,192,193,194,195,196,197,198,199,200,201,202,203,204,205,206,207,208,209,210,211,212,213,214,215,216,217,218,219,220,221,222]]
[(-84.3419, -21.8131, 5.0003)/11] => [[273,301,302,311,314,341,361,430,433,453,493,577,603,639,651,701,706,751,924,1015],[101,102,103,104,105,106,107,108,109,110,111,112,113,114,115,116,117,118,119,120,121,122,123,124,125,126,127,128,129,130,131,132,133,134,135,136,137,138,139,140,141]]
[(-8.4450, -22.8013, 5.0003)/16] => [[69,71,74,88,96,99,204,243,276,339,388,489,542,703,708,712,858,924,950,1012],[151,152,153,154,155,156,157,158,159,160,161,162,163,164,165,166,167,168,169,170,171,172,173,174,175,176,177,178,179,180,181,182,183,184,185,186,187,188,189,190,191]]
[(16.9535, -26.6565, 5.0003)/20] => [[71,74,88,99,204,234,243,276,339,388,489,542,703,708,712,753,858,924,950,1012],[192,193,194,195,196,197,198,199,200,201,202,203,204,205,206,207,208,209,210,211,212,213,214,215,216,217,218,219,220,221,222,223,224,225,226,227,228,229,230,231,232]]
[(-87.3174, -29.0925, 5.0003)/12] => [[273,301,302,311,314,341,361,430,433,453,493,577,603,639,651,701,706,751,924,1015],[111,112,113,114,115,116,117,118,119,120,121,122,123,124,125,126,127,128,129,130,131,132,133,134,135,136,137,138,139,140,141,142,143,144,145,146,147,148,149,150,151]]
[(32.7446, -29.0925, 5.0003)/20] => [[71,88,99,204,234,243,276,339,466,542,708,712,732,753,776,805,858,930,950,988],[192,193,194,195,196,197,198,199,200,201,202,203,204,205,206,207,208,209,210,211,212,213,214,215,216,217,218,219,220,221,222,223,224,225,226,227,228,229,230,231,232]]
[(52.6001, -34.9476, 5.0003)/17] => [[88,97,159,204,225,339,373,396,466,542,695,708,722,753,805,858,884,930,964,988],[161,162,163,164,165,166,167,168,169,170,171,172,173,174,175,176,177,178,179,180,181,182,183,184,185,186,187,188,189,190,191,192,193,194,195,196,197,198,199,200,201]]
[(-82.0855, -36.1556, 5.0003)/16] => [[114,301,302,311,314,330,333,361,430,433,453,493,603,639,651,701,734,751,808,924],[151,152,153,154,155,156,157,158,159,160,161,162,163,164,165,166,167,168,169,170,171,172,173,174,175,176,177,178,179,180,181,182,183,184,185,186,187,188,189,190,191]]
[(-8.4450, -37.2136, 5.0003)/12] => [[69,71,74,88,96,99,141,204,225,243,254,339,489,582,708,712,722,858,950,1012],[111,112,113,114,115,116,117,118,119,120,121,122,123,124,125,126,127,128,129,130,131,132,133,134,135,136,137,138,139,140,141,142,143,144,145,146,147,148,149,150,151]]
[(12.7968, -27.0552, 7.2363)/15] => [[71,74,88,99,204,234,243,276,339,388,489,542,703,708,712,753,858,924,950,1012],[141,142,143,144,145,146,147,148,149,150,151,152,153,154,155,156,157,158,159,160,161,162,163,164,165,166,167,168,169,170,171,172,173,174,175,176,177,178,179,180,181]]
[(12.8598, -29.0925, 7.2430)/15] => [[71,74,88,99,204,234,243,276,339,388,489,542,703,708,712,753,858,924,950,1012],[141,142,143,144,145,146,147,148,149,150,151,152,153,154,155,156,157,158,159,160,161,162,163,164,165,166,167,168,169,170,171,172,173,174,175,176,177,178,179,180,181]]
[(13.2797, -31.1762, 7.2871)/12] => [[71,74,88,99,141,204,225,243,254,339,489,582,695,708,712,722,753,858,950,1012],[111,112,113,114,115,116,117,118,119,120,121,122,123,124,125,126,127,128,129,130,131,132,133,134,135,136,137,138,139,140,141,142,143,144,145,146,147,148,149,150,151]]
[(-8.4450, -24.7928, 9.7193)/18] => [[69,71,74,88,96,99,204,243,276,339,388,489,542,703,708,712,858,924,950,1012],[171,172,173,174,175,176,177,178,179,180,181,182,183,184,185,186,187,188,189,190,191,192,193,194,195,196,197,198,199,200,201,202,203,204,205,206,207,208,209,210,211]]
[(-8.4450, -34.6439, 11.0930)/19] => [[69,71,88,96,99,141,204,225,243,254,339,387,489,577,582,708,712,722,858,1012],[182,183,184,185,186,187,188,189,190,191,192,193,194,195,196,197,198,199,200,201,202,203,204,205,206,207,208,209,210,211,212,213,214,215,216,217,218,219,220,221,222]]
[(-8.4450, -29.0925, 11.6961)/18] => [[69,71,88,96,99,204,234,243,276,339,388,489,577,688,708,712,858,924,1012,1014],[171,172,173,174,175,176,177,178,179,180,181,182,183,184,185,186,187,188,189,190,191,192,193,194,195,196,197,198,199,200,201,202,203,204,205,206,207,208,209,210,211]]
[(-78.8306, -35.8435, 12.4094)/16] => [[63,114,118,232,246,311,361,396,411,430,433,493,603,639,651,696,701,734,751,808],[151,152,153,154,155,156,157,158,159,160,161,162,163,164,165,166,167,168,169,170,171,172,173,174,175,176,177,178,179,180,181,182,183,184,185,186,187,188,189,190,191]]
[(-81.0523, -22.1286, 12.6433)/15] => [[63,114,273,302,311,314,341,361,430,433,453,493,577,603,639,651,701,706,751,1015],[141,142,143,144,145,146,147,148,149,150,151,152,153,154,155,156,157,158,159,160,161,162,163,164,165,166,167,168,169,170,171,172,173,174,175,176,177,178,179,180,181]]
[(-85.4986, -29.0925, 13.1113)/13] => [[63,114,273,302,311,314,341,361,430,433,453,493,577,603,639,651,701,706,751,1015],[121,122,123,124,125,126,127,128,129,130,131,132,133,134,135,136,137,138,139,140,141,142,143,144,145,146,147,148,149,150,151,152,153,154,155,156,157,158,159,160,161]]
