[(46.5813, -78.6056, 4.0296)/17] => [[14,43,225,254,287,321,394,489,646,664,695,708,722,753,805,858,910,930,950],[161,162,163,164,165,166,167,168,169,170,171,172,173,174,175,176,177,178,179,180,181,182,183,184,185,186,187,188,189,190,191,192,193,194,195,196,197,198,199,200,201]]
[(119.5349, -48.8546, 5.3252)/20] => [[26,146,172,184,231,317,349,409,426,499,503,754,774,775,817,881,891,954,955,979],[192,193,194,195,196,197,198,199,200,201,202,203,204,205,206,207,208,209,210,211,212,213,214,215,216,217,218,219,220,221,222,223,224,225,226,227,228,229,230,231,232]]
[(87.6699, -78.6056, 8.7600)/18] => [[43,76,159,349,373,394,426,489,503,774,775,805,865,872,910,930,958,963,971,988],[171,172,173,174,175,176,177,178,179,180,181,182,183,184,185,186,187,188,189,190,191,192,193,194,195,196,197,198,199,200,201,202,203,204,205,206,207,208,209,210,211]]
[(20.4299, -89.2704, 10.3701)/15] => [[14,225,254,287,321,387,478,646,664,667,685,695,708,722,805,858,907,920,930,950],[141,142,143,144,145,146,147,148,149,150,151,152,153,154,155,156,157,158,159,160,161,162,163,164,165,166,167,168,169,170,171,172,173,174,175,176,177,178,179,180,181]]
[(21.6896, -78.6056, 10.5059)/18] => [[14,99,225,254,287,321,387,478,646,664,685,695,708,722,753,858,907,920,930,950],[171,172,173,174,175,176,177,178,179,180,181,182,183,184,185,186,187,188,189,190,191,192,193,194,195,196,197,198,199,200,201,202,203,204,205,206,207,208,209,210,211]]
[(46.5813, -68.9663, 10.6411)/18] => [[14,88,89,225,254,287,321,387,489,524,664,695,708,722,753,858,907,920,930,950],[171,172,173,174,175,176,177,178,179,180,181,182,183,184,185,186,187,188,189,190,191,192,193,194,195,196,197,198,199,200,201,202,203,204,205,206,207,208,209,210,211]]
[(46.5813, -87.5677, 10.8201)/17] => [[14,225,254,287,321,387,394,489,524,646,664,667,695,708,722,858,907,920,930,950],[161,162,163,164,165,166,167,168,169,170,171,172,173,174,175,176,177,178,179,180,181,182,183,184,185,186,187,188,189,190,191,192,193,194,195,196,197,198,199,200,201]]
[(33.6056, -73.3140, 11.7904)/17] => [[14,99,225,254,287,321,387,478,524,646,664,695,708,722,753,858,907,920,930,950],[161,162,163,164,165,166,167,168,169,170,171,172,173,174,175,176,177,178,179,180,181,182,183,184,185,186,187,188,189,190,191,192,193,194,195,196,197,198,199,200,201]]
[(59.5347, -83.8881, 11.7927)/20] => [[14,43,225,239,287,321,387,394,489,524,595,646,695,708,722,858,907,910,930,950],[192,193,194,195,196,197,198,199,200,201,202,203,204,205,206,207,208,209,210,211,212,213,214,215,216,217,218,219,220,221,222,223,224,225,226,227,228,229,230,231,232]]
[(59.4944, -83.8717, 11.7969)/20] => [[14,43,225,239,287,321,387,394,489,524,595,646,695,708,722,858,907,910,930,950],[192,193,194,195,196,197,198,199,200,201,202,203,204,205,206,207,208,209,210,211,212,213,214,215,216,217,218,219,220,221,222,223,224,225,226,227,228,229,230,231,232]]
[(84.1068, -78.6056, 13.1889)/20] => [[43,89,373,394,426,489,503,524,595,727,774,775,805,907,910,930,958,963,971,988],[192,193,194,195,196,197,198,199,200,201,202,203,204,205,206,207,208,209,210,211,212,213,214,215,216,217,218,219,220,221,222,223,224,225,226,227,228,229,230,231,232]]
[(12.3095, -92.5820, 13.1890)/13] => [[14,21,141,225,254,287,305,321,387,478,582,646,664,667,685,695,722,905,920,950],[121,122,123,124,125,126,127,128,129,130,131,132,133,134,135,136,137,138,139,140,141,142,143,144,145,146,147,148,149,150,151,152,153,154,155,156,157,158,159,160,161]]
[(18.7821, -78.6056, 13.1890)/19] => [[14,99,141,225,254,287,321,387,478,582,664,685,695,708,722,753,858,920,950,1012],[182,183,184,185,186,187,188,189,190,191,192,193,194,195,196,197,198,199,200,201,202,203,204,205,206,207,208,209,210,211,212,213,214,215,216,217,218,219,220,221,222]]
[(-80.1663, -130.2942, 13.1890)/25] => [[11,65,69,100,193,248,258,312,394,433,522,579,667,695,778,804,812,834,882,979],[242,243,244,245,246,247,248,249,250,251,252,253,254,255,256,257,258,259,260,261,262,263,264,265,266,267,268,269,270,271,272,273,274,275,276,277,278,279,280,281,282]]
[(33.8268, -73.4043, 13.1890)/17] => [[14,99,225,254,287,321,387,478,524,646,664,695,708,722,753,858,907,920,930,950],[161,162,163,164,165,166,167,168,169,170,171,172,173,174,175,176,177,178,179,180,181,182,183,184,185,186,187,188,189,190,191,192,193,194,195,196,197,198,199,200,201]]
[(-91.5939, -78.6056, 13.1890)/22] => [[1,118,207,215,371,378,411,453,493,548,639,651,664,694,729,734,803,924,981],[212,213,214,215,216,217,218,219,220,221,222,223,224,225,226,227,228,229,230,231,232,233,234,235,236,237,238,239,240,241,242,243,244,245,246,247,248,249,250,251,252]]
[(84.1091, -78.6056, 13.1890)/20] => [[43,89,373,394,426,489,503,524,595,727,774,775,805,907,910,930,958,963,971,988],[192,193,194,195,196,197,198,199,200,201,202,203,204,205,206,207,208,209,210,211,212,213,214,215,216,217,218,219,220,221,222,223,224,225,226,227,228,229,230,231,232]]
[(46.5813, -86.7923, 13.1890)/19] => [[14,225,254,287,321,387,394,489,524,646,664,667,695,708,722,858,907,920,930,950],[182,183,184,185,186,187,188,189,190,191,192,193,194,195,196,197,198,199,200,201,202,203,204,205,206,207,208,209,210,211,212,213,214,215,216,217,218,219,220,221,222]]
[(152.3977, -35.4529, 13.1890)/15] => [[31,94,107,115,184,231,317,329,336,440,478,499,556,590,641,732,753,830,954,990],[141,142,143,144,145,146,147,148,149,150,151,152,153,154,155,156,157,158,159,160,161,162,163,164,165,166,167,168,169,170,171,172,173,174,175,176,177,178,179,180,181]]
[(34.7368, -73.7754, 14.4658)/18] => [[14,99,225,254,287,321,387,478,524,646,664,695,708,722,753,858,907,920,930,950],[171,172,173,174,175,176,177,178,179,180,181,182,183,184,185,186,187,188,189,190,191,192,193,194,195,196,197,198,199,200,201,202,203,204,205,206,207,208,209,210,211]]
[(70.3422, -78.6057, 15.7501)/19] => [[14,43,89,394,489,503,524,595,695,753,774,775,805,907,910,930,950,963,971,988],[182,183,184,185,186,187,188,189,190,191,192,193,194,195,196,197,198,199,200,201,202,203,204,205,206,207,208,209,210,211,212,213,214,215,216,217,218,219,220,221,222]]
[(70.4075, -78.6057, 15.7573)/17] => [[14,43,89,394,489,503,524,595,695,753,774,775,805,907,910,930,950,963,971,988],[161,162,163,164,165,166,167,168,169,170,171,172,173,174,175,176,177,178,179,180,181,182,183,184,185,186,187,188,189,190,191,192,193,194,195,196,197,198,199,200,201]]
[(17.2083, -78.6056, 16.3552)/17] => [[14,99,141,225,254,287,321,387,478,582,664,685,695,708,722,753,858,920,950,1012],[161,162,163,164,165,166,167,168,169,170,171,172,173,174,175,176,177,178,179,180,181,182,183,184,185,186,187,188,189,190,191,192,193,194,195,196,197,198,199,200,201]]
[(3.2970, -96.2573, 17.8547)/17] => [[21,141,225,254,287,300,305,321,387,452,478,546,582,646,664,667,685,722,920,978],[161,162,163,164,165,166,167,168,169,170,171,172,173,174,175,176,177,178,179,180,181,182,183,184,185,186,187,188,189,190,191,192,193,194,195,196,197,198,199,200,201]]
[(91.9165, -60.1177, 18.0757)/21] => [[76,89,94,146,159,224,317,373,426,489,503,524,727,740,753,774,775,865,910,991],[202,203,204,205,206,207,208,209,210,211,212,213,214,215,216,217,218,219,220,221,222,223,224,225,226,227,228,229,230,231,232,233,234,235,236,237,238,239,240,241,242]]
[(92.0141, -60.0777, 18.0863)/18] => [[76,89,94,146,159,224,317,373,426,489,503,524,727,740,753,774,775,865,910,991],[171,172,173,174,175,176,177,178,179,180,181,182,183,184,185,186,187,188,189,190,191,192,193,194,195,196,197,198,199,200,201,202,203,204,205,206,207,208,209,210,211]]
[(-50.0146, -117.9981, 23.6013)/25] => [[1,58,216,234,298,305,433,612,620,661,695,710,778,799,803,882,907,924,978],[242,243,244,245,246,247,248,249,250,251,252,253,254,255,256,257,258,259,260,261,262,263,264,265,266,267,268,269,270,271,272,273,274,275,276,277,278,279,280,281,282]]
[(-57.7395, -78.6056, 24.4340)/22] => [[1,118,208,216,354,493,546,582,612,620,651,669,710,789,799,803,808,900,924,1012],[212,213,214,215,216,217,218,219,220,221,222,223,224,225,226,227,228,229,230,231,232,233,234,235,236,237,238,239,240,241,242,243,244,245,246,247,248,249,250,251,252]]
