[(30.7146, -81.1597, 23.5676)/21] => [[14,216,225,287,321,387,478,524,664,667,703,708,722,805,858,859,907,910,920,950],[202,203,204,205,206,207,208,209,210,211,212,213,214,215,216,217,218,219,220,221,222,223,224,225,226,227,228,229,230,231,232,233,234,235,236,237,238,239,240,241,242]]
[(30.7146, -75.0861, 53.9494)/20] => [[148,216,225,350,387,524,664,675,680,692,703,725,743,805,830,859,907,920,958,1014],[192,193,194,195,196,197,198,199,200,201,202,203,204,205,206,207,208,209,210,211,212,213,214,215,216,217,218,219,220,221,222,223,224,225,226,227,228,229,230,231,232]]
[(-16.5490, -23.7615, 23.5676)/14] => [[69,96,99,204,234,243,276,388,396,489,577,691,696,712,858,900,904,924,1012,1014],[131,132,133,134,135,136,137,138,139,140,141,142,143,144,145,146,147,148,149,150,151,152,153,154,155,156,157,158,159,160,161,162,163,164,165,166,167,168,169,170,171]]
[(-10.5480, -17.6528, 10.7338)/16] => [[69,71,96,99,117,204,234,243,276,339,388,396,489,577,662,678,696,712,924,1012],[151,152,153,154,155,156,157,158,159,160,161,162,163,164,165,166,167,168,169,170,171,172,173,174,175,176,177,178,179,180,181,182,183,184,185,186,187,188,189,190,191]]
[(-10.4662, -17.5695, 36.3758)/16] => [[69,96,99,117,204,243,276,388,396,471,489,533,577,662,712,735,900,904,924,1012],[151,152,153,154,155,156,157,158,159,160,161,162,163,164,165,166,167,168,169,170,171,172,173,174,175,176,177,178,179,180,181,182,183,184,185,186,187,188,189,190,191]]
[(30.7146, 9.7264, 19.0990)/20] => [[5,17,68,71,88,117,204,234,243,276,304,328,339,577,635,712,732,774,899,964],[192,193,194,195,196,197,198,199,200,201,202,203,204,205,206,207,208,209,210,211,212,213,214,215,216,217,218,219,220,221,222,223,224,225,226,227,228,229,230,231,232]]
[(40.3217, 14.5712, 20.5795)/17] => [[5,17,114,117,204,276,304,328,390,567,571,577,635,709,732,774,896,899,964,969],[161,162,163,164,165,166,167,168,169,170,171,172,173,174,175,176,177,178,179,180,181,182,183,184,185,186,187,188,189,190,191,192,193,194,195,196,197,198,199,200,201]]
[(40.2745, 14.6192, 26.5411)/17] => [[5,17,114,117,204,276,304,328,390,567,571,577,635,709,732,774,896,899,964,969],[161,162,163,164,165,166,167,168,169,170,171,172,173,174,175,176,177,178,179,180,181,182,183,184,185,186,187,188,189,190,191,192,193,194,195,196,197,198,199,200,201]]
[(40.1809, 14.7145, 23.5676)/13] => [[5,17,114,117,204,276,304,328,390,567,571,577,635,709,732,774,896,899,964,969],[121,122,123,124,125,126,127,128,129,130,131,132,133,134,135,136,137,138,139,140,141,142,143,144,145,146,147,148,149,150,151,152,153,154,155,156,157,158,159,160,161]]
[(30.7146, 24.3508, 10.4206)/23] => [[5,17,117,234,240,276,304,328,339,567,575,635,709,712,732,774,835,964,969],[222,223,224,225,226,227,228,229,230,231,232,233,234,235,236,237,238,239,240,241,242,243,244,245,246,247,248,249,250,251,252,253,254,255,256,257,258,259,260,261,262]]
[(-4.9312, 24.3508, 12.4809)/18] => [[17,96,98,117,234,276,304,328,339,388,489,567,574,575,678,709,712,728,924,969],[171,172,173,174,175,176,177,178,179,180,181,182,183,184,185,186,187,188,189,190,191,192,193,194,195,196,197,198,199,200,201,202,203,204,205,206,207,208,209,210,211]]
[(49.6747, 24.3508, 17.6704)/17] => [[5,17,114,117,240,276,304,326,328,339,396,567,575,635,709,732,774,835,969],[161,162,163,164,165,166,167,168,169,170,171,172,173,174,175,176,177,178,179,180,181,182,183,184,185,186,187,188,189,190,191,192,193,194,195,196,197,198,199,200,201]]
[(-8.0992, 24.3508, 23.5676)/21] => [[5,17,96,98,117,234,276,304,328,388,390,489,567,574,678,712,728,904,924,969],[202,203,204,205,206,207,208,209,210,211,212,213,214,215,216,217,218,219,220,221,222,223,224,225,226,227,228,229,230,231,232,233,234,235,236,237,238,239,240,241,242]]
[(51.4516, 24.3508, 23.5676)/14] => [[5,97,114,240,304,326,328,390,567,571,614,635,693,709,732,774,896,964,969],[131,132,133,134,135,136,137,138,139,140,141,142,143,144,145,146,147,148,149,150,151,152,153,154,155,156,157,158,159,160,161,162,163,164,165,166,167,168,169,170,171]]
[(50.1962, 24.3508, 29.6269)/16] => [[5,97,114,240,304,326,328,390,567,571,614,635,693,709,732,774,896,964,969],[151,152,153,154,155,156,157,158,159,160,161,162,163,164,165,166,167,168,169,170,171,172,173,174,175,176,177,178,179,180,181,182,183,184,185,186,187,188,189,190,191]]
[(-4.0150, 24.3508, 34.3693)/19] => [[5,17,96,98,117,234,276,304,388,390,489,567,574,691,712,728,735,836,904,924],[182,183,184,185,186,187,188,189,190,191,192,193,194,195,196,197,198,199,200,201,202,203,204,205,206,207,208,209,210,211,212,213,214,215,216,217,218,219,220,221,222]]
[(30.7146, 24.3508, 36.2484)/17] => [[5,17,97,117,234,240,276,304,374,390,421,567,571,587,691,709,712,732,774,896],[161,162,163,164,165,166,167,168,169,170,171,172,173,174,175,176,177,178,179,180,181,182,183,184,185,186,187,188,189,190,191,192,193,194,195,196,197,198,199,200,201]]
[(-23.8131, 79.8577, 40.5270)/18] => [[87,98,141,256,300,327,382,421,472,608,662,731,765,767,780,796,852,895,936,987],[171,172,173,174,175,176,177,178,179,180,181,182,183,184,185,186,187,188,189,190,191,192,193,194,195,196,197,198,199,200,201,202,203,204,205,206,207,208,209,210,211]]
[(-26.7433, 82.8405, 41.4383)/20] => [[98,113,141,256,300,327,334,472,608,662,696,731,765,767,780,796,852,895,936,987],[192,193,194,195,196,197,198,199,200,201,202,203,204,205,206,207,208,209,210,211,212,213,214,215,216,217,218,219,220,221,222,223,224,225,226,227,228,229,230,231,232]]
[(91.1765, 85.8985, 4.7623)/20] => [[9,39,110,129,134,174,209,240,253,567,571,579,686,715,756,766,794,835,969,997],[192,193,194,195,196,197,198,199,200,201,202,203,204,205,206,207,208,209,210,211,212,213,214,215,216,217,218,219,220,221,222,223,224,225,226,227,228,229,230,231,232]]
[(92.7075, 87.4571, 42.8490)/17] => [[34,134,167,209,326,328,350,421,450,546,567,606,630,701,723,741,770,779,790,835],[161,162,163,164,165,166,167,168,169,170,171,172,173,174,175,176,177,178,179,180,181,182,183,184,185,186,187,188,189,190,191,192,193,194,195,196,197,198,199,200,201]]
[(30.7145, 89.8795, 43.5890)/21] => [[49,113,156,209,307,402,528,572,606,608,614,684,696,760,780,835,839,936,987,991],[202,203,204,205,206,207,208,209,210,211,212,213,214,215,216,217,218,219,220,221,222,223,224,225,226,227,228,229,230,231,232,233,234,235,236,237,238,239,240,241,242]]
[(-34.6367, 90.8757, 3.2417)/16] => [[141,158,327,334,338,509,520,550,558,593,637,670,767,769,852,958,1003,1013,1022],[151,152,153,154,155,156,157,158,159,160,161,162,163,164,165,166,167,168,169,170,171,172,173,174,175,176,177,178,179,180,181,182,183,184,185,186,187,188,189,190,191]]
[(-39.9525, 96.2869, 23.5676)/13] => [[141,158,256,327,334,520,593,637,662,670,765,767,769,852,895,936,958,987,1003,1013],[121,122,123,124,125,126,127,128,129,130,131,132,133,134,135,136,137,138,139,140,141,142,143,144,145,146,147,148,149,150,151,152,153,154,155,156,157,158,159,160,161]]
[(30.7146, 96.6703, 45.6638)/9] => [[49,156,209,307,329,402,406,528,572,606,608,614,684,696,760,780,839,936,987,991],[81,82,83,84,85,86,87,88,89,90,91,92,93,94,95,96,97,98,99,100,101,102,103,104,105,106,107,108,109,110,111,112,113,114,115,116,117,118,119,120,121]]
[(30.7146, 97.2599, 1.2909)/20] => [[129,156,209,238,289,307,329,338,402,550,579,593,608,614,794,906,936,991,1003,1022],[192,193,194,195,196,197,198,199,200,201,202,203,204,205,206,207,208,209,210,211,212,213,214,215,216,217,218,219,220,221,222,223,224,225,226,227,228,229,230,231,232]]
[(103.3302, 98.2705, 23.5676)/16] => [[39,101,174,209,253,350,411,421,450,567,630,701,714,766,770,799,829,905,955,969],[151,152,153,154,155,156,157,158,159,160,161,162,163,164,165,166,167,168,169,170,171,172,173,174,175,176,177,178,179,180,181,182,183,184,185,186,187,188,189,190,191]]
[(30.7146, 101.2109, 23.5676)/14] => [[40,49,63,156,209,307,329,402,406,466,579,608,614,684,760,779,794,941,987,991],[131,132,133,134,135,136,137,138,139,140,141,142,143,144,145,146,147,148,149,150,151,152,153,154,155,156,157,158,159,160,161,162,163,164,165,166,167,168,169,170,171]]
