[(-23.3732, -10.2737, 0.5725)/16] => [[69,71,74,96,99,117,234,243,276,388,396,489,678,696,703,712,776,836,924,1012],[151,152,153,154,155,156,157,158,159,160,161,162,163,164,165,166,167,168,169,170,171,172,173,174,175,176,177,178,179,180,181,182,183,184,185,186,187,188,189,190,191]]
[(-69.2352, -10.2738, 11.8537)/20] => [[63,69,96,114,273,311,341,396,433,493,577,603,651,662,678,696,706,751,773],[192,193,194,195,196,197,198,199,200,201,202,203,204,205,206,207,208,209,210,211,212,213,214,215,216,217,218,219,220,221,222,223,224,225,226,227,228,229,230,231,232]]
[(-23.3732, 34.6092, 13.4048)/15] => [[17,63,96,98,117,155,276,388,489,574,593,662,678,709,712,728,780,924,946,1003],[141,142,143,144,145,146,147,148,149,150,151,152,153,154,155,156,157,158,159,160,161,162,163,164,165,166,167,168,169,170,171,172,173,174,175,176,177,178,179,180,181]]
[(21.3006, -10.2738, 14.2091)/19] => [[68,71,88,99,117,204,234,243,276,328,339,388,421,489,577,688,712,753,924,988],[182,183,184,185,186,187,188,189,190,191,192,193,194,195,196,197,198,199,200,201,202,203,204,205,206,207,208,209,210,211,212,213,214,215,216,217,218,219,220,221,222]]
[(-23.3732, -54.6028, 14.5078)/16] => [[69,71,99,141,243,254,300,354,396,452,478,577,582,669,685,696,789,808,920,1012],[151,152,153,154,155,156,157,158,159,160,161,162,163,164,165,166,167,168,169,170,171,172,173,174,175,176,177,178,179,180,181,182,183,184,185,186,187,188,189,190,191]]
[(-61.2867, -48.0221, 27.6106)/23] => [[69,118,208,232,246,303,311,396,493,513,651,664,669,696,734,789,808,831,900,981],[222,223,224,225,226,227,228,229,230,231,232,233,234,235,236,237,238,239,240,241,242,243,244,245,246,247,248,249,250,251,252,253,254,255,256,257,258,259,260,261,262]]
[(13.5366, 26.4752, 29.6003)/21] => [[5,17,98,117,234,276,304,328,388,390,489,567,574,709,712,728,896,904,924,969],[202,203,204,205,206,207,208,209,210,211,212,213,214,215,216,217,218,219,220,221,222,223,224,225,226,227,228,229,230,231,232,233,234,235,236,237,238,239,240,241,242]]
[(13.4959, -46.9822, 29.6809)/21] => [[37,99,204,225,234,243,321,387,390,577,582,688,703,708,722,753,858,950,1012,1014],[202,203,204,205,206,207,208,209,210,211,212,213,214,215,216,217,218,219,220,221,222,223,224,225,226,227,228,229,230,231,232,233,234,235,236,237,238,239,240,241,242]]
[(-60.0561, 26.2493, 30.0501)/20] => [[63,96,127,226,273,289,330,341,382,433,493,551,603,662,706,731,751,773,882],[192,193,194,195,196,197,198,199,200,201,202,203,204,205,206,207,208,209,210,211,212,213,214,215,216,217,218,219,220,221,222,223,224,225,226,227,228,229,230,231,232]]
[(22.1085, -10.2738, 102.7696)/22] => [[160,172,187,204,210,239,247,345,397,451,454,467,535,536,612,617,698,765,766,913],[212,213,214,215,216,217,218,219,220,221,222,223,224,225,226,227,228,229,230,231,232,233,234,235,236,237,238,239,240,241,242,243,244,245,246,247,248,249,250,251,252]]
[(-23.3732, -54.9706, 102.7696)/16] => [[65,131,239,345,397,454,466,496,535,540,544,653,668,707,769,795,841,852,913,946],[151,152,153,154,155,156,157,158,159,160,161,162,163,164,165,166,167,168,169,170,171,172,173,174,175,176,177,178,179,180,181,182,183,184,185,186,187,188,189,190,191]]
[(-23.3732, 34.5844, 102.7697)/16] => [[45,53,145,168,175,218,244,253,300,322,332,458,615,700,766,795,802,832,888,1007],[151,152,153,154,155,156,157,158,159,160,161,162,163,164,165,166,167,168,169,170,171,172,173,174,175,176,177,178,179,180,181,182,183,184,185,186,187,188,189,190,191]]
[(13.9440, 26.8806, 102.7697)/23] => [[168,172,175,204,210,218,244,250,253,297,458,526,536,612,698,765,766,771,832,931],[222,223,224,225,226,227,228,229,230,231,232,233,234,235,236,237,238,239,240,241,242,243,244,245,246,247,248,249,250,251,252,253,254,255,256,257,258,259,260,261,262]]
[(-59.8665, 26.0605, 102.7697)/14] => [[24,53,145,218,250,253,303,322,332,378,462,508,615,802,816,832,885,888,1004,1007],[131,132,133,134,135,136,137,138,139,140,141,142,143,144,145,146,147,148,149,150,151,152,153,154,155,156,157,158,159,160,161,162,163,164,165,166,167,168,169,170,171]]
[(-68.7559, -10.2738, 102.7697)/18] => [[4,24,145,332,341,378,508,540,566,576,615,644,653,851,852,885,888,933,1004,1007],[171,172,173,174,175,176,177,178,179,180,181,182,183,184,185,186,187,188,189,190,191,192,193,194,195,196,197,198,199,200,201,202,203,204,205,206,207,208,209,210,211]]
[(13.6286, -47.1142, 102.7696)/12] => [[65,131,160,172,210,239,250,345,397,406,454,464,467,535,698,707,814,830,913,946],[111,112,113,114,115,116,117,118,119,120,121,122,123,124,125,126,127,128,129,130,131,132,133,134,135,136,137,138,139,140,141,142,143,144,145,146,147,148,149,150,151]]
[(-60.8366, -47.5739, 102.7696)/15] => [[4,24,159,280,296,341,432,496,540,566,576,644,653,722,795,814,851,852,933,985],[141,142,143,144,145,146,147,148,149,150,151,152,153,154,155,156,157,158,159,160,161,162,163,164,165,166,167,168,169,170,171,172,173,174,175,176,177,178,179,180,181]]
[(-59.6086, 25.8037, 174.6019)/23] => [[27,95,105,190,225,251,284,355,406,429,434,465,478,568,601,613,632,668,688,689],[222,223,224,225,226,227,228,229,230,231,232,233,234,235,236,237,238,239,240,241,242,243,244,245,246,247,248,249,250,251,252,253,254,255,256,257,258,259,260,261,262]]
[(-60.4063, -47.1455, 176.1833)/22] => [[115,183,201,214,237,266,309,429,431,507,538,568,629,668,712,761,781,900,910],[212,213,214,215,216,217,218,219,220,221,222,223,224,225,226,227,228,229,230,231,232,233,234,235,236,237,238,239,240,241,242,243,244,245,246,247,248,249,250,251,252]]
[(14.0297, -47.5136, 176.9167)/14] => [[33,54,88,95,172,339,483,486,598,659,704,713,733,755,765,838,849,935,947,987],[131,132,133,134,135,136,137,138,139,140,141,142,143,144,145,146,147,148,149,150,151,152,153,154,155,156,157,158,159,160,161,162,163,164,165,166,167,168,169,170,171]]
[(14.0734, 27.0096, 177.0032)/21] => [[68,95,114,155,342,425,471,525,613,657,659,689,779,825,838,851,963,974,983],[202,203,204,205,206,207,208,209,210,211,212,213,214,215,216,217,218,219,220,221,222,223,224,225,226,227,228,229,230,231,232,233,234,235,236,237,238,239,240,241,242]]
[(-23.3732, 34.1038, 191.1277)/18] => [[8,18,105,114,155,207,225,251,274,355,406,425,455,465,570,613,689,904,983],[171,172,173,174,175,176,177,178,179,180,181,182,183,184,185,186,187,188,189,190,191,192,193,194,195,196,197,198,199,200,201,202,203,204,205,206,207,208,209,210,211]]
[(-68.0414, -10.2738, 191.3191)/21] => [[16,68,71,111,175,190,214,220,355,406,418,429,431,465,534,536,666,668,669,863],[202,203,204,205,206,207,208,209,210,211,212,213,214,215,216,217,218,219,220,221,222,223,224,225,226,227,228,229,230,231,232,233,234,235,236,237,238,239,240,241,242]]
[(-23.3732, -55.4653, 192.7488)/23] => [[16,20,22,172,201,214,309,486,573,620,629,668,700,704,713,818,863,900,905,947],[222,223,224,225,226,227,228,229,230,231,232,233,234,235,236,237,238,239,240,241,242,243,244,245,246,247,248,249,250,251,252,253,254,255,256,257,258,259,260,261,262]]
[(22.6039, -10.2738, 193.9139)/21] => [[18,20,95,114,144,147,155,172,201,425,429,455,536,582,657,704,713,765,912,987],[202,203,204,205,206,207,208,209,210,211,212,213,214,215,216,217,218,219,220,221,222,223,224,225,226,227,228,229,230,231,232,233,234,235,236,237,238,239,240,241,242]]
[(-23.3732, -10.2738, 205.0882)/19] => [[8,16,18,20,114,132,155,172,201,293,355,425,429,455,582,620,668,704,713,863],[182,183,184,185,186,187,188,189,190,191,192,193,194,195,196,197,198,199,200,201,202,203,204,205,206,207,208,209,210,211,212,213,214,215,216,217,218,219,220,221,222]]
