[(17.0761, 9.5179, 0.9150)/21] => [[17,71,74,88,117,204,234,243,276,339,388,489,542,574,703,709,712,776,924,987],[202,203,204,205,206,207,208,209,210,211,212,213,214,215,216,217,218,219,220,221,222,223,224,225,226,227,228,229,230,231,232,233,234,235,236,237,238,239,240,241,242]]
[(41.9984, 9.5179, 2.7817)/19] => [[5,17,68,88,117,204,276,328,339,396,466,542,635,732,774,899,913,964,987],[182,183,184,185,186,187,188,189,190,191,192,193,194,195,196,197,198,199,200,201,202,203,204,205,206,207,208,209,210,211,212,213,214,215,216,217,218,219,220,221,222]]
[(17.0761, 31.1699, 4.3545)/18] => [[17,74,98,117,129,231,276,328,388,489,567,575,593,703,709,712,728,924,969,987],[171,172,173,174,175,176,177,178,179,180,181,182,183,184,185,186,187,188,189,190,191,192,193,194,195,196,197,198,199,200,201,202,203,204,205,206,207,208,209,210,211]]
[(17.0761, -11.7168, 4.5332)/18] => [[71,74,88,99,117,204,234,243,276,339,388,489,542,703,712,753,776,924,987,1012],[171,172,173,174,175,176,177,178,179,180,181,182,183,184,185,186,187,188,189,190,191,192,193,194,195,196,197,198,199,200,201,202,203,204,205,206,207,208,209,210,211]]
[(-2.9879, 9.5179, 4.8956)/20] => [[17,69,71,74,88,96,117,204,234,243,276,339,388,489,542,678,703,712,924,987],[192,193,194,195,196,197,198,199,200,201,202,203,204,205,206,207,208,209,210,211,212,213,214,215,216,217,218,219,220,221,222,223,224,225,226,227,228,229,230,231,232]]
[(-1.9602, -9.8261, 5.3429)/17] => [[17,69,71,74,88,96,117,204,234,243,276,339,388,489,542,678,703,712,924,987],[161,162,163,164,165,166,167,168,169,170,171,172,173,174,175,176,177,178,179,180,181,182,183,184,185,186,187,188,189,190,191,192,193,194,195,196,197,198,199,200,201]]
[(35.9183, 28.6644, 5.4274)/18] => [[17,117,231,234,240,276,328,339,542,567,575,635,709,712,732,774,776,835,969,987],[171,172,173,174,175,176,177,178,179,180,181,182,183,184,185,186,187,188,189,190,191,192,193,194,195,196,197,198,199,200,201,202,203,204,205,206,207,208,209,210,211]]
[(1.2943, 25.5547, 6.7589)/19] => [[17,74,96,98,117,231,276,328,339,388,489,567,575,678,703,712,728,924,969,987],[182,183,184,185,186,187,188,189,190,191,192,193,194,195,196,197,198,199,200,201,202,203,204,205,206,207,208,209,210,211,212,213,214,215,216,217,218,219,220,221,222]]
[(31.4019, -5.0394, 7.3925)/19] => [[5,17,71,88,117,204,234,243,276,328,339,542,635,712,732,774,776,899,964,987],[182,183,184,185,186,187,188,189,190,191,192,193,194,195,196,197,198,199,200,201,202,203,204,205,206,207,208,209,210,211,212,213,214,215,216,217,218,219,220,221,222]]
[(47.8157, -21.7177, 13.6248)/17] => [[88,89,204,276,339,373,396,406,421,466,577,708,732,753,805,858,930,964,988,1014],[161,162,163,164,165,166,167,168,169,170,171,172,173,174,175,176,177,178,179,180,181,182,183,184,185,186,187,188,189,190,191,192,193,194,195,196,197,198,199,200,201]]
[(31.6845, -5.3261, 13.6251)/18] => [[5,17,68,71,88,117,204,234,243,276,304,328,339,577,635,712,732,774,899,964],[171,172,173,174,175,176,177,178,179,180,181,182,183,184,185,186,187,188,189,190,191,192,193,194,195,196,197,198,199,200,201,202,203,204,205,206,207,208,209,210,211]]
[(47.8953, -21.7989, 13.6253)/16] => [[88,89,204,276,339,373,396,406,421,466,577,708,732,753,805,858,930,964,988,1014],[151,152,153,154,155,156,157,158,159,160,161,162,163,164,165,166,167,168,169,170,171,172,173,174,175,176,177,178,179,180,181,182,183,184,185,186,187,188,189,190,191]]
[(37.3577, 30.1271, 13.6257)/16] => [[5,17,117,240,276,304,328,567,575,593,635,709,712,732,774,780,835,969,1003],[151,152,153,154,155,156,157,158,159,160,161,162,163,164,165,166,167,168,169,170,171,172,173,174,175,176,177,178,179,180,181,182,183,184,185,186,187,188,189,190,191]]
[(17.0761, 29.5572, 13.6257)/18] => [[5,17,98,117,234,276,304,328,339,388,489,567,574,575,709,712,728,924,969],[171,172,173,174,175,176,177,178,179,180,181,182,183,184,185,186,187,188,189,190,191,192,193,194,195,196,197,198,199,200,201,202,203,204,205,206,207,208,209,210,211]]
[(2.7644, 24.0608, 13.6257)/18] => [[17,96,98,117,234,276,304,328,339,388,489,567,574,575,678,709,712,728,924,969],[171,172,173,174,175,176,177,178,179,180,181,182,183,184,185,186,187,188,189,190,191,192,193,194,195,196,197,198,199,200,201,202,203,204,205,206,207,208,209,210,211]]
[(-10.5011, 9.5179, 13.6257)/17] => [[17,69,71,96,117,204,234,243,276,304,339,388,396,489,577,662,678,696,712,924],[161,162,163,164,165,166,167,168,169,170,171,172,173,174,175,176,177,178,179,180,181,182,183,184,185,186,187,188,189,190,191,192,193,194,195,196,197,198,199,200,201]]
[(43.3885, 9.5179, 13.6257)/16] => [[5,17,68,88,117,204,276,304,328,339,396,466,577,635,732,774,899,913,964],[151,152,153,154,155,156,157,158,159,160,161,162,163,164,165,166,167,168,169,170,171,172,173,174,175,176,177,178,179,180,181,182,183,184,185,186,187,188,189,190,191]]
[(-2.5803, -10.4561, 13.6257)/16] => [[68,69,71,88,96,99,117,204,234,243,276,339,388,489,577,678,712,836,924,1012],[151,152,153,154,155,156,157,158,159,160,161,162,163,164,165,166,167,168,169,170,171,172,173,174,175,176,177,178,179,180,181,182,183,184,185,186,187,188,189,190,191]]
[(17.0761, -10.8391, 13.6257)/21] => [[68,71,88,99,117,204,234,243,276,328,339,388,489,577,688,712,753,836,924,1012],[202,203,204,205,206,207,208,209,210,211,212,213,214,215,216,217,218,219,220,221,222,223,224,225,226,227,228,229,230,231,232,233,234,235,236,237,238,239,240,241,242]]
[(47.9996, -21.9051, 13.6257)/16] => [[88,89,204,276,339,373,396,406,421,466,577,708,732,753,805,858,930,964,988,1014],[151,152,153,154,155,156,157,158,159,160,161,162,163,164,165,166,167,168,169,170,171,172,173,174,175,176,177,178,179,180,181,182,183,184,185,186,187,188,189,190,191]]
[(3.1392, 23.6799, 19.6900)/21] => [[17,96,98,117,234,276,304,328,339,388,489,567,574,575,678,709,712,728,924,969],[202,203,204,205,206,207,208,209,210,211,212,213,214,215,216,217,218,219,220,221,222,223,224,225,226,227,228,229,230,231,232,233,234,235,236,237,238,239,240,241,242]]
[(32.7718, -6.4314, 20.4552)/18] => [[5,17,117,204,234,243,276,304,328,390,421,577,635,691,712,732,774,885,896,899],[171,172,173,174,175,176,177,178,179,180,181,182,183,184,185,186,187,188,189,190,191,192,193,194,195,196,197,198,199,200,201,202,203,204,205,206,207,208,209,210,211]]
[(-1.9443, -9.8099, 21.9019)/18] => [[5,17,69,96,117,204,234,243,276,304,388,390,489,574,577,678,712,836,904,924],[171,172,173,174,175,176,177,178,179,180,181,182,183,184,185,186,187,188,189,190,191,192,193,194,195,196,197,198,199,200,201,202,203,204,205,206,207,208,209,210,211]]
[(36.5611, 29.3175, 22.1041)/15] => [[5,17,117,234,240,276,304,328,390,567,635,691,709,712,732,774,896,899,969],[141,142,143,144,145,146,147,148,149,150,151,152,153,154,155,156,157,158,159,160,161,162,163,164,165,166,167,168,169,170,171,172,173,174,175,176,177,178,179,180,181]]
[(37.4701, 9.5179, 22.4995)/20] => [[5,17,117,204,234,243,276,304,328,390,421,577,635,691,712,732,774,885,896,899],[192,193,194,195,196,197,198,199,200,201,202,203,204,205,206,207,208,209,210,211,212,213,214,215,216,217,218,219,220,221,222,223,224,225,226,227,228,229,230,231,232]]
[(17.0761, 30.7856, 22.7326)/20] => [[5,17,98,117,276,304,328,388,489,567,574,593,709,712,728,780,896,904,924,969],[192,193,194,195,196,197,198,199,200,201,202,203,204,205,206,207,208,209,210,211,212,213,214,215,216,217,218,219,220,221,222,223,224,225,226,227,228,229,230,231,232]]
[(17.0761, -12.6219, 23.1060)/19] => [[99,117,204,234,243,276,328,388,390,489,577,688,691,712,753,836,896,904,924,1012],[182,183,184,185,186,187,188,189,190,191,192,193,194,195,196,197,198,199,200,201,202,203,204,205,206,207,208,209,210,211,212,213,214,215,216,217,218,219,220,221,222]]
[(-9.0897, 9.5179, 25.0109)/16] => [[5,17,69,96,117,204,234,243,276,304,388,390,489,574,577,678,712,836,904,924],[151,152,153,154,155,156,157,158,159,160,161,162,163,164,165,166,167,168,169,170,171,172,173,174,175,176,177,178,179,180,181,182,183,184,185,186,187,188,189,190,191]]
[(17.0761, 9.5179, 26.6619)/20] => [[5,17,117,204,234,243,276,304,328,388,390,489,574,577,691,712,836,896,904,924],[192,193,194,195,196,197,198,199,200,201,202,203,204,205,206,207,208,209,210,211,212,213,214,215,216,217,218,219,220,221,222,223,224,225,226,227,228,229,230,231,232]]
