[(35.7254, 49.7765, 0.0122)/12] => [[5,17,117,129,156,209,231,240,276,328,567,575,593,635,709,732,774,835,969,987],[111,112,113,114,115,116,117,118,119,120,121,122,123,124,125,126,127,128,129,130,131,132,133,134,135,136,137,138,139,140,141,142,143,144,145,146,147,148,149,150,151]]
[(35.7254, -64.9353, 0.1064)/15] => [[14,88,99,225,243,254,287,321,478,646,664,695,708,722,753,858,910,930,950],[141,142,143,144,145,146,147,148,149,150,151,152,153,154,155,156,157,158,159,160,161,162,163,164,165,166,167,168,169,170,171,172,173,174,175,176,177,178,179,180,181]]
[(35.7254, -7.8808, 0.3104)/15] => [[5,17,71,88,117,204,234,243,276,328,339,542,635,712,732,774,776,899,964,987],[141,142,143,144,145,146,147,148,149,150,151,152,153,154,155,156,157,158,159,160,161,162,163,164,165,166,167,168,169,170,171,172,173,174,175,176,177,178,179,180,181]]
[(28.5298, -49.2870, 2.5506)/12] => [[71,88,99,204,225,234,243,254,321,339,542,646,695,708,722,753,858,930,950],[111,112,113,114,115,116,117,118,119,120,121,122,123,124,125,126,127,128,129,130,131,132,133,134,135,136,137,138,139,140,141,142,143,144,145,146,147,148,149,150,151]]
[(42.3165, -7.8808, 3.0938)/15] => [[5,17,68,88,117,204,276,328,339,396,466,542,635,732,774,899,913,964,987],[141,142,143,144,145,146,147,148,149,150,151,152,153,154,155,156,157,158,159,160,161,162,163,164,165,166,167,168,169,170,171,172,173,174,175,176,177,178,179,180,181]]
[(29.1893, -7.8808, 3.1433)/17] => [[17,71,74,88,117,204,234,243,276,339,388,489,542,574,709,712,774,776,924,987],[161,162,163,164,165,166,167,168,169,170,171,172,173,174,175,176,177,178,179,180,181,182,183,184,185,186,187,188,189,190,191,192,193,194,195,196,197,198,199,200,201]]
[(42.0636, -44.3535, 3.3211)/14] => [[88,204,225,254,321,339,396,542,646,695,708,722,753,805,858,930,950,958,988],[131,132,133,134,135,136,137,138,139,140,141,142,143,144,145,146,147,148,149,150,151,152,153,154,155,156,157,158,159,160,161,162,163,164,165,166,167,168,169,170,171]]
[(41.6456, 26.1868, 3.6969)/14] => [[5,17,114,117,240,276,328,339,396,542,567,575,635,709,732,774,835,969,987],[131,132,133,134,135,136,137,138,139,140,141,142,143,144,145,146,147,148,149,150,151,152,153,154,155,156,157,158,159,160,161,162,163,164,165,166,167,168,169,170,171]]
[(30.0954, 24.5159, 3.9578)/15] => [[17,117,231,234,240,276,328,339,542,567,575,635,709,712,732,774,776,835,969,987],[141,142,143,144,145,146,147,148,149,150,151,152,153,154,155,156,157,158,159,160,161,162,163,164,165,166,167,168,169,170,171,172,173,174,175,176,177,178,179,180,181]]
[(45.7161, 49.6094, 9.0179)/12] => [[5,17,114,117,129,156,209,240,276,328,567,575,635,709,732,774,835,969,987],[111,112,113,114,115,116,117,118,119,120,121,122,123,124,125,126,127,128,129,130,131,132,133,134,135,136,137,138,139,140,141,142,143,144,145,146,147,148,149,150,151]]
[(43.9327, -55.1094, 9.0181)/15] => [[14,88,204,225,254,321,373,452,646,695,708,722,753,805,858,930,950,958,988],[141,142,143,144,145,146,147,148,149,150,151,152,153,154,155,156,157,158,159,160,161,162,163,164,165,166,167,168,169,170,171,172,173,174,175,176,177,178,179,180,181]]
[(35.7254, -59.2064, 9.0181)/13] => [[14,71,88,99,204,225,243,254,321,478,646,695,708,722,753,805,858,930,950],[121,122,123,124,125,126,127,128,129,130,131,132,133,134,135,136,137,138,139,140,141,142,143,144,145,146,147,148,149,150,151,152,153,154,155,156,157,158,159,160,161]]
[(25.7883, -65.0631, 9.0181)/10] => [[14,88,99,225,243,254,287,321,478,646,664,685,695,708,722,753,858,930,950],[91,92,93,94,95,96,97,98,99,100,101,102,103,104,105,106,107,108,109,110,111,112,113,114,115,116,117,118,119,120,121,122,123,124,125,126,127,128,129,130,131]]
[(26.9942, -7.8808, 9.0181)/15] => [[17,71,74,88,117,204,234,243,276,339,388,489,542,574,709,712,774,776,924,987],[141,142,143,144,145,146,147,148,149,150,151,152,153,154,155,156,157,158,159,160,161,162,163,164,165,166,167,168,169,170,171,172,173,174,175,176,177,178,179,180,181]]
[(44.4481, -7.8808, 9.0181)/15] => [[5,17,68,88,117,204,276,328,339,396,466,542,635,732,774,899,913,964,987],[141,142,143,144,145,146,147,148,149,150,151,152,153,154,155,156,157,158,159,160,161,162,163,164,165,166,167,168,169,170,171,172,173,174,175,176,177,178,179,180,181]]
[(35.7254, 55.1125, 9.0181)/11] => [[17,117,129,156,209,231,240,328,567,575,579,593,614,635,709,774,835,969,987,1022],[101,102,103,104,105,106,107,108,109,110,111,112,113,114,115,116,117,118,119,120,121,122,123,124,125,126,127,128,129,130,131,132,133,134,135,136,137,138,139,140,141]]
[(45.7169, 49.6147, 9.0181)/13] => [[5,17,114,117,129,156,209,240,276,328,567,575,635,709,732,774,835,969,987],[121,122,123,124,125,126,127,128,129,130,131,132,133,134,135,136,137,138,139,140,141,142,143,144,145,146,147,148,149,150,151,152,153,154,155,156,157,158,159,160,161]]
[(28.2598, 35.0792, 9.0181)/14] => [[17,74,98,117,129,231,276,328,388,489,567,575,593,709,712,728,774,924,969,987],[131,132,133,134,135,136,137,138,139,140,141,142,143,144,145,146,147,148,149,150,151,152,153,154,155,156,157,158,159,160,161,162,163,164,165,166,167,168,169,170,171]]
[(30.0785, 24.6136, 14.0936)/15] => [[5,17,117,234,240,276,304,328,339,567,575,635,709,712,732,774,835,964,969],[141,142,143,144,145,146,147,148,149,150,151,152,153,154,155,156,157,158,159,160,161,162,163,164,165,166,167,168,169,170,171,172,173,174,175,176,177,178,179,180,181]]
[(41.6261, 26.0750, 14.3219)/15] => [[5,17,114,117,240,276,304,326,328,339,396,567,575,635,709,732,774,835,969],[141,142,143,144,145,146,147,148,149,150,151,152,153,154,155,156,157,158,159,160,161,162,163,164,165,166,167,168,169,170,171,172,173,174,175,176,177,178,179,180,181]]
[(42.0477, -7.8808, 14.7007)/13] => [[5,17,68,88,117,204,276,304,328,339,396,466,577,635,732,774,899,913,964],[121,122,123,124,125,126,127,128,129,130,131,132,133,134,135,136,137,138,139,140,141,142,143,144,145,146,147,148,149,150,151,152,153,154,155,156,157,158,159,160,161]]
[(42.0685, -44.3817, 14.7194)/15] => [[88,89,204,225,254,321,339,387,396,577,646,695,708,722,753,805,858,930,950,988],[141,142,143,144,145,146,147,148,149,150,151,152,153,154,155,156,157,158,159,160,161,162,163,164,165,166,167,168,169,170,171,172,173,174,175,176,177,178,179,180,181]]
[(29.2577, -7.8808, 14.8313)/14] => [[5,17,71,88,117,204,234,243,276,304,328,339,388,489,574,577,709,712,774,924],[131,132,133,134,135,136,137,138,139,140,141,142,143,144,145,146,147,148,149,150,151,152,153,154,155,156,157,158,159,160,161,162,163,164,165,166,167,168,169,170,171]]
[(28.5256, -49.3111, 15.4894)/15] => [[71,88,99,204,225,234,243,254,321,339,387,577,646,695,708,722,753,858,930,950],[141,142,143,144,145,146,147,148,149,150,151,152,153,154,155,156,157,158,159,160,161,162,163,164,165,166,167,168,169,170,171,172,173,174,175,176,177,178,179,180,181]]
[(35.7254, -7.8808, 17.6644)/15] => [[5,17,68,71,88,117,204,234,243,276,304,328,339,577,635,712,732,774,899,964],[141,142,143,144,145,146,147,148,149,150,151,152,153,154,155,156,157,158,159,160,161,162,163,164,165,166,167,168,169,170,171,172,173,174,175,176,177,178,179,180,181]]
[(35.7255, -65.0513, 17.9477)/15] => [[14,88,99,225,243,254,287,321,387,478,524,664,695,708,722,753,858,907,920,950],[141,142,143,144,145,146,147,148,149,150,151,152,153,154,155,156,157,158,159,160,161,162,163,164,165,166,167,168,169,170,171,172,173,174,175,176,177,178,179,180,181]]
[(35.7254, -65.0551, 17.9485)/15] => [[14,88,99,225,243,254,287,321,387,478,524,664,695,708,722,753,858,907,920,950],[141,142,143,144,145,146,147,148,149,150,151,152,153,154,155,156,157,158,159,160,161,162,163,164,165,166,167,168,169,170,171,172,173,174,175,176,177,178,179,180,181]]
[(35.7254, 49.3607, 17.9590)/15] => [[5,17,117,156,209,240,276,304,328,567,575,593,635,709,732,774,780,835,969,1003],[141,142,143,144,145,146,147,148,149,150,151,152,153,154,155,156,157,158,159,160,161,162,163,164,165,166,167,168,169,170,171,172,173,174,175,176,177,178,179,180,181]]
