[(-46.4517, -49.6647, 0.4991)/17] => [[37,69,141,232,246,311,396,493,582,639,651,669,685,688,696,808,898,924,981,1012],[161,162,163,164,165,166,167,168,169,170,171,172,173,174,175,176,177,178,179,180,181,182,183,184,185,186,187,188,189,190,191,192,193,194,195,196,197,198,199,200,201]]
[(-44.3117, -49.6647, 0.7503)/17] => [[37,69,141,232,246,311,396,493,582,639,651,669,685,688,696,808,898,924,981,1012],[161,162,163,164,165,166,167,168,169,170,171,172,173,174,175,176,177,178,179,180,181,182,183,184,185,186,187,188,189,190,191,192,193,194,195,196,197,198,199,200,201]]
[(-14.5015, -91.9193, 0.8314)/16] => [[21,44,58,141,225,254,287,305,478,540,582,612,620,664,667,669,685,710,722,978],[151,152,153,154,155,156,157,158,159,160,161,162,163,164,165,166,167,168,169,170,171,172,173,174,175,176,177,178,179,180,181,182,183,184,185,186,187,188,189,190,191]]
[(-30.5464, -72.9473, 2.3667)/20] => [[44,99,141,246,300,354,478,493,546,582,612,620,669,685,710,808,924,981,1012],[192,193,194,195,196,197,198,199,200,201,202,203,204,205,206,207,208,209,210,211,212,213,214,215,216,217,218,219,220,221,222,223,224,225,226,227,228,229,230,231,232]]
[(-14.5015, -31.7387, 2.8001)/20] => [[69,71,74,96,99,141,204,225,243,254,339,396,489,582,696,712,722,858,950,1012],[192,193,194,195,196,197,198,199,200,201,202,203,204,205,206,207,208,209,210,211,212,213,214,215,216,217,218,219,220,221,222,223,224,225,226,227,228,229,230,231,232]]
[(-3.4875, -33.6826, 2.9574)/16] => [[69,71,74,88,96,99,141,204,225,243,254,339,489,582,708,712,722,858,950,1012],[151,152,153,154,155,156,157,158,159,160,161,162,163,164,165,166,167,168,169,170,171,172,173,174,175,176,177,178,179,180,181,182,183,184,185,186,187,188,189,190,191]]
[(-4.1705, -49.6647, 3.0376)/15] => [[69,71,88,99,141,204,225,234,243,254,321,339,542,582,646,708,722,858,950,1012],[141,142,143,144,145,146,147,148,149,150,151,152,153,154,155,156,157,158,159,160,161,162,163,164,165,166,167,168,169,170,171,172,173,174,175,176,177,178,179,180,181]]
[(-14.5015, -49.6647, 3.0725)/16] => [[69,71,99,141,204,225,234,243,254,339,396,542,582,669,688,696,722,858,950,1012],[151,152,153,154,155,156,157,158,159,160,161,162,163,164,165,166,167,168,169,170,171,172,173,174,175,176,177,178,179,180,181,182,183,184,185,186,187,188,189,190,191]]
[(-4.6288, -63.9908, 3.0914)/15] => [[88,99,141,225,243,254,287,300,321,452,478,582,646,664,685,708,722,858,950,1012],[141,142,143,144,145,146,147,148,149,150,151,152,153,154,155,156,157,158,159,160,161,162,163,164,165,166,167,168,169,170,171,172,173,174,175,176,177,178,179,180,181]]
[(-22.4470, -38.1352, 3.3178)/19] => [[69,71,74,96,99,141,234,243,254,396,489,582,688,696,712,776,808,924,950,1012],[182,183,184,185,186,187,188,189,190,191,192,193,194,195,196,197,198,199,200,201,202,203,204,205,206,207,208,209,210,211,212,213,214,215,216,217,218,219,220,221,222]]
[(0.7263, -27.5681, 4.2505)/10] => [[69,71,74,88,96,99,204,243,276,339,388,489,542,703,708,712,858,924,950,1012],[91,92,93,94,95,96,97,98,99,100,101,102,103,104,105,106,107,108,109,110,111,112,113,114,115,116,117,118,119,120,121,122,123,124,125,126,127,128,129,130,131]]
[(0.7676, -27.5082, 4.2506)/12] => [[69,71,74,88,96,99,204,243,276,339,388,489,542,703,708,712,858,924,950,1012],[111,112,113,114,115,116,117,118,119,120,121,122,123,124,125,126,127,128,129,130,131,132,133,134,135,136,137,138,139,140,141,142,143,144,145,146,147,148,149,150,151]]
[(3.3200, -23.8045, 4.2507)/15] => [[69,71,74,88,96,99,204,243,276,339,388,489,542,703,708,712,858,924,950,1012],[141,142,143,144,145,146,147,148,149,150,151,152,153,154,155,156,157,158,159,160,161,162,163,164,165,166,167,168,169,170,171,172,173,174,175,176,177,178,179,180,181]]
[(-14.5015, -98.5829, 4.2507)/12] => [[21,44,58,141,225,254,287,305,478,540,582,612,620,664,667,669,685,710,722,978],[111,112,113,114,115,116,117,118,119,120,121,122,123,124,125,126,127,128,129,130,131,132,133,134,135,136,137,138,139,140,141,142,143,144,145,146,147,148,149,150,151]]
[(-49.4273, -49.6647, 4.2507)/13] => [[37,69,141,232,246,311,396,493,582,639,651,669,685,688,696,808,898,924,981,1012],[121,122,123,124,125,126,127,128,129,130,131,132,133,134,135,136,137,138,139,140,141,142,143,144,145,146,147,148,149,150,151,152,153,154,155,156,157,158,159,160,161]]
[(-3.5242, -49.6647, 4.2507)/15] => [[69,71,88,99,141,204,225,234,243,254,321,339,542,582,646,708,722,858,950,1012],[141,142,143,144,145,146,147,148,149,150,151,152,153,154,155,156,157,158,159,160,161,162,163,164,165,166,167,168,169,170,171,172,173,174,175,176,177,178,179,180,181]]
[(-4.0497, -64.8312, 4.2507)/15] => [[88,99,141,225,243,254,287,300,321,452,478,582,646,664,685,708,722,858,950,1012],[141,142,143,144,145,146,147,148,149,150,151,152,153,154,155,156,157,158,159,160,161,162,163,164,165,166,167,168,169,170,171,172,173,174,175,176,177,178,179,180,181]]
[(-30.0549, -72.2340, 4.2507)/17] => [[44,99,141,246,300,354,478,493,546,582,612,620,669,685,710,808,924,981,1012],[161,162,163,164,165,166,167,168,169,170,171,172,173,174,175,176,177,178,179,180,181,182,183,184,185,186,187,188,189,190,191,192,193,194,195,196,197,198,199,200,201]]
[(4.5596, -22.0055, 4.2507)/15] => [[69,71,74,88,96,99,204,243,276,339,388,489,542,703,708,712,858,924,950,1012],[141,142,143,144,145,146,147,148,149,150,151,152,153,154,155,156,157,158,159,160,161,162,163,164,165,166,167,168,169,170,171,172,173,174,175,176,177,178,179,180,181]]
[(-14.5015, -30.7648, 4.2507)/17] => [[69,71,74,96,99,141,204,225,243,254,339,396,489,582,696,712,722,858,950,1012],[161,162,163,164,165,166,167,168,169,170,171,172,173,174,175,176,177,178,179,180,181,182,183,184,185,186,187,188,189,190,191,192,193,194,195,196,197,198,199,200,201]]
[(-22.6161, -37.8899, 4.2507)/18] => [[69,71,74,96,99,141,234,243,254,396,489,582,688,696,712,776,808,924,950,1012],[171,172,173,174,175,176,177,178,179,180,181,182,183,184,185,186,187,188,189,190,191,192,193,194,195,196,197,198,199,200,201,202,203,204,205,206,207,208,209,210,211]]
[(-15.0229, -49.6647, 4.3119)/15] => [[69,71,99,141,204,225,234,243,254,339,396,542,582,669,688,696,722,858,950,1012],[141,142,143,144,145,146,147,148,149,150,151,152,153,154,155,156,157,158,159,160,161,162,163,164,165,166,167,168,169,170,171,172,173,174,175,176,177,178,179,180,181]]
[(-14.5015, -49.6647, 4.9916)/15] => [[69,71,99,141,204,225,234,243,254,339,396,542,582,669,688,696,722,858,950,1012],[141,142,143,144,145,146,147,148,149,150,151,152,153,154,155,156,157,158,159,160,161,162,163,164,165,166,167,168,169,170,171,172,173,174,175,176,177,178,179,180,181]]
[(-22.7167, -37.7438, 5.2154)/18] => [[69,71,74,96,99,141,234,243,254,396,489,582,688,696,712,776,808,924,950,1012],[171,172,173,174,175,176,177,178,179,180,181,182,183,184,185,186,187,188,189,190,191,192,193,194,195,196,197,198,199,200,201,202,203,204,205,206,207,208,209,210,211]]
[(-4.2111, -34.7328, 5.4589)/16] => [[69,71,74,88,96,99,141,204,225,243,254,339,489,582,708,712,722,858,950,1012],[151,152,153,154,155,156,157,158,159,160,161,162,163,164,165,166,167,168,169,170,171,172,173,174,175,176,177,178,179,180,181,182,183,184,185,186,187,188,189,190,191]]
[(-4.2072, -34.7271, 5.4595)/19] => [[69,71,74,88,96,99,141,204,225,243,254,339,489,582,708,712,722,858,950,1012],[182,183,184,185,186,187,188,189,190,191,192,193,194,195,196,197,198,199,200,201,202,203,204,205,206,207,208,209,210,211,212,213,214,215,216,217,218,219,220,221,222]]
[(-3.8802, -49.6647, 5.4979)/13] => [[69,71,88,99,141,204,225,234,243,254,321,339,542,582,646,708,722,858,950,1012],[121,122,123,124,125,126,127,128,129,130,131,132,133,134,135,136,137,138,139,140,141,142,143,144,145,146,147,148,149,150,151,152,153,154,155,156,157,158,159,160,161]]
[(-3.8354, -65.1421, 5.5031)/15] => [[88,99,141,225,243,254,287,300,321,452,478,582,646,664,685,708,722,858,950,1012],[141,142,143,144,145,146,147,148,149,150,151,152,153,154,155,156,157,158,159,160,161,162,163,164,165,166,167,168,169,170,171,172,173,174,175,176,177,178,179,180,181]]
[(-14.5015, -30.8785, 5.7709)/16] => [[69,71,74,96,99,141,204,225,243,254,339,396,489,582,696,712,722,858,950,1012],[151,152,153,154,155,156,157,158,159,160,161,162,163,164,165,166,167,168,169,170,171,172,173,174,175,176,177,178,179,180,181,182,183,184,185,186,187,188,189,190,191]]
[(-29.5957, -71.5675, 6.0231)/19] => [[44,99,141,254,300,354,452,478,546,582,612,620,664,669,685,710,808,924,950,1012],[182,183,184,185,186,187,188,189,190,191,192,193,194,195,196,197,198,199,200,201,202,203,204,205,206,207,208,209,210,211,212,213,214,215,216,217,218,219,220,221,222]]
[(-46.3786, -49.6647, 7.9937)/14] => [[37,69,141,232,246,311,396,493,582,639,651,669,685,688,696,808,898,924,981,1012],[131,132,133,134,135,136,137,138,139,140,141,142,143,144,145,146,147,148,149,150,151,152,153,154,155,156,157,158,159,160,161,162,163,164,165,166,167,168,169,170,171]]
[(-14.5015, -97.9767, 8.1601)/12] => [[21,44,58,141,225,254,287,305,478,540,582,612,620,664,667,669,685,710,722,978],[111,112,113,114,115,116,117,118,119,120,121,122,123,124,125,126,127,128,129,130,131,132,133,134,135,136,137,138,139,140,141,142,143,144,145,146,147,148,149,150,151]]
