[(-2.6624, 22.2241, -0.1549)/19] => [[17,74,96,98,117,231,276,328,339,388,489,567,575,678,703,712,728,924,969,987],[182,183,184,185,186,187,188,189,190,191,192,193,194,195,196,197,198,199,200,201,202,203,204,205,206,207,208,209,210,211,212,213,214,215,216,217,218,219,220,221,222]]
[(48.2002, -5.6969, 7.1018)/17] => [[5,17,68,88,117,204,276,328,339,396,466,542,635,732,774,899,913,964,987],[161,162,163,164,165,166,167,168,169,170,171,172,173,174,175,176,177,178,179,180,181,182,183,184,185,186,187,188,189,190,191,192,193,194,195,196,197,198,199,200,201]]
[(-48.6685, 47.4789, 7.9870)/10] => [[98,155,157,273,388,407,509,574,603,637,678,703,709,728,773,836,924,946,958,965],[91,92,93,94,95,96,97,98,99,100,101,102,103,104,105,106,107,108,109,110,111,112,113,114,115,116,117,118,119,120,121,122,123,124,125,126,127,128,129,130,131]]
[(-35.8616, 22.2241, 10.3212)/20] => [[63,96,98,155,234,273,388,433,489,574,603,662,678,688,709,712,728,836,924,946],[192,193,194,195,196,197,198,199,200,201,202,203,204,205,206,207,208,209,210,211,212,213,214,215,216,217,218,219,220,221,222,223,224,225,226,227,228,229,230,231,232]]
[(-2.6624, 39.9132, 10.4989)/20] => [[17,96,98,117,276,304,328,388,489,567,574,575,593,678,709,712,728,780,924,969],[192,193,194,195,196,197,198,199,200,201,202,203,204,205,206,207,208,209,210,211,212,213,214,215,216,217,218,219,220,221,222,223,224,225,226,227,228,229,230,231,232]]
[(-2.6624, 6.4140, 11.1229)/19] => [[17,69,71,88,96,117,204,234,243,276,304,339,388,489,574,577,678,709,712,924],[182,183,184,185,186,187,188,189,190,191,192,193,194,195,196,197,198,199,200,201,202,203,204,205,206,207,208,209,210,211,212,213,214,215,216,217,218,219,220,221,222]]
[(22.4116, 22.2241, 11.8021)/18] => [[17,98,117,234,276,304,328,339,388,489,567,574,575,709,712,728,774,924,969],[171,172,173,174,175,176,177,178,179,180,181,182,183,184,185,186,187,188,189,190,191,192,193,194,195,196,197,198,199,200,201,202,203,204,205,206,207,208,209,210,211]]
[(-20.5767, 12.3901, 13.1070)/14] => [[17,63,69,71,96,117,155,234,276,388,489,574,577,662,678,696,709,712,924,946],[131,132,133,134,135,136,137,138,139,140,141,142,143,144,145,146,147,148,149,150,151,152,153,154,155,156,157,158,159,160,161,162,163,164,165,166,167,168,169,170,171]]
[(12.3499, 30.4649, 13.6359)/18] => [[5,17,98,117,276,304,328,388,489,567,574,575,593,709,712,728,780,924,969],[171,172,173,174,175,176,177,178,179,180,181,182,183,184,185,186,187,188,189,190,191,192,193,194,195,196,197,198,199,200,201,202,203,204,205,206,207,208,209,210,211]]
[(-51.8684, 49.2355, 16.3721)/10] => [[127,155,226,273,336,341,407,493,531,577,603,637,662,678,706,773,836,946,958,965],[91,92,93,94,95,96,97,98,99,100,101,102,103,104,105,106,107,108,109,110,111,112,113,114,115,116,117,118,119,120,121,122,123,124,125,126,127,128,129,130,131]]
[(-2.6624, 40.8650, 16.3721)/19] => [[5,17,98,117,156,209,276,304,328,388,567,574,575,593,678,709,728,780,924,969],[182,183,184,185,186,187,188,189,190,191,192,193,194,195,196,197,198,199,200,201,202,203,204,205,206,207,208,209,210,211,212,213,214,215,216,217,218,219,220,221,222]]
[(12.6398, 30.6240, 16.3721)/19] => [[5,17,98,117,276,304,328,388,489,567,574,575,593,709,712,728,780,924,969],[182,183,184,185,186,187,188,189,190,191,192,193,194,195,196,197,198,199,200,201,202,203,204,205,206,207,208,209,210,211,212,213,214,215,216,217,218,219,220,221,222]]
[(-39.8711, 22.2237, 16.3721)/19] => [[63,96,98,155,234,273,388,433,489,574,603,662,678,688,709,712,728,836,924,946],[182,183,184,185,186,187,188,189,190,191,192,193,194,195,196,197,198,199,200,201,202,203,204,205,206,207,208,209,210,211,212,213,214,215,216,217,218,219,220,221,222]]
[(23.2783, 22.2237, 16.3721)/16] => [[17,98,117,234,276,304,328,339,388,489,567,574,575,709,712,728,774,924,969],[151,152,153,154,155,156,157,158,159,160,161,162,163,164,165,166,167,168,169,170,171,172,173,174,175,176,177,178,179,180,181,182,183,184,185,186,187,188,189,190,191]]
[(-20.4356, 12.4672, 16.3721)/19] => [[17,63,69,71,96,117,155,234,276,388,489,574,577,662,678,696,709,712,924,946],[182,183,184,185,186,187,188,189,190,191,192,193,194,195,196,197,198,199,200,201,202,203,204,205,206,207,208,209,210,211,212,213,214,215,216,217,218,219,220,221,222]]
[(-2.6624, 5.5504, 16.3721)/18] => [[17,69,71,88,96,117,204,234,243,276,304,339,388,489,574,577,678,709,712,924],[171,172,173,174,175,176,177,178,179,180,181,182,183,184,185,186,187,188,189,190,191,192,193,194,195,196,197,198,199,200,201,202,203,204,205,206,207,208,209,210,211]]
[(48.8176, -6.0360, 16.3721)/14] => [[5,17,68,88,117,204,276,304,328,339,396,466,577,635,732,774,899,913,964],[131,132,133,134,135,136,137,138,139,140,141,142,143,144,145,146,147,148,149,150,151,152,153,154,155,156,157,158,159,160,161,162,163,164,165,166,167,168,169,170,171]]
[(12.3325, 30.4554, 19.1051)/16] => [[5,17,98,117,276,304,328,388,489,567,574,575,593,709,712,728,780,924,969],[151,152,153,154,155,156,157,158,159,160,161,162,163,164,165,166,167,168,169,170,171,172,173,174,175,176,177,178,179,180,181,182,183,184,185,186,187,188,189,190,191]]
[(-20.0335, 12.6881, 19.5382)/20] => [[17,63,69,71,96,117,155,234,276,388,489,574,577,662,678,696,709,712,924,946],[192,193,194,195,196,197,198,199,200,201,202,203,204,205,206,207,208,209,210,211,212,213,214,215,216,217,218,219,220,221,222,223,224,225,226,227,228,229,230,231,232]]
[(21.8288, 22.2237, 20.8359)/18] => [[17,98,117,234,276,304,328,388,390,489,567,574,709,712,728,774,896,904,924,969],[171,172,173,174,175,176,177,178,179,180,181,182,183,184,185,186,187,188,189,190,191,192,193,194,195,196,197,198,199,200,201,202,203,204,205,206,207,208,209,210,211]]
[(-2.6624, 6.3667, 21.6370)/15] => [[5,17,69,96,117,204,234,243,276,304,388,390,489,574,577,678,712,836,904,924],[141,142,143,144,145,146,147,148,149,150,151,152,153,154,155,156,157,158,159,160,161,162,163,164,165,166,167,168,169,170,171,172,173,174,175,176,177,178,179,180,181]]
[(-2.6624, 40.3458, 22.3888)/19] => [[5,17,98,117,156,209,276,304,328,388,567,574,593,678,728,780,836,924,969,1003],[182,183,184,185,186,187,188,189,190,191,192,193,194,195,196,197,198,199,200,201,202,203,204,205,206,207,208,209,210,211,212,213,214,215,216,217,218,219,220,221,222]]
[(-38.3833, 22.2237, 22.8826)/17] => [[63,96,98,155,234,273,382,388,433,489,574,603,662,678,712,728,836,882,904,924],[161,162,163,164,165,166,167,168,169,170,171,172,173,174,175,176,177,178,179,180,181,182,183,184,185,186,187,188,189,190,191,192,193,194,195,196,197,198,199,200,201]]
[(-50.4828, 48.4749, 25.0879)/13] => [[127,155,226,273,336,341,351,382,493,531,603,637,662,678,706,715,773,836,882,958],[121,122,123,124,125,126,127,128,129,130,131,132,133,134,135,136,137,138,139,140,141,142,143,144,145,146,147,148,149,150,151,152,153,154,155,156,157,158,159,160,161]]
[(46.0226, -4.5017, 25.2455)/14] => [[5,17,117,204,276,304,328,390,406,421,577,587,635,732,774,885,896,899,913,964],[131,132,133,134,135,136,137,138,139,140,141,142,143,144,145,146,147,148,149,150,151,152,153,154,155,156,157,158,159,160,161,162,163,164,165,166,167,168,169,170,171]]
[(-2.6624, 22.2237, 32.9254)/17] => [[5,17,96,98,117,234,276,304,388,390,489,567,574,691,712,728,735,836,904,924],[161,162,163,164,165,166,167,168,169,170,171,172,173,174,175,176,177,178,179,180,181,182,183,184,185,186,187,188,189,190,191,192,193,194,195,196,197,198,199,200,201]]
