[(-23.2284, -22.7055, -0.2192)/16] => [[69,71,74,96,99,234,243,276,388,396,489,688,696,703,712,776,924,950,1012],[151,152,153,154,155,156,157,158,159,160,161,162,163,164,165,166,167,168,169,170,171,172,173,174,175,176,177,178,179,180,181,182,183,184,185,186,187,188,189,190,191]]
[(18.3768, 17.6182, 7.1731)/17] => [[17,71,74,117,204,231,234,276,339,388,489,542,567,575,703,709,712,924,969,987],[161,162,163,164,165,166,167,168,169,170,171,172,173,174,175,176,177,178,179,180,181,182,183,184,185,186,187,188,189,190,191,192,193,194,195,196,197,198,199,200,201]]
[(-61.1608, -59.4696, 7.9682)/13] => [[1,69,118,311,333,354,396,493,603,639,651,664,669,696,734,803,808,924,981],[121,122,123,124,125,126,127,128,129,130,131,132,133,134,135,136,137,138,139,140,141,142,143,144,145,146,147,148,149,150,151,152,153,154,155,156,157,158,159,160,161]]
[(-45.6919, -22.7055, 11.3168)/19] => [[37,41,63,69,96,232,273,311,388,396,433,489,493,639,651,688,696,751,924,1012],[182,183,184,185,186,187,188,189,190,191,192,193,194,195,196,197,198,199,200,201,202,203,204,205,206,207,208,209,210,211,212,213,214,215,216,217,218,219,220,221,222]]
[(-23.2284, -44.4225, 11.3290)/19] => [[37,69,71,99,141,234,243,246,254,396,577,582,669,688,696,789,808,868,898,1012],[182,183,184,185,186,187,188,189,190,191,192,193,194,195,196,197,198,199,200,201,202,203,204,205,206,207,208,209,210,211,212,213,214,215,216,217,218,219,220,221,222]]
[(-4.6032, -22.7055, 12.1477)/19] => [[69,71,88,96,99,204,234,243,276,339,388,489,577,688,708,712,858,924,1012,1014],[182,183,184,185,186,187,188,189,190,191,192,193,194,195,196,197,198,199,200,201,202,203,204,205,206,207,208,209,210,211,212,213,214,215,216,217,218,219,220,221,222]]
[(-23.2284, -4.6612, 12.1494)/20] => [[17,63,69,71,96,117,234,243,276,388,396,489,574,577,662,678,696,709,712,924],[192,193,194,195,196,197,198,199,200,201,202,203,204,205,206,207,208,209,210,211,212,213,214,215,216,217,218,219,220,221,222,223,224,225,226,227,228,229,230,231,232]]
[(-11.4328, -34.1377, 13.6262)/15] => [[69,71,96,99,141,204,225,243,254,339,387,396,489,577,582,696,712,722,858,1012],[141,142,143,144,145,146,147,148,149,150,151,152,153,154,155,156,157,158,159,160,161,162,163,164,165,166,167,168,169,170,171,172,173,174,175,176,177,178,179,180,181]]
[(-34.9520, -11.3430, 13.6418)/18] => [[63,69,71,96,99,234,243,311,388,396,433,489,493,662,678,696,712,836,924,1012],[171,172,173,174,175,176,177,178,179,180,181,182,183,184,185,186,187,188,189,190,191,192,193,194,195,196,197,198,199,200,201,202,203,204,205,206,207,208,209,210,211]]
[(35.0909, 33.8177, 16.1790)/17] => [[5,17,117,240,276,304,328,567,575,593,635,709,712,732,774,780,835,969,1003],[161,162,163,164,165,166,167,168,169,170,171,172,173,174,175,176,177,178,179,180,181,182,183,184,185,186,187,188,189,190,191,192,193,194,195,196,197,198,199,200,201]]
[(35.7413, 34.4479, 16.1791)/17] => [[5,17,117,240,276,304,328,567,575,593,635,709,712,732,774,780,835,969,1003],[161,162,163,164,165,166,167,168,169,170,171,172,173,174,175,176,177,178,179,180,181,182,183,184,185,186,187,188,189,190,191,192,193,194,195,196,197,198,199,200,201]]
[(38.2934, 36.9213, 16.1793)/16] => [[5,17,117,240,276,304,328,567,575,593,635,709,712,732,774,780,835,969,1003],[151,152,153,154,155,156,157,158,159,160,161,162,163,164,165,166,167,168,169,170,171,172,173,174,175,176,177,178,179,180,181,182,183,184,185,186,187,188,189,190,191]]
[(38.5619, 37.1815, 16.1795)/16] => [[5,17,117,240,276,304,328,567,575,593,635,709,712,732,774,780,835,969,1003],[151,152,153,154,155,156,157,158,159,160,161,162,163,164,165,166,167,168,169,170,171,172,173,174,175,176,177,178,179,180,181,182,183,184,185,186,187,188,189,190,191]]
[(-11.3151, -34.2518, 16.1796)/17] => [[69,71,96,99,141,204,225,243,254,339,387,396,489,577,582,696,712,722,858,1012],[161,162,163,164,165,166,167,168,169,170,171,172,173,174,175,176,177,178,179,180,181,182,183,184,185,186,187,188,189,190,191,192,193,194,195,196,197,198,199,200,201]]
[(-23.2284, -45.6406, 16.1796)/18] => [[37,69,71,99,141,234,243,246,254,396,577,582,669,688,696,789,808,868,898,1012],[171,172,173,174,175,176,177,178,179,180,181,182,183,184,185,186,187,188,189,190,191,192,193,194,195,196,197,198,199,200,201,202,203,204,205,206,207,208,209,210,211]]
[(-63.2884, -61.5315, 16.1796)/14] => [[1,118,311,354,378,396,493,603,620,639,651,664,669,710,734,789,803,808,924],[131,132,133,134,135,136,137,138,139,140,141,142,143,144,145,146,147,148,149,150,151,152,153,154,155,156,157,158,159,160,161,162,163,164,165,166,167,168,169,170,171]]
[(-46.9924, -22.7055, 16.1796)/19] => [[37,41,63,69,96,232,273,311,388,396,433,489,493,639,651,688,696,751,924,1012],[182,183,184,185,186,187,188,189,190,191,192,193,194,195,196,197,198,199,200,201,202,203,204,205,206,207,208,209,210,211,212,213,214,215,216,217,218,219,220,221,222]]
[(-4.0116, -22.7055, 16.1796)/19] => [[69,71,88,96,99,204,234,243,276,339,388,489,577,688,708,712,858,924,1012,1014],[182,183,184,185,186,187,188,189,190,191,192,193,194,195,196,197,198,199,200,201,202,203,204,205,206,207,208,209,210,211,212,213,214,215,216,217,218,219,220,221,222]]
[(38.7909, 37.4035, 16.1796)/18] => [[5,17,117,240,276,304,328,567,575,593,635,709,712,732,774,780,835,969,1003],[171,172,173,174,175,176,177,178,179,180,181,182,183,184,185,186,187,188,189,190,191,192,193,194,195,196,197,198,199,200,201,202,203,204,205,206,207,208,209,210,211]]
[(-23.2284, -4.0436, 16.1796)/18] => [[17,63,69,71,96,117,234,243,276,388,396,489,574,577,662,678,696,709,712,924],[171,172,173,174,175,176,177,178,179,180,181,182,183,184,185,186,187,188,189,190,191,192,193,194,195,196,197,198,199,200,201,202,203,204,205,206,207,208,209,210,211]]
[(-35.1324, -11.1683, 16.1796)/17] => [[63,69,71,96,99,234,243,311,388,396,433,489,493,662,678,696,712,836,924,1012],[161,162,163,164,165,166,167,168,169,170,171,172,173,174,175,176,177,178,179,180,181,182,183,184,185,186,187,188,189,190,191,192,193,194,195,196,197,198,199,200,201]]
[(-11.4345, -34.1362, 18.7327)/17] => [[69,71,96,99,141,204,225,243,254,339,387,396,489,577,582,696,712,722,858,1012],[161,162,163,164,165,166,167,168,169,170,171,172,173,174,175,176,177,178,179,180,181,182,183,184,185,186,187,188,189,190,191,192,193,194,195,196,197,198,199,200,201]]
[(-35.0399, -11.2579, 18.7365)/17] => [[63,69,71,96,99,234,243,311,388,396,433,489,493,662,678,696,712,836,924,1012],[161,162,163,164,165,166,167,168,169,170,171,172,173,174,175,176,177,178,179,180,181,182,183,184,185,186,187,188,189,190,191,192,193,194,195,196,197,198,199,200,201]]
[(-23.2284, -4.9168, 20.1529)/19] => [[17,63,69,96,117,234,243,276,388,396,489,574,577,662,678,696,712,882,904,924],[182,183,184,185,186,187,188,189,190,191,192,193,194,195,196,197,198,199,200,201,202,203,204,205,206,207,208,209,210,211,212,213,214,215,216,217,218,219,220,221,222]]
[(-4.8293, -22.7055, 20.1626)/19] => [[69,96,99,204,234,243,276,388,390,489,577,691,708,712,858,900,904,924,1012,1014],[182,183,184,185,186,187,188,189,190,191,192,193,194,195,196,197,198,199,200,201,202,203,204,205,206,207,208,209,210,211,212,213,214,215,216,217,218,219,220,221,222]]
[(-23.2284, -44.7914, 21.1126)/18] => [[37,69,99,195,234,243,246,396,577,582,669,688,696,789,790,808,868,898,900,1012],[171,172,173,174,175,176,177,178,179,180,181,182,183,184,185,186,187,188,189,190,191,192,193,194,195,196,197,198,199,200,201,202,203,204,205,206,207,208,209,210,211]]
[(-46.1929, -22.7055, 21.1508)/15] => [[63,69,96,208,273,311,388,396,433,489,493,651,688,696,751,882,900,904,924,1012],[141,142,143,144,145,146,147,148,149,150,151,152,153,154,155,156,157,158,159,160,161,162,163,164,165,166,167,168,169,170,171,172,173,174,175,176,177,178,179,180,181]]
[(-62.0826, -60.3630, 24.5906)/11] => [[1,118,216,303,311,354,396,493,620,651,664,669,710,734,789,799,803,808,900,924],[101,102,103,104,105,106,107,108,109,110,111,112,113,114,115,116,117,118,119,120,121,122,123,124,125,126,127,128,129,130,131,132,133,134,135,136,137,138,139,140,141]]
[(17.0775, 16.3590, 24.9048)/15] => [[5,17,117,204,234,276,304,388,390,489,567,574,577,709,712,836,896,904,924,969],[141,142,143,144,145,146,147,148,149,150,151,152,153,154,155,156,157,158,159,160,161,162,163,164,165,166,167,168,169,170,171,172,173,174,175,176,177,178,179,180,181]]
[(-23.2284, -22.7055, 32.7336)/19] => [[37,63,69,96,99,234,243,276,388,396,471,489,577,691,712,882,900,904,924,1012],[182,183,184,185,186,187,188,189,190,191,192,193,194,195,196,197,198,199,200,201,202,203,204,205,206,207,208,209,210,211,212,213,214,215,216,217,218,219,220,221,222]]
