[(28.5711, 134.9079, 1.0772)/17] => [[40,88,289,301,307,329,338,351,402,466,496,508,580,619,693,822,867,941,951,991],[161,162,163,164,165,166,167,168,169,170,171,172,173,174,175,176,177,178,179,180,181,182,183,184,185,186,187,188,189,190,191,192,193,194,195,196,197,198,199,200,201]]
[(94.0665, 106.9306, 3.8404)/17] => [[5,39,129,178,179,209,253,350,540,567,571,579,615,686,714,756,794,859,969,997],[161,162,163,164,165,166,167,168,169,170,171,172,173,174,175,176,177,178,179,180,181,182,183,184,185,186,187,188,189,190,191,192,193,194,195,196,197,198,199,200,201]]
[(28.5711, -12.6728, 4.9839)/20] => [[71,74,88,99,117,204,234,243,276,328,339,388,489,542,712,753,776,924,987,988],[192,193,194,195,196,197,198,199,200,201,202,203,204,205,206,207,208,209,210,211,212,213,214,215,216,217,218,219,220,221,222,223,224,225,226,227,228,229,230,231,232]]
[(-21.7233, -104.5170, 6.5820)/16] => [[44,58,105,300,305,354,428,452,478,546,612,620,664,667,669,685,710,748,828,978],[151,152,153,154,155,156,157,158,159,160,161,162,163,164,165,166,167,168,169,170,171,172,173,174,175,176,177,178,179,180,181,182,183,184,185,186,187,188,189,190,191]]
[(28.5711, -59.2831, 11.0497)/15] => [[14,71,88,99,204,225,254,321,387,478,577,685,695,708,722,753,858,907,920,950],[141,142,143,144,145,146,147,148,149,150,151,152,153,154,155,156,157,158,159,160,161,162,163,164,165,166,167,168,169,170,171,172,173,174,175,176,177,178,179,180,181]]
[(45.3064, -12.6728, 12.6349)/13] => [[68,88,89,117,204,276,328,339,396,406,421,466,577,635,732,753,913,950,964,988],[121,122,123,124,125,126,127,128,129,130,131,132,133,134,135,136,137,138,139,140,141,142,143,144,145,146,147,148,149,150,151,152,153,154,155,156,157,158,159,160,161]]
[(14.2552, -12.6728, 13.0713)/15] => [[68,71,88,99,117,204,234,243,276,328,339,388,489,577,688,712,753,836,924,1012],[141,142,143,144,145,146,147,148,149,150,151,152,153,154,155,156,157,158,159,160,161,162,163,164,165,166,167,168,169,170,171,172,173,174,175,176,177,178,179,180,181]]
[(38.9326, -31.5941, 13.7845)/15] => [[71,88,99,204,225,234,243,254,339,387,577,695,708,712,722,753,805,858,930,988],[141,142,143,144,145,146,147,148,149,150,151,152,153,154,155,156,157,158,159,160,161,162,163,164,165,166,167,168,169,170,171,172,173,174,175,176,177,178,179,180,181]]
[(20.6851, 1.7281, 14.2310)/15] => [[5,17,71,88,117,204,234,243,276,304,328,339,388,489,574,577,709,712,774,924],[141,142,143,144,145,146,147,148,149,150,151,152,153,154,155,156,157,158,159,160,161,162,163,164,165,166,167,168,169,170,171,172,173,174,175,176,177,178,179,180,181]]
[(-31.6043, -122.5613, 15.6533)/15] => [[44,58,72,105,189,234,285,298,305,312,612,620,661,695,710,751,778,882,924,978],[141,142,143,144,145,146,147,148,149,150,151,152,153,154,155,156,157,158,159,160,161,162,163,164,165,166,167,168,169,170,171,172,173,174,175,176,177,178,179,180,181]]
[(28.5711, -61.5688, 15.6533)/16] => [[14,88,99,225,243,254,287,321,387,478,664,685,695,708,722,753,858,907,920,950],[151,152,153,154,155,156,157,158,159,160,161,162,163,164,165,166,167,168,169,170,171,172,173,174,175,176,177,178,179,180,181,182,183,184,185,186,187,188,189,190,191]]
[(20.6475, 1.7967, 15.6533)/13] => [[5,17,71,88,117,204,234,243,276,304,328,339,388,489,574,577,709,712,774,924],[121,122,123,124,125,126,127,128,129,130,131,132,133,134,135,136,137,138,139,140,141,142,143,144,145,146,147,148,149,150,151,152,153,154,155,156,157,158,159,160,161]]
[(14.0192, -12.6728, 15.6533)/13] => [[68,71,88,99,117,204,234,243,276,328,339,388,489,577,688,712,753,836,924,1012],[121,122,123,124,125,126,127,128,129,130,131,132,133,134,135,136,137,138,139,140,141,142,143,144,145,146,147,148,149,150,151,152,153,154,155,156,157,158,159,160,161]]
[(45.8833, -12.6728, 15.6533)/15] => [[68,88,89,117,204,276,328,339,396,406,421,466,577,635,732,753,913,950,964,988],[141,142,143,144,145,146,147,148,149,150,151,152,153,154,155,156,157,158,159,160,161,162,163,164,165,166,167,168,169,170,171,172,173,174,175,176,177,178,179,180,181]]
[(39.0548, -31.8176, 15.6533)/15] => [[71,88,99,204,225,234,243,254,339,387,577,695,708,712,722,753,805,858,930,988],[141,142,143,144,145,146,147,148,149,150,151,152,153,154,155,156,157,158,159,160,161,162,163,164,165,166,167,168,169,170,171,172,173,174,175,176,177,178,179,180,181]]
[(98.3975, 114.8396, 15.6533)/18] => [[5,39,178,209,253,350,450,540,567,579,615,628,714,756,794,859,964,965,969,997],[171,172,173,174,175,176,177,178,179,180,181,182,183,184,185,186,187,188,189,190,191,192,193,194,195,196,197,198,199,200,201,202,203,204,205,206,207,208,209,210,211]]
[(28.5711, 143.4399, 15.6534)/16] => [[40,311,329,338,351,377,402,406,407,466,508,541,619,693,749,762,822,941,951,981],[151,152,153,154,155,156,157,158,159,160,161,162,163,164,165,166,167,168,169,170,171,172,173,174,175,176,177,178,179,180,181,182,183,184,185,186,187,188,189,190,191]]
[(20.6718, 1.7525, 17.0780)/17] => [[5,17,71,88,117,204,234,243,276,304,328,339,388,489,574,577,709,712,774,924],[161,162,163,164,165,166,167,168,169,170,171,172,173,174,175,176,177,178,179,180,181,182,183,184,185,186,187,188,189,190,191,192,193,194,195,196,197,198,199,200,201]]
[(39.0547, -31.8173, 17.5441)/14] => [[71,88,99,204,225,234,243,254,339,387,577,695,708,712,722,753,805,858,930,988],[131,132,133,134,135,136,137,138,139,140,141,142,143,144,145,146,147,148,149,150,151,152,153,154,155,156,157,158,159,160,161,162,163,164,165,166,167,168,169,170,171]]
[(14.3339, -12.6728, 18.2212)/16] => [[68,71,88,99,117,204,234,243,276,328,339,388,489,577,688,712,753,836,924,1012],[151,152,153,154,155,156,157,158,159,160,161,162,163,164,165,166,167,168,169,170,171,172,173,174,175,176,177,178,179,180,181,182,183,184,185,186,187,188,189,190,191]]
[(28.5711, 18.4673, 18.7289)/13] => [[17,71,117,204,234,276,304,339,388,489,567,574,575,577,709,712,774,924,969],[121,122,123,124,125,126,127,128,129,130,131,132,133,134,135,136,137,138,139,140,141,142,143,144,145,146,147,148,149,150,151,152,153,154,155,156,157,158,159,160,161]]
[(45.6680, -12.6728, 18.7369)/15] => [[68,88,89,117,204,276,328,339,396,406,421,466,577,635,732,753,913,950,964,988],[141,142,143,144,145,146,147,148,149,150,151,152,153,154,155,156,157,158,159,160,161,162,163,164,165,166,167,168,169,170,171,172,173,174,175,176,177,178,179,180,181]]
[(28.5711, -60.1216, 20.3397)/14] => [[14,99,225,243,287,321,387,478,664,685,703,708,722,753,805,858,859,907,920,950],[131,132,133,134,135,136,137,138,139,140,141,142,143,144,145,146,147,148,149,150,151,152,153,154,155,156,157,158,159,160,161,162,163,164,165,166,167,168,169,170,171]]
[(-17.8474, -97.4392, 24.0254)/15] => [[21,58,225,287,305,387,478,582,612,620,664,667,669,685,710,722,789,882,920,978],[141,142,143,144,145,146,147,148,149,150,151,152,153,154,155,156,157,158,159,160,161,162,163,164,165,166,167,168,169,170,171,172,173,174,175,176,177,178,179,180,181]]
[(28.5711, -12.6728, 26.4797)/19] => [[99,117,204,234,243,276,328,388,390,421,489,577,688,691,712,753,872,896,904,924],[182,183,184,185,186,187,188,189,190,191,192,193,194,195,196,197,198,199,200,201,202,203,204,205,206,207,208,209,210,211,212,213,214,215,216,217,218,219,220,221,222]]
[(98.5257, 115.0738, 28.2705)/8] => [[5,39,63,209,253,350,450,540,567,579,615,628,714,770,779,794,955,956,965,969],[71,72,73,74,75,76,77,78,79,80,81,82,83,84,85,86,87,88,89,90,91,92,93,94,95,96,97,98,99,100,101,102,103,104,105,106,107,108,109,110,111]]
[(28.5713, 129.8138, 29.7262)/15] => [[40,82,148,307,311,329,332,402,406,466,608,619,684,693,749,760,941,951,958,991],[141,142,143,144,145,146,147,148,149,150,151,152,153,154,155,156,157,158,159,160,161,162,163,164,165,166,167,168,169,170,171,172,173,174,175,176,177,178,179,180,181]]
[(28.5711, 129.8180, 29.7268)/14] => [[40,82,148,307,311,329,332,402,406,466,608,619,684,693,749,760,941,951,958,991],[131,132,133,134,135,136,137,138,139,140,141,142,143,144,145,146,147,148,149,150,151,152,153,154,155,156,157,158,159,160,161,162,163,164,165,166,167,168,169,170,171]]
