[(2.3853, -88.1744, 2.1865)/19] => [[141,225,254,287,300,305,321,452,478,494,546,582,646,664,667,685,708,722,858,950],[182,183,184,185,186,187,188,189,190,191,192,193,194,195,196,197,198,199,200,201,202,203,204,205,206,207,208,209,210,211,212,213,214,215,216,217,218,219,220,221,222]]
[(2.3853, -21.5720, 4.2756)/22] => [[69,71,74,88,96,99,204,243,276,339,388,489,542,703,708,712,858,924,950,1012],[212,213,214,215,216,217,218,219,220,221,222,223,224,225,226,227,228,229,230,231,232,233,234,235,236,237,238,239,240,241,242,243,244,245,246,247,248,249,250,251,252]]
[(-33.0764, -21.5720, 5.8650)/15] => [[69,71,74,96,99,234,243,273,311,388,396,433,489,493,696,703,712,776,924,1012],[141,142,143,144,145,146,147,148,149,150,151,152,153,154,155,156,157,158,159,160,161,162,163,164,165,166,167,168,169,170,171,172,173,174,175,176,177,178,179,180,181]]
[(-27.2124, -63.7526, 7.7785)/20] => [[99,141,243,254,300,354,396,452,478,546,582,620,664,669,685,710,808,924,950,1012],[192,193,194,195,196,197,198,199,200,201,202,203,204,205,206,207,208,209,210,211,212,213,214,215,216,217,218,219,220,221,222,223,224,225,226,227,228,229,230,231,232]]
[(-25.6552, 18.3893, 8.2867)/16] => [[17,69,71,74,96,117,155,231,234,276,388,489,574,678,696,703,709,712,924,946],[151,152,153,154,155,156,157,158,159,160,161,162,163,164,165,166,167,168,169,170,171,172,173,174,175,176,177,178,179,180,181,182,183,184,185,186,187,188,189,190,191]]
[(30.0140, -21.5720, 8.4211)/22] => [[71,88,99,204,234,243,276,339,466,542,708,712,732,753,776,805,858,930,950,988],[212,213,214,215,216,217,218,219,220,221,222,223,224,225,226,227,228,229,230,231,232,233,234,235,236,237,238,239,240,241,242,243,244,245,246,247,248,249,250,251,252]]
[(29.7823, -60.6164, 8.4966)/19] => [[14,88,99,225,243,254,287,321,478,646,664,685,695,708,722,753,858,930,950],[182,183,184,185,186,187,188,189,190,191,192,193,194,195,196,197,198,199,200,201,202,203,204,205,206,207,208,209,210,211,212,213,214,215,216,217,218,219,220,221,222]]
[(2.3853, -6.1006, 13.8943)/20] => [[17,69,71,88,96,117,204,234,243,276,304,339,388,489,574,577,678,709,712,924],[192,193,194,195,196,197,198,199,200,201,202,203,204,205,206,207,208,209,210,211,212,213,214,215,216,217,218,219,220,221,222,223,224,225,226,227,228,229,230,231,232]]
[(11.6192, -8.4124, 14.4237)/19] => [[5,17,71,88,117,204,234,243,276,304,328,339,388,489,574,577,709,712,836,924],[182,183,184,185,186,187,188,189,190,191,192,193,194,195,196,197,198,199,200,201,202,203,204,205,206,207,208,209,210,211,212,213,214,215,216,217,218,219,220,221,222]]
[(-35.5205, 32.4486, 17.4369)/18] => [[63,96,98,155,388,433,489,574,593,603,637,662,678,709,712,728,924,946,958,1003],[171,172,173,174,175,176,177,178,179,180,181,182,183,184,185,186,187,188,189,190,191,192,193,194,195,196,197,198,199,200,201,202,203,204,205,206,207,208,209,210,211]]
[(30.4810, -61.6120, 17.4369)/19] => [[14,88,99,225,243,254,287,321,387,478,524,664,695,708,722,753,858,907,920,950],[182,183,184,185,186,187,188,189,190,191,192,193,194,195,196,197,198,199,200,201,202,203,204,205,206,207,208,209,210,211,212,213,214,215,216,217,218,219,220,221,222]]
[(2.3853, -87.6380, 17.4369)/18] => [[141,225,254,287,300,305,321,387,452,478,546,582,646,664,667,685,708,722,858,920],[171,172,173,174,175,176,177,178,179,180,181,182,183,184,185,186,187,188,189,190,191,192,193,194,195,196,197,198,199,200,201,202,203,204,205,206,207,208,209,210,211]]
[(2.3853, -6.0213, 17.4369)/22] => [[17,69,71,88,96,117,204,234,243,276,304,339,388,489,574,577,678,709,712,924],[212,213,214,215,216,217,218,219,220,221,222,223,224,225,226,227,228,229,230,231,232,233,234,235,236,237,238,239,240,241,242,243,244,245,246,247,248,249,250,251,252]]
[(11.2339, -8.9616, 17.4369)/20] => [[5,17,71,88,117,204,234,243,276,304,328,339,388,489,574,577,709,712,836,924],[192,193,194,195,196,197,198,199,200,201,202,203,204,205,206,207,208,209,210,211,212,213,214,215,216,217,218,219,220,221,222,223,224,225,226,227,228,229,230,231,232]]
[(-36.0901, -21.5720, 17.4369)/14] => [[63,69,71,96,99,234,243,273,311,388,396,433,489,493,645,688,696,712,924,1012],[131,132,133,134,135,136,137,138,139,140,141,142,143,144,145,146,147,148,149,150,151,152,153,154,155,156,157,158,159,160,161,162,163,164,165,166,167,168,169,170,171]]
[(38.0241, -21.5720, 17.4369)/16] => [[71,88,99,204,234,243,276,339,421,466,577,708,712,732,753,805,858,930,988,1014],[151,152,153,154,155,156,157,158,159,160,161,162,163,164,165,166,167,168,169,170,171,172,173,174,175,176,177,178,179,180,181,182,183,184,185,186,187,188,189,190,191]]
[(-27.8130, -64.6085, 17.4369)/18] => [[99,141,243,254,300,354,396,452,478,546,582,620,664,669,685,710,789,808,920,1012],[171,172,173,174,175,176,177,178,179,180,181,182,183,184,185,186,187,188,189,190,191,192,193,194,195,196,197,198,199,200,201,202,203,204,205,206,207,208,209,210,211]]
[(10.9937, -9.3039, 20.2460)/20] => [[5,17,117,204,234,243,276,304,328,388,390,489,574,577,691,712,836,896,904,924],[192,193,194,195,196,197,198,199,200,201,202,203,204,205,206,207,208,209,210,211,212,213,214,215,216,217,218,219,220,221,222,223,224,225,226,227,228,229,230,231,232]]
[(2.3853, -5.7618, 21.0571)/22] => [[5,17,69,96,117,204,234,243,276,304,388,390,489,574,577,678,712,836,904,924],[212,213,214,215,216,217,218,219,220,221,222,223,224,225,226,227,228,229,230,231,232,233,234,235,236,237,238,239,240,241,242,243,244,245,246,247,248,249,250,251,252]]
[(-22.5951, -57.1723, 25.5886)/17] => [[37,69,99,174,195,243,246,354,396,478,577,582,669,685,696,789,808,900,920,1012],[161,162,163,164,165,166,167,168,169,170,171,172,173,174,175,176,177,178,179,180,181,182,183,184,185,186,187,188,189,190,191,192,193,194,195,196,197,198,199,200,201]]
[(29.2853, -59.9081, 26.2150)/19] => [[14,99,204,225,243,321,387,478,577,685,703,708,722,753,805,858,859,907,920,950],[182,183,184,185,186,187,188,189,190,191,192,193,194,195,196,197,198,199,200,201,202,203,204,205,206,207,208,209,210,211,212,213,214,215,216,217,218,219,220,221,222]]
[(-25.7927, 18.5853, 26.6320)/18] => [[17,63,69,96,117,155,234,276,382,388,489,574,577,662,678,696,712,882,904,924],[171,172,173,174,175,176,177,178,179,180,181,182,183,184,185,186,187,188,189,190,191,192,193,194,195,196,197,198,199,200,201,202,203,204,205,206,207,208,209,210,211]]
[(-26.0192, -21.5720, 26.7059)/17] => [[63,69,96,99,234,243,276,388,396,489,577,688,691,696,712,882,900,904,924,1012],[161,162,163,164,165,166,167,168,169,170,171,172,173,174,175,176,177,178,179,180,181,182,183,184,185,186,187,188,189,190,191,192,193,194,195,196,197,198,199,200,201]]
[(34.9884, -21.5720, 28.0761)/16] => [[99,195,204,234,243,276,390,421,577,691,703,708,712,732,753,805,858,885,896,1014],[151,152,153,154,155,156,157,158,159,160,161,162,163,164,165,166,167,168,169,170,171,172,173,174,175,176,177,178,179,180,181,182,183,184,185,186,187,188,189,190,191]]
[(2.3853, -21.5720, 35.0198)/24] => [[69,96,99,204,234,243,276,388,390,489,533,577,691,708,712,900,904,924,1012,1014],[232,233,234,235,236,237,238,239,240,241,242,243,244,245,246,247,248,249,250,251,252,253,254,255,256,257,258,259,260,261,262,263,264,265,266,267,268,269,270,271,272]]
