[(29.5499, -36.6058, 0.2316)/19] => [[71,74,88,99,204,225,234,243,254,339,489,542,695,708,712,722,753,858,930,950],[182,183,184,185,186,187,188,189,190,191,192,193,194,195,196,197,198,199,200,201,202,203,204,205,206,207,208,209,210,211,212,213,214,215,216,217,218,219,220,221,222]]
[(105.5567, -36.6058, 4.9315)/20] => [[26,106,115,172,224,231,317,349,396,409,503,789,817,881,890,912,954,955,964,979],[192,193,194,195,196,197,198,199,200,201,202,203,204,205,206,207,208,209,210,211,212,213,214,215,216,217,218,219,220,221,222,223,224,225,226,227,228,229,230,231,232]]
[(-33.9153, -86.2839, 7.1009)/19] => [[44,58,141,300,305,354,478,546,582,612,620,669,685,710,778,804,808,924,981],[182,183,184,185,186,187,188,189,190,191,192,193,194,195,196,197,198,199,200,201,202,203,204,205,206,207,208,209,210,211,212,213,214,215,216,217,218,219,220,221,222]]
[(29.5499, -76.0479, 9.3629)/19] => [[14,99,225,254,287,321,478,646,664,685,695,708,722,753,805,858,930,950,988],[182,183,184,185,186,187,188,189,190,191,192,193,194,195,196,197,198,199,200,201,202,203,204,205,206,207,208,209,210,211,212,213,214,215,216,217,218,219,220,221,222]]
[(79.7095, -75.8690, 9.4025)/19] => [[14,43,373,394,426,489,503,695,753,774,775,805,842,910,930,950,958,963,971,988],[182,183,184,185,186,187,188,189,190,191,192,193,194,195,196,197,198,199,200,201,202,203,204,205,206,207,208,209,210,211,212,213,214,215,216,217,218,219,220,221,222]]
[(29.5499, -0.0031, 9.9904)/19] => [[17,71,74,88,117,204,234,243,276,339,388,489,542,574,709,712,774,776,924,987],[182,183,184,185,186,187,188,189,190,191,192,193,194,195,196,197,198,199,200,201,202,203,204,205,206,207,208,209,210,211,212,213,214,215,216,217,218,219,220,221,222]]
[(76.2211, -0.0732, 10.0059)/19] => [[26,28,35,328,396,406,466,545,587,608,635,693,732,774,817,881,913,950,964,991],[182,183,184,185,186,187,188,189,190,191,192,193,194,195,196,197,198,199,200,201,202,203,204,205,206,207,208,209,210,211,212,213,214,215,216,217,218,219,220,221,222]]
[(14.4401, -36.6058, 15.4653)/22] => [[71,88,99,141,204,225,243,254,339,387,489,577,582,695,708,712,722,753,858,1012],[212,213,214,215,216,217,218,219,220,221,222,223,224,225,226,227,228,229,230,231,232,233,234,235,236,237,238,239,240,241,242,243,244,245,246,247,248,249,250,251,252]]
[(18.1316, -27.6680, 16.1038)/18] => [[71,88,99,204,234,243,276,339,388,421,489,577,688,708,712,753,858,924,1012,1014],[171,172,173,174,175,176,177,178,179,180,181,182,183,184,185,186,187,188,189,190,191,192,193,194,195,196,197,198,199,200,201,202,203,204,205,206,207,208,209,210,211]]
[(-50.0577, -98.9197, 18.0789)/21] => [[1,44,58,118,141,248,305,378,582,612,620,669,710,734,778,789,808,882,924,978],[202,203,204,205,206,207,208,209,210,211,212,213,214,215,216,217,218,219,220,221,222,223,224,225,226,227,228,229,230,231,232,233,234,235,236,237,238,239,240,241,242]]
[(29.5499, -33.0948, 18.0789)/23] => [[71,88,99,204,225,234,243,254,339,387,489,577,695,708,712,722,753,805,858,930],[222,223,224,225,226,227,228,229,230,231,232,233,234,235,236,237,238,239,240,241,242,243,244,245,246,247,248,249,250,251,252,253,254,255,256,257,258,259,260,261,262]]
[(80.5822, -76.5522, 18.0789)/21] => [[43,89,373,394,426,489,503,524,595,727,774,775,805,907,910,930,958,963,971,988],[202,203,204,205,206,207,208,209,210,211,212,213,214,215,216,217,218,219,220,221,222,223,224,225,226,227,228,229,230,231,232,233,234,235,236,237,238,239,240,241,242]]
[(29.5499, -79.7497, 18.0789)/18] => [[14,99,225,254,287,321,387,478,646,664,685,695,708,722,753,858,907,920,930,950],[171,172,173,174,175,176,177,178,179,180,181,182,183,184,185,186,187,188,189,190,191,192,193,194,195,196,197,198,199,200,201,202,203,204,205,206,207,208,209,210,211]]
[(29.5499, 3.0525, 18.0789)/16] => [[5,17,71,88,117,204,234,243,276,304,328,339,388,489,574,577,709,712,774,924],[151,152,153,154,155,156,157,158,159,160,161,162,163,164,165,166,167,168,169,170,171,172,173,174,175,176,177,178,179,180,181,182,183,184,185,186,187,188,189,190,191]]
[(77.0204, 0.5524, 18.0789)/18] => [[26,28,35,328,396,406,466,545,587,608,635,693,732,774,817,881,913,950,964,991],[171,172,173,174,175,176,177,178,179,180,181,182,183,184,185,186,187,188,189,190,191,192,193,194,195,196,197,198,199,200,201,202,203,204,205,206,207,208,209,210,211]]
[(18.2058, -27.7260, 18.0789)/21] => [[71,88,99,204,234,243,276,339,388,421,489,577,688,708,712,753,858,924,1012,1014],[202,203,204,205,206,207,208,209,210,211,212,213,214,215,216,217,218,219,220,221,222,223,224,225,226,227,228,229,230,231,232,233,234,235,236,237,238,239,240,241,242]]
[(14.5655, -36.6058, 18.0789)/22] => [[71,88,99,141,204,225,243,254,339,387,489,577,582,695,708,712,722,753,858,1012],[212,213,214,215,216,217,218,219,220,221,222,223,224,225,226,227,228,229,230,231,232,233,234,235,236,237,238,239,240,241,242,243,244,245,246,247,248,249,250,251,252]]
[(117.0661, -36.6058, 18.0789)/17] => [[26,94,107,115,184,231,317,499,503,519,753,817,830,843,881,890,954,955,979,991],[161,162,163,164,165,166,167,168,169,170,171,172,173,174,175,176,177,178,179,180,181,182,183,184,185,186,187,188,189,190,191,192,193,194,195,196,197,198,199,200,201]]
[(29.5549, -36.6058, 18.0798)/22] => [[71,88,99,204,225,234,243,254,339,387,489,577,695,708,712,722,753,805,858,930],[212,213,214,215,216,217,218,219,220,221,222,223,224,225,226,227,228,229,230,231,232,233,234,235,236,237,238,239,240,241,242,243,244,245,246,247,248,249,250,251,252]]
[(29.5499, -33.6952, 18.7221)/23] => [[71,88,99,204,225,234,243,254,339,387,489,577,695,708,712,722,753,805,858,930],[222,223,224,225,226,227,228,229,230,231,232,233,234,235,236,237,238,239,240,241,242,243,244,245,246,247,248,249,250,251,252,253,254,255,256,257,258,259,260,261,262]]
[(22.4781, -42.1414, 19.3021)/20] => [[71,88,99,204,225,234,243,254,321,339,387,577,646,695,708,722,753,858,930,950],[192,193,194,195,196,197,198,199,200,201,202,203,204,205,206,207,208,209,210,211,212,213,214,215,216,217,218,219,220,221,222,223,224,225,226,227,228,229,230,231,232]]
[(17.9871, -27.5551, 20.0790)/16] => [[99,204,234,243,276,388,390,489,577,691,703,708,712,753,858,896,904,924,1012,1014],[151,152,153,154,155,156,157,158,159,160,161,162,163,164,165,166,167,168,169,170,171,172,173,174,175,176,177,178,179,180,181,182,183,184,185,186,187,188,189,190,191]]
[(14.6641, -36.6058, 20.6538)/20] => [[99,204,225,234,243,387,390,489,577,582,691,703,708,712,722,753,858,904,1012,1014],[192,193,194,195,196,197,198,199,200,201,202,203,204,205,206,207,208,209,210,211,212,213,214,215,216,217,218,219,220,221,222,223,224,225,226,227,228,229,230,231,232]]
[(1.9076, -58.2432, 22.8603)/20] => [[37,69,99,174,204,225,243,321,387,478,577,582,685,708,722,858,900,920,1012,1014],[192,193,194,195,196,197,198,199,200,201,202,203,204,205,206,207,208,209,210,211,212,213,214,215,216,217,218,219,220,221,222,223,224,225,226,227,228,229,230,231,232]]
[(29.5499, -36.6058, 25.6856)/21] => [[99,204,225,234,243,387,390,489,577,688,691,703,708,712,722,753,805,858,904,1014],[202,203,204,205,206,207,208,209,210,211,212,213,214,215,216,217,218,219,220,221,222,223,224,225,226,227,228,229,230,231,232,233,234,235,236,237,238,239,240,241,242]]
[(75.7550, -0.4383, 26.0713)/20] => [[26,28,35,328,406,515,545,608,635,693,732,774,817,863,881,885,896,913,964,991],[192,193,194,195,196,197,198,199,200,201,202,203,204,205,206,207,208,209,210,211,212,213,214,215,216,217,218,219,220,221,222,223,224,225,226,227,228,229,230,231,232]]
[(29.5499, -0.3830, 26.0835)/19] => [[5,17,117,204,234,243,276,304,328,388,390,489,574,577,691,712,774,896,904,924],[182,183,184,185,186,187,188,189,190,191,192,193,194,195,196,197,198,199,200,201,202,203,204,205,206,207,208,209,210,211,212,213,214,215,216,217,218,219,220,221,222]]
[(29.5499, -75.4349, 26.6594)/17] => [[14,99,148,225,287,321,387,478,664,685,703,708,722,753,805,858,859,907,920,950],[161,162,163,164,165,166,167,168,169,170,171,172,173,174,175,176,177,178,179,180,181,182,183,184,185,186,187,188,189,190,191,192,193,194,195,196,197,198,199,200,201]]
[(79.8490, -75.9781, 26.7794)/20] => [[14,43,89,216,394,489,503,524,595,703,753,774,775,805,859,907,910,950,963,971],[192,193,194,195,196,197,198,199,200,201,202,203,204,205,206,207,208,209,210,211,212,213,214,215,216,217,218,219,220,221,222,223,224,225,226,227,228,229,230,231,232]]
[(-27.1566, -80.9937, 27.8878)/21] => [[58,216,246,305,354,478,546,582,612,620,664,667,669,685,710,748,789,808,882,920],[202,203,204,205,206,207,208,209,210,211,212,213,214,215,216,217,218,219,220,221,222,223,224,225,226,227,228,229,230,231,232,233,234,235,236,237,238,239,240,241,242]]
[(29.5499, -36.6058, 35.1811)/20] => [[99,204,225,234,243,387,390,489,533,577,649,675,691,703,708,712,722,743,805,904],[192,193,194,195,196,197,198,199,200,201,202,203,204,205,206,207,208,209,210,211,212,213,214,215,216,217,218,219,220,221,222,223,224,225,226,227,228,229,230,231,232]]
