[(5.9126, 11.5307, -0.4162)/22] => [[17,69,71,74,96,117,204,231,276,339,388,489,567,575,678,703,712,924,969,987],[212,213,214,215,216,217,218,219,220,221,222,223,224,225,226,227,228,229,230,231,232,233,234,235,236,237,238,239,240,241,242,243,244,245,246,247,248,249,250,251,252]]
[(5.9126, 58.2039, 15.4637)/20] => [[5,17,98,117,156,209,304,328,567,574,575,593,614,678,709,728,780,969,1003,1022],[192,193,194,195,196,197,198,199,200,201,202,203,204,205,206,207,208,209,210,211,212,213,214,215,216,217,218,219,220,221,222,223,224,225,226,227,228,229,230,231,232]]
[(-38.9900, 11.5307, 17.2790)/18] => [[63,69,71,96,155,234,273,388,433,489,574,603,662,678,696,709,712,836,924,946],[171,172,173,174,175,176,177,178,179,180,181,182,183,184,185,186,187,188,189,190,191,192,193,194,195,196,197,198,199,200,201,202,203,204,205,206,207,208,209,210,211]]
[(50.2031, 11.5307, 17.8792)/20] => [[5,68,114,204,304,328,339,396,567,571,575,614,635,693,709,732,774,964,969],[192,193,194,195,196,197,198,199,200,201,202,203,204,205,206,207,208,209,210,211,212,213,214,215,216,217,218,219,220,221,222,223,224,225,226,227,228,229,230,231,232]]
[(5.9126, -31.7795, 18.7676)/23] => [[69,71,88,96,99,141,204,225,243,254,339,387,489,577,582,708,712,722,858,1012],[222,223,224,225,226,227,228,229,230,231,232,233,234,235,236,237,238,239,240,241,242,243,244,245,246,247,248,249,250,251,252,253,254,255,256,257,258,259,260,261,262]]
[(-31.5517, 48.9307, 24.5738)/19] => [[98,155,273,382,388,574,593,603,637,662,674,678,728,836,882,924,936,958,987,1003],[182,183,184,185,186,187,188,189,190,191,192,193,194,195,196,197,198,199,200,201,202,203,204,205,206,207,208,209,210,211,212,213,214,215,216,217,218,219,220,221,222]]
[(43.1470, 48.7011, 24.7993)/19] => [[5,17,49,114,117,156,209,240,276,304,326,328,567,635,709,732,774,780,896,969],[182,183,184,185,186,187,188,189,190,191,192,193,194,195,196,197,198,199,200,201,202,203,204,205,206,207,208,209,210,211,212,213,214,215,216,217,218,219,220,221,222]]
[(-30.3073, -24.6269, 25.7942)/21] => [[63,69,96,99,234,243,273,311,388,396,433,489,493,696,712,882,900,904,924,1012],[202,203,204,205,206,207,208,209,210,211,212,213,214,215,216,217,218,219,220,221,222,223,224,225,226,227,228,229,230,231,232,233,234,235,236,237,238,239,240,241,242]]
[(41.0826, -23.5790, 26.8238)/22] => [[89,97,195,204,276,390,406,421,577,703,708,732,753,805,858,885,896,950,964,1014],[212,213,214,215,216,217,218,219,220,221,222,223,224,225,226,227,228,229,230,231,232,233,234,235,236,237,238,239,240,241,242,243,244,245,246,247,248,249,250,251,252]]
[(50.7717, -33.2516, 61.3154)/16] => [[89,172,225,387,390,402,451,467,469,515,533,617,649,675,703,743,784,830,885,999],[151,152,153,154,155,156,157,158,159,160,161,162,163,164,165,166,167,168,169,170,171,172,173,174,175,176,177,178,179,180,181,182,183,184,185,186,187,188,189,190,191]]
[(-39.5383, -33.8421, 61.3154)/19] => [[24,63,69,131,145,159,208,234,250,471,493,540,576,691,808,814,852,888,900,904],[182,183,184,185,186,187,188,189,190,191,192,193,194,195,196,197,198,199,200,201,202,203,204,205,206,207,208,209,210,211,212,213,214,215,216,217,218,219,220,221,222]]
[(5.9126, -52.5402, 61.3154)/22] => [[69,131,184,225,269,280,350,387,397,406,454,467,533,535,577,725,743,900,920,1014],[212,213,214,215,216,217,218,219,220,221,222,223,224,225,226,227,228,229,230,231,232,233,234,235,236,237,238,239,240,241,242,243,244,245,246,247,248,249,250,251,252]]
[(5.9126, 73.8777, 61.3155)/23] => [[87,98,163,209,316,394,421,472,567,572,574,614,650,674,736,746,780,796,936,987],[222,223,224,225,226,227,228,229,230,231,232,233,234,235,236,237,238,239,240,241,242,243,244,245,246,247,248,249,250,251,252,253,254,255,256,257,258,259,260,261,262]]
[(50.5091, 56.0505, 61.3155)/19] => [[49,162,187,209,304,326,354,394,528,567,572,574,614,709,773,838,909],[182,183,184,185,186,187,188,189,190,191,192,193,194,195,196,197,198,199,200,201,202,203,204,205,206,207,208,209,210,211,212,213,214,215,216,217,218,219,220,221,222]]
[(-38.4566, 55.8235, 61.3155)/19] => [[87,98,163,199,300,316,382,472,551,603,615,637,662,674,715,731,735,746,936,987],[182,183,184,185,186,187,188,189,190,191,192,193,194,195,196,197,198,199,200,201,202,203,204,205,206,207,208,209,210,211,212,213,214,215,216,217,218,219,220,221,222]]
[(-57.4359, 11.5307, 61.3155)/19] => [[24,63,69,131,145,250,303,382,471,508,540,576,603,615,662,773,816,832,882,888],[182,183,184,185,186,187,188,189,190,191,192,193,194,195,196,197,198,199,200,201,202,203,204,205,206,207,208,209,210,211,212,213,214,215,216,217,218,219,220,221,222]]
[(69.5459, 11.5307, 61.3155)/22] => [[5,172,187,354,374,390,451,469,515,567,571,574,614,649,709,725,732,773,860,896],[212,213,214,215,216,217,218,219,220,221,222,223,224,225,226,227,228,229,230,231,232,233,234,235,236,237,238,239,240,241,242,243,244,245,246,247,248,249,250,251,252]]
[(-30.0117, 47.3930, 96.5468)/22] => [[45,87,168,175,199,218,253,300,316,322,462,472,615,731,735,766,795,802,832,1007],[212,213,214,215,216,217,218,219,220,221,222,223,224,225,226,227,228,229,230,231,232,233,234,235,236,237,238,239,240,241,242,243,244,245,246,247,248,249,250,251,252]]
[(42.4302, -24.9241, 97.1286)/21] => [[65,160,163,172,210,212,374,397,451,454,467,469,533,535,617,644,649,765,784,913],[202,203,204,205,206,207,208,209,210,211,212,213,214,215,216,217,218,219,220,221,222,223,224,225,226,227,228,229,230,231,232,233,234,235,236,237,238,239,240,241,242]]
[(42.4637, 48.0190, 97.1615)/20] => [[27,37,69,182,187,204,349,389,394,488,528,572,700,710,773,835,839,909,931,945],[192,193,194,195,196,197,198,199,200,201,202,203,204,205,206,207,208,209,210,211,212,213,214,215,216,217,218,219,220,221,222,223,224,225,226,227,228,229,230,231,232]]
[(-31.0668, -25.3853, 97.5816)/21] => [[24,131,145,159,239,250,253,332,345,471,496,540,576,612,653,766,832,852,888,1007],[202,203,204,205,206,207,208,209,210,211,212,213,214,215,216,217,218,219,220,221,222,223,224,225,226,227,228,229,230,231,232,233,234,235,236,237,238,239,240,241,242]]
[(5.9126, 55.5805, 104.5901)/23] => [[45,69,168,175,204,218,244,296,297,316,394,418,466,551,572,574,700,746,802,931],[222,223,224,225,226,227,228,229,230,231,232,233,234,235,236,237,238,239,240,241,242,243,244,245,246,247,248,249,250,251,252,253,254,255,256,257,258,259,260,261,262]]
[(-38.6398, 11.5307, 105.0085)/20] => [[24,131,145,175,250,253,280,332,345,458,540,576,612,615,644,766,802,832,888,1007],[192,193,194,195,196,197,198,199,200,201,202,203,204,205,206,207,208,209,210,211,212,213,214,215,216,217,218,219,220,221,222,223,224,225,226,227,228,229,230,231,232]]
[(5.9126, -33.5980, 105.6499)/23] => [[65,131,145,160,172,239,250,332,345,397,454,464,467,535,612,698,707,814,888,913],[222,223,224,225,226,227,228,229,230,231,232,233,234,235,236,237,238,239,240,241,242,243,244,245,246,247,248,249,250,251,252,253,254,255,256,257,258,259,260,261,262]]
[(51.6873, 11.5307, 106.2072)/21] => [[37,134,160,172,187,204,210,263,354,389,451,469,488,536,574,698,765,773,807,839],[202,203,204,205,206,207,208,209,210,211,212,213,214,215,216,217,218,219,220,221,222,223,224,225,226,227,228,229,230,231,232,233,234,235,236,237,238,239,240,241,242]]
[(5.9126, 11.5307, 124.1557)/20] => [[88,131,160,204,253,332,342,345,525,535,536,612,698,712,733,766,779,802,838,963],[192,193,194,195,196,197,198,199,200,201,202,203,204,205,206,207,208,209,210,211,212,213,214,215,216,217,218,219,220,221,222,223,224,225,226,227,228,229,230,231,232]]
