[(19.6498, 10.8825, -0.3125)/21] => [[17,71,74,117,204,231,234,276,339,388,489,542,567,575,703,709,712,924,969,987],[202,203,204,205,206,207,208,209,210,211,212,213,214,215,216,217,218,219,220,221,222,223,224,225,226,227,228,229,230,231,232,233,234,235,236,237,238,239,240,241,242]]
[(53.9146, 10.8825, 12.8321)/18] => [[5,68,114,204,304,328,339,396,567,571,575,614,635,693,709,732,774,964,969],[171,172,173,174,175,176,177,178,179,180,181,182,183,184,185,186,187,188,189,190,191,192,193,194,195,196,197,198,199,200,201,202,203,204,205,206,207,208,209,210,211]]
[(-14.3796, 10.8825, 13.0654)/19] => [[17,69,71,96,117,204,234,276,304,339,388,489,574,575,577,662,678,696,712,924],[182,183,184,185,186,187,188,189,190,191,192,193,194,195,196,197,198,199,200,201,202,203,204,205,206,207,208,209,210,211,212,213,214,215,216,217,218,219,220,221,222]]
[(19.6498, -23.1116, 13.3823)/18] => [[71,88,99,204,234,243,276,339,388,421,489,577,688,708,712,753,858,924,1012,1014],[171,172,173,174,175,176,177,178,179,180,181,182,183,184,185,186,187,188,189,190,191,192,193,194,195,196,197,198,199,200,201,202,203,204,205,206,207,208,209,210,211]]
[(19.6498, 44.8703, 13.3887)/20] => [[5,17,98,117,156,209,276,304,328,388,567,574,575,593,709,728,780,924,969],[192,193,194,195,196,197,198,199,200,201,202,203,204,205,206,207,208,209,210,211,212,213,214,215,216,217,218,219,220,221,222,223,224,225,226,227,228,229,230,231,232]]
[(47.7720, 39.2418, 18.9245)/15] => [[5,17,114,117,240,276,304,326,328,567,575,635,709,732,774,780,835,964,969],[141,142,143,144,145,146,147,148,149,150,151,152,153,154,155,156,157,158,159,160,161,162,163,164,165,166,167,168,169,170,171,172,173,174,175,176,177,178,179,180,181]]
[(-8.3465, -17.3498, 19.0493)/12] => [[68,69,71,88,96,99,117,204,234,243,276,339,388,489,577,678,712,836,924,1012],[111,112,113,114,115,116,117,118,119,120,121,122,123,124,125,126,127,128,129,130,131,132,133,134,135,136,137,138,139,140,141,142,143,144,145,146,147,148,149,150,151]]
[(-8.0325, 38.7982, 19.3607)/21] => [[17,96,98,117,276,304,328,388,489,567,574,575,593,678,709,712,728,780,924,969],[202,203,204,205,206,207,208,209,210,211,212,213,214,215,216,217,218,219,220,221,222,223,224,225,226,227,228,229,230,231,232,233,234,235,236,237,238,239,240,241,242]]
[(47.2869, -16.9875, 19.4056)/19] => [[68,88,89,117,204,276,328,339,396,406,421,466,577,635,732,753,913,950,964,988],[182,183,184,185,186,187,188,189,190,191,192,193,194,195,196,197,198,199,200,201,202,203,204,205,206,207,208,209,210,211,212,213,214,215,216,217,218,219,220,221,222]]
[(-27.9900, 10.8825, 46.8169)/21] => [[17,24,63,69,96,234,276,382,388,471,489,577,615,662,712,735,882,888,904,924],[202,203,204,205,206,207,208,209,210,211,212,213,214,215,216,217,218,219,220,221,222,223,224,225,226,227,228,229,230,231,232,233,234,235,236,237,238,239,240,241,242]]
[(67.3459, 10.8825, 46.8169)/21] => [[5,172,374,390,515,567,571,608,614,649,693,709,725,732,773,774,860,896,913,964],[202,203,204,205,206,207,208,209,210,211,212,213,214,215,216,217,218,219,220,221,222,223,224,225,226,227,228,229,230,231,232,233,234,235,236,237,238,239,240,241,242]]
[(19.6498, 58.7497, 46.8169)/21] => [[5,17,87,98,156,163,209,304,472,567,572,574,614,662,674,709,735,780,936,987],[202,203,204,205,206,207,208,209,210,211,212,213,214,215,216,217,218,219,220,221,222,223,224,225,226,227,228,229,230,231,232,233,234,235,236,237,238,239,240,241,242]]
[(53.2832, 44.7994, 46.8169)/19] => [[5,49,156,209,304,326,528,567,571,572,606,614,693,709,732,773,774,835,839,896],[182,183,184,185,186,187,188,189,190,191,192,193,194,195,196,197,198,199,200,201,202,203,204,205,206,207,208,209,210,211,212,213,214,215,216,217,218,219,220,221,222]]
[(-14.0601, -23.1116, 46.8169)/21] => [[24,37,69,96,234,243,276,388,471,489,533,577,691,712,888,900,904,924,1012,1014],[202,203,204,205,206,207,208,209,210,211,212,213,214,215,216,217,218,219,220,221,222,223,224,225,226,227,228,229,230,231,232,233,234,235,236,237,238,239,240,241,242]]
[(53.3723, -23.1242, 46.8169)/19] => [[89,172,212,263,350,374,390,421,515,533,649,703,708,732,784,805,885,896,964,1014],[182,183,184,185,186,187,188,189,190,191,192,193,194,195,196,197,198,199,200,201,202,203,204,205,206,207,208,209,210,211,212,213,214,215,216,217,218,219,220,221,222]]
[(19.6498, -37.0512, 46.8169)/21] => [[172,225,234,243,350,387,390,489,533,577,691,703,708,712,722,725,743,904,1012,1014],[202,203,204,205,206,207,208,209,210,211,212,213,214,215,216,217,218,219,220,221,222,223,224,225,226,227,228,229,230,231,232,233,234,235,236,237,238,239,240,241,242]]
[(-14.1605, 44.9780, 46.8170)/21] => [[17,87,98,156,236,276,300,304,388,472,572,574,662,674,715,735,780,924,936,987],[202,203,204,205,206,207,208,209,210,211,212,213,214,215,216,217,218,219,220,221,222,223,224,225,226,227,228,229,230,231,232,233,234,235,236,237,238,239,240,241,242]]
[(47.2395, 38.7049, 74.1813)/21] => [[37,69,187,263,304,326,349,389,406,572,606,765,771,773,780,835,839,896,909,931],[202,203,204,205,206,207,208,209,210,211,212,213,214,215,216,217,218,219,220,221,222,223,224,225,226,227,228,229,230,231,232,233,234,235,236,237,238,239,240,241,242]]
[(-7.9712, 38.7365, 74.2125)/18] => [[69,87,145,168,175,218,236,304,332,572,674,691,735,766,771,780,832,888,904,931],[171,172,173,174,175,176,177,178,179,180,181,182,183,184,185,186,187,188,189,190,191,192,193,194,195,196,197,198,199,200,201,202,203,204,205,206,207,208,209,210,211]]
[(47.3367, -17.0377, 74.2776)/17] => [[89,172,187,212,374,390,397,451,454,467,469,533,535,577,617,649,765,784,885,896],[161,162,163,164,165,166,167,168,169,170,171,172,173,174,175,176,177,178,179,180,181,182,183,184,185,186,187,188,189,190,191,192,193,194,195,196,197,198,199,200,201]]
[(-8.5720, -17.5773, 74.8083)/17] => [[131,145,172,250,332,345,390,397,454,467,533,535,577,691,735,766,832,888,900,904],[161,162,163,164,165,166,167,168,169,170,171,172,173,174,175,176,177,178,179,180,181,182,183,184,185,186,187,188,189,190,191,192,193,194,195,196,197,198,199,200,201]]
[(19.6498, 44.9367, 80.3106)/21] => [[27,69,87,168,175,218,236,349,394,472,572,674,735,766,832,867,872,896,931,987],[202,203,204,205,206,207,208,209,210,211,212,213,214,215,216,217,218,219,220,221,222,223,224,225,226,227,228,229,230,231,232,233,234,235,236,237,238,239,240,241,242]]
[(-14.1863, 10.8825, 80.3767)/19] => [[24,131,145,175,250,280,332,345,454,471,535,540,612,691,735,766,832,888,904,1007],[182,183,184,185,186,187,188,189,190,191,192,193,194,195,196,197,198,199,200,201,202,203,204,205,206,207,208,209,210,211,212,213,214,215,216,217,218,219,220,221,222]]
[(53.5470, 10.8825, 80.4372)/20] => [[37,134,172,187,263,354,374,389,390,451,469,515,574,649,765,771,773,839,896,931],[192,193,194,195,196,197,198,199,200,201,202,203,204,205,206,207,208,209,210,211,212,213,214,215,216,217,218,219,220,221,222,223,224,225,226,227,228,229,230,231,232]]
[(19.6498, -23.4236, 80.5584)/17] => [[65,131,172,250,345,390,397,454,467,533,535,612,691,703,765,766,832,896,904,913],[161,162,163,164,165,166,167,168,169,170,171,172,173,174,175,176,177,178,179,180,181,182,183,184,185,186,187,188,189,190,191,192,193,194,195,196,197,198,199,200,201]]
[(19.6498, 10.8825, 94.2537)/21] => [[131,160,172,175,204,210,244,250,253,345,454,458,535,612,735,765,766,771,832,931],[202,203,204,205,206,207,208,209,210,211,212,213,214,215,216,217,218,219,220,221,222,223,224,225,226,227,228,229,230,231,232,233,234,235,236,237,238,239,240,241,242]]
