[(9.9480, -48.1162, -0.1954)/16] => [[69,71,88,99,141,204,225,234,243,254,321,339,542,582,646,708,722,858,950,1012],[151,152,153,154,155,156,157,158,159,160,161,162,163,164,165,166,167,168,169,170,171,172,173,174,175,176,177,178,179,180,181,182,183,184,185,186,187,188,189,190,191]]
[(9.9480, -74.9381, 9.5226)/14] => [[99,141,225,254,287,300,321,452,478,494,546,582,646,664,685,708,722,858,950,1012],[131,132,133,134,135,136,137,138,139,140,141,142,143,144,145,146,147,148,149,150,151,152,153,154,155,156,157,158,159,160,161,162,163,164,165,166,167,168,169,170,171]]
[(36.2548, -48.1162, 9.8050)/14] => [[71,88,99,204,225,234,243,254,321,339,542,646,695,708,722,753,858,930,950],[131,132,133,134,135,136,137,138,139,140,141,142,143,144,145,146,147,148,149,150,151,152,153,154,155,156,157,158,159,160,161,162,163,164,165,166,167,168,169,170,171]]
[(-16.0982, -48.1162, 10.0637)/16] => [[69,71,99,141,204,225,234,243,254,339,387,396,577,582,669,696,722,789,858,1012],[151,152,153,154,155,156,157,158,159,160,161,162,163,164,165,166,167,168,169,170,171,172,173,174,175,176,177,178,179,180,181,182,183,184,185,186,187,188,189,190,191]]
[(9.9480, -22.2184, 10.4322)/13] => [[69,71,88,96,99,204,234,243,276,339,388,489,577,688,708,712,858,924,1012,1014],[121,122,123,124,125,126,127,128,129,130,131,132,133,134,135,136,137,138,139,140,141,142,143,144,145,146,147,148,149,150,151,152,153,154,155,156,157,158,159,160,161]]
[(-11.0506, -69.2970, 15.0757)/15] => [[99,141,225,243,254,287,387,396,478,582,620,664,669,685,710,722,789,858,920,1012],[141,142,143,144,145,146,147,148,149,150,151,152,153,154,155,156,157,158,159,160,161,162,163,164,165,166,167,168,169,170,171,172,173,174,175,176,177,178,179,180,181]]
[(30.9174, -69.2675, 15.1049)/14] => [[14,88,99,225,243,254,287,321,387,478,524,664,695,708,722,753,858,907,920,950],[131,132,133,134,135,136,137,138,139,140,141,142,143,144,145,146,147,148,149,150,151,152,153,154,155,156,157,158,159,160,161,162,163,164,165,166,167,168,169,170,171]]
[(-11.0073, -26.9793, 15.1188)/14] => [[69,71,96,99,204,234,243,276,339,388,396,489,577,688,696,712,858,924,1012,1014],[131,132,133,134,135,136,137,138,139,140,141,142,143,144,145,146,147,148,149,150,151,152,153,154,155,156,157,158,159,160,161,162,163,164,165,166,167,168,169,170,171]]
[(30.8604, -27.0225, 15.1614)/15] => [[71,88,99,204,234,243,276,339,421,466,577,708,712,732,753,805,858,930,988,1014],[141,142,143,144,145,146,147,148,149,150,151,152,153,154,155,156,157,158,159,160,161,162,163,164,165,166,167,168,169,170,171,172,173,174,175,176,177,178,179,180,181]]
[(-26.4216, -48.1162, 35.9264)/15] => [[37,69,99,195,234,243,246,396,437,471,577,582,669,789,790,808,868,898,900,1012],[141,142,143,144,145,146,147,148,149,150,151,152,153,154,155,156,157,158,159,160,161,162,163,164,165,166,167,168,169,170,171,172,173,174,175,176,177,178,179,180,181]]
[(46.3965, -48.1162, 35.9264)/16] => [[89,204,225,321,350,374,387,390,533,577,649,675,703,708,722,743,805,885,950,1014],[151,152,153,154,155,156,157,158,159,160,161,162,163,164,165,166,167,168,169,170,171,172,173,174,175,176,177,178,179,180,181,182,183,184,185,186,187,188,189,190,191]]
[(-15.5497, -73.8352, 35.9264)/15] => [[99,184,225,287,387,494,546,582,620,664,669,685,710,722,743,789,900,920,1012,1014],[141,142,143,144,145,146,147,148,149,150,151,152,153,154,155,156,157,158,159,160,161,162,163,164,165,166,167,168,169,170,171,172,173,174,175,176,177,178,179,180,181]]
[(35.5012, -73.8912, 35.9264)/15] => [[14,99,216,225,287,321,387,524,664,675,703,708,722,743,805,859,907,910,920,950],[141,142,143,144,145,146,147,148,149,150,151,152,153,154,155,156,157,158,159,160,161,162,163,164,165,166,167,168,169,170,171,172,173,174,175,176,177,178,179,180,181]]
[(9.9480, -85.0163, 35.9264)/17] => [[37,148,174,184,225,287,305,321,387,494,546,582,664,685,708,722,743,748,920,1014],[161,162,163,164,165,166,167,168,169,170,171,172,173,174,175,176,177,178,179,180,181,182,183,184,185,186,187,188,189,190,191,192,193,194,195,196,197,198,199,200,201]]
[(-15.6532, -22.2929, 35.9264)/15] => [[69,96,99,204,234,243,276,388,396,471,489,533,577,691,712,900,904,924,1012,1014],[141,142,143,144,145,146,147,148,149,150,151,152,153,154,155,156,157,158,159,160,161,162,163,164,165,166,167,168,169,170,171,172,173,174,175,176,177,178,179,180,181]]
[(35.5390, -22.3033, 35.9264)/16] => [[99,204,234,243,276,350,374,390,533,577,649,691,703,708,712,732,805,885,896,1014],[151,152,153,154,155,156,157,158,159,160,161,162,163,164,165,166,167,168,169,170,171,172,173,174,175,176,177,178,179,180,181,182,183,184,185,186,187,188,189,190,191]]
[(9.9480, -11.5172, 35.9264)/18] => [[69,96,99,117,204,234,243,276,388,390,489,533,577,712,735,836,900,904,924,1012],[171,172,173,174,175,176,177,178,179,180,181,182,183,184,185,186,187,188,189,190,191,192,193,194,195,196,197,198,199,200,201,202,203,204,205,206,207,208,209,210,211]]
[(-10.8954, -69.1406, 56.6230)/14] => [[37,184,195,225,269,387,533,620,664,669,680,685,725,743,748,789,900,920,1012,1014],[131,132,133,134,135,136,137,138,139,140,141,142,143,144,145,146,147,148,149,150,151,152,153,154,155,156,157,158,159,160,161,162,163,164,165,166,167,168,169,170,171]]
[(31.0198, -26.8616, 56.8498)/17] => [[172,212,234,276,350,374,390,454,533,577,617,649,691,703,712,732,805,885,896,1014],[161,162,163,164,165,166,167,168,169,170,171,172,173,174,175,176,177,178,179,180,181,182,183,184,185,186,187,188,189,190,191,192,193,194,195,196,197,198,199,200,201]]
[(-11.1546, -26.8306, 56.8803)/14] => [[24,69,96,145,234,250,276,454,471,533,577,691,712,832,888,900,904,924,1012,1014],[131,132,133,134,135,136,137,138,139,140,141,142,143,144,145,146,147,148,149,150,151,152,153,154,155,156,157,158,159,160,161,162,163,164,165,166,167,168,169,170,171]]
[(31.3661, -69.7201, 57.1936)/18] => [[212,216,225,387,524,533,617,664,675,680,692,703,725,743,805,830,859,885,907,920],[171,172,173,174,175,176,177,178,179,180,181,182,183,184,185,186,187,188,189,190,191,192,193,194,195,196,197,198,199,200,201,202,203,204,205,206,207,208,209,210,211]]
[(9.9480, -73.9308, 61.3386)/15] => [[148,177,184,195,225,259,269,350,387,397,406,467,664,680,725,743,748,900,920,1014],[141,142,143,144,145,146,147,148,149,150,151,152,153,154,155,156,157,158,159,160,161,162,163,164,165,166,167,168,169,170,171,172,173,174,175,176,177,178,179,180,181]]
[(35.6841, -48.1162, 61.4812)/15] => [[172,225,234,387,390,406,451,454,467,533,535,577,617,649,675,703,743,830,885,999],[141,142,143,144,145,146,147,148,149,150,151,152,153,154,155,156,157,158,159,160,161,162,163,164,165,166,167,168,169,170,171,172,173,174,175,176,177,178,179,180,181]]
[(9.9480, -22.0990, 61.5382)/16] => [[69,131,145,172,234,250,390,397,454,467,533,535,577,691,766,832,888,900,904,924],[151,152,153,154,155,156,157,158,159,160,161,162,163,164,165,166,167,168,169,170,171,172,173,174,175,176,177,178,179,180,181,182,183,184,185,186,187,188,189,190,191]]
[(-16.2731, -48.1162, 61.9627)/19] => [[24,69,131,225,234,250,387,406,467,471,533,535,540,577,669,743,789,795,852,900],[182,183,184,185,186,187,188,189,190,191,192,193,194,195,196,197,198,199,200,201,202,203,204,205,206,207,208,209,210,211,212,213,214,215,216,217,218,219,220,221,222]]
[(9.9480, -48.1162, 72.2967)/15] => [[131,172,250,280,345,350,387,390,397,406,454,467,533,535,577,612,725,743,900,1014],[141,142,143,144,145,146,147,148,149,150,151,152,153,154,155,156,157,158,159,160,161,162,163,164,165,166,167,168,169,170,171,172,173,174,175,176,177,178,179,180,181]]
