[(-8.2332, -44.1927, -0.0774)/12] => [[69,71,88,99,141,204,225,234,243,254,321,339,542,582,646,708,722,858,950,1012],[111,112,113,114,115,116,117,118,119,120,121,122,123,124,125,126,127,128,129,130,131,132,133,134,135,136,137,138,139,140,141,142,143,144,145,146,147,148,149,150,151]]
[(-8.2332, -68.0745, 9.2089)/13] => [[88,99,141,225,243,254,287,300,321,452,478,582,646,664,685,708,722,858,950,1012],[121,122,123,124,125,126,127,128,129,130,131,132,133,134,135,136,137,138,139,140,141,142,143,144,145,146,147,148,149,150,151,152,153,154,155,156,157,158,159,160,161]]
[(-31.9666, -44.1927, 9.3368)/14] => [[37,69,71,99,141,234,243,246,311,396,493,582,669,688,696,808,898,924,981,1012],[131,132,133,134,135,136,137,138,139,140,141,142,143,144,145,146,147,148,149,150,151,152,153,154,155,156,157,158,159,160,161,162,163,164,165,166,167,168,169,170,171]]
[(15.4957, -44.1927, 9.3412)/15] => [[71,88,99,141,204,225,243,254,321,339,542,582,695,708,722,753,858,950,1012],[141,142,143,144,145,146,147,148,149,150,151,152,153,154,155,156,157,158,159,160,161,162,163,164,165,166,167,168,169,170,171,172,173,174,175,176,177,178,179,180,181]]
[(-8.2332, -20.8076, 9.7015)/20] => [[69,71,74,88,96,99,204,243,276,339,388,489,542,703,708,712,858,924,950,1012],[192,193,194,195,196,197,198,199,200,201,202,203,204,205,206,207,208,209,210,211,212,213,214,215,216,217,218,219,220,221,222,223,224,225,226,227,228,229,230,231,232]]
[(-27.6302, -63.6056, 13.6397)/12] => [[99,141,243,254,300,354,396,452,478,546,582,620,664,669,685,710,789,808,920,1012],[111,112,113,114,115,116,117,118,119,120,121,122,123,124,125,126,127,128,129,130,131,132,133,134,135,136,137,138,139,140,141,142,143,144,145,146,147,148,149,150,151]]
[(11.1492, -24.7943, 13.6541)/16] => [[71,88,99,204,234,243,276,339,388,421,489,577,688,708,712,753,858,924,1012,1014],[151,152,153,154,155,156,157,158,159,160,161,162,163,164,165,166,167,168,169,170,171,172,173,174,175,176,177,178,179,180,181,182,183,184,185,186,187,188,189,190,191]]
[(-27.5807, -24.8294, 13.6888)/15] => [[37,63,69,71,96,99,234,243,276,388,396,437,489,577,645,688,696,712,924,1012],[141,142,143,144,145,146,147,148,149,150,151,152,153,154,155,156,157,158,159,160,161,162,163,164,165,166,167,168,169,170,171,172,173,174,175,176,177,178,179,180,181]]
[(10.9185, -63.3602, 13.8830)/20] => [[14,88,141,225,254,287,321,387,478,582,664,685,695,708,722,753,858,920,950,1012],[192,193,194,195,196,197,198,199,200,201,202,203,204,205,206,207,208,209,210,211,212,213,214,215,216,217,218,219,220,221,222,223,224,225,226,227,228,229,230,231,232]]
[(-31.9377, -20.4688, 32.8866)/12] => [[63,69,96,99,234,243,273,388,396,433,471,489,493,691,712,882,900,904,924,1012],[111,112,113,114,115,116,117,118,119,120,121,122,123,124,125,126,127,128,129,130,131,132,133,134,135,136,137,138,139,140,141,142,143,144,145,146,147,148,149,150,151]]
[(15.3671, -20.5730, 32.8866)/13] => [[99,204,234,243,276,350,388,390,489,533,577,691,703,708,712,896,904,924,1012,1014],[121,122,123,124,125,126,127,128,129,130,131,132,133,134,135,136,137,138,139,140,141,142,143,144,145,146,147,148,149,150,151,152,153,154,155,156,157,158,159,160,161]]
[(-41.6685, -44.1927, 32.8866)/12] => [[37,69,118,208,246,396,404,471,493,582,651,669,690,789,790,808,898,900,981,1012],[111,112,113,114,115,116,117,118,119,120,121,122,123,124,125,126,127,128,129,130,131,132,133,134,135,136,137,138,139,140,141,142,143,144,145,146,147,148,149,150,151]]
[(25.2709, -44.1927, 32.8866)/11] => [[99,204,225,234,243,321,350,387,390,533,577,649,675,703,708,722,743,805,950,1014],[101,102,103,104,105,106,107,108,109,110,111,112,113,114,115,116,117,118,119,120,121,122,123,124,125,126,127,128,129,130,131,132,133,134,135,136,137,138,139,140,141]]
[(-31.9435, -67.9225, 32.8866)/16] => [[99,184,208,216,243,246,396,493,546,582,620,669,685,710,789,799,808,900,981,1012],[151,152,153,154,155,156,157,158,159,160,161,162,163,164,165,166,167,168,169,170,171,172,173,174,175,176,177,178,179,180,181,182,183,184,185,186,187,188,189,190,191]]
[(15.4844, -67.9299, 32.8866)/13] => [[14,99,225,243,287,321,387,533,546,582,664,685,703,708,722,743,859,920,950,1012],[121,122,123,124,125,126,127,128,129,130,131,132,133,134,135,136,137,138,139,140,141,142,143,144,145,146,147,148,149,150,151,152,153,154,155,156,157,158,159,160,161]]
[(-8.2332, -77.7744, 32.8866)/14] => [[99,148,184,225,287,321,350,387,494,546,582,664,685,708,722,743,900,920,1012,1014],[131,132,133,134,135,136,137,138,139,140,141,142,143,144,145,146,147,148,149,150,151,152,153,154,155,156,157,158,159,160,161,162,163,164,165,166,167,168,169,170,171]]
[(-8.2332, -10.8131, 32.8866)/11] => [[69,96,99,117,204,234,243,276,388,390,489,533,577,712,735,836,900,904,924,1012],[101,102,103,104,105,106,107,108,109,110,111,112,113,114,115,116,117,118,119,120,121,122,123,124,125,126,127,128,129,130,131,132,133,134,135,136,137,138,139,140,141]]
[(-27.5121, -63.4875, 52.0164)/14] => [[37,184,195,216,246,269,486,620,664,669,680,685,707,748,789,808,868,900,920,1012],[131,132,133,134,135,136,137,138,139,140,141,142,143,144,145,146,147,148,149,150,151,152,153,154,155,156,157,158,159,160,161,162,163,164,165,166,167,168,169,170,171]]
[(11.1108, -63.5526, 52.0810)/14] => [[37,225,269,350,387,533,664,680,685,692,703,725,743,748,830,859,920,951,1012,1014],[131,132,133,134,135,136,137,138,139,140,141,142,143,144,145,146,147,148,149,150,151,152,153,154,155,156,157,158,159,160,161,162,163,164,165,166,167,168,169,170,171]]
[(11.1522, -24.7914, 52.1222)/17] => [[37,172,234,250,276,350,390,421,454,533,577,691,703,712,832,896,904,924,1012,1014],[161,162,163,164,165,166,167,168,169,170,171,172,173,174,175,176,177,178,179,180,181,182,183,184,185,186,187,188,189,190,191,192,193,194,195,196,197,198,199,200,201]]
[(-27.6890, -24.7210, 52.1919)/12] => [[24,63,69,96,145,234,250,276,454,471,576,577,712,832,882,888,900,904,924,1012],[111,112,113,114,115,116,117,118,119,120,121,122,123,124,125,126,127,128,129,130,131,132,133,134,135,136,137,138,139,140,141,142,143,144,145,146,147,148,149,150,151]]
[(15.4913, -44.1927, 56.4277)/15] => [[37,172,195,225,234,250,269,350,387,390,454,533,577,703,725,743,830,951,1012,1014],[141,142,143,144,145,146,147,148,149,150,151,152,153,154,155,156,157,158,159,160,161,162,163,164,165,166,167,168,169,170,171,172,173,174,175,176,177,178,179,180,181]]
[(-31.9841, -44.1927, 56.4539)/18] => [[24,37,69,159,208,234,246,250,269,280,471,486,493,576,669,722,789,808,900,1012],[171,172,173,174,175,176,177,178,179,180,181,182,183,184,185,186,187,188,189,190,191,192,193,194,195,196,197,198,199,200,201,202,203,204,205,206,207,208,209,210,211]]
[(-8.2332, -67.9671, 56.4578)/11] => [[37,177,184,195,225,269,350,387,533,558,664,680,685,725,743,748,900,920,1012,1014],[101,102,103,104,105,106,107,108,109,110,111,112,113,114,115,116,117,118,119,120,121,122,123,124,125,126,127,128,129,130,131,132,133,134,135,136,137,138,139,140,141]]
[(-8.2332, -20.3557, 56.5198)/10] => [[69,96,145,172,234,250,276,390,454,533,577,691,712,832,888,900,904,924,1012,1014],[91,92,93,94,95,96,97,98,99,100,101,102,103,104,105,106,107,108,109,110,111,112,113,114,115,116,117,118,119,120,121,122,123,124,125,126,127,128,129,130,131]]
[(-8.2332, -44.1927, 66.3238)/15] => [[69,131,172,225,234,250,280,387,390,397,406,454,467,533,535,577,725,743,900,1014],[141,142,143,144,145,146,147,148,149,150,151,152,153,154,155,156,157,158,159,160,161,162,163,164,165,166,167,168,169,170,171,172,173,174,175,176,177,178,179,180,181]]
