[(135.1670, 18.1753, 0.9611)/20] => [[11,28,39,107,115,125,146,184,231,329,339,478,597,688,770,827,843,881,891,954],[192,193,194,195,196,197,198,199,200,201,202,203,204,205,206,207,208,209,210,211,212,213,214,215,216,217,218,219,220,221,222,223,224,225,226,227,228,229,230,231,232]]
[(-57.8037, -72.9759, 1.6642)/16] => [[1,44,141,300,333,378,493,582,612,620,639,651,669,710,734,803,808,924,1012],[151,152,153,154,155,156,157,158,159,160,161,162,163,164,165,166,167,168,169,170,171,172,173,174,175,176,177,178,179,180,181,182,183,184,185,186,187,188,189,190,191]]
[(-36.7138, 18.1753, 3.3468)/18] => [[69,71,74,96,155,157,231,234,388,433,489,574,603,678,696,703,709,712,924,946],[171,172,173,174,175,176,177,178,179,180,181,182,183,184,185,186,187,188,189,190,191,192,193,194,195,196,197,198,199,200,201,202,203,204,205,206,207,208,209,210,211]]
[(99.4060, 82.6502, 3.8141)/16] => [[9,39,110,129,134,174,209,240,253,567,571,579,686,715,756,766,794,835,969,997],[151,152,153,154,155,156,157,158,159,160,161,162,163,164,165,166,167,168,169,170,171,172,173,174,175,176,177,178,179,180,181,182,183,184,185,186,187,188,189,190,191]]
[(34.2751, -39.6706, 4.3483)/16] => [[71,88,99,204,225,234,243,254,339,542,695,708,712,722,753,776,805,858,930,950],[151,152,153,154,155,156,157,158,159,160,161,162,163,164,165,166,167,168,169,170,171,172,173,174,175,176,177,178,179,180,181,182,183,184,185,186,187,188,189,190,191]]
[(84.1899, -31.2367, 5.0280)/18] => [[26,97,159,224,349,373,396,409,466,503,740,789,805,817,881,912,930,964,979,988],[171,172,173,174,175,176,177,178,179,180,181,182,183,184,185,186,187,188,189,190,191,192,193,194,195,196,197,198,199,200,201,202,203,204,205,206,207,208,209,210,211]]
[(22.1366, 30.1914, 8.0417)/15] => [[17,74,98,117,129,231,276,328,388,489,567,575,593,709,712,728,774,924,969,987],[141,142,143,144,145,146,147,148,149,150,151,152,153,154,155,156,157,158,159,160,161,162,163,164,165,166,167,168,169,170,171,172,173,174,175,176,177,178,179,180,181]]
[(34.2751, -27.4216, 9.0101)/17] => [[71,88,99,204,234,243,276,339,466,542,708,712,732,753,776,805,858,930,950,988],[161,162,163,164,165,166,167,168,169,170,171,172,173,174,175,176,177,178,179,180,181,182,183,184,185,186,187,188,189,190,191,192,193,194,195,196,197,198,199,200,201]]
[(34.2751, -113.9763, 9.0101)/16] => [[14,21,52,174,177,242,287,400,452,478,494,540,602,664,667,688,748,751,842,910],[151,152,153,154,155,156,157,158,159,160,161,162,163,164,165,166,167,168,169,170,171,172,173,174,175,176,177,178,179,180,181,182,183,184,185,186,187,188,189,190,191]]
[(-49.8476, 101.4506, 9.0101)/20] => [[141,158,327,334,430,508,509,520,558,662,670,718,767,769,816,852,958,981,1005,1013],[192,193,194,195,196,197,198,199,200,201,202,203,204,205,206,207,208,209,210,211,212,213,214,215,216,217,218,219,220,221,222,223,224,225,226,227,228,229,230,231,232]]
[(99.8124, 83.0525, 9.0101)/15] => [[9,39,110,129,134,174,209,240,253,567,571,579,686,715,756,766,794,835,969,997],[141,142,143,144,145,146,147,148,149,150,151,152,153,154,155,156,157,158,159,160,161,162,163,164,165,166,167,168,169,170,171,172,173,174,175,176,177,178,179,180,181]]
[(34.2751, 156.2535, 9.0102)/20] => [[40,283,289,301,329,351,377,407,435,466,537,574,619,693,762,822,867,941,981],[192,193,194,195,196,197,198,199,200,201,202,203,204,205,206,207,208,209,210,211,212,213,214,215,216,217,218,219,220,221,222,223,224,225,226,227,228,229,230,231,232]]
[(16.2323, 18.1753, 10.4495)/13] => [[5,17,71,117,204,234,276,304,339,388,489,567,574,575,577,709,712,924,969],[121,122,123,124,125,126,127,128,129,130,131,132,133,134,135,136,137,138,139,140,141,142,143,144,145,146,147,148,149,150,151,152,153,154,155,156,157,158,159,160,161]]
[(34.2751, -28.6591, 12.7845)/17] => [[71,88,99,204,234,243,276,339,421,466,577,708,712,732,753,805,858,930,988,1014],[161,162,163,164,165,166,167,168,169,170,171,172,173,174,175,176,177,178,179,180,181,182,183,184,185,186,187,188,189,190,191,192,193,194,195,196,197,198,199,200,201]]
[(88.0371, 71.3957, 13.2992)/18] => [[39,114,134,209,227,238,240,253,326,450,567,571,579,614,756,766,794,835,860,969],[171,172,173,174,175,176,177,178,179,180,181,182,183,184,185,186,187,188,189,190,191,192,193,194,195,196,197,198,199,200,201,202,203,204,205,206,207,208,209,210,211]]
[(97.3122, -44.2268, 14.0391)/18] => [[26,89,94,97,146,159,231,317,373,396,426,466,503,753,774,775,817,881,950,991],[171,172,173,174,175,176,177,178,179,180,181,182,183,184,185,186,187,188,189,190,191,192,193,194,195,196,197,198,199,200,201,202,203,204,205,206,207,208,209,210,211]]
[(34.2751, 92.4507, 14.9959)/17] => [[156,209,238,307,329,338,402,406,475,579,593,608,614,780,794,936,946,991,1003,1022],[161,162,163,164,165,166,167,168,169,170,171,172,173,174,175,176,177,178,179,180,181,182,183,184,185,186,187,188,189,190,191,192,193,194,195,196,197,198,199,200,201]]
[(-41.0294, 92.7212, 15.0178)/14] => [[141,158,256,327,334,421,509,520,637,662,670,718,765,767,769,816,852,958,981,1013],[131,132,133,134,135,136,137,138,139,140,141,142,143,144,145,146,147,148,149,150,151,152,153,154,155,156,157,158,159,160,161,162,163,164,165,166,167,168,169,170,171]]
[(-45.3850, -60.6823, 15.3652)/21] => [[118,141,300,311,354,378,396,493,582,620,639,651,669,685,710,789,803,808,924,1012],[202,203,204,205,206,207,208,209,210,211,212,213,214,215,216,217,218,219,220,221,222,223,224,225,226,227,228,229,230,231,232,233,234,235,236,237,238,239,240,241,242]]
[(-51.2322, 18.1755, 15.8317)/14] => [[63,69,96,114,155,273,341,433,493,577,603,662,678,696,706,751,773,836,946,965],[131,132,133,134,135,136,137,138,139,140,141,142,143,144,145,146,147,148,149,150,151,152,153,154,155,156,157,158,159,160,161,162,163,164,165,166,167,168,169,170,171]]
[(34.2751, 153.3304, 19.9024)/21] => [[40,148,329,351,377,406,407,466,505,537,574,619,693,762,822,941,958,960,981],[202,203,204,205,206,207,208,209,210,211,212,213,214,215,216,217,218,219,220,221,222,223,224,225,226,227,228,229,230,231,232,233,234,235,236,237,238,239,240,241,242]]
