[(18.6255, 54.4800, -0.0243)/13] => [[17,98,117,129,156,209,231,328,558,567,574,575,593,614,709,728,969,987,1022],[121,122,123,124,125,126,127,128,129,130,131,132,133,134,135,136,137,138,139,140,141,142,143,144,145,146,147,148,149,150,151,152,153,154,155,156,157,158,159,160,161]]
[(-6.6393, 16.9548, 0.0364)/20] => [[17,69,71,74,96,117,204,231,276,339,388,489,567,575,678,703,712,924,969,987],[192,193,194,195,196,197,198,199,200,201,202,203,204,205,206,207,208,209,210,211,212,213,214,215,216,217,218,219,220,221,222,223,224,225,226,227,228,229,230,231,232]]
[(18.6255, -19.9886, 0.3580)/21] => [[71,74,88,99,117,204,234,243,276,339,388,489,542,703,712,753,776,924,987,1012],[202,203,204,205,206,207,208,209,210,211,212,213,214,215,216,217,218,219,220,221,222,223,224,225,226,227,228,229,230,231,232,233,234,235,236,237,238,239,240,241,242]]
[(18.6255, 16.9548, 0.4072)/16] => [[17,71,74,117,204,231,234,276,339,388,489,542,567,575,703,709,712,924,969,987],[151,152,153,154,155,156,157,158,159,160,161,162,163,164,165,166,167,168,169,170,171,172,173,174,175,176,177,178,179,180,181,182,183,184,185,186,187,188,189,190,191]]
[(43.4406, -19.8116, 0.4744)/17] => [[68,88,97,117,204,276,328,339,396,421,466,542,635,732,753,884,913,964,987,988],[161,162,163,164,165,166,167,168,169,170,171,172,173,174,175,176,177,178,179,180,181,182,183,184,185,186,187,188,189,190,191,192,193,194,195,196,197,198,199,200,201]]
[(-5.9935, 53.4310, 0.6654)/17] => [[17,98,117,129,156,209,231,328,558,567,574,575,593,614,678,709,728,969,987,1022],[161,162,163,164,165,166,167,168,169,170,171,172,173,174,175,176,177,178,179,180,181,182,183,184,185,186,187,188,189,190,191,192,193,194,195,196,197,198,199,200,201]]
[(-5.9871, -19.5118, 0.6716)/18] => [[69,71,74,88,96,99,117,204,243,276,339,388,489,542,678,703,712,924,987,1012],[171,172,173,174,175,176,177,178,179,180,181,182,183,184,185,186,187,188,189,190,191,192,193,194,195,196,197,198,199,200,201,202,203,204,205,206,207,208,209,210,211]]
[(43.2332, 53.4142, 0.6764)/17] => [[5,17,114,117,129,156,209,240,328,567,575,579,614,635,709,774,835,969,987],[161,162,163,164,165,166,167,168,169,170,171,172,173,174,175,176,177,178,179,180,181,182,183,184,185,186,187,188,189,190,191,192,193,194,195,196,197,198,199,200,201]]
[(43.0106, 16.9548, 0.8931)/20] => [[5,17,114,117,204,276,328,339,396,542,567,575,635,709,732,774,964,969,987],[192,193,194,195,196,197,198,199,200,201,202,203,204,205,206,207,208,209,210,211,212,213,214,215,216,217,218,219,220,221,222,223,224,225,226,227,228,229,230,231,232]]
[(-6.2566, -19.9108, 24.6441)/21] => [[69,96,99,117,204,234,243,276,388,390,489,577,678,691,712,836,900,904,924,1012],[202,203,204,205,206,207,208,209,210,211,212,213,214,215,216,217,218,219,220,221,222,223,224,225,226,227,228,229,230,231,232,233,234,235,236,237,238,239,240,241,242]]
[(-7.0512, 16.9548, 24.6441)/20] => [[5,17,69,96,117,204,234,276,304,388,390,489,567,574,577,678,712,904,924,969],[192,193,194,195,196,197,198,199,200,201,202,203,204,205,206,207,208,209,210,211,212,213,214,215,216,217,218,219,220,221,222,223,224,225,226,227,228,229,230,231,232]]
[(43.5615, 16.9548, 24.6441)/17] => [[5,17,114,117,204,276,304,328,390,567,571,577,635,709,732,774,896,899,964,969],[161,162,163,164,165,166,167,168,169,170,171,172,173,174,175,176,177,178,179,180,181,182,183,184,185,186,187,188,189,190,191,192,193,194,195,196,197,198,199,200,201]]
[(43.8212, -20.3758, 24.6441)/16] => [[89,97,195,204,276,390,406,421,577,703,708,732,753,805,858,885,896,950,964,1014],[151,152,153,154,155,156,157,158,159,160,161,162,163,164,165,166,167,168,169,170,171,172,173,174,175,176,177,178,179,180,181,182,183,184,185,186,187,188,189,190,191]]
[(18.6255, -20.4811, 24.6441)/20] => [[99,204,234,243,276,388,390,489,577,691,703,708,712,753,858,896,904,924,1012,1014],[192,193,194,195,196,197,198,199,200,201,202,203,204,205,206,207,208,209,210,211,212,213,214,215,216,217,218,219,220,221,222,223,224,225,226,227,228,229,230,231,232]]
[(18.6255, 54.4674, 24.6441)/20] => [[5,17,98,117,156,209,304,328,567,574,593,614,709,728,780,836,969,987,1003],[192,193,194,195,196,197,198,199,200,201,202,203,204,205,206,207,208,209,210,211,212,213,214,215,216,217,218,219,220,221,222,223,224,225,226,227,228,229,230,231,232]]
[(43.8005, 54.2545, 24.6441)/20] => [[5,17,49,114,117,156,209,240,304,326,328,567,579,614,635,709,774,780,969],[192,193,194,195,196,197,198,199,200,201,202,203,204,205,206,207,208,209,210,211,212,213,214,215,216,217,218,219,220,221,222,223,224,225,226,227,228,229,230,231,232]]
[(-6.4038, 54.0386, 24.6441)/17] => [[5,17,98,117,141,156,209,304,328,567,574,593,614,678,728,780,836,969,987,1003],[161,162,163,164,165,166,167,168,169,170,171,172,173,174,175,176,177,178,179,180,181,182,183,184,185,186,187,188,189,190,191,192,193,194,195,196,197,198,199,200,201]]
[(18.6255, 16.9548, 37.7880)/24] => [[5,17,117,204,234,276,304,388,390,489,567,574,577,709,712,735,836,896,904,924],[232,233,234,235,236,237,238,239,240,241,242,243,244,245,246,247,248,249,250,251,252,253,254,255,256,257,258,259,260,261,262,263,264,265,266,267,268,269,270,271,272]]
[(42.9882, 53.0510, 48.3732)/15] => [[5,17,49,156,209,304,326,350,528,567,571,572,606,614,709,773,774,780,835,839],[141,142,143,144,145,146,147,148,149,150,151,152,153,154,155,156,157,158,159,160,161,162,163,164,165,166,167,168,169,170,171,172,173,174,175,176,177,178,179,180,181]]
[(-6.0612, 53.5313, 48.6888)/18] => [[5,17,87,98,141,156,163,209,304,472,567,572,574,614,662,674,735,780,936,987],[171,172,173,174,175,176,177,178,179,180,181,182,183,184,185,186,187,188,189,190,191,192,193,194,195,196,197,198,199,200,201,202,203,204,205,206,207,208,209,210,211]]
[(18.6255, 53.5839, 48.7236)/20] => [[5,17,87,98,156,163,209,304,472,567,572,574,614,662,674,709,735,780,936,987],[192,193,194,195,196,197,198,199,200,201,202,203,204,205,206,207,208,209,210,211,212,213,214,215,216,217,218,219,220,221,222,223,224,225,226,227,228,229,230,231,232]]
[(-6.2837, -19.9513, 48.9054)/15] => [[69,96,172,234,243,276,350,388,390,489,533,577,691,712,735,888,900,904,924,1012],[141,142,143,144,145,146,147,148,149,150,151,152,153,154,155,156,157,158,159,160,161,162,163,164,165,166,167,168,169,170,171,172,173,174,175,176,177,178,179,180,181]]
[(43.5976, 16.9548, 48.9668)/20] => [[5,17,172,263,276,304,374,390,421,567,571,577,649,709,732,773,774,896,913,964],[192,193,194,195,196,197,198,199,200,201,202,203,204,205,206,207,208,209,210,211,212,213,214,215,216,217,218,219,220,221,222,223,224,225,226,227,228,229,230,231,232]]
[(43.7308, -20.2419, 49.0965)/19] => [[89,172,212,263,276,350,374,390,533,577,649,703,708,732,784,805,885,896,964,1014],[182,183,184,185,186,187,188,189,190,191,192,193,194,195,196,197,198,199,200,201,202,203,204,205,206,207,208,209,210,211,212,213,214,215,216,217,218,219,220,221,222]]
[(-6.6976, 16.9548, 49.3086)/14] => [[5,17,69,96,172,234,276,304,388,390,489,567,574,577,691,712,735,888,904,924],[131,132,133,134,135,136,137,138,139,140,141,142,143,144,145,146,147,148,149,150,151,152,153,154,155,156,157,158,159,160,161,162,163,164,165,166,167,168,169,170,171]]
[(18.6255, -21.6873, 50.0468)/18] => [[37,172,234,250,276,350,390,421,454,533,577,691,703,712,832,896,904,924,1012,1014],[171,172,173,174,175,176,177,178,179,180,181,182,183,184,185,186,187,188,189,190,191,192,193,194,195,196,197,198,199,200,201,202,203,204,205,206,207,208,209,210,211]]
