[(9.1119, -45.1122, -0.2831)/11] => [[69,71,88,99,141,204,225,234,243,254,321,339,542,582,646,708,722,858,950,1012],[101,102,103,104,105,106,107,108,109,110,111,112,113,114,115,116,117,118,119,120,121,122,123,124,125,126,127,128,129,130,131,132,133,134,135,136,137,138,139,140,141]]
[(-3.3377, -45.1122, 4.5824)/13] => [[69,71,88,99,141,204,225,234,243,254,321,339,542,582,646,708,722,858,950,1012],[121,122,123,124,125,126,127,128,129,130,131,132,133,134,135,136,137,138,139,140,141,142,143,144,145,146,147,148,149,150,151,152,153,154,155,156,157,158,159,160,161]]
[(21.5404, -45.1122, 4.6031)/13] => [[71,88,99,204,225,234,243,254,321,339,542,646,695,708,722,753,858,930,950],[121,122,123,124,125,126,127,128,129,130,131,132,133,134,135,136,137,138,139,140,141,142,143,144,145,146,147,148,149,150,151,152,153,154,155,156,157,158,159,160,161]]
[(9.1119, -57.4974, 4.6521)/13] => [[69,71,88,99,141,204,225,243,254,321,452,478,582,646,685,708,722,858,950,1012],[121,122,123,124,125,126,127,128,129,130,131,132,133,134,135,136,137,138,139,140,141,142,143,144,145,146,147,148,149,150,151,152,153,154,155,156,157,158,159,160,161]]
[(9.1119, -32.8255, 4.7489)/10] => [[69,71,74,88,96,99,141,204,225,243,254,339,489,582,708,712,722,858,950,1012],[91,92,93,94,95,96,97,98,99,100,101,102,103,104,105,106,107,108,109,110,111,112,113,114,115,116,117,118,119,120,121,122,123,124,125,126,127,128,129,130,131]]
[(19.2570, -34.9621, 6.8522)/13] => [[71,74,88,99,141,204,225,243,254,339,489,582,695,708,712,722,753,858,950,1012],[121,122,123,124,125,126,127,128,129,130,131,132,133,134,135,136,137,138,139,140,141,142,143,144,145,146,147,148,149,150,151,152,153,154,155,156,157,158,159,160,161]]
[(-0.9858, -35.0094, 6.8990)/14] => [[69,71,74,88,96,99,141,204,225,243,254,339,489,582,708,712,722,858,950,1012],[131,132,133,134,135,136,137,138,139,140,141,142,143,144,145,146,147,148,149,150,151,152,153,154,155,156,157,158,159,160,161,162,163,164,165,166,167,168,169,170,171]]
[(-0.9797, -55.2090, 6.9050)/11] => [[69,71,88,99,141,204,225,243,254,321,452,478,582,646,685,708,722,858,950,1012],[101,102,103,104,105,106,107,108,109,110,111,112,113,114,115,116,117,118,119,120,121,122,123,124,125,126,127,128,129,130,131,132,133,134,135,136,137,138,139,140,141]]
[(19.1881, -55.1937, 6.9200)/13] => [[14,71,88,99,141,204,225,254,321,478,582,685,695,708,722,753,858,950,1012],[121,122,123,124,125,126,127,128,129,130,131,132,133,134,135,136,137,138,139,140,141,142,143,144,145,146,147,148,149,150,151,152,153,154,155,156,157,158,159,160,161]]
[(21.5273, -57.5340, 16.8449)/8] => [[14,71,88,99,204,225,254,321,387,478,577,685,695,708,722,753,858,907,920,950],[71,72,73,74,75,76,77,78,79,80,81,82,83,84,85,86,87,88,89,90,91,92,93,94,95,96,97,98,99,100,101,102,103,104,105,106,107,108,109,110,111]]
[(-3.3119, -57.5424, 16.8449)/10] => [[69,71,88,99,141,204,225,243,254,321,387,478,577,582,685,708,722,858,920,1012],[91,92,93,94,95,96,97,98,99,100,101,102,103,104,105,106,107,108,109,110,111,112,113,114,115,116,117,118,119,120,121,122,123,124,125,126,127,128,129,130,131]]
[(9.1119, -62.6347, 16.8449)/13] => [[88,99,141,225,243,254,287,321,387,452,478,582,646,664,685,708,722,858,920,1012],[121,122,123,124,125,126,127,128,129,130,131,132,133,134,135,136,137,138,139,140,141,142,143,144,145,146,147,148,149,150,151,152,153,154,155,156,157,158,159,160,161]]
[(-3.3349, -32.6592, 16.8450)/12] => [[69,71,88,96,99,141,204,225,243,254,339,387,489,577,582,708,712,722,858,1012],[111,112,113,114,115,116,117,118,119,120,121,122,123,124,125,126,127,128,129,130,131,132,133,134,135,136,137,138,139,140,141,142,143,144,145,146,147,148,149,150,151]]
[(21.3602, -32.8575, 16.8450)/13] => [[71,88,99,204,225,234,243,254,339,387,489,577,695,708,712,722,753,805,858,930],[121,122,123,124,125,126,127,128,129,130,131,132,133,134,135,136,137,138,139,140,141,142,143,144,145,146,147,148,149,150,151,152,153,154,155,156,157,158,159,160,161]]
[(9.1119, -27.7100, 16.8450)/13] => [[69,71,88,96,99,204,234,243,276,339,388,489,577,688,708,712,858,924,1012,1014],[121,122,123,124,125,126,127,128,129,130,131,132,133,134,135,136,137,138,139,140,141,142,143,144,145,146,147,148,149,150,151,152,153,154,155,156,157,158,159,160,161]]
[(-8.2723, -45.1122, 16.8450)/11] => [[69,71,88,99,141,204,225,234,243,254,321,339,387,577,582,646,708,722,858,1012],[101,102,103,104,105,106,107,108,109,110,111,112,113,114,115,116,117,118,119,120,121,122,123,124,125,126,127,128,129,130,131,132,133,134,135,136,137,138,139,140,141]]
[(26.6096, -45.1122, 16.8450)/11] => [[71,88,99,204,225,234,243,254,321,339,387,577,646,695,708,722,753,858,930,950],[101,102,103,104,105,106,107,108,109,110,111,112,113,114,115,116,117,118,119,120,121,122,123,124,125,126,127,128,129,130,131,132,133,134,135,136,137,138,139,140,141]]
[(-0.8835, -55.1129, 26.6902)/10] => [[37,69,99,174,204,225,243,321,387,478,577,582,685,708,722,858,900,920,1012,1014],[91,92,93,94,95,96,97,98,99,100,101,102,103,104,105,106,107,108,109,110,111,112,113,114,115,116,117,118,119,120,121,122,123,124,125,126,127,128,129,130,131]]
[(19.1388, -55.1445, 26.7212)/12] => [[14,99,204,225,243,321,387,478,577,582,685,703,708,722,753,858,859,920,950,1012],[111,112,113,114,115,116,117,118,119,120,121,122,123,124,125,126,127,128,129,130,131,132,133,134,135,136,137,138,139,140,141,142,143,144,145,146,147,148,149,150,151]]
[(19.1957, -35.0235, 26.7773)/17] => [[99,204,225,234,243,387,390,489,577,582,691,703,708,712,722,753,858,904,1012,1014],[161,162,163,164,165,166,167,168,169,170,171,172,173,174,175,176,177,178,179,180,181,182,183,184,185,186,187,188,189,190,191,192,193,194,195,196,197,198,199,200,201]]
[(-1.0328, -34.9625, 26.8372)/12] => [[69,96,99,204,225,234,243,387,390,489,577,582,691,708,712,722,858,900,904,1012],[111,112,113,114,115,116,117,118,119,120,121,122,123,124,125,126,127,128,129,130,131,132,133,134,135,136,137,138,139,140,141,142,143,144,145,146,147,148,149,150,151]]
[(9.1119, -57.4219, 28.9632)/13] => [[37,69,99,174,204,225,243,321,387,478,577,582,685,708,722,858,900,920,1012,1014],[121,122,123,124,125,126,127,128,129,130,131,132,133,134,135,136,137,138,139,140,141,142,143,144,145,146,147,148,149,150,151,152,153,154,155,156,157,158,159,160,161]]
[(21.4278, -45.1122, 28.9759)/13] => [[37,99,204,225,234,243,321,387,390,577,688,703,708,722,753,805,858,950,958,1014],[121,122,123,124,125,126,127,128,129,130,131,132,133,134,135,136,137,138,139,140,141,142,143,144,145,146,147,148,149,150,151,152,153,154,155,156,157,158,159,160,161]]
[(-3.2903, -45.1122, 29.0608)/15] => [[37,69,99,195,204,225,234,243,321,387,390,577,582,688,708,722,858,900,1012,1014],[141,142,143,144,145,146,147,148,149,150,151,152,153,154,155,156,157,158,159,160,161,162,163,164,165,166,167,168,169,170,171,172,173,174,175,176,177,178,179,180,181]]
[(9.1119, -32.5546, 29.2076)/13] => [[69,96,99,204,225,234,243,387,390,489,577,582,691,708,712,722,858,900,904,1012],[121,122,123,124,125,126,127,128,129,130,131,132,133,134,135,136,137,138,139,140,141,142,143,144,145,146,147,148,149,150,151,152,153,154,155,156,157,158,159,160,161]]
[(9.1119, -45.1122, 34.0951)/13] => [[37,69,99,204,225,234,243,321,350,387,390,533,577,582,708,722,743,900,1012,1014],[121,122,123,124,125,126,127,128,129,130,131,132,133,134,135,136,137,138,139,140,141,142,143,144,145,146,147,148,149,150,151,152,153,154,155,156,157,158,159,160,161]]
