[(2.7501, 29.1653, -0.1069)/21] => [[17,74,96,98,117,231,276,328,339,388,489,567,575,678,703,712,728,924,969,987],[202,203,204,205,206,207,208,209,210,211,212,213,214,215,216,217,218,219,220,221,222,223,224,225,226,227,228,229,230,231,232,233,234,235,236,237,238,239,240,241,242]]
[(28.4288, 29.1653, 0.9989)/19] => [[17,74,98,117,231,276,328,339,388,489,542,567,575,709,712,728,774,924,969,987],[182,183,184,185,186,187,188,189,190,191,192,193,194,195,196,197,198,199,200,201,202,203,204,205,206,207,208,209,210,211,212,213,214,215,216,217,218,219,220,221,222]]
[(2.7501, 6.4697, 1.1749)/16] => [[17,69,71,74,88,96,117,204,234,243,276,339,388,489,542,678,703,712,924,987],[151,152,153,154,155,156,157,158,159,160,161,162,163,164,165,166,167,168,169,170,171,172,173,174,175,176,177,178,179,180,181,182,183,184,185,186,187,188,189,190,191]]
[(-21.0291, 29.1653, 2.5637)/19] => [[17,74,96,98,117,155,231,234,276,388,489,574,678,703,709,712,728,776,924,946],[182,183,184,185,186,187,188,189,190,191,192,193,194,195,196,197,198,199,200,201,202,203,204,205,206,207,208,209,210,211,212,213,214,215,216,217,218,219,220,221,222]]
[(-20.9688, 50.3048, 2.6134)/14] => [[17,98,117,141,155,231,509,550,558,574,593,662,678,709,728,836,936,946,1003,1022],[131,132,133,134,135,136,137,138,139,140,141,142,143,144,145,146,147,148,149,150,151,152,153,154,155,156,157,158,159,160,161,162,163,164,165,166,167,168,169,170,171]]
[(2.7501, 49.7890, 3.0902)/18] => [[17,98,117,129,156,231,276,328,388,567,574,575,593,678,703,709,728,924,969,987],[171,172,173,174,175,176,177,178,179,180,181,182,183,184,185,186,187,188,189,190,191,192,193,194,195,196,197,198,199,200,201,202,203,204,205,206,207,208,209,210,211]]
[(-17.2623, 11.3293, 5.6669)/16] => [[17,69,71,74,96,117,204,231,276,339,388,489,542,575,678,696,703,712,924,987],[151,152,153,154,155,156,157,158,159,160,161,162,163,164,165,166,167,168,169,170,171,172,173,174,175,176,177,178,179,180,181,182,183,184,185,186,187,188,189,190,191]]
[(22.0022, 12.0070, 6.2933)/18] => [[17,71,74,117,204,231,234,276,339,388,489,542,567,575,709,712,774,924,969,987],[171,172,173,174,175,176,177,178,179,180,181,182,183,184,185,186,187,188,189,190,191,192,193,194,195,196,197,198,199,200,201,202,203,204,205,206,207,208,209,210,211]]
[(19.0987, 14.5948, 8.6852)/19] => [[17,71,74,117,204,231,234,276,339,388,489,542,567,575,703,709,712,924,969,987],[182,183,184,185,186,187,188,189,190,191,192,193,194,195,196,197,198,199,200,201,202,203,204,205,206,207,208,209,210,211,212,213,214,215,216,217,218,219,220,221,222]]
[(18.7547, 43.4294, 8.9687)/18] => [[17,98,117,129,156,231,276,328,388,567,574,575,593,703,709,728,924,969,987],[171,172,173,174,175,176,177,178,179,180,181,182,183,184,185,186,187,188,189,190,191,192,193,194,195,196,197,198,199,200,201,202,203,204,205,206,207,208,209,210,211]]
[(16.1834, 17.1930, 22.1536)/19] => [[5,17,117,204,234,276,304,388,390,489,567,574,577,709,712,836,896,904,924,969],[182,183,184,185,186,187,188,189,190,191,192,193,194,195,196,197,198,199,200,201,202,203,204,205,206,207,208,209,210,211,212,213,214,215,216,217,218,219,220,221,222]]
[(26.4937, 8.0040, 22.1536)/19] => [[5,17,117,204,234,243,276,304,328,388,390,489,574,577,691,712,774,896,904,924],[182,183,184,185,186,187,188,189,190,191,192,193,194,195,196,197,198,199,200,201,202,203,204,205,206,207,208,209,210,211,212,213,214,215,216,217,218,219,220,221,222]]
[(19.3466, 43.9569, 22.1537)/17] => [[5,17,98,117,156,209,276,304,328,388,567,574,593,709,728,780,896,924,969,1003],[161,162,163,164,165,166,167,168,169,170,171,172,173,174,175,176,177,178,179,180,181,182,183,184,185,186,187,188,189,190,191,192,193,194,195,196,197,198,199,200,201]]
[(2.7501, 8.8634, 22.1537)/22] => [[5,17,69,96,117,204,234,243,276,304,388,390,489,574,577,678,712,836,904,924],[212,213,214,215,216,217,218,219,220,221,222,223,224,225,226,227,228,229,230,231,232,233,234,235,236,237,238,239,240,241,242,243,244,245,246,247,248,249,250,251,252]]
[(26.4952, 8.0026, 22.1537)/20] => [[5,17,117,204,234,243,276,304,328,388,390,489,574,577,691,712,774,896,904,924],[192,193,194,195,196,197,198,199,200,201,202,203,204,205,206,207,208,209,210,211,212,213,214,215,216,217,218,219,220,221,222,223,224,225,226,227,228,229,230,231,232]]
[(-27.7256, 56.3268, 22.1538)/15] => [[17,98,117,141,155,382,574,593,662,674,678,715,728,780,836,899,936,987,1003],[141,142,143,144,145,146,147,148,149,150,151,152,153,154,155,156,157,158,159,160,161,162,163,164,165,166,167,168,169,170,171,172,173,174,175,176,177,178,179,180,181]]
[(2.7501, 52.9544, 22.1538)/17] => [[5,17,98,117,141,156,209,304,328,567,574,593,614,678,728,780,836,969,987,1003],[161,162,163,164,165,166,167,168,169,170,171,172,173,174,175,176,177,178,179,180,181,182,183,184,185,186,187,188,189,190,191,192,193,194,195,196,197,198,199,200,201]]
[(-32.2525, 29.1653, 22.1537)/18] => [[63,96,98,155,234,273,382,388,433,489,574,603,662,678,712,728,836,882,904,924],[171,172,173,174,175,176,177,178,179,180,181,182,183,184,185,186,187,188,189,190,191,192,193,194,195,196,197,198,199,200,201,202,203,204,205,206,207,208,209,210,211]]
[(19.8859, 29.1653, 22.1537)/19] => [[5,17,98,117,234,276,304,328,388,390,489,567,574,709,712,728,896,904,924,969],[182,183,184,185,186,187,188,189,190,191,192,193,194,195,196,197,198,199,200,201,202,203,204,205,206,207,208,209,210,211,212,213,214,215,216,217,218,219,220,221,222]]
[(-9.6891, 18.0789, 22.1537)/20] => [[5,17,69,96,117,204,234,276,304,388,390,489,567,574,577,678,712,904,924,969],[192,193,194,195,196,197,198,199,200,201,202,203,204,205,206,207,208,209,210,211,212,213,214,215,216,217,218,219,220,221,222,223,224,225,226,227,228,229,230,231,232]]
[(33.2953, 56.3887, 22.1538)/18] => [[5,17,49,117,156,209,240,304,328,567,579,593,614,635,709,774,780,969,1003],[171,172,173,174,175,176,177,178,179,180,181,182,183,184,185,186,187,188,189,190,191,192,193,194,195,196,197,198,199,200,201,202,203,204,205,206,207,208,209,210,211]]
[(-6.3196, 21.0820, 29.6256)/22] => [[5,17,96,98,117,234,276,304,328,388,390,489,567,574,678,712,728,904,924,969],[212,213,214,215,216,217,218,219,220,221,222,223,224,225,226,227,228,229,230,231,232,233,234,235,236,237,238,239,240,241,242,243,244,245,246,247,248,249,250,251,252]]
[(11.8578, 21.0481, 29.6570)/23] => [[5,17,98,117,234,276,304,328,388,390,489,567,574,709,712,728,896,904,924,969],[222,223,224,225,226,227,228,229,230,231,232,233,234,235,236,237,238,239,240,241,242,243,244,245,246,247,248,249,250,251,252,253,254,255,256,257,258,259,260,261,262]]
[(-11.4930, 29.1654, 33.8876)/21] => [[17,87,96,98,117,234,236,276,304,388,489,574,662,691,712,728,735,836,904,924],[202,203,204,205,206,207,208,209,210,211,212,213,214,215,216,217,218,219,220,221,222,223,224,225,226,227,228,229,230,231,232,233,234,235,236,237,238,239,240,241,242]]
[(-12.0521, 42.3578, 34.3483)/16] => [[17,87,98,117,156,276,304,388,472,574,593,662,674,728,735,780,836,924,936,987],[151,152,153,154,155,156,157,158,159,160,161,162,163,164,165,166,167,168,169,170,171,172,173,174,175,176,177,178,179,180,181,182,183,184,185,186,187,188,189,190,191]]
[(17.8923, 29.1654, 34.6283)/19] => [[5,17,98,117,234,276,304,388,390,489,567,574,709,712,728,735,836,896,904,924],[182,183,184,185,186,187,188,189,190,191,192,193,194,195,196,197,198,199,200,201,202,203,204,205,206,207,208,209,210,211,212,213,214,215,216,217,218,219,220,221,222]]
[(21.0981, 45.5180, 37.2694)/21] => [[5,17,49,98,117,156,209,276,304,388,567,574,593,709,728,735,774,780,896,924],[202,203,204,205,206,207,208,209,210,211,212,213,214,215,216,217,218,219,220,221,222,223,224,225,226,227,228,229,230,231,232,233,234,235,236,237,238,239,240,241,242]]
[(2.7501, 6.0799, 43.4929)/13] => [[5,17,69,96,172,234,243,276,304,388,390,489,533,574,577,712,735,888,904,924],[121,122,123,124,125,126,127,128,129,130,131,132,133,134,135,136,137,138,139,140,141,142,143,144,145,146,147,148,149,150,151,152,153,154,155,156,157,158,159,160,161]]
[(2.7501, 54.4783, 45.5520)/17] => [[5,17,87,98,141,156,163,209,304,472,567,572,574,614,662,674,735,780,936,987],[161,162,163,164,165,166,167,168,169,170,171,172,173,174,175,176,177,178,179,180,181,182,183,184,185,186,187,188,189,190,191,192,193,194,195,196,197,198,199,200,201]]
[(2.7501, 29.1653, 63.8912)/15] => [[5,87,98,145,172,175,234,236,250,304,390,567,691,735,766,771,832,888,904,924],[141,142,143,144,145,146,147,148,149,150,151,152,153,154,155,156,157,158,159,160,161,162,163,164,165,166,167,168,169,170,171,172,173,174,175,176,177,178,179,180,181]]
