[(2.4432, 24.7315, 0.0734)/18] => [[17,74,96,98,117,231,276,328,339,388,489,567,575,678,703,712,728,924,969,987],[171,172,173,174,175,176,177,178,179,180,181,182,183,184,185,186,187,188,189,190,191,192,193,194,195,196,197,198,199,200,201,202,203,204,205,206,207,208,209,210,211]]
[(37.5229, 56.6855, 2.9144)/21] => [[17,117,129,156,209,231,240,328,567,575,579,593,614,635,709,774,835,969,987,1022],[202,203,204,205,206,207,208,209,210,211,212,213,214,215,216,217,218,219,220,221,222,223,224,225,226,227,228,229,230,231,232,233,234,235,236,237,238,239,240,241,242]]
[(37.5229, -4.5605, 5.2900)/22] => [[5,17,71,88,117,204,234,243,276,328,339,542,635,712,732,774,776,899,964,987],[212,213,214,215,216,217,218,219,220,221,222,223,224,225,226,227,228,229,230,231,232,233,234,235,236,237,238,239,240,241,242,243,244,245,246,247,248,249,250,251,252]]
[(37.5229, 24.7315, 5.3975)/25] => [[17,117,231,234,240,276,328,339,542,567,575,635,709,712,732,774,776,835,969,987],[242,243,244,245,246,247,248,249,250,251,252,253,254,255,256,257,258,259,260,261,262,263,264,265,266,267,268,269,270,271,272,273,274,275,276,277,278,279,280,281,282]]
[(65.5968, 24.7315, 6.3364)/15] => [[5,35,114,134,240,328,396,545,567,614,635,693,709,732,774,835,860,964,969],[141,142,143,144,145,146,147,148,149,150,151,152,153,154,155,156,157,158,159,160,161,162,163,164,165,166,167,168,169,170,171,172,173,174,175,176,177,178,179,180,181]]
[(10.4796, 51.8190, 7.2577)/16] => [[17,98,117,129,156,209,231,328,558,567,574,575,593,614,709,728,969,987,1022],[151,152,153,154,155,156,157,158,159,160,161,162,163,164,165,166,167,168,169,170,171,172,173,174,175,176,177,178,179,180,181,182,183,184,185,186,187,188,189,190,191]]
[(11.8029, -1.0305, 8.4405)/21] => [[17,71,74,88,117,204,234,243,276,339,388,489,542,574,703,709,712,776,924,987],[202,203,204,205,206,207,208,209,210,211,212,213,214,215,216,217,218,219,220,221,222,223,224,225,226,227,228,229,230,231,232,233,234,235,236,237,238,239,240,241,242]]
[(60.2239, 47.4696, 11.1395)/20] => [[5,35,114,134,209,240,326,328,545,567,614,635,693,709,732,774,835,860,964,969],[192,193,194,195,196,197,198,199,200,201,202,203,204,205,206,207,208,209,210,211,212,213,214,215,216,217,218,219,220,221,222,223,224,225,226,227,228,229,230,231,232]]
[(58.9571, 3.2624, 12.2720)/19] => [[5,68,88,204,304,328,339,396,406,421,466,587,635,693,732,774,913,950,964],[182,183,184,185,186,187,188,189,190,191,192,193,194,195,196,197,198,199,200,201,202,203,204,205,206,207,208,209,210,211,212,213,214,215,216,217,218,219,220,221,222]]
[(59.1528, 3.0664, 31.4332)/22] => [[5,97,204,304,374,390,406,421,515,533,587,649,693,732,774,885,896,913,950,964],[212,213,214,215,216,217,218,219,220,221,222,223,224,225,226,227,228,229,230,231,232,233,234,235,236,237,238,239,240,241,242,243,244,245,246,247,248,249,250,251,252]]
[(37.5229, -8.4576, 31.4332)/21] => [[5,17,117,204,234,243,276,304,374,390,421,533,577,649,691,712,732,774,885,896],[202,203,204,205,206,207,208,209,210,211,212,213,214,215,216,217,218,219,220,221,222,223,224,225,226,227,228,229,230,231,232,233,234,235,236,237,238,239,240,241,242]]
[(37.5229, 60.7408, 31.4332)/20] => [[5,17,49,156,209,240,304,567,571,593,606,608,614,684,709,774,780,794,936,987],[192,193,194,195,196,197,198,199,200,201,202,203,204,205,206,207,208,209,210,211,212,213,214,215,216,217,218,219,220,221,222,223,224,225,226,227,228,229,230,231,232]]
[(10.0389, 52.2605, 31.4332)/20] => [[5,17,98,117,156,209,304,472,567,574,593,614,662,709,728,735,780,836,936,987],[192,193,194,195,196,197,198,199,200,201,202,203,204,205,206,207,208,209,210,211,212,213,214,215,216,217,218,219,220,221,222,223,224,225,226,227,228,229,230,231,232]]
[(60.3974, 47.6433, 31.4332)/22] => [[5,35,49,97,114,134,209,240,326,567,571,606,614,693,709,723,732,774,860,896],[212,213,214,215,216,217,218,219,220,221,222,223,224,225,226,227,228,229,230,231,232,233,234,235,236,237,238,239,240,241,242,243,244,245,246,247,248,249,250,251,252]]
[(-1.6873, 24.7315, 31.4332)/22] => [[5,17,96,98,117,234,276,304,388,390,489,567,574,691,712,728,735,836,904,924],[212,213,214,215,216,217,218,219,220,221,222,223,224,225,226,227,228,229,230,231,232,233,234,235,236,237,238,239,240,241,242,243,244,245,246,247,248,249,250,251,252]]
[(67.8306, 24.7315, 31.4332)/25] => [[5,35,114,134,240,326,374,390,567,571,614,693,709,723,725,732,774,860,896,964],[242,243,244,245,246,247,248,249,250,251,252,253,254,255,256,257,258,259,260,261,262,263,264,265,266,267,268,269,270,271,272,273,274,275,276,277,278,279,280,281,282]]
[(11.5583, -1.2754, 31.4332)/21] => [[5,17,117,204,234,243,276,304,388,390,489,533,574,577,712,735,836,896,904,924],[202,203,204,205,206,207,208,209,210,211,212,213,214,215,216,217,218,219,220,221,222,223,224,225,226,227,228,229,230,231,232,233,234,235,236,237,238,239,240,241,242]]
[(59.2907, 2.9283, 50.8926)/22] => [[5,172,212,263,304,354,374,390,469,515,533,617,649,693,732,784,885,896,913,964],[212,213,214,215,216,217,218,219,220,221,222,223,224,225,226,227,228,229,230,231,232,233,234,235,236,237,238,239,240,241,242,243,244,245,246,247,248,249,250,251,252]]
[(60.6422, 47.8886, 52.1008)/21] => [[5,49,134,209,326,354,528,567,574,606,614,693,709,723,732,773,835,860,896,909],[202,203,204,205,206,207,208,209,210,211,212,213,214,215,216,217,218,219,220,221,222,223,224,225,226,227,228,229,230,231,232,233,234,235,236,237,238,239,240,241,242]]
[(11.2867, -1.5475, 54.8873)/20] => [[5,17,172,234,250,276,304,390,421,454,533,574,577,691,712,735,832,896,904,924],[192,193,194,195,196,197,198,199,200,201,202,203,204,205,206,207,208,209,210,211,212,213,214,215,216,217,218,219,220,221,222,223,224,225,226,227,228,229,230,231,232]]
[(9.7447, 52.5551, 56.2658)/18] => [[5,17,87,98,163,209,304,394,472,551,567,572,574,614,674,735,780,936,987],[171,172,173,174,175,176,177,178,179,180,181,182,183,184,185,186,187,188,189,190,191,192,193,194,195,196,197,198,199,200,201,202,203,204,205,206,207,208,209,210,211]]
[(68.0752, 24.7315, 58.7455)/19] => [[5,134,172,326,354,374,390,567,574,614,693,709,723,725,732,773,835,860,896,964],[182,183,184,185,186,187,188,189,190,191,192,193,194,195,196,197,198,199,200,201,202,203,204,205,206,207,208,209,210,211,212,213,214,215,216,217,218,219,220,221,222]]
[(37.5229, -8.8457, 61.4009)/22] => [[5,172,175,187,212,234,304,374,390,451,454,533,535,577,617,649,691,732,885,896],[212,213,214,215,216,217,218,219,220,221,222,223,224,225,226,227,228,229,230,231,232,233,234,235,236,237,238,239,240,241,242,243,244,245,246,247,248,249,250,251,252]]
[(-2.5246, 24.7315, 67.2337)/20] => [[5,87,98,145,172,175,234,236,250,304,390,567,691,735,766,771,832,888,904,924],[192,193,194,195,196,197,198,199,200,201,202,203,204,205,206,207,208,209,210,211,212,213,214,215,216,217,218,219,220,221,222,223,224,225,226,227,228,229,230,231,232]]
[(37.5229, 66.1670, 68.4142)/17] => [[5,49,162,209,304,394,528,567,572,574,606,614,684,709,773,780,835,838,909,987],[161,162,163,164,165,166,167,168,169,170,171,172,173,174,175,176,177,178,179,180,181,182,183,184,185,186,187,188,189,190,191,192,193,194,195,196,197,198,199,200,201]]
[(-6.5903, 24.7315, 70.8685)/14] => [[87,145,168,172,175,218,236,250,304,332,390,612,691,735,766,771,832,888,904,931],[131,132,133,134,135,136,137,138,139,140,141,142,143,144,145,146,147,148,149,150,151,152,153,154,155,156,157,158,159,160,161,162,163,164,165,166,167,168,169,170,171]]
