[(-2.5359, 14.8085, 4.9689)/25] => [[17,69,71,74,96,117,204,231,276,339,388,489,567,575,678,703,712,924,969,987],[242,243,244,245,246,247,248,249,250,251,252,253,254,255,256,257,258,259,260,261,262,263,264,265,266,267,268,269,270,271,272,273,274,275,276,277,278,279,280,281,282]]
[(-39.1020, 14.8085, 5.9355)/15] => [[69,71,74,96,155,157,231,234,388,433,489,574,603,678,696,703,709,712,924,946],[141,142,143,144,145,146,147,148,149,150,151,152,153,154,155,156,157,158,159,160,161,162,163,164,165,166,167,168,169,170,171,172,173,174,175,176,177,178,179,180,181]]
[(-2.5359, -21.5691, 6.1295)/20] => [[69,71,74,88,96,99,204,243,276,339,388,489,542,703,708,712,858,924,950,1012],[192,193,194,195,196,197,198,199,200,201,202,203,204,205,206,207,208,209,210,211,212,213,214,215,216,217,218,219,220,221,222,223,224,225,226,227,228,229,230,231,232]]
[(-2.5359, 50.9573, 6.3169)/21] => [[17,98,117,129,156,209,231,328,558,567,574,575,593,614,678,709,728,969,987,1022],[202,203,204,205,206,207,208,209,210,211,212,213,214,215,216,217,218,219,220,221,222,223,224,225,226,227,228,229,230,231,232,233,234,235,236,237,238,239,240,241,242]]
[(33.4388, 14.8085, 6.4206)/20] => [[5,17,71,117,204,231,234,276,339,542,567,575,635,709,712,732,774,776,969,987],[192,193,194,195,196,197,198,199,200,201,202,203,204,205,206,207,208,209,210,211,212,213,214,215,216,217,218,219,220,221,222,223,224,225,226,227,228,229,230,231,232]]
[(-30.9896, -13.6829, 12.5909)/21] => [[63,69,71,96,99,234,243,311,388,396,433,489,493,662,678,696,712,836,924,1012],[202,203,204,205,206,207,208,209,210,211,212,213,214,215,216,217,218,219,220,221,222,223,224,225,226,227,228,229,230,231,232,233,234,235,236,237,238,239,240,241,242]]
[(-30.3029, 42.6123, 13.1543)/21] => [[98,155,273,388,509,574,593,603,637,662,678,709,728,836,924,936,946,958,965,1003],[202,203,204,205,206,207,208,209,210,211,212,213,214,215,216,217,218,219,220,221,222,223,224,225,226,227,228,229,230,231,232,233,234,235,236,237,238,239,240,241,242]]
[(25.1588, -12.9229, 13.2136)/17] => [[68,71,88,99,117,204,234,243,276,328,339,388,421,489,577,688,712,753,924,988],[161,162,163,164,165,166,167,168,169,170,171,172,173,174,175,176,177,178,179,180,181,182,183,184,185,186,187,188,189,190,191,192,193,194,195,196,197,198,199,200,201]]
[(24.5291, 41.9092, 13.7303)/18] => [[17,98,117,156,209,276,304,328,388,567,574,575,593,709,728,774,780,924,969],[171,172,173,174,175,176,177,178,179,180,181,182,183,184,185,186,187,188,189,190,191,192,193,194,195,196,197,198,199,200,201,202,203,204,205,206,207,208,209,210,211]]
[(25.3228, -13.0871, 35.9345)/23] => [[99,117,204,234,243,276,350,388,390,421,489,533,577,649,691,712,735,896,904,924],[222,223,224,225,226,227,228,229,230,231,232,233,234,235,236,237,238,239,240,241,242,243,244,245,246,247,248,249,250,251,252,253,254,255,256,257,258,259,260,261,262]]
[(-31.2893, -13.9830, 35.9345)/22] => [[63,69,96,99,234,243,388,396,433,471,489,493,662,712,735,882,900,904,924,1012],[212,213,214,215,216,217,218,219,220,221,222,223,224,225,226,227,228,229,230,231,232,233,234,235,236,237,238,239,240,241,242,243,244,245,246,247,248,249,250,251,252]]
[(-2.5359, -25.5079, 35.9345)/24] => [[69,96,99,204,234,243,276,388,390,489,533,577,691,708,712,900,904,924,1012,1014],[232,233,234,235,236,237,238,239,240,241,242,243,244,245,246,247,248,249,250,251,252,253,254,255,256,257,258,259,260,261,262,263,264,265,266,267,268,269,270,271,272]]
[(-42.9285, 14.8085, 35.9345)/24] => [[63,69,96,127,273,382,388,433,471,489,574,603,662,735,751,773,836,882,904,924],[232,233,234,235,236,237,238,239,240,241,242,243,244,245,246,247,248,249,250,251,252,253,254,255,256,257,258,259,260,261,262,263,264,265,266,267,268,269,270,271,272]]
[(36.1899, 14.8085, 35.9345)/24] => [[5,17,117,204,234,276,304,374,390,421,567,571,577,649,691,709,712,732,774,896],[232,233,234,235,236,237,238,239,240,241,242,243,244,245,246,247,248,249,250,251,252,253,254,255,256,257,258,259,260,261,262,263,264,265,266,267,268,269,270,271,272]]
[(-2.5359, 53.7460, 35.9345)/20] => [[5,17,98,117,141,156,209,304,472,567,574,593,614,662,728,735,780,836,936,987],[192,193,194,195,196,197,198,199,200,201,202,203,204,205,206,207,208,209,210,211,212,213,214,215,216,217,218,219,220,221,222,223,224,225,226,227,228,229,230,231,232]]
[(-30.4876, 42.7973, 35.9345)/21] => [[87,98,273,382,388,472,574,593,603,637,662,728,731,735,836,882,924,936,958,987],[202,203,204,205,206,207,208,209,210,211,212,213,214,215,216,217,218,219,220,221,222,223,224,225,226,227,228,229,230,231,232,233,234,235,236,237,238,239,240,241,242]]
[(24.6852, 42.0656, 35.9345)/21] => [[5,17,49,98,117,156,209,276,304,388,567,574,593,709,728,735,774,780,896,924],[202,203,204,205,206,207,208,209,210,211,212,213,214,215,216,217,218,219,220,221,222,223,224,225,226,227,228,229,230,231,232,233,234,235,236,237,238,239,240,241,242]]
[(24.9209, 42.3016, 58.4602)/19] => [[5,17,49,98,209,276,304,394,528,567,572,574,709,735,773,780,896,924,936,987],[182,183,184,185,186,187,188,189,190,191,192,193,194,195,196,197,198,199,200,201,202,203,204,205,206,207,208,209,210,211,212,213,214,215,216,217,218,219,220,221,222]]
[(25.4723, -13.2368, 58.9126)/19] => [[172,234,276,350,390,421,454,533,558,577,617,649,691,707,712,735,872,896,904,924],[182,183,184,185,186,187,188,189,190,191,192,193,194,195,196,197,198,199,200,201,202,203,204,205,206,207,208,209,210,211,212,213,214,215,216,217,218,219,220,221,222]]
[(-30.7259, 43.0357, 59.0618)/21] => [[87,98,199,273,300,382,472,574,603,615,637,662,731,735,832,882,924,936,958,987],[202,203,204,205,206,207,208,209,210,211,212,213,214,215,216,217,218,219,220,221,222,223,224,225,226,227,228,229,230,231,232,233,234,235,236,237,238,239,240,241,242]]
[(-31.6443, -14.3385, 59.8152)/21] => [[24,63,69,96,145,234,250,471,493,615,662,712,735,832,882,888,900,904,924,1012],[202,203,204,205,206,207,208,209,210,211,212,213,214,215,216,217,218,219,220,221,222,223,224,225,226,227,228,229,230,231,232,233,234,235,236,237,238,239,240,241,242]]
[(36.6062, 14.8085, 68.0469)/20] => [[5,172,187,234,304,374,389,390,451,454,535,567,571,577,649,691,709,732,773,896],[192,193,194,195,196,197,198,199,200,201,202,203,204,205,206,207,208,209,210,211,212,213,214,215,216,217,218,219,220,221,222,223,224,225,226,227,228,229,230,231,232]]
[(-2.5359, 54.2116, 68.2184)/21] => [[5,87,98,163,209,304,316,394,472,551,567,572,574,614,674,735,746,780,936,987],[202,203,204,205,206,207,208,209,210,211,212,213,214,215,216,217,218,219,220,221,222,223,224,225,226,227,228,229,230,231,232,233,234,235,236,237,238,239,240,241,242]]
[(41.9976, 14.8085, 72.4700)/4] => [[37,172,187,263,304,374,389,390,406,451,454,469,535,577,649,765,771,773,896,931],[30,31,32,33,34,35,36,37,38,39,40,41,42,43,44,45,46,47,48,49,50,51,52,53,54,55,56,57,58,59,60,61,62,63,64,65,66,67,68,69,70]]
[(-2.5359, 59.5938, 72.6281)/17] => [[69,87,163,168,175,218,236,304,316,394,472,551,572,574,674,735,746,780,931,987],[161,162,163,164,165,166,167,168,169,170,171,172,173,174,175,176,177,178,179,180,181,182,183,184,185,186,187,188,189,190,191,192,193,194,195,196,197,198,199,200,201]]
[(-2.5359, -30.7486, 73.2602)/18] => [[131,145,172,250,332,345,387,390,397,454,467,533,535,577,612,691,743,888,900,904],[171,172,173,174,175,176,177,178,179,180,181,182,183,184,185,186,187,188,189,190,191,192,193,194,195,196,197,198,199,200,201,202,203,204,205,206,207,208,209,210,211]]
[(-48.1356, 14.8085, 73.3448)/10] => [[24,63,131,145,250,303,332,345,382,471,508,540,615,662,735,766,832,882,888,904],[91,92,93,94,95,96,97,98,99,100,101,102,103,104,105,106,107,108,109,110,111,112,113,114,115,116,117,118,119,120,121,122,123,124,125,126,127,128,129,130,131]]
