[(30.5425, -64.9960, 4.5400)/21] => [[14,88,99,225,243,254,287,321,478,646,664,695,708,722,753,858,910,930,950],[202,203,204,205,206,207,208,209,210,211,212,213,214,215,216,217,218,219,220,221,222,223,224,225,226,227,228,229,230,231,232,233,234,235,236,237,238,239,240,241,242]]
[(30.5425, -42.6689, 4.9712)/23] => [[71,88,99,204,225,234,243,254,321,339,542,646,695,708,722,753,858,930,950],[222,223,224,225,226,227,228,229,230,231,232,233,234,235,236,237,238,239,240,241,242,243,244,245,246,247,248,249,250,251,252,253,254,255,256,257,258,259,260,261,262]]
[(51.7550, -42.6689, 5.5989)/20] => [[88,204,225,321,339,373,396,466,542,646,695,708,722,753,805,858,930,950,958,988],[192,193,194,195,196,197,198,199,200,201,202,203,204,205,206,207,208,209,210,211,212,213,214,215,216,217,218,219,220,221,222,223,224,225,226,227,228,229,230,231,232]]
[(10.0430, -42.6689, 6.3671)/20] => [[71,88,99,141,204,225,243,254,321,339,542,582,695,708,722,753,858,950,1012],[192,193,194,195,196,197,198,199,200,201,202,203,204,205,206,207,208,209,210,211,212,213,214,215,216,217,218,219,220,221,222,223,224,225,226,227,228,229,230,231,232]]
[(30.5425, -22.3908, 6.7347)/17] => [[71,88,99,204,234,243,276,339,466,542,708,712,732,753,776,805,858,930,950,988],[161,162,163,164,165,166,167,168,169,170,171,172,173,174,175,176,177,178,179,180,181,182,183,184,185,186,187,188,189,190,191,192,193,194,195,196,197,198,199,200,201]]
[(49.0583, -61.2946, 8.5048)/15] => [[14,88,225,254,287,321,489,646,664,695,708,722,753,805,858,910,930,950,988],[141,142,143,144,145,146,147,148,149,150,151,152,153,154,155,156,157,158,159,160,161,162,163,164,165,166,167,168,169,170,171,172,173,174,175,176,177,178,179,180,181]]
[(13.5800, -59.7321, 10.1787)/16] => [[14,71,88,141,204,225,254,321,387,478,577,582,685,695,708,722,753,858,920,950],[151,152,153,154,155,156,157,158,159,160,161,162,163,164,165,166,167,168,169,170,171,172,173,174,175,176,177,178,179,180,181,182,183,184,185,186,187,188,189,190,191]]
[(46.2998, -26.8181, 11.4774)/15] => [[88,89,204,276,339,373,396,406,421,466,577,708,732,753,805,858,930,964,988,1014],[141,142,143,144,145,146,147,148,149,150,151,152,153,154,155,156,157,158,159,160,161,162,163,164,165,166,167,168,169,170,171,172,173,174,175,176,177,178,179,180,181]]
[(16.0913, -28.1319, 12.8848)/18] => [[71,88,99,204,234,243,276,339,388,421,489,577,688,708,712,753,858,924,1012,1014],[171,172,173,174,175,176,177,178,179,180,181,182,183,184,185,186,187,188,189,190,191,192,193,194,195,196,197,198,199,200,201,202,203,204,205,206,207,208,209,210,211]]
[(30.5425, -68.9049, 28.4575)/15] => [[14,99,225,243,287,321,387,478,524,664,703,708,722,753,858,859,885,907,920,950],[141,142,143,144,145,146,147,148,149,150,151,152,153,154,155,156,157,158,159,160,161,162,163,164,165,166,167,168,169,170,171,172,173,174,175,176,177,178,179,180,181]]
[(13.4059, -59.9072, 28.4575)/20] => [[14,99,204,225,243,321,387,478,577,582,685,703,708,722,753,858,859,920,950,1012],[192,193,194,195,196,197,198,199,200,201,202,203,204,205,206,207,208,209,210,211,212,213,214,215,216,217,218,219,220,221,222,223,224,225,226,227,228,229,230,231,232]]
[(49.2339, -61.4712, 28.4575)/20] => [[14,89,225,287,321,387,489,524,664,703,708,722,753,858,859,885,907,910,920,950],[192,193,194,195,196,197,198,199,200,201,202,203,204,205,206,207,208,209,210,211,212,213,214,215,216,217,218,219,220,221,222,223,224,225,226,227,228,229,230,231,232]]
[(30.5425, -21.8338, 28.4575)/18] => [[99,195,204,234,243,276,390,421,577,691,703,708,712,732,753,805,858,885,896,1014],[171,172,173,174,175,176,177,178,179,180,181,182,183,184,185,186,187,188,189,190,191,192,193,194,195,196,197,198,199,200,201,202,203,204,205,206,207,208,209,210,211]]
[(46.3966, -26.7208, 28.4575)/19] => [[89,97,195,204,276,390,406,421,577,703,708,732,753,805,858,885,896,950,964,1014],[182,183,184,185,186,187,188,189,190,191,192,193,194,195,196,197,198,199,200,201,202,203,204,205,206,207,208,209,210,211,212,213,214,215,216,217,218,219,220,221,222]]
[(15.9380, -27.9778, 28.4575)/22] => [[99,204,234,243,276,388,390,489,577,691,703,708,712,753,858,896,904,924,1012,1014],[212,213,214,215,216,217,218,219,220,221,222,223,224,225,226,227,228,229,230,231,232,233,234,235,236,237,238,239,240,241,242,243,244,245,246,247,248,249,250,251,252]]
[(8.6254, -42.6689, 28.4575)/21] => [[37,69,99,195,204,225,234,243,321,387,390,577,582,688,708,722,858,900,1012,1014],[202,203,204,205,206,207,208,209,210,211,212,213,214,215,216,217,218,219,220,221,222,223,224,225,226,227,228,229,230,231,232,233,234,235,236,237,238,239,240,241,242]]
[(55.4721, -42.6689, 28.4575)/18] => [[89,97,204,225,321,387,390,426,515,703,708,722,753,805,858,885,950,958,1014],[171,172,173,174,175,176,177,178,179,180,181,182,183,184,185,186,187,188,189,190,191,192,193,194,195,196,197,198,199,200,201,202,203,204,205,206,207,208,209,210,211]]
[(15.8238, -27.8629, 44.3185)/19] => [[172,234,243,276,350,388,390,421,489,533,577,691,703,708,712,896,904,924,1012,1014],[182,183,184,185,186,187,188,189,190,191,192,193,194,195,196,197,198,199,200,201,202,203,204,205,206,207,208,209,210,211,212,213,214,215,216,217,218,219,220,221,222]]
[(46.5500, -26.5663, 45.7072)/20] => [[89,172,212,263,276,350,374,390,533,577,649,703,708,732,784,805,885,896,964,1014],[192,193,194,195,196,197,198,199,200,201,202,203,204,205,206,207,208,209,210,211,212,213,214,215,216,217,218,219,220,221,222,223,224,225,226,227,228,229,230,231,232]]
[(13.1886, -60.1258, 47.1581)/20] => [[225,243,321,350,387,494,533,546,664,685,703,708,722,725,743,859,920,950,1012,1014],[192,193,194,195,196,197,198,199,200,201,202,203,204,205,206,207,208,209,210,211,212,213,214,215,216,217,218,219,220,221,222,223,224,225,226,227,228,229,230,231,232]]
[(49.4184, -61.6570, 48.7982)/20] => [[89,216,225,321,387,524,533,664,675,703,708,722,743,805,859,885,907,910,920,950],[192,193,194,195,196,197,198,199,200,201,202,203,204,205,206,207,208,209,210,211,212,213,214,215,216,217,218,219,220,221,222,223,224,225,226,227,228,229,230,231,232]]
[(30.5425, -21.5901, 51.0378)/21] => [[172,212,234,276,350,374,390,454,533,577,617,649,691,703,712,732,805,885,896,1014],[202,203,204,205,206,207,208,209,210,211,212,213,214,215,216,217,218,219,220,221,222,223,224,225,226,227,228,229,230,231,232,233,234,235,236,237,238,239,240,241,242]]
[(55.8170, -42.6689, 55.6932)/18] => [[89,172,225,374,387,390,402,469,515,533,617,649,675,703,725,743,784,805,830,885],[171,172,173,174,175,176,177,178,179,180,181,182,183,184,185,186,187,188,189,190,191,192,193,194,195,196,197,198,199,200,201,202,203,204,205,206,207,208,209,210,211]]
[(30.5425, -69.4599, 57.1570)/19] => [[212,216,225,387,524,533,617,664,675,680,692,703,725,743,805,830,859,885,907,920],[182,183,184,185,186,187,188,189,190,191,192,193,194,195,196,197,198,199,200,201,202,203,204,205,206,207,208,209,210,211,212,213,214,215,216,217,218,219,220,221,222]]
[(3.5483, -42.6689, 57.5466)/17] => [[37,69,172,195,225,234,250,269,280,350,387,390,454,533,577,725,743,900,1012,1014],[161,162,163,164,165,166,167,168,169,170,171,172,173,174,175,176,177,178,179,180,181,182,183,184,185,186,187,188,189,190,191,192,193,194,195,196,197,198,199,200,201]]
[(59.8419, -42.6689, 60.0307)/12] => [[89,172,225,387,390,402,406,451,467,469,471,515,533,617,675,703,743,830,885,999],[111,112,113,114,115,116,117,118,119,120,121,122,123,124,125,126,127,128,129,130,131,132,133,134,135,136,137,138,139,140,141,142,143,144,145,146,147,148,149,150,151]]
[(30.5425, -72.4743, 60.3865)/18] => [[148,216,225,387,397,406,467,524,664,675,680,692,703,725,743,830,859,907,920,999],[171,172,173,174,175,176,177,178,179,180,181,182,183,184,185,186,187,188,189,190,191,192,193,194,195,196,197,198,199,200,201,202,203,204,205,206,207,208,209,210,211]]
