[(18.3772, -89.0526, 3.0502)/21] => [[14,141,225,254,287,305,321,452,478,582,646,664,667,685,695,708,722,858,950],[202,203,204,205,206,207,208,209,210,211,212,213,214,215,216,217,218,219,220,221,222,223,224,225,226,227,228,229,230,231,232,233,234,235,236,237,238,239,240,241,242]]
[(46.0303, -59.7860, 4.6178)/20] => [[14,88,204,225,254,321,373,452,646,695,708,722,753,805,858,930,950,958,988],[192,193,194,195,196,197,198,199,200,201,202,203,204,205,206,207,208,209,210,211,212,213,214,215,216,217,218,219,220,221,222,223,224,225,226,227,228,229,230,231,232]]
[(18.3772, -59.7860, 5.1647)/25] => [[14,71,88,99,141,204,225,254,321,478,582,685,695,708,722,753,858,950,1012],[242,243,244,245,246,247,248,249,250,251,252,253,254,255,256,257,258,259,260,261,262,263,264,265,266,267,268,269,270,271,272,273,274,275,276,277,278,279,280,281,282]]
[(18.3772, -85.9366, 6.0879)/18] => [[14,141,225,254,287,305,321,452,478,582,646,664,667,685,695,708,722,858,950],[171,172,173,174,175,176,177,178,179,180,181,182,183,184,185,186,187,188,189,190,191,192,193,194,195,196,197,198,199,200,201,202,203,204,205,206,207,208,209,210,211]]
[(-7.6784, -59.7860, 6.1756)/20] => [[69,71,88,99,141,204,225,243,254,321,452,478,582,646,685,708,722,858,950,1012],[192,193,194,195,196,197,198,199,200,201,202,203,204,205,206,207,208,209,210,211,212,213,214,215,216,217,218,219,220,221,222,223,224,225,226,227,228,229,230,231,232]]
[(18.3772, -33.9604, 6.4048)/20] => [[71,74,88,99,141,204,225,243,254,339,489,582,695,708,712,722,753,858,950,1012],[192,193,194,195,196,197,198,199,200,201,202,203,204,205,206,207,208,209,210,211,212,213,214,215,216,217,218,219,220,221,222,223,224,225,226,227,228,229,230,231,232]]
[(41.6619, -83.0755, 8.8775)/17] => [[14,43,52,225,254,287,321,394,489,646,664,667,695,708,722,858,910,930,950],[161,162,163,164,165,166,167,168,169,170,171,172,173,174,175,176,177,178,179,180,181,182,183,184,185,186,187,188,189,190,191,192,193,194,195,196,197,198,199,200,201]]
[(-3.4773, -81.6448, 10.2722)/17] => [[141,225,254,287,300,305,321,387,452,478,546,582,646,664,667,685,708,722,858,920],[161,162,163,164,165,166,167,168,169,170,171,172,173,174,175,176,177,178,179,180,181,182,183,184,185,186,187,188,189,190,191,192,193,194,195,196,197,198,199,200,201]]
[(38.7710, -39.3881, 11.6965)/19] => [[71,88,99,204,225,234,243,254,339,387,577,695,708,712,722,753,805,858,930,988],[182,183,184,185,186,187,188,189,190,191,192,193,194,195,196,197,198,199,200,201,202,203,204,205,206,207,208,209,210,211,212,213,214,215,216,217,218,219,220,221,222]]
[(-0.7512, -40.6538, 12.9305)/19] => [[69,71,88,99,141,204,225,234,243,254,321,339,387,577,582,646,708,722,858,1012],[182,183,184,185,186,187,188,189,190,191,192,193,194,195,196,197,198,199,200,201,202,203,204,205,206,207,208,209,210,211,212,213,214,215,216,217,218,219,220,221,222]]
[(18.3772, -92.8210, 31.5828)/20] => [[14,21,148,225,287,305,321,387,494,546,582,664,685,722,743,842,859,905,920,950],[192,193,194,195,196,197,198,199,200,201,202,203,204,205,206,207,208,209,210,211,212,213,214,215,216,217,218,219,220,221,222,223,224,225,226,227,228,229,230,231,232]]
[(38.9017, -39.2575, 31.5828)/21] => [[99,204,225,234,243,374,387,390,533,577,649,675,691,703,708,712,722,743,805,885],[202,203,204,205,206,207,208,209,210,211,212,213,214,215,216,217,218,219,220,221,222,223,224,225,226,227,228,229,230,231,232,233,234,235,236,237,238,239,240,241,242]]
[(-3.6063, -81.7740, 31.5828)/20] => [[37,148,174,184,225,287,305,321,387,494,546,582,664,685,708,722,743,748,920,1014],[192,193,194,195,196,197,198,199,200,201,202,203,204,205,206,207,208,209,210,211,212,213,214,215,216,217,218,219,220,221,222,223,224,225,226,227,228,229,230,231,232]]
[(41.8540, -83.2674, 31.5828)/19] => [[14,216,225,287,321,387,394,524,664,675,703,708,722,743,805,859,907,910,920,950],[182,183,184,185,186,187,188,189,190,191,192,193,194,195,196,197,198,199,200,201,202,203,204,205,206,207,208,209,210,211,212,213,214,215,216,217,218,219,220,221,222]]
[(18.3772, -32.4476, 31.5829)/25] => [[99,204,225,234,243,387,390,489,533,577,582,691,703,708,712,722,743,904,1012,1014],[242,243,244,245,246,247,248,249,250,251,252,253,254,255,256,257,258,259,260,261,262,263,264,265,266,267,268,269,270,271,272,273,274,275,276,277,278,279,280,281,282]]
[(-0.9217, -40.4833, 31.5829)/23] => [[37,69,99,204,225,234,243,321,350,387,390,533,577,582,708,722,743,900,1012,1014],[222,223,224,225,226,227,228,229,230,231,232,233,234,235,236,237,238,239,240,241,242,243,244,245,246,247,248,249,250,251,252,253,254,255,256,257,258,259,260,261,262]]
[(-10.3559, -59.7861, 31.5829)/24] => [[69,99,184,204,225,243,387,396,471,533,577,582,669,685,722,743,789,900,920,1012],[232,233,234,235,236,237,238,239,240,241,242,243,244,245,246,247,248,249,250,251,252,253,254,255,256,257,258,259,260,261,262,263,264,265,266,267,268,269,270,271,272]]
[(49.8565, -59.7861, 31.5829)/19] => [[14,89,204,225,321,387,524,533,577,649,675,703,708,722,743,859,885,907,920,950],[182,183,184,185,186,187,188,189,190,191,192,193,194,195,196,197,198,199,200,201,202,203,204,205,206,207,208,209,210,211,212,213,214,215,216,217,218,219,220,221,222]]
[(-1.0694, -40.3357, 50.5455)/20] => [[37,69,172,195,225,234,250,269,280,350,387,390,454,533,577,725,743,900,1012,1014],[192,193,194,195,196,197,198,199,200,201,202,203,204,205,206,207,208,209,210,211,212,213,214,215,216,217,218,219,220,221,222,223,224,225,226,227,228,229,230,231,232]]
[(39.0488, -39.1104, 51.7402)/20] => [[172,225,234,374,387,390,454,533,577,617,649,675,691,703,712,725,743,805,830,885],[192,193,194,195,196,197,198,199,200,201,202,203,204,205,206,207,208,209,210,211,212,213,214,215,216,217,218,219,220,221,222,223,224,225,226,227,228,229,230,231,232]]
[(-3.7209, -81.8884, 53.1310)/19] => [[37,148,177,184,195,225,259,269,305,387,431,641,664,680,685,725,743,748,920,1014],[182,183,184,185,186,187,188,189,190,191,192,193,194,195,196,197,198,199,200,201,202,203,204,205,206,207,208,209,210,211,212,213,214,215,216,217,218,219,220,221,222]]
[(42.0712, -83.4849, 54.6873)/21] => [[148,216,225,387,431,524,664,675,692,703,725,743,805,830,859,907,920,951,958,1014],[202,203,204,205,206,207,208,209,210,211,212,213,214,215,216,217,218,219,220,221,222,223,224,225,226,227,228,229,230,231,232,233,234,235,236,237,238,239,240,241,242]]
[(18.3772, -32.1308, 58.5446)/22] => [[37,172,225,234,250,350,387,390,454,533,577,691,703,712,725,743,830,904,1012,1014],[212,213,214,215,216,217,218,219,220,221,222,223,224,225,226,227,228,229,230,231,232,233,234,235,236,237,238,239,240,241,242,243,244,245,246,247,248,249,250,251,252]]
[(-10.6698, -59.7861, 59.9070)/19] => [[37,69,184,225,269,280,387,454,471,533,577,669,685,725,743,789,900,920,1012,1014],[182,183,184,185,186,187,188,189,190,191,192,193,194,195,196,197,198,199,200,201,202,203,204,205,206,207,208,209,210,211,212,213,214,215,216,217,218,219,220,221,222]]
[(18.3772, -93.1858, 64.1450)/21] => [[148,197,225,259,264,387,406,431,641,664,680,692,725,743,748,830,859,905,920,951],[202,203,204,205,206,207,208,209,210,211,212,213,214,215,216,217,218,219,220,221,222,223,224,225,226,227,228,229,230,231,232,233,234,235,236,237,238,239,240,241,242]]
[(54.5845, -59.7861, 66.8893)/12] => [[89,225,387,402,406,467,469,471,515,524,533,617,675,703,743,830,859,885,907,999],[111,112,113,114,115,116,117,118,119,120,121,122,123,124,125,126,127,128,129,130,131,132,133,134,135,136,137,138,139,140,141,142,143,144,145,146,147,148,149,150,151]]
[(18.3772, -96.8659, 67.7328)/18] => [[148,197,225,259,264,387,406,431,641,664,680,692,725,743,748,830,859,905,920,951],[171,172,173,174,175,176,177,178,179,180,181,182,183,184,185,186,187,188,189,190,191,192,193,194,195,196,197,198,199,200,201,202,203,204,205,206,207,208,209,210,211]]
