[(10.9821, 2.3037, 5.4102)/25] => [[17,71,74,88,117,204,234,243,276,339,388,489,542,574,703,709,712,776,924,987],[242,243,244,245,246,247,248,249,250,251,252,253,254,255,256,257,258,259,260,261,262,263,264,265,266,267,268,269,270,271,272,273,274,275,276,277,278,279,280,281,282]]
[(50.3920, 2.3037, 6.3658)/11] => [[5,68,88,97,204,328,339,396,421,466,542,587,635,693,732,774,913,964,987],[101,102,103,104,105,106,107,108,109,110,111,112,113,114,115,116,117,118,119,120,121,122,123,124,125,126,127,128,129,130,131,132,133,134,135,136,137,138,139,140,141]]
[(10.9821, -36.9721, 6.4087)/20] => [[71,74,88,99,141,204,225,243,254,339,489,582,695,708,712,722,753,858,950,1012],[192,193,194,195,196,197,198,199,200,201,202,203,204,205,206,207,208,209,210,211,212,213,214,215,216,217,218,219,220,221,222,223,224,225,226,227,228,229,230,231,232]]
[(-28.2712, 2.3037, 6.4864)/11] => [[17,69,71,74,96,117,234,243,276,388,396,489,574,678,696,703,709,712,776,924],[101,102,103,104,105,106,107,108,109,110,111,112,113,114,115,116,117,118,119,120,121,122,123,124,125,126,127,128,129,130,131,132,133,134,135,136,137,138,139,140,141]]
[(10.9821, 41.4627, 6.4986)/20] => [[17,98,117,129,156,231,276,328,388,567,574,575,593,703,709,728,924,969,987],[192,193,194,195,196,197,198,199,200,201,202,203,204,205,206,207,208,209,210,211,212,213,214,215,216,217,218,219,220,221,222,223,224,225,226,227,228,229,230,231,232]]
[(40.6543, -27.3094, 13.8604)/18] => [[88,89,204,276,339,373,396,406,421,466,577,708,732,753,805,858,930,964,988,1014],[171,172,173,174,175,176,177,178,179,180,181,182,183,184,185,186,187,188,189,190,191,192,193,194,195,196,197,198,199,200,201,202,203,204,205,206,207,208,209,210,211]]
[(40.5195, 31.7822, 13.9642)/20] => [[5,17,114,117,240,276,304,326,328,567,575,635,709,732,774,780,835,964,969],[192,193,194,195,196,197,198,199,200,201,202,203,204,205,206,207,208,209,210,211,212,213,214,215,216,217,218,219,220,221,222,223,224,225,226,227,228,229,230,231,232]]
[(-18.2788, -26.8990, 14.1770)/19] => [[69,71,96,99,204,234,243,276,339,388,396,489,577,688,696,712,858,924,1012,1014],[182,183,184,185,186,187,188,189,190,191,192,193,194,195,196,197,198,199,200,201,202,203,204,205,206,207,208,209,210,211,212,213,214,215,216,217,218,219,220,221,222]]
[(-18.1628, 31.3904, 14.2663)/23] => [[17,96,98,117,276,304,328,388,489,574,575,593,662,678,709,712,728,780,924,1003],[222,223,224,225,226,227,228,229,230,231,232,233,234,235,236,237,238,239,240,241,242,243,244,245,246,247,248,249,250,251,252,253,254,255,256,257,258,259,260,261,262]]
[(-18.4982, -27.1179, 36.6973)/22] => [[69,96,99,204,234,243,276,388,396,471,489,533,577,691,712,900,904,924,1012,1014],[212,213,214,215,216,217,218,219,220,221,222,223,224,225,226,227,228,229,230,231,232,233,234,235,236,237,238,239,240,241,242,243,244,245,246,247,248,249,250,251,252]]
[(40.9047, -27.5593, 36.6973)/21] => [[89,195,204,276,350,374,390,406,421,533,577,649,703,708,732,805,885,896,964,1014],[202,203,204,205,206,207,208,209,210,211,212,213,214,215,216,217,218,219,220,221,222,223,224,225,226,227,228,229,230,231,232,233,234,235,236,237,238,239,240,241,242]]
[(10.9821, -39.6984, 36.6973)/20] => [[99,204,225,234,243,387,390,489,533,577,582,691,703,708,712,722,743,904,1012,1014],[192,193,194,195,196,197,198,199,200,201,202,203,204,205,206,207,208,209,210,211,212,213,214,215,216,217,218,219,220,221,222,223,224,225,226,227,228,229,230,231,232]]
[(-18.4266, 31.6536, 36.6973)/22] => [[17,96,98,117,276,304,388,489,574,593,662,691,712,728,735,780,836,904,924,936],[212,213,214,215,216,217,218,219,220,221,222,223,224,225,226,227,228,229,230,231,232,233,234,235,236,237,238,239,240,241,242,243,244,245,246,247,248,249,250,251,252]]
[(-30.5801, 2.3037, 36.6973)/22] => [[63,69,96,234,243,273,388,396,433,471,489,574,603,662,712,735,836,882,904,924],[212,213,214,215,216,217,218,219,220,221,222,223,224,225,226,227,228,229,230,231,232,233,234,235,236,237,238,239,240,241,242,243,244,245,246,247,248,249,250,251,252]]
[(53.1667, 2.3037, 36.6973)/21] => [[5,97,204,304,374,390,406,421,515,533,587,649,693,732,774,885,896,913,950,964],[202,203,204,205,206,207,208,209,210,211,212,213,214,215,216,217,218,219,220,221,222,223,224,225,226,227,228,229,230,231,232,233,234,235,236,237,238,239,240,241,242]]
[(10.9821, 44.0346, 36.6973)/22] => [[5,17,98,117,156,209,276,304,388,472,567,574,593,709,728,735,780,836,896,924],[212,213,214,215,216,217,218,219,220,221,222,223,224,225,226,227,228,229,230,231,232,233,234,235,236,237,238,239,240,241,242,243,244,245,246,247,248,249,250,251,252]]
[(40.6425, 31.9050, 36.6973)/22] => [[5,17,97,114,117,240,276,304,326,567,571,606,709,732,774,780,839,896,913,964],[212,213,214,215,216,217,218,219,220,221,222,223,224,225,226,227,228,229,230,231,232,233,234,235,236,237,238,239,240,241,242,243,244,245,246,247,248,249,250,251,252]]
[(-18.6478, 31.8745, 59.5016)/19] => [[17,87,96,98,145,276,300,304,572,574,662,691,712,735,780,832,888,904,924,936],[182,183,184,185,186,187,188,189,190,191,192,193,194,195,196,197,198,199,200,201,202,203,204,205,206,207,208,209,210,211,212,213,214,215,216,217,218,219,220,221,222]]
[(-18.7448, -27.3640, 59.5763)/20] => [[24,69,96,145,234,250,276,454,471,533,577,691,712,832,888,900,904,924,1012,1014],[192,193,194,195,196,197,198,199,200,201,202,203,204,205,206,207,208,209,210,211,212,213,214,215,216,217,218,219,220,221,222,223,224,225,226,227,228,229,230,231,232]]
[(40.7888, 32.0507, 59.6378)/20] => [[5,17,276,304,326,389,567,571,572,606,709,732,773,780,835,839,896,909,913,964],[192,193,194,195,196,197,198,199,200,201,202,203,204,205,206,207,208,209,210,211,212,213,214,215,216,217,218,219,220,221,222,223,224,225,226,227,228,229,230,231,232]]
[(41.1245, -27.7786, 59.8961)/18] => [[89,172,212,276,374,390,454,469,533,577,617,649,703,732,784,805,885,896,964,1014],[171,172,173,174,175,176,177,178,179,180,181,182,183,184,185,186,187,188,189,190,191,192,193,194,195,196,197,198,199,200,201,202,203,204,205,206,207,208,209,210,211]]
[(-31.2589, 2.3037, 69.2076)/20] => [[24,63,69,131,145,234,250,471,540,576,603,615,662,735,766,832,882,888,904,924],[192,193,194,195,196,197,198,199,200,201,202,203,204,205,206,207,208,209,210,211,212,213,214,215,216,217,218,219,220,221,222,223,224,225,226,227,228,229,230,231,232]]
[(10.9822, 44.5419, 69.2705)/21] => [[5,87,98,175,209,304,394,472,567,572,674,709,735,766,780,832,896,924,936,987],[202,203,204,205,206,207,208,209,210,211,212,213,214,215,216,217,218,219,220,221,222,223,224,225,226,227,228,229,230,231,232,233,234,235,236,237,238,239,240,241,242]]
[(53.6966, 2.3037, 69.5719)/16] => [[5,172,187,212,304,354,374,390,451,469,515,533,617,649,732,784,839,885,896,913],[151,152,153,154,155,156,157,158,159,160,161,162,163,164,165,166,167,168,169,170,171,172,173,174,175,176,177,178,179,180,181,182,183,184,185,186,187,188,189,190,191]]
[(10.9822, -40.3923, 69.6233)/21] => [[131,172,225,234,250,350,387,390,397,406,454,467,533,535,577,703,725,743,830,1014],[202,203,204,205,206,207,208,209,210,211,212,213,214,215,216,217,218,219,220,221,222,223,224,225,226,227,228,229,230,231,232,233,234,235,236,237,238,239,240,241,242]]
[(-36.8221, 2.3037, 73.4893)/15] => [[24,63,131,145,250,332,345,471,540,576,615,653,662,691,735,766,832,882,888,904],[141,142,143,144,145,146,147,148,149,150,151,152,153,154,155,156,157,158,159,160,161,162,163,164,165,166,167,168,169,170,171,172,173,174,175,176,177,178,179,180,181]]
[(10.9821, 50.1404, 73.5881)/19] => [[69,87,163,168,175,218,236,304,349,394,472,551,572,574,674,735,746,780,931,987],[182,183,184,185,186,187,188,189,190,191,192,193,194,195,196,197,198,199,200,201,202,203,204,205,206,207,208,209,210,211,212,213,214,215,216,217,218,219,220,221,222]]
[(59.1916, 2.3037, 73.8013)/14] => [[37,134,172,187,212,304,354,374,390,451,469,515,533,617,649,765,784,839,885,896],[131,132,133,134,135,136,137,138,139,140,141,142,143,144,145,146,147,148,149,150,151,152,153,154,155,156,157,158,159,160,161,162,163,164,165,166,167,168,169,170,171]]
[(10.9821, -45.8126, 73.8035)/17] => [[131,172,250,345,350,387,390,397,406,454,467,533,535,577,612,703,725,743,830,1014],[161,162,163,164,165,166,167,168,169,170,171,172,173,174,175,176,177,178,179,180,181,182,183,184,185,186,187,188,189,190,191,192,193,194,195,196,197,198,199,200,201]]
