[(26.7478, -78.0792, 4.3059)/21] => [[14,99,225,254,287,321,478,646,664,685,695,708,722,753,805,858,930,950,988],[202,203,204,205,206,207,208,209,210,211,212,213,214,215,216,217,218,219,220,221,222,223,224,225,226,227,228,229,230,231,232,233,234,235,236,237,238,239,240,241,242]]
[(26.7478, -53.6545, 5.5226)/19] => [[14,71,88,99,204,225,243,254,321,478,646,685,695,708,722,753,858,930,950],[182,183,184,185,186,187,188,189,190,191,192,193,194,195,196,197,198,199,200,201,202,203,204,205,206,207,208,209,210,211,212,213,214,215,216,217,218,219,220,221,222]]
[(49.7225, -53.6545, 5.8338)/19] => [[14,88,204,225,254,321,373,452,646,695,708,722,753,805,858,930,950,958,988],[182,183,184,185,186,187,188,189,190,191,192,193,194,195,196,197,198,199,200,201,202,203,204,205,206,207,208,209,210,211,212,213,214,215,216,217,218,219,220,221,222]]
[(4.3849, -53.6545, 6.4757)/20] => [[69,71,88,99,141,204,225,243,254,321,452,478,582,646,685,708,722,858,950,1012],[192,193,194,195,196,197,198,199,200,201,202,203,204,205,206,207,208,209,210,211,212,213,214,215,216,217,218,219,220,221,222,223,224,225,226,227,228,229,230,231,232]]
[(26.7478, -31.6734, 6.8707)/21] => [[71,74,88,99,204,225,234,243,254,339,489,542,695,708,712,722,753,858,930,950],[202,203,204,205,206,207,208,209,210,211,212,213,214,215,216,217,218,219,220,221,222,223,224,225,226,227,228,229,230,231,232,233,234,235,236,237,238,239,240,241,242]]
[(46.3925, -73.2945, 9.3280)/19] => [[14,43,225,254,287,321,394,489,646,664,695,708,722,753,805,858,910,930,950],[182,183,184,185,186,187,188,189,190,191,192,193,194,195,196,197,198,199,200,201,202,203,204,205,206,207,208,209,210,211,212,213,214,215,216,217,218,219,220,221,222]]
[(8.2034, -72.1943, 10.4825)/19] => [[99,141,225,254,287,300,321,387,452,478,546,582,646,664,685,708,722,858,920,1012],[182,183,184,185,186,187,188,189,190,191,192,193,194,195,196,197,198,199,200,201,202,203,204,205,206,207,208,209,210,211,212,213,214,215,216,217,218,219,220,221,222]]
[(43.8790, -36.5276, 11.9654)/15] => [[88,89,204,225,254,339,387,396,466,577,695,708,722,753,805,858,930,964,988,1014],[141,142,143,144,145,146,147,148,149,150,151,152,153,154,155,156,157,158,159,160,161,162,163,164,165,166,167,168,169,170,171,172,173,174,175,176,177,178,179,180,181]]
[(10.5621, -37.4729, 12.9576)/19] => [[71,88,99,141,204,225,243,254,339,387,489,577,582,695,708,712,722,753,858,1012],[182,183,184,185,186,187,188,189,190,191,192,193,194,195,196,197,198,199,200,201,202,203,204,205,206,207,208,209,210,211,212,213,214,215,216,217,218,219,220,221,222]]
[(26.7478, -30.5668, 29.9414)/24] => [[99,204,225,234,243,387,390,489,577,688,691,703,708,712,722,753,805,858,904,1014],[232,233,234,235,236,237,238,239,240,241,242,243,244,245,246,247,248,249,250,251,252,253,254,255,256,257,258,259,260,261,262,263,264,265,266,267,268,269,270,271,272]]
[(44.0745, -36.3320, 29.9414)/19] => [[89,97,159,195,204,225,387,390,406,577,703,708,722,753,805,858,885,950,964,1014],[182,183,184,185,186,187,188,189,190,191,192,193,194,195,196,197,198,199,200,201,202,203,204,205,206,207,208,209,210,211,212,213,214,215,216,217,218,219,220,221,222]]
[(10.4336, -37.3444, 29.9414)/22] => [[99,204,225,234,243,387,390,489,577,582,691,703,708,712,722,753,858,904,1012,1014],[212,213,214,215,216,217,218,219,220,221,222,223,224,225,226,227,228,229,230,231,232,233,234,235,236,237,238,239,240,241,242,243,244,245,246,247,248,249,250,251,252]]
[(2.2776, -53.6545, 29.9414)/19] => [[37,69,99,174,204,225,243,321,387,478,577,582,685,708,722,858,900,920,1012,1014],[182,183,184,185,186,187,188,189,190,191,192,193,194,195,196,197,198,199,200,201,202,203,204,205,206,207,208,209,210,211,212,213,214,215,216,217,218,219,220,221,222]]
[(53.2471, -53.6545, 29.9414)/20] => [[14,89,204,225,321,387,515,524,703,708,722,753,805,858,859,885,907,950,958,1014],[192,193,194,195,196,197,198,199,200,201,202,203,204,205,206,207,208,209,210,211,212,213,214,215,216,217,218,219,220,221,222,223,224,225,226,227,228,229,230,231,232]]
[(26.7478, -81.8299, 29.9414)/15] => [[14,148,225,287,321,387,478,664,667,685,703,708,722,805,858,859,907,920,950,1014],[141,142,143,144,145,146,147,148,149,150,151,152,153,154,155,156,157,158,159,160,161,162,163,164,165,166,167,168,169,170,171,172,173,174,175,176,177,178,179,180,181]]
[(7.9687, -72.4293, 29.9414)/20] => [[99,148,225,287,321,387,478,494,546,582,664,685,708,722,748,858,900,920,1012,1014],[192,193,194,195,196,197,198,199,200,201,202,203,204,205,206,207,208,209,210,211,212,213,214,215,216,217,218,219,220,221,222,223,224,225,226,227,228,229,230,231,232]]
[(46.5914, -73.4932, 29.9414)/20] => [[14,43,89,225,287,321,387,394,489,524,664,703,708,722,753,858,859,907,920,950],[192,193,194,195,196,197,198,199,200,201,202,203,204,205,206,207,208,209,210,211,212,213,214,215,216,217,218,219,220,221,222,223,224,225,226,227,228,229,230,231,232]]
[(10.2342, -37.1449, 47.2694)/18] => [[172,225,234,243,350,387,390,489,533,577,691,703,708,712,722,725,743,904,1012,1014],[171,172,173,174,175,176,177,178,179,180,181,182,183,184,185,186,187,188,189,190,191,192,193,194,195,196,197,198,199,200,201,202,203,204,205,206,207,208,209,210,211]]
[(44.2064, -36.2003, 48.2609)/17] => [[89,172,212,225,374,387,390,533,577,649,675,703,708,722,725,743,784,805,885,964],[161,162,163,164,165,166,167,168,169,170,171,172,173,174,175,176,177,178,179,180,181,182,183,184,185,186,187,188,189,190,191,192,193,194,195,196,197,198,199,200,201]]
[(7.7083, -72.6895, 49.9198)/20] => [[37,148,184,225,321,350,387,494,546,664,685,708,722,725,743,748,900,920,1012,1014],[192,193,194,195,196,197,198,199,200,201,202,203,204,205,206,207,208,209,210,211,212,213,214,215,216,217,218,219,220,221,222,223,224,225,226,227,228,229,230,231,232]]
[(46.9150, -73.8167, 51.1030)/20] => [[89,148,216,225,350,387,524,664,675,692,703,725,743,805,830,859,907,920,958,1014],[192,193,194,195,196,197,198,199,200,201,202,203,204,205,206,207,208,209,210,211,212,213,214,215,216,217,218,219,220,221,222,223,224,225,226,227,228,229,230,231,232]]
[(26.7478, -30.2334, 54.5236)/23] => [[172,225,234,387,390,454,533,577,617,649,675,691,703,712,725,743,805,830,904,1014],[222,223,224,225,226,227,228,229,230,231,232,233,234,235,236,237,238,239,240,241,242,243,244,245,246,247,248,249,250,251,252,253,254,255,256,257,258,259,260,261,262]]
[(-2.4989, -53.6545, 60.6304)/19] => [[69,131,184,225,269,280,350,387,397,406,454,467,533,535,577,725,743,900,920,1014],[182,183,184,185,186,187,188,189,190,191,192,193,194,195,196,197,198,199,200,201,202,203,204,205,206,207,208,209,210,211,212,213,214,215,216,217,218,219,220,221,222]]
[(57.6508, -53.6545, 62.3682)/10] => [[89,225,387,402,406,467,469,471,515,524,533,617,675,703,743,830,859,885,907,999],[91,92,93,94,95,96,97,98,99,100,101,102,103,104,105,106,107,108,109,110,111,112,113,114,115,116,117,118,119,120,121,122,123,124,125,126,127,128,129,130,131]]
[(26.7478, -85.0865, 62.9314)/19] => [[148,225,259,387,406,431,664,675,680,692,703,725,743,830,859,907,920,958,999,1014],[182,183,184,185,186,187,188,189,190,191,192,193,194,195,196,197,198,199,200,201,202,203,204,205,206,207,208,209,210,211,212,213,214,215,216,217,218,219,220,221,222]]
