[(14.4749, -91.6340, 3.5418)/21] => [[14,21,141,225,254,287,300,305,321,452,478,540,582,646,664,667,685,695,722,950],[202,203,204,205,206,207,208,209,210,211,212,213,214,215,216,217,218,219,220,221,222,223,224,225,226,227,228,229,230,231,232,233,234,235,236,237,238,239,240,241,242]]
[(14.4749, -64.6168, 5.3162)/25] => [[14,88,99,141,225,254,287,321,478,582,664,685,695,708,722,753,858,950,1012],[242,243,244,245,246,247,248,249,250,251,252,253,254,255,256,257,258,259,260,261,262,263,264,265,266,267,268,269,270,271,272,273,274,275,276,277,278,279,280,281,282]]
[(39.5665, -64.6168, 5.4597)/20] => [[14,88,99,225,243,254,287,321,478,646,664,695,708,722,753,858,910,930,950],[192,193,194,195,196,197,198,199,200,201,202,203,204,205,206,207,208,209,210,211,212,213,214,215,216,217,218,219,220,221,222,223,224,225,226,227,228,229,230,231,232]]
[(-9.7172, -64.6168, 6.3810)/20] => [[88,99,141,225,243,254,287,300,321,452,478,582,646,664,685,708,722,858,950,1012],[192,193,194,195,196,197,198,199,200,201,202,203,204,205,206,207,208,209,210,211,212,213,214,215,216,217,218,219,220,221,222,223,224,225,226,227,228,229,230,231,232]]
[(14.4749, -40.6067, 6.6160)/21] => [[71,88,99,141,204,225,243,254,321,339,542,582,695,708,722,753,858,950,1012],[202,203,204,205,206,207,208,209,210,211,212,213,214,215,216,217,218,219,220,221,222,223,224,225,226,227,228,229,230,231,232,233,234,235,236,237,238,239,240,241,242]]
[(35.9877, -86.1721, 9.1256)/19] => [[14,52,225,254,287,321,452,478,646,664,667,695,708,722,805,858,910,930,950],[182,183,184,185,186,187,188,189,190,191,192,193,194,195,196,197,198,199,200,201,202,203,204,205,206,207,208,209,210,211,212,213,214,215,216,217,218,219,220,221,222]]
[(-6.0139, -85.1464, 10.1744)/19] => [[141,225,254,287,300,305,321,387,452,478,546,582,646,664,667,685,708,722,858,920],[182,183,184,185,186,187,188,189,190,191,192,193,194,195,196,197,198,199,200,201,202,203,204,205,206,207,208,209,210,211,212,213,214,215,216,217,218,219,220,221,222]]
[(33.1826, -45.8721, 11.9989)/17] => [[71,88,99,204,225,234,243,254,321,339,387,577,646,695,708,722,753,858,930,950],[161,162,163,164,165,166,167,168,169,170,171,172,173,174,175,176,177,178,179,180,181,182,183,184,185,186,187,188,189,190,191,192,193,194,195,196,197,198,199,200,201]]
[(-3.3293, -46.7774, 12.9243)/19] => [[69,71,88,99,141,204,225,234,243,254,321,339,387,577,582,646,708,722,858,1012],[182,183,184,185,186,187,188,189,190,191,192,193,194,195,196,197,198,199,200,201,202,203,204,205,206,207,208,209,210,211,212,213,214,215,216,217,218,219,220,221,222]]
[(-12.4535, -64.6168, 31.1621)/23] => [[99,184,225,243,287,387,396,533,582,620,664,669,685,710,722,743,789,900,920,1012],[222,223,224,225,226,227,228,229,230,231,232,233,234,235,236,237,238,239,240,241,242,243,244,245,246,247,248,249,250,251,252,253,254,255,256,257,258,259,260,261,262]]
[(43.4336, -64.6168, 31.1621)/20] => [[14,89,225,287,321,387,524,533,664,675,703,708,722,743,859,885,907,910,920,950],[192,193,194,195,196,197,198,199,200,201,202,203,204,205,206,207,208,209,210,211,212,213,214,215,216,217,218,219,220,221,222,223,224,225,226,227,228,229,230,231,232]]
[(14.4749, -95.5193, 31.1621)/20] => [[14,21,148,225,287,305,321,387,494,546,582,664,685,722,743,842,859,905,920,950],[192,193,194,195,196,197,198,199,200,201,202,203,204,205,206,207,208,209,210,211,212,213,214,215,216,217,218,219,220,221,222,223,224,225,226,227,228,229,230,231,232]]
[(-6.2005, -85.3333, 31.1621)/21] => [[37,148,174,184,225,287,305,321,387,494,546,582,664,685,708,722,743,748,920,1014],[202,203,204,205,206,207,208,209,210,211,212,213,214,215,216,217,218,219,220,221,222,223,224,225,226,227,228,229,230,231,232,233,234,235,236,237,238,239,240,241,242]]
[(36.1947, -86.3796, 31.1621)/20] => [[14,148,216,225,287,321,387,524,664,675,703,708,722,743,805,859,907,910,920,950],[192,193,194,195,196,197,198,199,200,201,202,203,204,205,206,207,208,209,210,211,212,213,214,215,216,217,218,219,220,221,222,223,224,225,226,227,228,229,230,231,232]]
[(14.4749, -39.3742, 31.1621)/25] => [[99,204,225,234,243,387,390,489,533,577,582,691,703,708,712,722,743,904,1012,1014],[242,243,244,245,246,247,248,249,250,251,252,253,254,255,256,257,258,259,260,261,262,263,264,265,266,267,268,269,270,271,272,273,274,275,276,277,278,279,280,281,282]]
[(33.3516, -45.7028, 31.1621)/20] => [[99,204,225,234,243,321,374,387,390,533,577,649,675,703,708,722,743,805,885,950],[192,193,194,195,196,197,198,199,200,201,202,203,204,205,206,207,208,209,210,211,212,213,214,215,216,217,218,219,220,221,222,223,224,225,226,227,228,229,230,231,232]]
[(-3.4640, -46.6423, 31.1621)/23] => [[37,69,99,204,225,234,243,321,350,387,390,533,577,582,708,722,743,900,1012,1014],[222,223,224,225,226,227,228,229,230,231,232,233,234,235,236,237,238,239,240,241,242,243,244,245,246,247,248,249,250,251,252,253,254,255,256,257,258,259,260,261,262]]
[(-3.5990, -46.5069, 49.6762)/19] => [[37,69,172,195,225,234,243,321,350,387,390,533,577,708,722,725,743,900,1012,1014],[182,183,184,185,186,187,188,189,190,191,192,193,194,195,196,197,198,199,200,201,202,203,204,205,206,207,208,209,210,211,212,213,214,215,216,217,218,219,220,221,222]]
[(33.4857, -45.5685, 50.6357)/20] => [[172,212,225,234,374,387,390,454,533,577,617,649,675,703,725,743,805,830,885,1014],[192,193,194,195,196,197,198,199,200,201,202,203,204,205,206,207,208,209,210,211,212,213,214,215,216,217,218,219,220,221,222,223,224,225,226,227,228,229,230,231,232]]
[(-6.3808, -85.5141, 52.5257)/18] => [[37,148,177,184,195,225,259,269,305,387,431,641,664,680,685,725,743,748,920,1014],[171,172,173,174,175,176,177,178,179,180,181,182,183,184,185,186,187,188,189,190,191,192,193,194,195,196,197,198,199,200,201,202,203,204,205,206,207,208,209,210,211]]
[(36.3495, -86.5349, 53.5692)/21] => [[148,216,225,387,431,524,664,675,680,692,703,725,743,805,830,859,907,920,958,1014],[202,203,204,205,206,207,208,209,210,211,212,213,214,215,216,217,218,219,220,221,222,223,224,225,226,227,228,229,230,231,232,233,234,235,236,237,238,239,240,241,242]]
[(14.4749, -39.1087, 57.2395)/23] => [[37,172,225,234,250,350,387,390,454,533,577,691,703,712,725,743,830,904,1012,1014],[222,223,224,225,226,227,228,229,230,231,232,233,234,235,236,237,238,239,240,241,242,243,244,245,246,247,248,249,250,251,252,253,254,255,256,257,258,259,260,261,262]]
[(-16.7702, -64.6168, 63.1681)/17] => [[184,225,387,397,406,467,533,620,664,669,680,725,743,748,789,795,852,900,920,1014],[161,162,163,164,165,166,167,168,169,170,171,172,173,174,175,176,177,178,179,180,181,182,183,184,185,186,187,188,189,190,191,192,193,194,195,196,197,198,199,200,201]]
[(47.4851, -64.6168, 64.9760)/10] => [[89,216,225,387,397,406,467,524,533,617,664,675,703,743,830,859,885,907,920,999],[91,92,93,94,95,96,97,98,99,100,101,102,103,104,105,106,107,108,109,110,111,112,113,114,115,116,117,118,119,120,121,122,123,124,125,126,127,128,129,130,131]]
[(14.4749, -98.4734, 65.7741)/18] => [[148,197,225,259,264,387,406,431,641,664,680,692,725,743,748,830,859,905,920,951],[171,172,173,174,175,176,177,178,179,180,181,182,183,184,185,186,187,188,189,190,191,192,193,194,195,196,197,198,199,200,201,202,203,204,205,206,207,208,209,210,211]]
