[(19.1521, -106.1814, -0.1648)/18] => [[14,21,105,174,287,300,305,321,452,478,494,540,546,646,664,667,685,748,842,950],[171,172,173,174,175,176,177,178,179,180,181,182,183,184,185,186,187,188,189,190,191,192,193,194,195,196,197,198,199,200,201,202,203,204,205,206,207,208,209,210,211]]
[(49.5830, -73.6797, 1.8843)/20] => [[14,43,225,254,287,321,394,489,646,664,695,708,722,753,805,858,910,930,950],[192,193,194,195,196,197,198,199,200,201,202,203,204,205,206,207,208,209,210,211,212,213,214,215,216,217,218,219,220,221,222,223,224,225,226,227,228,229,230,231,232]]
[(-7.2786, -73.6797, 5.6321)/20] => [[99,141,225,254,287,300,321,452,478,494,546,582,646,664,685,708,722,858,950,1012],[192,193,194,195,196,197,198,199,200,201,202,203,204,205,206,207,208,209,210,211,212,213,214,215,216,217,218,219,220,221,222,223,224,225,226,227,228,229,230,231,232]]
[(19.1521, -73.6797, 5.9564)/15] => [[14,99,141,225,254,287,321,478,582,646,664,685,695,708,722,753,858,950,1012],[141,142,143,144,145,146,147,148,149,150,151,152,153,154,155,156,157,158,159,160,161,162,163,164,165,166,167,168,169,170,171,172,173,174,175,176,177,178,179,180,181]]
[(19.1521, -48.0159, 6.2648)/20] => [[71,88,99,141,204,225,243,254,321,339,542,582,695,708,722,753,858,950,1012],[192,193,194,195,196,197,198,199,200,201,202,203,204,205,206,207,208,209,210,211,212,213,214,215,216,217,218,219,220,221,222,223,224,225,226,227,228,229,230,231,232]]
[(44.6653, -99.1020, 6.4917)/16] => [[14,21,43,52,225,254,287,321,394,452,489,540,646,664,667,695,722,854,910,950],[151,152,153,154,155,156,157,158,159,160,161,162,163,164,165,166,167,168,169,170,171,172,173,174,175,176,177,178,179,180,181,182,183,184,185,186,187,188,189,190,191]]
[(-4.7468, -97.4935, 8.0042)/19] => [[21,141,225,254,287,300,305,321,452,478,494,540,546,582,646,664,667,685,722,978],[182,183,184,185,186,187,188,189,190,191,192,193,194,195,196,197,198,199,200,201,202,203,204,205,206,207,208,209,210,211,212,213,214,215,216,217,218,219,220,221,222]]
[(40.7056, -52.2030, 10.2017)/21] => [[14,88,89,204,225,254,321,387,524,577,646,695,708,722,753,858,907,920,930,950],[202,203,204,205,206,207,208,209,210,211,212,213,214,215,216,217,218,219,220,221,222,223,224,225,226,227,228,229,230,231,232,233,234,235,236,237,238,239,240,241,242]]
[(-0.5996, -53.9983, 11.8898)/21] => [[69,71,88,99,141,204,225,243,254,321,387,478,577,582,685,708,722,858,920,1012],[202,203,204,205,206,207,208,209,210,211,212,213,214,215,216,217,218,219,220,221,222,223,224,225,226,227,228,229,230,231,232,233,234,235,236,237,238,239,240,241,242]]
[(-11.2393, -73.6797, 30.3957)/25] => [[99,184,225,287,387,494,546,582,620,664,669,685,710,722,743,789,900,920,1012,1014],[242,243,244,245,246,247,248,249,250,251,252,253,254,255,256,257,258,259,260,261,262,263,264,265,266,267,268,269,270,271,272,273,274,275,276,277,278,279,280,281,282]]
[(53.5214, -73.6797, 30.3957)/22] => [[14,89,216,225,287,321,387,394,524,595,675,703,708,722,743,805,859,907,910,950],[212,213,214,215,216,217,218,219,220,221,222,223,224,225,226,227,228,229,230,231,232,233,234,235,236,237,238,239,240,241,242,243,244,245,246,247,248,249,250,251,252]]
[(-5.0206, -97.7663, 30.3956)/22] => [[21,148,174,177,184,225,287,305,321,387,494,546,582,664,685,722,743,748,920,978],[212,213,214,215,216,217,218,219,220,221,222,223,224,225,226,227,228,229,230,231,232,233,234,235,236,237,238,239,240,241,242,243,244,245,246,247,248,249,250,251,252]]
[(45.4912, -99.9250, 30.3956)/19] => [[14,21,148,216,225,287,321,387,394,524,664,675,722,743,859,905,907,910,920,950],[182,183,184,185,186,187,188,189,190,191,192,193,194,195,196,197,198,199,200,201,202,203,204,205,206,207,208,209,210,211,212,213,214,215,216,217,218,219,220,221,222]]
[(19.1521, -110.7381, 30.3956)/19] => [[14,21,72,208,285,287,305,400,546,565,629,664,685,751,859,905,907,920,945,1014],[182,183,184,185,186,187,188,189,190,191,192,193,194,195,196,197,198,199,200,201,202,203,204,205,206,207,208,209,210,211,212,213,214,215,216,217,218,219,220,221,222]]
[(19.1521, -45.5164, 30.3957)/25] => [[37,99,204,225,234,243,321,350,387,390,533,577,582,703,708,722,743,950,1012,1014],[242,243,244,245,246,247,248,249,250,251,252,253,254,255,256,257,258,259,260,261,262,263,264,265,266,267,268,269,270,271,272,273,274,275,276,277,278,279,280,281,282]]
[(40.8775, -52.0317, 30.3957)/23] => [[14,89,204,225,321,387,524,533,577,649,675,703,708,722,743,859,885,907,920,950],[222,223,224,225,226,227,228,229,230,231,232,233,234,235,236,237,238,239,240,241,242,243,244,245,246,247,248,249,250,251,252,253,254,255,256,257,258,259,260,261,262]]
[(-0.7332, -53.8652, 30.3957)/23] => [[69,99,184,204,225,243,321,350,387,533,577,582,685,708,722,743,900,920,1012,1014],[222,223,224,225,226,227,228,229,230,231,232,233,234,235,236,237,238,239,240,241,242,243,244,245,246,247,248,249,250,251,252,253,254,255,256,257,258,259,260,261,262]]
[(-0.9095, -53.6895, 49.1919)/19] => [[37,69,184,195,225,243,321,350,387,533,577,685,708,722,725,743,900,920,1012,1014],[182,183,184,185,186,187,188,189,190,191,192,193,194,195,196,197,198,199,200,201,202,203,204,205,206,207,208,209,210,211,212,213,214,215,216,217,218,219,220,221,222]]
[(41.0177, -51.8920, 50.8820)/20] => [[89,225,387,454,469,524,533,577,617,649,675,703,743,784,805,830,859,885,907,920],[192,193,194,195,196,197,198,199,200,201,202,203,204,205,206,207,208,209,210,211,212,213,214,215,216,217,218,219,220,221,222,223,224,225,226,227,228,229,230,231,232]]
[(-5.1847, -97.9298, 53.1974)/19] => [[21,148,177,184,225,259,264,269,305,387,431,609,641,664,680,685,725,743,748,920],[182,183,184,185,186,187,188,189,190,191,192,193,194,195,196,197,198,199,200,201,202,203,204,205,206,207,208,209,210,211,212,213,214,215,216,217,218,219,220,221,222]]
[(45.5997, -100.0331, 55.1750)/18] => [[21,148,177,216,324,431,491,524,602,664,688,692,859,905,907,920,945,951,958,1014],[171,172,173,174,175,176,177,178,179,180,181,182,183,184,185,186,187,188,189,190,191,192,193,194,195,196,197,198,199,200,201,202,203,204,205,206,207,208,209,210,211]]
[(19.1521, -45.2446, 57.1324)/23] => [[37,172,195,225,234,250,269,350,387,390,454,533,577,703,725,743,830,951,1012,1014],[222,223,224,225,226,227,228,229,230,231,232,233,234,235,236,237,238,239,240,241,242,243,244,245,246,247,248,249,250,251,252,253,254,255,256,257,258,259,260,261,262]]
[(-11.7005, -73.6797, 59.3022)/20] => [[37,184,225,259,269,387,419,620,664,669,680,685,725,743,748,789,900,920,1012,1014],[192,193,194,195,196,197,198,199,200,201,202,203,204,205,206,207,208,209,210,211,212,213,214,215,216,217,218,219,220,221,222,223,224,225,226,227,228,229,230,231,232]]
[(58.6334, -73.6797, 67.3866)/17] => [[89,148,216,225,387,402,406,467,471,524,595,675,692,703,725,743,830,859,907,999],[161,162,163,164,165,166,167,168,169,170,171,172,173,174,175,176,177,178,179,180,181,182,183,184,185,186,187,188,189,190,191,192,193,194,195,196,197,198,199,200,201]]
[(19.1521, -114.9796, 69.2287)/17] => [[104,197,208,259,264,285,431,565,629,641,664,680,692,809,859,905,907,920,945,1014],[161,162,163,164,165,166,167,168,169,170,171,172,173,174,175,176,177,178,179,180,181,182,183,184,185,186,187,188,189,190,191,192,193,194,195,196,197,198,199,200,201]]
