[(-12.9347, 28.0947, 5.0633)/25] => [[17,74,96,98,117,231,234,276,328,339,388,489,542,575,678,703,712,728,924,987],[242,243,244,245,246,247,248,249,250,251,252,253,254,255,256,257,258,259,260,261,262,263,264,265,266,267,268,269,270,271,272,273,274,275,276,277,278,279,280,281,282]]
[(-47.7410, 28.0947, 5.2214)/20] => [[74,96,98,155,157,273,388,433,489,574,603,678,703,709,728,751,773,836,924,946],[192,193,194,195,196,197,198,199,200,201,202,203,204,205,206,207,208,209,210,211,212,213,214,215,216,217,218,219,220,221,222,223,224,225,226,227,228,229,230,231,232]]
[(-12.9347, -6.1606, 5.9747)/20] => [[17,69,71,74,96,117,204,243,276,339,388,396,489,542,678,696,703,712,924,987],[192,193,194,195,196,197,198,199,200,201,202,203,204,205,206,207,208,209,210,211,212,213,214,215,216,217,218,219,220,221,222,223,224,225,226,227,228,229,230,231,232]]
[(-12.9347, 62.2836, 6.0309)/17] => [[17,98,141,156,231,328,509,550,558,574,575,593,608,662,709,728,852,936,1003,1022],[161,162,163,164,165,166,167,168,169,170,171,172,173,174,175,176,177,178,179,180,181,182,183,184,185,186,187,188,189,190,191,192,193,194,195,196,197,198,199,200,201]]
[(20.6188, 28.0947, 6.2888)/20] => [[17,74,98,117,231,276,328,339,388,489,542,567,575,709,712,728,774,924,969,987],[192,193,194,195,196,197,198,199,200,201,202,203,204,205,206,207,208,209,210,211,212,213,214,215,216,217,218,219,220,221,222,223,224,225,226,227,228,229,230,231,232]]
[(-39.8248, 0.9404, 11.9655)/16] => [[63,69,71,96,234,243,311,388,396,433,489,574,603,662,678,696,709,712,836,924],[151,152,153,154,155,156,157,158,159,160,161,162,163,164,165,166,167,168,169,170,171,172,173,174,175,176,177,178,179,180,181,182,183,184,185,186,187,188,189,190,191]]
[(-39.6584, 55.0811, 12.1073)/19] => [[98,141,155,509,574,593,603,637,662,678,709,728,836,936,946,958,965,1003,1022],[182,183,184,185,186,187,188,189,190,191,192,193,194,195,196,197,198,199,200,201,202,203,204,205,206,207,208,209,210,211,212,213,214,215,216,217,218,219,220,221,222]]
[(12.4902, 2.4200, 13.2138)/18] => [[5,17,71,88,117,204,234,243,276,304,328,339,388,489,574,577,709,712,836,924],[171,172,173,174,175,176,177,178,179,180,181,182,183,184,185,186,187,188,189,190,191,192,193,194,195,196,197,198,199,200,201,202,203,204,205,206,207,208,209,210,211]]
[(12.3124, 53.5899, 13.3654)/19] => [[5,17,98,117,156,209,304,328,567,574,575,593,614,709,728,780,969,1003,1022],[182,183,184,185,186,187,188,189,190,191,192,193,194,195,196,197,198,199,200,201,202,203,204,205,206,207,208,209,210,211,212,213,214,215,216,217,218,219,220,221,222]]
[(12.5221, 53.8016, 34.8744)/23] => [[5,17,98,117,156,209,304,472,567,574,593,614,662,709,728,735,780,836,936,987],[222,223,224,225,226,227,228,229,230,231,232,233,234,235,236,237,238,239,240,241,242,243,244,245,246,247,248,249,250,251,252,253,254,255,256,257,258,259,260,261,262]]
[(-51.8409, 28.0947, 34.8744)/21] => [[63,87,96,127,226,273,289,341,382,433,493,551,603,662,706,731,751,773,836,882],[202,203,204,205,206,207,208,209,210,211,212,213,214,215,216,217,218,219,220,221,222,223,224,225,226,227,228,229,230,231,232,233,234,235,236,237,238,239,240,241,242]]
[(22.9585, 28.0947, 34.8744)/24] => [[5,17,98,117,234,276,304,388,390,489,567,574,709,712,728,735,774,896,904,924],[232,233,234,235,236,237,238,239,240,241,242,243,244,245,246,247,248,249,250,251,252,253,254,255,256,257,258,259,260,261,262,263,264,265,266,267,268,269,270,271,272]]
[(12.6488, 2.2599, 34.8744)/22] => [[5,17,117,204,234,243,276,304,388,390,489,533,574,577,712,735,836,896,904,924],[212,213,214,215,216,217,218,219,220,221,222,223,224,225,226,227,228,229,230,231,232,233,234,235,236,237,238,239,240,241,242,243,244,245,246,247,248,249,250,251,252]]
[(-40.0370, 0.7261, 34.8744)/21] => [[63,69,96,127,273,388,396,433,471,489,574,603,662,735,751,773,836,882,904,924],[202,203,204,205,206,207,208,209,210,211,212,213,214,215,216,217,218,219,220,221,222,223,224,225,226,227,228,229,230,231,232,233,234,235,236,237,238,239,240,241,242]]
[(-12.9347, -9.4359, 34.8744)/20] => [[17,69,96,117,204,234,243,276,304,388,396,471,489,533,577,662,712,735,904,924],[192,193,194,195,196,197,198,199,200,201,202,203,204,205,206,207,208,209,210,211,212,213,214,215,216,217,218,219,220,221,222,223,224,225,226,227,228,229,230,231,232]]
[(-12.9347, 65.3941, 34.8745)/20] => [[17,87,98,141,156,163,256,304,472,574,593,608,662,674,728,780,796,852,936,987],[192,193,194,195,196,197,198,199,200,201,202,203,204,205,206,207,208,209,210,211,212,213,214,215,216,217,218,219,220,221,222,223,224,225,226,227,228,229,230,231,232]]
[(-39.8633, 55.2879, 34.8745)/22] => [[87,98,141,163,382,472,574,593,603,637,662,674,728,731,735,836,936,958,987],[212,213,214,215,216,217,218,219,220,221,222,223,224,225,226,227,228,229,230,231,232,233,234,235,236,237,238,239,240,241,242,243,244,245,246,247,248,249,250,251,252]]
[(12.7532, 54.0349, 56.7590)/19] => [[5,17,87,98,163,209,304,394,472,567,572,574,614,674,709,735,780,936,987],[182,183,184,185,186,187,188,189,190,191,192,193,194,195,196,197,198,199,200,201,202,203,204,205,206,207,208,209,210,211,212,213,214,215,216,217,218,219,220,221,222]]
[(12.8210, 2.0860, 56.8168)/21] => [[5,17,172,234,250,276,304,390,421,454,533,574,577,691,712,735,832,896,904,924],[202,203,204,205,206,207,208,209,210,211,212,213,214,215,216,217,218,219,220,221,222,223,224,225,226,227,228,229,230,231,232,233,234,235,236,237,238,239,240,241,242]]
[(-40.1535, 55.5810, 58.0633)/18] => [[53,87,98,162,163,199,300,382,472,574,603,615,637,662,674,715,731,735,773,958],[171,172,173,174,175,176,177,178,179,180,181,182,183,184,185,186,187,188,189,190,191,192,193,194,195,196,197,198,199,200,201,202,203,204,205,206,207,208,209,210,211]]
[(-40.3283, 0.4319, 58.2123)/20] => [[24,63,69,96,145,250,273,471,574,576,603,615,662,735,773,832,882,888,904,924],[192,193,194,195,196,197,198,199,200,201,202,203,204,205,206,207,208,209,210,211,212,213,214,215,216,217,218,219,220,221,222,223,224,225,226,227,228,229,230,231,232]]
[(23.3064, 28.0946, 65.7498)/20] => [[5,98,172,175,187,234,236,304,389,390,451,567,691,709,735,766,773,896,904,924],[192,193,194,195,196,197,198,199,200,201,202,203,204,205,206,207,208,209,210,211,212,213,214,215,216,217,218,219,220,221,222,223,224,225,226,227,228,229,230,231,232]]
[(-12.9347, 65.8955, 66.7652)/22] => [[87,98,163,236,256,300,304,316,394,472,551,572,674,715,736,746,780,796,936,987],[212,213,214,215,216,217,218,219,220,221,222,223,224,225,226,227,228,229,230,231,232,233,234,235,236,237,238,239,240,241,242,243,244,245,246,247,248,249,250,251,252]]
[(28.8797, 28.0947, 70.4979)/12] => [[27,168,172,175,187,236,304,389,390,451,612,691,735,765,766,771,773,896,904,931],[111,112,113,114,115,116,117,118,119,120,121,122,123,124,125,126,127,128,129,130,131,132,133,134,135,136,137,138,139,140,141,142,143,144,145,146,147,148,149,150,151]]
[(-12.9347, 71.3051, 71.3290)/17] => [[87,163,168,218,256,300,316,394,472,551,572,650,674,715,736,746,765,780,796,987],[161,162,163,164,165,166,167,168,169,170,171,172,173,174,175,176,177,178,179,180,181,182,183,184,185,186,187,188,189,190,191,192,193,194,195,196,197,198,199,200,201]]
[(-12.9347, -15.3864, 71.5575)/12] => [[24,131,145,250,332,345,454,467,471,533,535,540,577,653,662,735,852,888,900,904],[111,112,113,114,115,116,117,118,119,120,121,122,123,124,125,126,127,128,129,130,131,132,133,134,135,136,137,138,139,140,141,142,143,144,145,146,147,148,149,150,151]]
[(-56.8440, 28.0947, 72.2827)/10] => [[24,53,63,87,145,218,250,303,332,378,382,508,615,662,731,816,832,882,888,1004],[91,92,93,94,95,96,97,98,99,100,101,102,103,104,105,106,107,108,109,110,111,112,113,114,115,116,117,118,119,120,121,122,123,124,125,126,127,128,129,130,131]]
