[(-21.1901, -53.1084, 1.6848)/21] => [[69,71,99,141,243,246,254,300,354,396,452,478,582,669,685,696,808,924,950,1012],[202,203,204,205,206,207,208,209,210,211,212,213,214,215,216,217,218,219,220,221,222,223,224,225,226,227,228,229,230,231,232,233,234,235,236,237,238,239,240,241,242]]
[(-21.1901, 8.5454, 1.7568)/22] => [[17,69,71,74,96,117,234,243,276,388,396,489,574,678,696,703,709,712,776,924],[212,213,214,215,216,217,218,219,220,221,222,223,224,225,226,227,228,229,230,231,232,233,234,235,236,237,238,239,240,241,242,243,244,245,246,247,248,249,250,251,252]]
[(-21.1901, 69.6541, 2.3233)/22] => [[17,98,141,155,231,327,509,520,550,558,574,593,608,662,709,728,852,946,1003,1022],[212,213,214,215,216,217,218,219,220,221,222,223,224,225,226,227,228,229,230,231,232,233,234,235,236,237,238,239,240,241,242,243,244,245,246,247,248,249,250,251,252]]
[(-82.6408, -52.5068, 2.3895)/13] => [[1,118,207,301,311,333,361,430,453,493,603,639,651,664,701,734,803,808,924],[121,122,123,124,125,126,127,128,129,130,131,132,133,134,135,136,137,138,139,140,141,142,143,144,145,146,147,148,149,150,151,152,153,154,155,156,157,158,159,160,161]]
[(-82.3236, 8.5454, 2.7589)/21] => [[114,157,273,302,311,314,341,361,430,433,493,551,577,603,701,706,751,773,1015],[202,203,204,205,206,207,208,209,210,211,212,213,214,215,216,217,218,219,220,221,222,223,224,225,226,227,228,229,230,231,232,233,234,235,236,237,238,239,240,241,242]]
[(-82.2899, 69.2488, 2.7980)/18] => [[155,209,226,291,298,320,327,351,407,496,520,531,551,603,637,727,882,901,946,958],[171,172,173,174,175,176,177,178,179,180,181,182,183,184,185,186,187,188,189,190,191,192,193,194,195,196,197,198,199,200,201,202,203,204,205,206,207,208,209,210,211]]
[(-80.7444, 67.7133, 4.5967)/16] => [[155,209,226,291,298,320,327,351,407,496,520,531,551,603,637,727,882,901,946,958],[151,152,153,154,155,156,157,158,159,160,161,162,163,164,165,166,167,168,169,170,171,172,173,174,175,176,177,178,179,180,181,182,183,184,185,186,187,188,189,190,191]]
[(37.8150, 8.5454, 5.2361)/20] => [[5,17,71,88,117,204,234,243,276,328,339,542,635,712,732,774,776,899,964,987],[192,193,194,195,196,197,198,199,200,201,202,203,204,205,206,207,208,209,210,211,212,213,214,215,216,217,218,219,220,221,222,223,224,225,226,227,228,229,230,231,232]]
[(37.1788, -49.4448, 5.9764)/18] => [[71,88,99,204,225,234,243,254,321,339,542,646,695,708,722,753,858,930,950],[171,172,173,174,175,176,177,178,179,180,181,182,183,184,185,186,187,188,189,190,191,192,193,194,195,196,197,198,199,200,201,202,203,204,205,206,207,208,209,210,211]]
[(30.2870, 59.6885, 13.9975)/17] => [[5,17,117,156,209,240,304,328,567,575,579,593,614,635,709,774,780,835,969,1022],[161,162,163,164,165,166,167,168,169,170,171,172,173,174,175,176,177,178,179,180,181,182,183,184,185,186,187,188,189,190,191,192,193,194,195,196,197,198,199,200,201]]
[(-85.1107, -54.9606, 73.9089)/19] => [[8,118,151,159,208,303,341,384,404,432,566,576,587,799,814,933,951,974,977,1014],[182,183,184,185,186,187,188,189,190,191,192,193,194,195,196,197,198,199,200,201,202,203,204,205,206,207,208,209,210,211,212,213,214,215,216,217,218,219,220,221,222]]
[(44.1009, -56.3220, 73.9089)/21] => [[89,387,406,467,469,524,533,535,577,617,649,675,703,743,830,859,885,907,920,999],[202,203,204,205,206,207,208,209,210,211,212,213,214,215,216,217,218,219,220,221,222,223,224,225,226,227,228,229,230,231,232,233,234,235,236,237,238,239,240,241,242]]
[(-21.1901, -59.6493, 73.9089)/25] => [[131,184,280,345,397,432,454,471,535,540,544,576,577,653,769,789,795,852,900,920],[242,243,244,245,246,247,248,249,250,251,252,253,254,255,256,257,258,259,260,261,262,263,264,265,266,267,268,269,270,271,272,273,274,275,276,277,278,279,280,281,282]]
[(-89.8024, 8.5453, 73.9089)/23] => [[63,129,141,144,151,228,341,378,457,508,523,534,576,615,764,816,882,933,1004,1014],[222,223,224,225,226,227,228,229,230,231,232,233,234,235,236,237,238,239,240,241,242,243,244,245,246,247,248,249,250,251,252,253,254,255,256,257,258,259,260,261,262]]
[(46.9723, 8.5453, 73.9089)/25] => [[37,172,187,212,263,304,374,390,451,454,469,533,535,577,617,649,765,784,885,896],[242,243,244,245,246,247,248,249,250,251,252,253,254,255,256,257,258,259,260,261,262,263,264,265,266,267,268,269,270,271,272,273,274,275,276,277,278,279,280,281,282]]
[(43.5928, 72.9079, 73.9089)/22] => [[49,162,167,326,349,350,389,394,528,572,574,606,684,773,780,835,838,839,909,931],[212,213,214,215,216,217,218,219,220,221,222,223,224,225,226,227,228,229,230,231,232,233,234,235,236,237,238,239,240,241,242,243,244,245,246,247,248,249,250,251,252]]
[(-85.2041, 72.1441, 73.9089)/21] => [[127,168,178,199,302,303,336,382,474,478,510,512,555,642,731,752,832,895,941,944],[202,203,204,205,206,207,208,209,210,211,212,213,214,215,216,217,218,219,220,221,222,223,224,225,226,227,228,229,230,231,232,233,234,235,236,237,238,239,240,241,242]]
[(-21.1901, 78.1485, 73.9089)/18] => [[87,163,168,199,256,300,316,382,472,510,650,674,731,736,746,765,780,796,895,987],[171,172,173,174,175,176,177,178,179,180,181,182,183,184,185,186,187,188,189,190,191,192,193,194,195,196,197,198,199,200,201,202,203,204,205,206,207,208,209,210,211]]
[(6.2595, 35.8168, 105.8560)/19] => [[45,145,168,175,204,218,244,253,297,332,458,536,572,700,766,771,802,832,888,931],[182,183,184,185,186,187,188,189,190,191,192,193,194,195,196,197,198,199,200,201,202,203,204,205,206,207,208,209,210,211,212,213,214,215,216,217,218,219,220,221,222]]
[(-49.2031, 36.3766, 106.5117)/16] => [[53,145,168,218,253,300,303,322,332,458,462,508,615,766,795,802,832,888,1004,1007],[151,152,153,154,155,156,157,158,159,160,161,162,163,164,165,166,167,168,169,170,171,172,173,174,175,176,177,178,179,180,181,182,183,184,185,186,187,188,189,190,191]]
[(16.8745, -29.2723, 118.2101)/21] => [[65,131,160,210,239,250,253,339,345,397,454,467,535,536,698,707,733,765,766,913],[202,203,204,205,206,207,208,209,210,211,212,213,214,215,216,217,218,219,220,221,222,223,224,225,226,227,228,229,230,231,232,233,234,235,236,237,238,239,240,241,242]]
[(-62.4222, -32.4192, 121.8966)/23] => [[4,27,237,266,332,341,429,478,496,507,540,566,568,653,712,761,814,852,933,985],[222,223,224,225,226,227,228,229,230,231,232,233,234,235,236,237,238,239,240,241,242,243,244,245,246,247,248,249,250,251,252,253,254,255,256,257,258,259,260,261,262]]
[(-66.3616, 8.5453, 126.4816)/16] => [[27,63,284,296,332,341,378,478,508,540,568,632,644,653,703,712,816,885,933,1007],[151,152,153,154,155,156,157,158,159,160,161,162,163,164,165,166,167,168,169,170,171,172,173,174,175,176,177,178,179,180,181,182,183,184,185,186,187,188,189,190,191]]
[(-21.1901, -39.6200, 130.3320)/22] => [[65,88,214,239,266,332,345,429,478,496,507,653,707,712,733,761,849,900,913,947],[212,213,214,215,216,217,218,219,220,221,222,223,224,225,226,227,228,229,230,231,232,233,234,235,236,237,238,239,240,241,242,243,244,245,246,247,248,249,250,251,252]]
[(-21.1901, 56.8668, 130.5148)/18] => [[38,45,168,188,197,218,244,306,322,342,418,423,425,434,466,525,561,700,795,802],[171,172,173,174,175,176,177,178,179,180,181,182,183,184,185,186,187,188,189,190,191,192,193,194,195,196,197,198,199,200,201,202,203,204,205,206,207,208,209,210,211]]
[(43.2457, 8.5453, 148.9021)/18] => [[33,77,95,113,160,194,204,210,237,256,264,342,536,659,698,755,838,963,978,987],[171,172,173,174,175,176,177,178,179,180,181,182,183,184,185,186,187,188,189,190,191,192,193,194,195,196,197,198,199,200,201,202,203,204,205,206,207,208,209,210,211]]
[(-21.1901, 8.5453, 162.3421)/25] => [[33,88,114,155,214,264,284,342,406,425,429,465,478,668,704,707,712,713,733,779],[242,243,244,245,246,247,248,249,250,251,252,253,254,255,256,257,258,259,260,261,262,263,264,265,266,267,268,269,270,271,272,273,274,275,276,277,278,279,280,281,282]]
