[(21.3969, 3.3844, 0.0195)/17] => [[17,71,74,88,117,204,234,243,276,339,388,489,542,574,709,712,774,776,924,987],[161,162,163,164,165,166,167,168,169,170,171,172,173,174,175,176,177,178,179,180,181,182,183,184,185,186,187,188,189,190,191,192,193,194,195,196,197,198,199,200,201]]
[(33.3986, -8.6136, 0.0205)/17] => [[5,17,71,88,117,204,234,243,276,328,339,542,635,712,732,774,776,899,964,987],[161,162,163,164,165,166,167,168,169,170,171,172,173,174,175,176,177,178,179,180,181,182,183,184,185,186,187,188,189,190,191,192,193,194,195,196,197,198,199,200,201]]
[(45.3817, 3.3844, 0.0599)/18] => [[5,17,68,88,117,204,276,328,339,396,466,542,635,732,774,899,913,964,987],[171,172,173,174,175,176,177,178,179,180,181,182,183,184,185,186,187,188,189,190,191,192,193,194,195,196,197,198,199,200,201,202,203,204,205,206,207,208,209,210,211]]
[(33.3986, 15.3385, 0.1159)/19] => [[5,17,71,117,204,231,234,276,339,542,567,575,635,709,712,732,774,776,969,987],[182,183,184,185,186,187,188,189,190,191,192,193,194,195,196,197,198,199,200,201,202,203,204,205,206,207,208,209,210,211,212,213,214,215,216,217,218,219,220,221,222]]
[(22.4784, 14.3017, 2.3738)/18] => [[17,71,74,117,204,231,234,276,339,388,489,542,567,575,709,712,774,924,969,987],[171,172,173,174,175,176,177,178,179,180,181,182,183,184,185,186,187,188,189,190,191,192,193,194,195,196,197,198,199,200,201,202,203,204,205,206,207,208,209,210,211]]
[(22.5041, -7.5073, 2.4298)/17] => [[17,71,74,88,117,204,234,243,276,339,388,489,542,574,709,712,774,776,924,987],[161,162,163,164,165,166,167,168,169,170,171,172,173,174,175,176,177,178,179,180,181,182,183,184,185,186,187,188,189,190,191,192,193,194,195,196,197,198,199,200,201]]
[(44.1758, 14.1590, 2.6849)/16] => [[5,17,114,117,204,276,328,339,396,542,567,575,635,709,732,774,964,969,987],[151,152,153,154,155,156,157,158,159,160,161,162,163,164,165,166,167,168,169,170,171,172,173,174,175,176,177,178,179,180,181,182,183,184,185,186,187,188,189,190,191]]
[(44.1696, -7.3837, 2.6985)/18] => [[5,17,68,88,117,204,276,328,339,396,466,542,635,732,774,899,913,964,987],[171,172,173,174,175,176,177,178,179,180,181,182,183,184,185,186,187,188,189,190,191,192,193,194,195,196,197,198,199,200,201,202,203,204,205,206,207,208,209,210,211]]
[(33.3986, 3.3844, 11.4479)/14] => [[5,17,68,71,88,117,204,234,243,276,304,328,339,577,635,712,732,774,899,964],[131,132,133,134,135,136,137,138,139,140,141,142,143,144,145,146,147,148,149,150,151,152,153,154,155,156,157,158,159,160,161,162,163,164,165,166,167,168,169,170,171]]
[(39.3691, 9.3533, 26.1451)/21] => [[5,17,117,204,234,243,276,304,328,390,421,577,635,691,712,732,774,885,896,899],[202,203,204,205,206,207,208,209,210,211,212,213,214,215,216,217,218,219,220,221,222,223,224,225,226,227,228,229,230,231,232,233,234,235,236,237,238,239,240,241,242]]
[(33.3986, 11.7413, 26.1451)/17] => [[5,17,117,204,234,276,304,328,390,567,577,635,691,709,712,732,774,896,899,969],[161,162,163,164,165,166,167,168,169,170,171,172,173,174,175,176,177,178,179,180,181,182,183,184,185,186,187,188,189,190,191,192,193,194,195,196,197,198,199,200,201]]
[(27.5004, 9.2812, 26.1451)/20] => [[5,17,117,204,234,243,276,304,328,388,390,489,574,577,691,712,774,896,904,924],[192,193,194,195,196,197,198,199,200,201,202,203,204,205,206,207,208,209,210,211,212,213,214,215,216,217,218,219,220,221,222,223,224,225,226,227,228,229,230,231,232]]
[(25.1281, 3.3844, 26.1451)/21] => [[5,17,117,204,234,243,276,304,328,388,390,489,574,577,691,712,774,896,904,924],[202,203,204,205,206,207,208,209,210,211,212,213,214,215,216,217,218,219,220,221,222,223,224,225,226,227,228,229,230,231,232,233,234,235,236,237,238,239,240,241,242]]
[(41.7714, 3.3844, 26.1451)/21] => [[5,17,117,204,276,304,328,390,406,421,577,587,635,732,774,885,896,899,913,964],[202,203,204,205,206,207,208,209,210,211,212,213,214,215,216,217,218,219,220,221,222,223,224,225,226,227,228,229,230,231,232,233,234,235,236,237,238,239,240,241,242]]
[(27.6760, -2.3369, 26.1451)/20] => [[5,17,117,204,234,243,276,304,328,388,390,489,574,577,691,712,774,896,904,924],[192,193,194,195,196,197,198,199,200,201,202,203,204,205,206,207,208,209,210,211,212,213,214,215,216,217,218,219,220,221,222,223,224,225,226,227,228,229,230,231,232]]
[(39.1730, -2.3884, 26.1451)/20] => [[5,17,117,204,234,243,276,304,328,390,421,577,635,691,712,732,774,885,896,899],[192,193,194,195,196,197,198,199,200,201,202,203,204,205,206,207,208,209,210,211,212,213,214,215,216,217,218,219,220,221,222,223,224,225,226,227,228,229,230,231,232]]
[(33.3986, -4.7257, 26.1451)/17] => [[5,17,117,204,234,243,276,304,328,390,421,577,635,691,712,732,774,885,896,899],[161,162,163,164,165,166,167,168,169,170,171,172,173,174,175,176,177,178,179,180,181,182,183,184,185,186,187,188,189,190,191,192,193,194,195,196,197,198,199,200,201]]
[(30.3526, 6.4297, 32.7756)/16] => [[5,17,117,204,234,243,276,304,374,390,421,533,577,649,691,712,732,774,885,896],[151,152,153,154,155,156,157,158,159,160,161,162,163,164,165,166,167,168,169,170,171,172,173,174,175,176,177,178,179,180,181,182,183,184,185,186,187,188,189,190,191]]
[(33.3986, 0.1247, 33.2429)/14] => [[5,17,117,204,234,243,276,304,374,390,421,533,577,649,691,712,732,774,885,896],[131,132,133,134,135,136,137,138,139,140,141,142,143,144,145,146,147,148,149,150,151,152,153,154,155,156,157,158,159,160,161,162,163,164,165,166,167,168,169,170,171]]
[(37.0868, 7.0717, 34.1736)/12] => [[5,17,117,204,234,243,276,304,374,390,421,533,577,649,691,712,732,774,885,896],[111,112,113,114,115,116,117,118,119,120,121,122,123,124,125,126,127,128,129,130,131,132,133,134,135,136,137,138,139,140,141,142,143,144,145,146,147,148,149,150,151]]
[(33.3986, 3.3844, 34.2631)/13] => [[5,17,117,204,234,243,276,304,374,390,421,533,577,649,691,712,732,774,885,896],[121,122,123,124,125,126,127,128,129,130,131,132,133,134,135,136,137,138,139,140,141,142,143,144,145,146,147,148,149,150,151,152,153,154,155,156,157,158,159,160,161]]
[(37.8220, 3.3844, 35.7741)/15] => [[5,17,117,204,234,243,276,304,374,390,421,533,577,649,691,712,732,774,885,896],[141,142,143,144,145,146,147,148,149,150,151,152,153,154,155,156,157,158,159,160,161,162,163,164,165,166,167,168,169,170,171,172,173,174,175,176,177,178,179,180,181]]
[(27.7839, -2.2289, 38.3674)/21] => [[17,117,204,234,243,276,304,388,390,489,533,574,577,649,712,735,774,896,904,924],[202,203,204,205,206,207,208,209,210,211,212,213,214,215,216,217,218,219,220,221,222,223,224,225,226,227,228,229,230,231,232,233,234,235,236,237,238,239,240,241,242]]
[(39.1621, -2.3777, 38.6912)/20] => [[5,17,117,204,234,243,276,304,374,390,421,533,577,649,691,712,732,774,885,896],[192,193,194,195,196,197,198,199,200,201,202,203,204,205,206,207,208,209,210,211,212,213,214,215,216,217,218,219,220,221,222,223,224,225,226,227,228,229,230,231,232]]
[(27.5137, 9.2678, 38.9555)/19] => [[17,117,204,234,243,276,304,388,390,489,533,574,577,649,712,735,774,896,904,924],[182,183,184,185,186,187,188,189,190,191,192,193,194,195,196,197,198,199,200,201,202,203,204,205,206,207,208,209,210,211,212,213,214,215,216,217,218,219,220,221,222]]
[(39.4485, 9.4326, 39.3147)/21] => [[5,17,117,204,234,243,276,304,374,390,421,533,577,649,691,712,732,774,885,896],[202,203,204,205,206,207,208,209,210,211,212,213,214,215,216,217,218,219,220,221,222,223,224,225,226,227,228,229,230,231,232,233,234,235,236,237,238,239,240,241,242]]
[(33.3985, -4.5857, 43.4990)/16] => [[5,17,172,212,234,243,276,304,374,390,421,533,577,649,691,712,732,774,885,896],[151,152,153,154,155,156,157,158,159,160,161,162,163,164,165,166,167,168,169,170,171,172,173,174,175,176,177,178,179,180,181,182,183,184,185,186,187,188,189,190,191]]
[(42.0267, 3.3844, 44.9271)/19] => [[5,17,172,212,263,276,304,374,390,421,533,577,649,732,774,784,885,896,913,964],[182,183,184,185,186,187,188,189,190,191,192,193,194,195,196,197,198,199,200,201,202,203,204,205,206,207,208,209,210,211,212,213,214,215,216,217,218,219,220,221,222]]
[(20.5376, 3.3844, 54.1411)/15] => [[5,17,172,234,276,304,390,421,454,533,574,577,617,649,691,712,735,896,904,924],[141,142,143,144,145,146,147,148,149,150,151,152,153,154,155,156,157,158,159,160,161,162,163,164,165,166,167,168,169,170,171,172,173,174,175,176,177,178,179,180,181]]
[(33.3986, 16.6115, 54.9456)/15] => [[5,17,172,234,276,304,374,389,390,454,567,571,577,649,691,709,712,732,773,896],[141,142,143,144,145,146,147,148,149,150,151,152,153,154,155,156,157,158,159,160,161,162,163,164,165,166,167,168,169,170,171,172,173,174,175,176,177,178,179,180,181]]
[(33.3986, -9.8797, 55.0259)/15] => [[5,17,172,212,234,276,304,374,390,421,454,533,577,617,649,691,712,732,885,896],[141,142,143,144,145,146,147,148,149,150,151,152,153,154,155,156,157,158,159,160,161,162,163,164,165,166,167,168,169,170,171,172,173,174,175,176,177,178,179,180,181]]
[(46.6814, 3.3844, 55.0594)/13] => [[5,17,172,212,276,304,374,390,454,469,533,577,617,649,732,784,885,896,913,964],[121,122,123,124,125,126,127,128,129,130,131,132,133,134,135,136,137,138,139,140,141,142,143,144,145,146,147,148,149,150,151,152,153,154,155,156,157,158,159,160,161]]
