[(98.5739, -63.0022, 1.2124)/16] => [[76,106,146,159,224,317,349,373,409,426,489,503,637,716,740,774,775,865,872,910],[151,152,153,154,155,156,157,158,159,160,161,162,163,164,165,166,167,168,169,170,171,172,173,174,175,176,177,178,179,180,181,182,183,184,185,186,187,188,189,190,191]]
[(7.3727, 11.1217, 4.6541)/18] => [[17,69,71,74,96,117,204,231,276,339,388,489,567,575,678,703,712,924,969,987],[171,172,173,174,175,176,177,178,179,180,181,182,183,184,185,186,187,188,189,190,191,192,193,194,195,196,197,198,199,200,201,202,203,204,205,206,207,208,209,210,211]]
[(49.4803, 11.1217, 5.8426)/20] => [[5,17,114,117,204,276,328,339,396,542,567,575,635,709,732,774,964,969,987],[192,193,194,195,196,197,198,199,200,201,202,203,204,205,206,207,208,209,210,211,212,213,214,215,216,217,218,219,220,221,222,223,224,225,226,227,228,229,230,231,232]]
[(49.4803, 68.9903, 6.5164)/16] => [[5,9,17,114,129,156,209,240,328,567,575,579,608,614,709,774,794,835,906,969],[151,152,153,154,155,156,157,158,159,160,161,162,163,164,165,166,167,168,169,170,171,172,173,174,175,176,177,178,179,180,181,182,183,184,185,186,187,188,189,190,191]]
[(84.2548, 63.6260, 8.2666)/17] => [[9,39,114,134,209,227,238,240,253,567,571,579,614,686,756,774,794,835,860,969],[161,162,163,164,165,166,167,168,169,170,171,172,173,174,175,176,177,178,179,180,181,182,183,184,185,186,187,188,189,190,191,192,193,194,195,196,197,198,199,200,201]]
[(49.4803, -41.2979, 8.2943)/22] => [[88,204,225,254,321,339,396,542,646,695,708,722,753,805,858,930,950,958,988],[212,213,214,215,216,217,218,219,220,221,222,223,224,225,226,227,228,229,230,231,232,233,234,235,236,237,238,239,240,241,242,243,244,245,246,247,248,249,250,251,252]]
[(24.2228, 49.2566, 12.9553)/20] => [[17,98,117,156,209,276,304,328,388,567,574,575,593,709,728,774,780,924,969],[192,193,194,195,196,197,198,199,200,201,202,203,204,205,206,207,208,209,210,211,212,213,214,215,216,217,218,219,220,221,222,223,224,225,226,227,228,229,230,231,232]]
[(30.0155, -18.2673, 15.8091)/18] => [[68,71,88,99,117,204,234,243,276,328,339,421,466,577,635,645,712,732,753,988],[171,172,173,174,175,176,177,178,179,180,181,182,183,184,185,186,187,188,189,190,191,192,193,194,195,196,197,198,199,200,201,202,203,204,205,206,207,208,209,210,211]]
[(59.8036, 11.1217, 20.3126)/19] => [[5,114,204,304,328,390,421,515,567,571,614,635,693,709,732,774,896,913,964,969],[182,183,184,185,186,187,188,189,190,191,192,193,194,195,196,197,198,199,200,201,202,203,204,205,206,207,208,209,210,211,212,213,214,215,216,217,218,219,220,221,222]]
[(49.4803, -57.5900, 25.3984)/19] => [[14,89,204,225,321,387,524,577,703,708,722,753,805,858,859,885,907,920,950,1014],[182,183,184,185,186,187,188,189,190,191,192,193,194,195,196,197,198,199,200,201,202,203,204,205,206,207,208,209,210,211,212,213,214,215,216,217,218,219,220,221,222]]
[(100.9911, -66.6518, 25.3984)/20] => [[89,94,106,146,224,317,426,480,489,503,519,637,663,727,753,754,774,775,865,991],[192,193,194,195,196,197,198,199,200,201,202,203,204,205,206,207,208,209,210,211,212,213,214,215,216,217,218,219,220,221,222,223,224,225,226,227,228,229,230,231,232]]
[(-9.0383, 11.1217, 25.3984)/11] => [[5,17,69,96,117,204,234,276,304,388,390,489,567,574,577,678,712,904,924,969],[101,102,103,104,105,106,107,108,109,110,111,112,113,114,115,116,117,118,119,120,121,122,123,124,125,126,127,128,129,130,131,132,133,134,135,136,137,138,139,140,141]]
[(60.8269, 11.1217, 25.3984)/21] => [[5,26,35,114,328,390,515,545,567,571,614,635,693,709,732,774,860,896,964,969],[202,203,204,205,206,207,208,209,210,211,212,213,214,215,216,217,218,219,220,221,222,223,224,225,226,227,228,229,230,231,232,233,234,235,236,237,238,239,240,241,242]]
[(26.6203, -23.3934, 25.3984)/17] => [[99,204,234,243,276,388,390,489,577,691,703,708,712,753,805,858,896,904,924,1014],[161,162,163,164,165,166,167,168,169,170,171,172,173,174,175,176,177,178,179,180,181,182,183,184,185,186,187,188,189,190,191,192,193,194,195,196,197,198,199,200,201]]
[(101.4024, 89.5160, 25.3984)/11] => [[39,101,134,174,209,253,326,405,411,421,450,567,630,701,766,770,799,829,905,969],[101,102,103,104,105,106,107,108,109,110,111,112,113,114,115,116,117,118,119,120,121,122,123,124,125,126,127,128,129,130,131,132,133,134,135,136,137,138,139,140,141]]
[(49.4803, 78.2516, 25.3984)/17] => [[49,114,156,209,240,307,326,328,567,571,579,606,608,614,684,709,780,794,969,991],[161,162,163,164,165,166,167,168,169,170,171,172,173,174,175,176,177,178,179,180,181,182,183,184,185,186,187,188,189,190,191,192,193,194,195,196,197,198,199,200,201]]
[(21.8525, 52.8353, 25.3984)/20] => [[5,17,49,98,117,156,209,304,328,567,574,593,614,709,728,774,780,969,1003],[192,193,194,195,196,197,198,199,200,201,202,203,204,205,206,207,208,209,210,211,212,213,214,215,216,217,218,219,220,221,222,223,224,225,226,227,228,229,230,231,232]]
[(61.1630, 11.1217, 31.1538)/20] => [[5,26,35,114,374,390,515,567,571,608,614,649,693,709,725,732,774,860,896,964],[192,193,194,195,196,197,198,199,200,201,202,203,204,205,206,207,208,209,210,211,212,213,214,215,216,217,218,219,220,221,222,223,224,225,226,227,228,229,230,231,232]]
[(64.5262, -11.5952, 32.8104)/21] => [[26,35,89,97,350,374,390,406,421,515,558,649,693,725,732,885,896,913,950,964],[202,203,204,205,206,207,208,209,210,211,212,213,214,215,216,217,218,219,220,221,222,223,224,225,226,227,228,229,230,231,232,233,234,235,236,237,238,239,240,241,242]]
[(64.5271, -11.5968, 32.8112)/21] => [[26,35,89,97,350,374,390,406,421,515,558,649,693,725,732,885,896,913,950,964],[202,203,204,205,206,207,208,209,210,211,212,213,214,215,216,217,218,219,220,221,222,223,224,225,226,227,228,229,230,231,232,233,234,235,236,237,238,239,240,241,242]]
[(28.8649, -20.0045, 35.5546)/19] => [[99,204,234,243,276,388,390,489,533,577,649,691,703,708,712,805,896,904,924,1014],[182,183,184,185,186,187,188,189,190,191,192,193,194,195,196,197,198,199,200,201,202,203,204,205,206,207,208,209,210,211,212,213,214,215,216,217,218,219,220,221,222]]
[(23.0587, 51.0142, 38.4150)/19] => [[5,17,49,97,98,117,156,209,304,567,574,593,614,709,728,735,774,780,936,987],[182,183,184,185,186,187,188,189,190,191,192,193,194,195,196,197,198,199,200,201,202,203,204,205,206,207,208,209,210,211,212,213,214,215,216,217,218,219,220,221,222]]
[(49.4803, -29.6082, 38.6881)/22] => [[89,195,204,276,350,374,390,406,421,533,577,649,703,708,732,805,885,896,964,1014],[212,213,214,215,216,217,218,219,220,221,222,223,224,225,226,227,228,229,230,231,232,233,234,235,236,237,238,239,240,241,242,243,244,245,246,247,248,249,250,251,252]]
[(82.2676, 60.6255, 41.5510)/20] => [[49,134,209,227,326,350,485,528,567,571,606,614,684,701,723,773,774,835,839,860],[192,193,194,195,196,197,198,199,200,201,202,203,204,205,206,207,208,209,210,211,212,213,214,215,216,217,218,219,220,221,222,223,224,225,226,227,228,229,230,231,232]]
[(49.4803, 67.6279, 43.8359)/18] => [[5,17,49,156,209,304,326,528,567,571,572,606,608,614,684,709,773,774,780,835],[171,172,173,174,175,176,177,178,179,180,181,182,183,184,185,186,187,188,189,190,191,192,193,194,195,196,197,198,199,200,201,202,203,204,205,206,207,208,209,210,211]]
[(49.4803, 11.1217, 50.1412)/20] => [[5,17,172,276,304,374,389,390,454,469,567,571,577,649,709,732,773,896,913,964],[192,193,194,195,196,197,198,199,200,201,202,203,204,205,206,207,208,209,210,211,212,213,214,215,216,217,218,219,220,221,222,223,224,225,226,227,228,229,230,231,232]]
[(-1.1958, 11.1217, 50.3639)/9] => [[5,17,69,96,145,172,234,250,276,304,390,454,567,574,577,712,735,888,904,924],[81,82,83,84,85,86,87,88,89,90,91,92,93,94,95,96,97,98,99,100,101,102,103,104,105,106,107,108,109,110,111,112,113,114,115,116,117,118,119,120,121]]
