[(44.5161, -66.4612, 4.3751)/20] => [[14,88,225,254,287,321,489,646,664,695,708,722,753,805,858,910,930,950,988],[192,193,194,195,196,197,198,199,200,201,202,203,204,205,206,207,208,209,210,211,212,213,214,215,216,217,218,219,220,221,222,223,224,225,226,227,228,229,230,231,232]]
[(28.3034, -82.7065, 4.3781)/20] => [[14,52,225,254,287,321,452,478,646,664,667,685,695,708,722,805,858,930,950],[192,193,194,195,196,197,198,199,200,201,202,203,204,205,206,207,208,209,210,211,212,213,214,215,216,217,218,219,220,221,222,223,224,225,226,227,228,229,230,231,232]]
[(12.1062, -66.4612, 4.3935)/20] => [[14,88,99,141,225,254,287,321,478,582,664,685,695,708,722,753,858,950,1012],[192,193,194,195,196,197,198,199,200,201,202,203,204,205,206,207,208,209,210,211,212,213,214,215,216,217,218,219,220,221,222,223,224,225,226,227,228,229,230,231,232]]
[(28.3034, -50.3246, 4.5067)/20] => [[14,71,88,99,204,225,243,254,321,478,646,685,695,708,722,753,858,930,950],[192,193,194,195,196,197,198,199,200,201,202,203,204,205,206,207,208,209,210,211,212,213,214,215,216,217,218,219,220,221,222,223,224,225,226,227,228,229,230,231,232]]
[(14.2257, -80.5695, 6.9077)/19] => [[14,141,225,254,287,305,321,452,478,582,646,664,667,685,695,708,722,858,950],[182,183,184,185,186,187,188,189,190,191,192,193,194,195,196,197,198,199,200,201,202,203,204,205,206,207,208,209,210,211,212,213,214,215,216,217,218,219,220,221,222]]
[(42.3670, -80.5554, 6.9245)/18] => [[14,43,52,225,254,287,321,394,489,646,664,667,695,708,722,858,910,930,950],[171,172,173,174,175,176,177,178,179,180,181,182,183,184,185,186,187,188,189,190,191,192,193,194,195,196,197,198,199,200,201,202,203,204,205,206,207,208,209,210,211]]
[(14.2683, -52.3956, 6.9582)/18] => [[14,71,88,99,141,204,225,254,321,478,582,685,695,708,722,753,858,950,1012],[171,172,173,174,175,176,177,178,179,180,181,182,183,184,185,186,187,188,189,190,191,192,193,194,195,196,197,198,199,200,201,202,203,204,205,206,207,208,209,210,211]]
[(42.2873, -52.4471, 7.0190)/19] => [[14,88,204,225,254,321,373,452,646,695,708,722,753,805,858,930,950,958,988],[182,183,184,185,186,187,188,189,190,191,192,193,194,195,196,197,198,199,200,201,202,203,204,205,206,207,208,209,210,211,212,213,214,215,216,217,218,219,220,221,222]]
[(38.4441, -76.6239, 11.5778)/18] => [[14,99,225,254,287,321,387,478,524,646,664,695,708,722,753,858,907,920,930,950],[171,172,173,174,175,176,177,178,179,180,181,182,183,184,185,186,187,188,189,190,191,192,193,194,195,196,197,198,199,200,201,202,203,204,205,206,207,208,209,210,211]]
[(38.4052, -76.5854, 11.6236)/19] => [[14,99,225,254,287,321,387,478,524,646,664,695,708,722,753,858,907,920,930,950],[182,183,184,185,186,187,188,189,190,191,192,193,194,195,196,197,198,199,200,201,202,203,204,205,206,207,208,209,210,211,212,213,214,215,216,217,218,219,220,221,222]]
[(38.4016, -76.5820, 11.6277)/18] => [[14,99,225,254,287,321,387,478,524,646,664,695,708,722,753,858,907,920,930,950],[171,172,173,174,175,176,177,178,179,180,181,182,183,184,185,186,187,188,189,190,191,192,193,194,195,196,197,198,199,200,201,202,203,204,205,206,207,208,209,210,211]]
[(38.1568, -76.3371, 11.9178)/17] => [[14,99,225,254,287,321,387,478,524,646,664,695,708,722,753,858,907,920,930,950],[161,162,163,164,165,166,167,168,169,170,171,172,173,174,175,176,177,178,179,180,181,182,183,184,185,186,187,188,189,190,191,192,193,194,195,196,197,198,199,200,201]]
[(37.1954, -57.5501, 13.0591)/17] => [[14,71,88,99,204,225,254,321,387,478,524,577,695,708,722,753,858,907,920,950],[161,162,163,164,165,166,167,168,169,170,171,172,173,174,175,176,177,178,179,180,181,182,183,184,185,186,187,188,189,190,191,192,193,194,195,196,197,198,199,200,201]]
[(28.3033, -57.6882, 13.2227)/20] => [[14,71,88,99,204,225,254,321,387,478,577,685,695,708,722,753,858,907,920,950],[192,193,194,195,196,197,198,199,200,201,202,203,204,205,206,207,208,209,210,211,212,213,214,215,216,217,218,219,220,221,222,223,224,225,226,227,228,229,230,231,232]]
[(34.6264, -66.4612, 16.1064)/20] => [[14,88,99,225,243,254,287,321,387,478,524,664,695,708,722,753,858,907,920,950],[192,193,194,195,196,197,198,199,200,201,202,203,204,205,206,207,208,209,210,211,212,213,214,215,216,217,218,219,220,221,222,223,224,225,226,227,228,229,230,231,232]]
[(28.3034, -66.4612, 16.9595)/20] => [[14,88,99,225,243,254,287,321,387,478,664,685,695,708,722,753,858,907,920,950],[192,193,194,195,196,197,198,199,200,201,202,203,204,205,206,207,208,209,210,211,212,213,214,215,216,217,218,219,220,221,222,223,224,225,226,227,228,229,230,231,232]]
[(28.3034, -50.3361, 23.6072)/21] => [[14,99,204,225,243,321,387,478,577,685,703,708,722,753,805,858,859,907,920,950],[202,203,204,205,206,207,208,209,210,211,212,213,214,215,216,217,218,219,220,221,222,223,224,225,226,227,228,229,230,231,232,233,234,235,236,237,238,239,240,241,242]]
[(42.2956, -52.4391, 23.6072)/20] => [[14,89,204,225,321,387,524,577,703,708,722,753,805,858,859,885,907,920,950,1014],[192,193,194,195,196,197,198,199,200,201,202,203,204,205,206,207,208,209,210,211,212,213,214,215,216,217,218,219,220,221,222,223,224,225,226,227,228,229,230,231,232]]
[(14.3799, -52.5078, 23.6072)/21] => [[14,99,204,225,243,321,387,478,577,582,685,703,708,722,753,858,859,920,950,1012],[202,203,204,205,206,207,208,209,210,211,212,213,214,215,216,217,218,219,220,221,222,223,224,225,226,227,228,229,230,231,232,233,234,235,236,237,238,239,240,241,242]]
[(12.1915, -66.4612, 23.6072)/23] => [[14,99,225,243,287,321,387,478,582,664,685,703,708,722,753,858,859,920,950,1012],[222,223,224,225,226,227,228,229,230,231,232,233,234,235,236,237,238,239,240,241,242,243,244,245,246,247,248,249,250,251,252,253,254,255,256,257,258,259,260,261,262]]
[(44.6064, -66.4612, 23.6072)/23] => [[14,89,225,287,321,387,489,524,664,703,708,722,753,858,859,885,907,910,920,950],[222,223,224,225,226,227,228,229,230,231,232,233,234,235,236,237,238,239,240,241,242,243,244,245,246,247,248,249,250,251,252,253,254,255,256,257,258,259,260,261,262]]
[(28.3034, -82.6874, 23.6072)/21] => [[14,148,225,287,321,387,478,664,667,685,703,708,722,805,858,859,907,920,950,1014],[202,203,204,205,206,207,208,209,210,211,212,213,214,215,216,217,218,219,220,221,222,223,224,225,226,227,228,229,230,231,232,233,234,235,236,237,238,239,240,241,242]]
[(14.2321, -80.5630, 23.6072)/19] => [[14,148,225,287,305,321,387,478,546,582,664,667,685,703,708,722,858,859,920,950],[182,183,184,185,186,187,188,189,190,191,192,193,194,195,196,197,198,199,200,201,202,203,204,205,206,207,208,209,210,211,212,213,214,215,216,217,218,219,220,221,222]]
[(42.4102, -80.5985, 23.6072)/21] => [[14,43,225,287,321,387,394,489,524,664,667,703,708,722,858,859,907,910,920,950],[202,203,204,205,206,207,208,209,210,211,212,213,214,215,216,217,218,219,220,221,222,223,224,225,226,227,228,229,230,231,232,233,234,235,236,237,238,239,240,241,242]]
[(28.3034, -66.4612, 38.2006)/21] => [[14,99,225,243,287,321,387,533,664,675,685,703,708,722,743,805,859,907,920,950],[202,203,204,205,206,207,208,209,210,211,212,213,214,215,216,217,218,219,220,221,222,223,224,225,226,227,228,229,230,231,232,233,234,235,236,237,238,239,240,241,242]]
[(40.8867, -53.8510, 38.5338)/18] => [[14,89,204,225,321,387,524,533,577,649,675,703,708,722,743,859,885,907,920,950],[171,172,173,174,175,176,177,178,179,180,181,182,183,184,185,186,187,188,189,190,191,192,193,194,195,196,197,198,199,200,201,202,203,204,205,206,207,208,209,210,211]]
[(40.8887, -79.0738, 38.5362)/18] => [[14,89,225,287,321,387,394,524,664,675,703,708,722,743,805,859,907,910,920,950],[171,172,173,174,175,176,177,178,179,180,181,182,183,184,185,186,187,188,189,190,191,192,193,194,195,196,197,198,199,200,201,202,203,204,205,206,207,208,209,210,211]]
[(40.8906, -66.4612, 38.5384)/20] => [[14,89,225,287,321,387,524,533,664,675,703,708,722,743,859,885,907,910,920,950],[192,193,194,195,196,197,198,199,200,201,202,203,204,205,206,207,208,209,210,211,212,213,214,215,216,217,218,219,220,221,222,223,224,225,226,227,228,229,230,231,232]]
[(28.3034, -53.7972, 38.5976)/20] => [[14,99,204,225,243,321,387,533,577,649,675,685,703,708,722,743,859,907,920,950],[192,193,194,195,196,197,198,199,200,201,202,203,204,205,206,207,208,209,210,211,212,213,214,215,216,217,218,219,220,221,222,223,224,225,226,227,228,229,230,231,232]]
[(28.3034, -79.1413, 38.6162)/20] => [[14,99,148,225,287,321,387,664,675,685,703,708,722,743,805,859,907,920,950,1014],[192,193,194,195,196,197,198,199,200,201,202,203,204,205,206,207,208,209,210,211,212,213,214,215,216,217,218,219,220,221,222,223,224,225,226,227,228,229,230,231,232]]
[(15.6161, -79.1760, 38.6573)/17] => [[14,99,148,225,287,321,387,546,582,664,685,703,708,722,743,859,920,950,1012,1014],[161,162,163,164,165,166,167,168,169,170,171,172,173,174,175,176,177,178,179,180,181,182,183,184,185,186,187,188,189,190,191,192,193,194,195,196,197,198,199,200,201]]
[(15.6141, -53.7445, 38.6596)/18] => [[14,99,204,225,243,321,387,533,577,582,685,703,708,722,743,859,920,950,1012,1014],[171,172,173,174,175,176,177,178,179,180,181,182,183,184,185,186,187,188,189,190,191,192,193,194,195,196,197,198,199,200,201,202,203,204,205,206,207,208,209,210,211]]
[(15.6086, -66.4612, 38.6662)/20] => [[14,99,225,243,287,321,387,533,546,582,664,685,703,708,722,743,859,920,950,1012],[192,193,194,195,196,197,198,199,200,201,202,203,204,205,206,207,208,209,210,211,212,213,214,215,216,217,218,219,220,221,222,223,224,225,226,227,228,229,230,231,232]]
