[(13.1736, 9.2278, 0.9347)/20] => [[17,71,74,88,117,204,234,243,276,339,388,489,542,574,703,709,712,776,924,987],[192,193,194,195,196,197,198,199,200,201,202,203,204,205,206,207,208,209,210,211,212,213,214,215,216,217,218,219,220,221,222,223,224,225,226,227,228,229,230,231,232]]
[(29.7228, 8.7969, 1.0923)/16] => [[17,71,74,88,117,204,234,243,276,339,388,489,542,574,709,712,774,776,924,987],[151,152,153,154,155,156,157,158,159,160,161,162,163,164,165,166,167,168,169,170,171,172,173,174,175,176,177,178,179,180,181,182,183,184,185,186,187,188,189,190,191]]
[(13.1736, -54.4950, 1.0938)/19] => [[14,71,88,99,141,204,225,254,321,478,582,685,695,708,722,753,858,950,1012],[182,183,184,185,186,187,188,189,190,191,192,193,194,195,196,197,198,199,200,201,202,203,204,205,206,207,208,209,210,211,212,213,214,215,216,217,218,219,220,221,222]]
[(-3.1029, -53.9773, 1.2831)/15] => [[69,71,88,99,141,204,225,243,254,321,452,478,582,646,685,708,722,858,950,1012],[141,142,143,144,145,146,147,148,149,150,151,152,153,154,155,156,157,158,159,160,161,162,163,164,165,166,167,168,169,170,171,172,173,174,175,176,177,178,179,180,181]]
[(29.3800, -22.8510, 1.3321)/19] => [[71,74,88,99,204,234,243,276,339,388,489,542,708,712,753,776,858,924,930,950],[182,183,184,185,186,187,188,189,190,191,192,193,194,195,196,197,198,199,200,201,202,203,204,205,206,207,208,209,210,211,212,213,214,215,216,217,218,219,220,221,222]]
[(-2.6927, -22.8510, 1.5701)/20] => [[69,71,74,88,96,99,204,243,276,339,388,489,542,703,708,712,858,924,950,1012],[192,193,194,195,196,197,198,199,200,201,202,203,204,205,206,207,208,209,210,211,212,213,214,215,216,217,218,219,220,221,222,223,224,225,226,227,228,229,230,231,232]]
[(28.6301, -52.4093, 1.8568)/17] => [[14,71,88,99,204,225,243,254,321,478,646,685,695,708,722,753,858,930,950],[161,162,163,164,165,166,167,168,169,170,171,172,173,174,175,176,177,178,179,180,181,182,183,184,185,186,187,188,189,190,191,192,193,194,195,196,197,198,199,200,201]]
[(-1.9293, 6.0311, 2.1043)/18] => [[17,69,71,74,88,96,117,204,234,243,276,339,388,489,542,678,703,712,924,987],[171,172,173,174,175,176,177,178,179,180,181,182,183,184,185,186,187,188,189,190,191,192,193,194,195,196,197,198,199,200,201,202,203,204,205,206,207,208,209,210,211]]
[(13.1737, 0.1650, 4.2503)/19] => [[17,71,74,88,117,204,234,243,276,339,388,489,542,574,703,709,712,776,924,987],[182,183,184,185,186,187,188,189,190,191,192,193,194,195,196,197,198,199,200,201,202,203,204,205,206,207,208,209,210,211,212,213,214,215,216,217,218,219,220,221,222]]
[(1.3205, -22.8510, 4.3778)/20] => [[69,71,74,88,96,99,204,243,276,339,388,489,542,703,708,712,858,924,950,1012],[192,193,194,195,196,197,198,199,200,201,202,203,204,205,206,207,208,209,210,211,212,213,214,215,216,217,218,219,220,221,222,223,224,225,226,227,228,229,230,231,232]]
[(5.8102, -36.9326, 7.5194)/18] => [[69,71,74,88,96,99,141,204,225,243,254,339,489,582,708,712,722,858,950,1012],[171,172,173,174,175,176,177,178,179,180,181,182,183,184,185,186,187,188,189,190,191,192,193,194,195,196,197,198,199,200,201,202,203,204,205,206,207,208,209,210,211]]
[(5.8124, -36.9287, 7.5205)/18] => [[69,71,74,88,96,99,141,204,225,243,254,339,489,582,708,712,722,858,950,1012],[171,172,173,174,175,176,177,178,179,180,181,182,183,184,185,186,187,188,189,190,191,192,193,194,195,196,197,198,199,200,201,202,203,204,205,206,207,208,209,210,211]]
[(5.8136, -36.9266, 7.5209)/18] => [[69,71,74,88,96,99,141,204,225,243,254,339,489,582,708,712,722,858,950,1012],[171,172,173,174,175,176,177,178,179,180,181,182,183,184,185,186,187,188,189,190,191,192,193,194,195,196,197,198,199,200,201,202,203,204,205,206,207,208,209,210,211]]
[(13.1737, -11.6545, 8.5749)/20] => [[71,74,88,99,117,204,234,243,276,339,388,489,542,703,712,753,776,924,987,1012],[192,193,194,195,196,197,198,199,200,201,202,203,204,205,206,207,208,209,210,211,212,213,214,215,216,217,218,219,220,221,222,223,224,225,226,227,228,229,230,231,232]]
[(9.7562, -16.3157, 10.2805)/18] => [[68,69,71,88,96,99,117,204,234,243,276,339,388,489,577,678,712,836,924,1012],[171,172,173,174,175,176,177,178,179,180,181,182,183,184,185,186,187,188,189,190,191,192,193,194,195,196,197,198,199,200,201,202,203,204,205,206,207,208,209,210,211]]
[(13.1736, -22.8510, 11.6224)/25] => [[71,88,99,204,234,243,276,339,388,421,489,577,688,708,712,753,858,924,1012,1014],[242,243,244,245,246,247,248,249,250,251,252,253,254,255,256,257,258,259,260,261,262,263,264,265,266,267,268,269,270,271,272,273,274,275,276,277,278,279,280,281,282]]
[(12.1201, -20.8361, 11.9344)/22] => [[71,88,99,204,234,243,276,339,388,421,489,577,688,708,712,753,858,924,1012,1014],[212,213,214,215,216,217,218,219,220,221,222,223,224,225,226,227,228,229,230,231,232,233,234,235,236,237,238,239,240,241,242,243,244,245,246,247,248,249,250,251,252]]
[(28.4487, -52.0623, 12.6718)/13] => [[14,71,88,99,204,225,254,321,387,478,577,685,695,708,722,753,858,907,920,950],[121,122,123,124,125,126,127,128,129,130,131,132,133,134,135,136,137,138,139,140,141,142,143,144,145,146,147,148,149,150,151,152,153,154,155,156,157,158,159,160,161]]
[(-3.0870, -53.9471, 12.6718)/11] => [[69,71,88,99,141,204,225,243,254,321,387,478,577,582,685,708,722,858,920,1012],[101,102,103,104,105,106,107,108,109,110,111,112,113,114,115,116,117,118,119,120,121,122,123,124,125,126,127,128,129,130,131,132,133,134,135,136,137,138,139,140,141]]
[(13.1736, -54.5447, 12.6718)/19] => [[14,71,88,141,204,225,254,321,387,478,577,582,685,695,708,722,753,858,920,950],[182,183,184,185,186,187,188,189,190,191,192,193,194,195,196,197,198,199,200,201,202,203,204,205,206,207,208,209,210,211,212,213,214,215,216,217,218,219,220,221,222]]
[(13.1736, 9.1989, 12.6718)/19] => [[5,17,71,88,117,204,234,243,276,304,328,339,388,489,574,577,709,712,836,924],[182,183,184,185,186,187,188,189,190,191,192,193,194,195,196,197,198,199,200,201,202,203,204,205,206,207,208,209,210,211,212,213,214,215,216,217,218,219,220,221,222]]
[(29.6354, 8.6301, 12.6718)/15] => [[5,17,71,88,117,204,234,243,276,304,328,339,388,489,574,577,709,712,774,924],[141,142,143,144,145,146,147,148,149,150,151,152,153,154,155,156,157,158,159,160,161,162,163,164,165,166,167,168,169,170,171,172,173,174,175,176,177,178,179,180,181]]
[(-1.9258, 6.0244, 12.6718)/15] => [[17,69,71,88,96,117,204,234,243,276,304,339,388,489,574,577,678,709,712,924],[141,142,143,144,145,146,147,148,149,150,151,152,153,154,155,156,157,158,159,160,161,162,163,164,165,166,167,168,169,170,171,172,173,174,175,176,177,178,179,180,181]]
[(-2.6537, -22.8510, 12.6718)/15] => [[69,71,88,96,99,204,234,243,276,339,388,489,577,688,708,712,858,924,1012,1014],[141,142,143,144,145,146,147,148,149,150,151,152,153,154,155,156,157,158,159,160,161,162,163,164,165,166,167,168,169,170,171,172,173,174,175,176,177,178,179,180,181]]
[(29.1279, -22.8510, 12.6718)/15] => [[71,88,99,204,234,243,276,339,388,489,577,708,712,753,805,858,924,930,988,1014],[141,142,143,144,145,146,147,148,149,150,151,152,153,154,155,156,157,158,159,160,161,162,163,164,165,166,167,168,169,170,171,172,173,174,175,176,177,178,179,180,181]]
[(13.1736, -22.8510, 18.1756)/25] => [[71,88,99,204,234,243,276,339,388,421,489,577,688,708,712,753,858,924,1012,1014],[242,243,244,245,246,247,248,249,250,251,252,253,254,255,256,257,258,259,260,261,262,263,264,265,266,267,268,269,270,271,272,273,274,275,276,277,278,279,280,281,282]]
[(4.7228, -22.8510, 18.5848)/19] => [[69,71,88,96,99,204,234,243,276,339,388,489,577,688,708,712,858,924,1012,1014],[182,183,184,185,186,187,188,189,190,191,192,193,194,195,196,197,198,199,200,201,202,203,204,205,206,207,208,209,210,211,212,213,214,215,216,217,218,219,220,221,222]]
[(4.6917, -6.6304, 18.6066)/20] => [[17,69,71,88,96,117,204,234,243,276,304,339,388,489,574,577,678,709,712,924],[192,193,194,195,196,197,198,199,200,201,202,203,204,205,206,207,208,209,210,211,212,213,214,215,216,217,218,219,220,221,222,223,224,225,226,227,228,229,230,231,232]]
[(21.7001, -22.8510, 18.6378)/20] => [[71,88,99,204,234,243,276,339,388,489,577,708,712,753,805,858,924,930,988,1014],[192,193,194,195,196,197,198,199,200,201,202,203,204,205,206,207,208,209,210,211,212,213,214,215,216,217,218,219,220,221,222,223,224,225,226,227,228,229,230,231,232]]
[(13.1736, -6.5156, 18.6486)/23] => [[5,17,71,88,117,204,234,243,276,304,328,339,388,489,574,577,709,712,836,924],[222,223,224,225,226,227,228,229,230,231,232,233,234,235,236,237,238,239,240,241,242,243,244,245,246,247,248,249,250,251,252,253,254,255,256,257,258,259,260,261,262]]
[(4.5492, -39.3441, 18.7061)/20] => [[69,71,88,96,99,141,204,225,243,254,339,387,489,577,582,708,712,722,858,1012],[192,193,194,195,196,197,198,199,200,201,202,203,204,205,206,207,208,209,210,211,212,213,214,215,216,217,218,219,220,221,222,223,224,225,226,227,228,229,230,231,232]]
[(13.1736, -39.3987, 18.7264)/23] => [[71,88,99,141,204,225,243,254,339,387,489,577,582,695,708,712,722,753,858,1012],[222,223,224,225,226,227,228,229,230,231,232,233,234,235,236,237,238,239,240,241,242,243,244,245,246,247,248,249,250,251,252,253,254,255,256,257,258,259,260,261,262]]
[(25.4284, -46.2864, 21.2464)/19] => [[37,99,204,225,234,243,321,387,390,577,688,703,708,722,753,805,858,950,958,1014],[182,183,184,185,186,187,188,189,190,191,192,193,194,195,196,197,198,199,200,201,202,203,204,205,206,207,208,209,210,211,212,213,214,215,216,217,218,219,220,221,222]]
[(0.2379, -47.5885, 21.7229)/19] => [[37,69,99,195,204,225,234,243,321,387,390,577,582,688,708,722,858,900,1012,1014],[182,183,184,185,186,187,188,189,190,191,192,193,194,195,196,197,198,199,200,201,202,203,204,205,206,207,208,209,210,211,212,213,214,215,216,217,218,219,220,221,222]]
[(26.3393, 2.3267, 21.8839)/19] => [[5,17,117,204,234,243,276,304,328,388,390,489,574,577,691,712,774,896,904,924],[182,183,184,185,186,187,188,189,190,191,192,193,194,195,196,197,198,199,200,201,202,203,204,205,206,207,208,209,210,211,212,213,214,215,216,217,218,219,220,221,222]]
