[(20.2227, -54.4888, 3.9054)/18] => [[14,71,88,99,204,225,243,254,321,478,646,685,695,708,722,753,858,930,950],[171,172,173,174,175,176,177,178,179,180,181,182,183,184,185,186,187,188,189,190,191,192,193,194,195,196,197,198,199,200,201,202,203,204,205,206,207,208,209,210,211]]
[(20.2227, -5.7343, 4.2127)/18] => [[17,71,74,88,117,204,234,243,276,339,388,489,542,574,709,712,774,776,924,987],[171,172,173,174,175,176,177,178,179,180,181,182,183,184,185,186,187,188,189,190,191,192,193,194,195,196,197,198,199,200,201,202,203,204,205,206,207,208,209,210,211]]
[(41.3316, -29.9114, 6.0637)/20] => [[88,97,204,276,339,373,396,421,466,542,708,732,753,805,858,884,930,950,964,988],[192,193,194,195,196,197,198,199,200,201,202,203,204,205,206,207,208,209,210,211,212,213,214,215,216,217,218,219,220,221,222,223,224,225,226,227,228,229,230,231,232]]
[(-0.6918, -29.9114, 6.2176)/20] => [[69,71,74,88,96,99,204,243,276,339,388,489,542,703,708,712,858,924,950,1012],[192,193,194,195,196,197,198,199,200,201,202,203,204,205,206,207,208,209,210,211,212,213,214,215,216,217,218,219,220,221,222,223,224,225,226,227,228,229,230,231,232]]
[(38.5268, -11.0375, 8.2842)/18] => [[68,71,88,99,117,204,234,243,276,328,339,466,542,635,712,732,753,776,987,988],[171,172,173,174,175,176,177,178,179,180,181,182,183,184,185,186,187,188,189,190,191,192,193,194,195,196,197,198,199,200,201,202,203,204,205,206,207,208,209,210,211]]
[(5.7016, -44.8849, 11.2792)/20] => [[69,71,88,99,141,204,225,234,243,254,321,339,387,577,582,646,708,722,858,1012],[192,193,194,195,196,197,198,199,200,201,202,203,204,205,206,207,208,209,210,211,212,213,214,215,216,217,218,219,220,221,222,223,224,225,226,227,228,229,230,231,232]]
[(33.7126, -16.0015, 12.0954)/19] => [[68,71,88,99,117,204,234,243,276,328,339,421,466,577,635,645,712,732,753,988],[182,183,184,185,186,187,188,189,190,191,192,193,194,195,196,197,198,199,200,201,202,203,204,205,206,207,208,209,210,211,212,213,214,215,216,217,218,219,220,221,222]]
[(31.3551, -41.3906, 13.9619)/22] => [[71,88,99,204,225,234,243,254,321,339,387,577,646,695,708,722,753,858,930,950],[212,213,214,215,216,217,218,219,220,221,222,223,224,225,226,227,228,229,230,231,232,233,234,235,236,237,238,239,240,241,242,243,244,245,246,247,248,249,250,251,252]]
[(9.1252, -18.4685, 13.9896)/20] => [[68,69,71,88,96,99,117,204,234,243,276,339,388,489,577,678,712,836,924,1012],[192,193,194,195,196,197,198,199,200,201,202,203,204,205,206,207,208,209,210,211,212,213,214,215,216,217,218,219,220,221,222,223,224,225,226,227,228,229,230,231,232]]
[(20.2227, -29.9114, 15.2010)/24] => [[71,88,99,204,234,243,276,339,388,489,577,708,712,753,805,858,924,930,988,1014],[232,233,234,235,236,237,238,239,240,241,242,243,244,245,246,247,248,249,250,251,252,253,254,255,256,257,258,259,260,261,262,263,264,265,266,267,268,269,270,271,272]]
[(5.7291, -44.8563, 22.7753)/20] => [[37,69,99,195,204,225,234,243,321,387,390,577,582,688,708,722,858,900,1012,1014],[192,193,194,195,196,197,198,199,200,201,202,203,204,205,206,207,208,209,210,211,212,213,214,215,216,217,218,219,220,221,222,223,224,225,226,227,228,229,230,231,232]]
[(20.2227, -54.3907, 22.7753)/19] => [[14,99,204,225,243,321,387,478,577,685,703,708,722,753,805,858,859,907,920,950],[182,183,184,185,186,187,188,189,190,191,192,193,194,195,196,197,198,199,200,201,202,203,204,205,206,207,208,209,210,211,212,213,214,215,216,217,218,219,220,221,222]]
[(9.3586, -18.7092, 22.7753)/20] => [[69,96,99,117,204,234,243,276,388,390,489,577,678,691,712,836,900,904,924,1012],[192,193,194,195,196,197,198,199,200,201,202,203,204,205,206,207,208,209,210,211,212,213,214,215,216,217,218,219,220,221,222,223,224,225,226,227,228,229,230,231,232]]
[(31.4313, -41.4692, 22.7753)/22] => [[99,195,204,225,234,243,321,387,390,577,703,708,722,753,805,858,885,950,958,1014],[212,213,214,215,216,217,218,219,220,221,222,223,224,225,226,227,228,229,230,231,232,233,234,235,236,237,238,239,240,241,242,243,244,245,246,247,248,249,250,251,252]]
[(20.2227, -5.6572, 22.7753)/19] => [[5,17,117,204,234,243,276,304,328,388,390,489,574,577,691,712,774,896,904,924],[182,183,184,185,186,187,188,189,190,191,192,193,194,195,196,197,198,199,200,201,202,203,204,205,206,207,208,209,210,211,212,213,214,215,216,217,218,219,220,221,222]]
[(35.5847, -14.0709, 22.7753)/20] => [[97,99,117,204,234,243,276,328,390,421,577,635,691,712,732,753,872,885,896,950],[192,193,194,195,196,197,198,199,200,201,202,203,204,205,206,207,208,209,210,211,212,213,214,215,216,217,218,219,220,221,222,223,224,225,226,227,228,229,230,231,232]]
[(-0.6898, -29.9114, 22.7753)/19] => [[69,96,99,204,234,243,276,388,390,489,577,691,708,712,858,900,904,924,1012,1014],[182,183,184,185,186,187,188,189,190,191,192,193,194,195,196,197,198,199,200,201,202,203,204,205,206,207,208,209,210,211,212,213,214,215,216,217,218,219,220,221,222]]
[(41.1709, -29.9114, 22.7753)/20] => [[89,97,195,204,276,390,406,421,577,703,708,732,753,805,858,885,896,950,964,1014],[192,193,194,195,196,197,198,199,200,201,202,203,204,205,206,207,208,209,210,211,212,213,214,215,216,217,218,219,220,221,222,223,224,225,226,227,228,229,230,231,232]]
[(9.1159, -18.4590, 31.5683)/19] => [[69,96,99,117,204,234,243,276,388,390,489,533,577,712,735,836,900,904,924,1012],[182,183,184,185,186,187,188,189,190,191,192,193,194,195,196,197,198,199,200,201,202,203,204,205,206,207,208,209,210,211,212,213,214,215,216,217,218,219,220,221,222]]
[(31.3668, -41.4028, 31.5979)/20] => [[99,204,225,234,243,321,374,387,390,533,577,649,675,703,708,722,743,805,885,950],[192,193,194,195,196,197,198,199,200,201,202,203,204,205,206,207,208,209,210,211,212,213,214,215,216,217,218,219,220,221,222,223,224,225,226,227,228,229,230,231,232]]
[(31.7560, -18.0191, 31.9060)/18] => [[97,99,117,204,234,243,276,350,374,390,421,533,577,649,691,712,732,885,896,950],[171,172,173,174,175,176,177,178,179,180,181,182,183,184,185,186,187,188,189,190,191,192,193,194,195,196,197,198,199,200,201,202,203,204,205,206,207,208,209,210,211]]
[(5.6553, -44.9326, 34.3080)/18] => [[37,69,99,204,225,234,243,321,350,387,390,533,577,582,708,722,743,900,1012,1014],[171,172,173,174,175,176,177,178,179,180,181,182,183,184,185,186,187,188,189,190,191,192,193,194,195,196,197,198,199,200,201,202,203,204,205,206,207,208,209,210,211]]
[(20.2227, -12.6568, 36.0230)/20] => [[99,117,204,234,243,276,350,388,390,421,489,533,577,649,691,712,735,896,904,924],[192,193,194,195,196,197,198,199,200,201,202,203,204,205,206,207,208,209,210,211,212,213,214,215,216,217,218,219,220,221,222,223,224,225,226,227,228,229,230,231,232]]
[(38.4780, -29.9114, 37.2278)/18] => [[99,204,234,243,276,350,374,390,533,577,649,691,703,708,712,732,805,885,896,1014],[171,172,173,174,175,176,177,178,179,180,181,182,183,184,185,186,187,188,189,190,191,192,193,194,195,196,197,198,199,200,201,202,203,204,205,206,207,208,209,210,211]]
[(20.2227, -29.9114, 38.1924)/17] => [[99,204,234,243,276,388,390,489,533,577,649,691,703,708,712,805,896,904,924,1014],[161,162,163,164,165,166,167,168,169,170,171,172,173,174,175,176,177,178,179,180,181,182,183,184,185,186,187,188,189,190,191,192,193,194,195,196,197,198,199,200,201]]
[(0.7343, -29.9114, 38.2039)/20] => [[69,96,99,204,234,243,276,388,390,489,533,577,691,708,712,900,904,924,1012,1014],[192,193,194,195,196,197,198,199,200,201,202,203,204,205,206,207,208,209,210,211,212,213,214,215,216,217,218,219,220,221,222,223,224,225,226,227,228,229,230,231,232]]
[(20.2227, -50.1503, 38.3140)/19] => [[14,99,204,225,243,321,387,533,577,649,675,685,703,708,722,743,859,907,920,950],[182,183,184,185,186,187,188,189,190,191,192,193,194,195,196,197,198,199,200,201,202,203,204,205,206,207,208,209,210,211,212,213,214,215,216,217,218,219,220,221,222]]
