[(50.6884, -10.3338, 6.4879)/18] => [[68,88,97,204,328,339,396,421,466,542,635,693,732,740,753,884,913,964,987,988],[171,172,173,174,175,176,177,178,179,180,181,182,183,184,185,186,187,188,189,190,191,192,193,194,195,196,197,198,199,200,201,202,203,204,205,206,207,208,209,210,211]]
[(-4.1032, -89.6685, 6.5952)/18] => [[141,225,254,287,300,305,321,452,478,494,546,582,646,664,667,685,708,722,858,950],[171,172,173,174,175,176,177,178,179,180,181,182,183,184,185,186,187,188,189,190,191,192,193,194,195,196,197,198,199,200,201,202,203,204,205,206,207,208,209,210,211]]
[(23.2069, -88.1457, 7.2542)/18] => [[14,52,225,254,287,321,452,478,646,664,667,685,695,708,722,805,858,930,950],[171,172,173,174,175,176,177,178,179,180,181,182,183,184,185,186,187,188,189,190,191,192,193,194,195,196,197,198,199,200,201,202,203,204,205,206,207,208,209,210,211]]
[(23.2069, -12.6956, 7.5097)/18] => [[71,74,88,99,117,204,234,243,276,328,339,388,489,542,712,753,776,924,987,988],[171,172,173,174,175,176,177,178,179,180,181,182,183,184,185,186,187,188,189,190,191,192,193,194,195,196,197,198,199,200,201,202,203,204,205,206,207,208,209,210,211]]
[(2.9948, -79.3914, 11.0419)/19] => [[99,141,225,254,287,300,321,387,452,478,546,582,646,664,685,708,722,858,920,1012],[182,183,184,185,186,187,188,189,190,191,192,193,194,195,196,197,198,199,200,201,202,203,204,205,206,207,208,209,210,211,212,213,214,215,216,217,218,219,220,221,222]]
[(23.2070, -22.6791, 11.8294)/19] => [[71,88,99,204,234,243,276,339,388,489,577,708,712,753,805,858,924,930,988,1014],[182,183,184,185,186,187,188,189,190,191,192,193,194,195,196,197,198,199,200,201,202,203,204,205,206,207,208,209,210,211,212,213,214,215,216,217,218,219,220,221,222]]
[(19.3653, -44.5629, 21.2983)/23] => [[37,99,204,225,234,243,321,387,390,577,582,688,703,708,722,753,858,950,1012,1014],[222,223,224,225,226,227,228,229,230,231,232,233,234,235,236,237,238,239,240,241,242,243,244,245,246,247,248,249,250,251,252,253,254,255,256,257,258,259,260,261,262]]
[(26.9682, -55.5714, 21.3486)/22] => [[14,99,204,225,243,321,387,478,577,685,703,708,722,753,805,858,859,907,920,950],[212,213,214,215,216,217,218,219,220,221,222,223,224,225,226,227,228,229,230,231,232,233,234,235,236,237,238,239,240,241,242,243,244,245,246,247,248,249,250,251,252]]
[(19.4742, -55.5300, 21.3665)/20] => [[14,99,204,225,243,321,387,478,577,582,685,703,708,722,753,858,859,920,950,1012],[192,193,194,195,196,197,198,199,200,201,202,203,204,205,206,207,208,209,210,211,212,213,214,215,216,217,218,219,220,221,222,223,224,225,226,227,228,229,230,231,232]]
[(16.4543, -50.1253, 23.7050)/17] => [[14,99,204,225,243,321,387,478,577,582,685,703,708,722,753,858,859,920,950,1012],[161,162,163,164,165,166,167,168,169,170,171,172,173,174,175,176,177,178,179,180,181,182,183,184,185,186,187,188,189,190,191,192,193,194,195,196,197,198,199,200,201]]
[(19.3219, -44.5001, 23.7050)/20] => [[37,99,204,225,234,243,321,387,390,577,582,688,703,708,722,753,858,950,1012,1014],[192,193,194,195,196,197,198,199,200,201,202,203,204,205,206,207,208,209,210,211,212,213,214,215,216,217,218,219,220,221,222,223,224,225,226,227,228,229,230,231,232]]
[(19.1009, -56.0706, 23.7050)/18] => [[14,99,204,225,243,321,387,478,577,582,685,703,708,722,753,858,859,920,950,1012],[171,172,173,174,175,176,177,178,179,180,181,182,183,184,185,186,187,188,189,190,191,192,193,194,195,196,197,198,199,200,201,202,203,204,205,206,207,208,209,210,211]]
[(23.2069, -43.1783, 23.7051)/21] => [[37,99,204,225,234,243,321,387,390,577,688,703,708,722,753,805,858,950,958,1014],[202,203,204,205,206,207,208,209,210,211,212,213,214,215,216,217,218,219,220,221,222,223,224,225,226,227,228,229,230,231,232,233,234,235,236,237,238,239,240,241,242]]
[(5.6158, -50.1253, 23.7051)/21] => [[37,69,99,174,204,225,243,321,387,478,577,582,685,708,722,858,900,920,1012,1014],[202,203,204,205,206,207,208,209,210,211,212,213,214,215,216,217,218,219,220,221,222,223,224,225,226,227,228,229,230,231,232,233,234,235,236,237,238,239,240,241,242]]
[(40.8097, -50.1253, 23.7051)/20] => [[14,89,204,225,321,387,524,577,703,708,722,753,805,858,859,885,907,920,950,1014],[192,193,194,195,196,197,198,199,200,201,202,203,204,205,206,207,208,209,210,211,212,213,214,215,216,217,218,219,220,221,222,223,224,225,226,227,228,229,230,231,232]]
[(33.7202, -65.3479, 23.7051)/20] => [[14,99,225,243,287,321,387,478,524,664,703,708,722,753,858,859,885,907,920,950],[192,193,194,195,196,197,198,199,200,201,202,203,204,205,206,207,208,209,210,211,212,213,214,215,216,217,218,219,220,221,222,223,224,225,226,227,228,229,230,231,232]]
[(-1.2280, -85.5054, 23.7051)/19] => [[148,174,225,287,305,321,387,478,494,546,582,664,667,685,708,722,748,858,920,1014],[182,183,184,185,186,187,188,189,190,191,192,193,194,195,196,197,198,199,200,201,202,203,204,205,206,207,208,209,210,211,212,213,214,215,216,217,218,219,220,221,222]]
[(23.2069, -87.9069, 23.7051)/19] => [[14,148,225,287,321,387,478,664,667,685,703,708,722,805,858,859,907,920,950,1014],[182,183,184,185,186,187,188,189,190,191,192,193,194,195,196,197,198,199,200,201,202,203,204,205,206,207,208,209,210,211,212,213,214,215,216,217,218,219,220,221,222]]
[(23.2069, -12.4402, 23.7051)/20] => [[99,117,204,234,243,276,328,388,390,421,489,577,688,691,712,753,872,896,904,924],[192,193,194,195,196,197,198,199,200,201,202,203,204,205,206,207,208,209,210,211,212,213,214,215,216,217,218,219,220,221,222,223,224,225,226,227,228,229,230,231,232]]
[(47.8424, -14.4547, 23.7051)/19] => [[89,97,117,204,224,276,328,390,406,421,577,635,732,740,753,885,896,913,950,964],[182,183,184,185,186,187,188,189,190,191,192,193,194,195,196,197,198,199,200,201,202,203,204,205,206,207,208,209,210,211,212,213,214,215,216,217,218,219,220,221,222]]
[(12.7155, -34.9344, 23.7051)/20] => [[99,204,225,234,243,387,390,489,577,582,691,703,708,712,722,753,858,904,1012,1014],[192,193,194,195,196,197,198,199,200,201,202,203,204,205,206,207,208,209,210,211,212,213,214,215,216,217,218,219,220,221,222,223,224,225,226,227,228,229,230,231,232]]
[(19.2606, -44.4113, 26.1774)/22] => [[37,99,204,225,234,243,321,387,390,577,582,688,703,708,722,753,858,950,1012,1014],[212,213,214,215,216,217,218,219,220,221,222,223,224,225,226,227,228,229,230,231,232,233,234,235,236,237,238,239,240,241,242,243,244,245,246,247,248,249,250,251,252]]
[(23.2069, -56.8783, 26.6270)/20] => [[14,99,204,225,243,321,387,478,577,685,703,708,722,753,805,858,859,907,920,950],[192,193,194,195,196,197,198,199,200,201,202,203,204,205,206,207,208,209,210,211,212,213,214,215,216,217,218,219,220,221,222,223,224,225,226,227,228,229,230,231,232]]
[(23.2069, -43.2691, 26.6716)/21] => [[37,99,204,225,234,243,321,387,390,577,688,703,708,722,753,805,858,950,958,1014],[202,203,204,205,206,207,208,209,210,211,212,213,214,215,216,217,218,219,220,221,222,223,224,225,226,227,228,229,230,231,232,233,234,235,236,237,238,239,240,241,242]]
[(33.6877, -65.3009, 30.2713)/19] => [[14,99,225,243,287,321,387,524,533,664,675,703,708,722,743,859,885,907,920,950],[182,183,184,185,186,187,188,189,190,191,192,193,194,195,196,197,198,199,200,201,202,203,204,205,206,207,208,209,210,211,212,213,214,215,216,217,218,219,220,221,222]]
[(12.6941, -34.9035, 30.2913)/18] => [[99,204,225,234,243,387,390,489,533,577,582,691,703,708,712,722,743,904,1012,1014],[171,172,173,174,175,176,177,178,179,180,181,182,183,184,185,186,187,188,189,190,191,192,193,194,195,196,197,198,199,200,201,202,203,204,205,206,207,208,209,210,211]]
[(40.7226, -50.1253, 34.6787)/19] => [[14,89,204,225,321,387,524,533,577,649,675,703,708,722,743,859,885,907,920,950],[182,183,184,185,186,187,188,189,190,191,192,193,194,195,196,197,198,199,200,201,202,203,204,205,206,207,208,209,210,211,212,213,214,215,216,217,218,219,220,221,222]]
[(5.5575, -50.1253, 34.7624)/18] => [[69,99,184,204,225,243,321,350,387,533,577,582,685,708,722,743,900,920,1012,1014],[171,172,173,174,175,176,177,178,179,180,181,182,183,184,185,186,187,188,189,190,191,192,193,194,195,196,197,198,199,200,201,202,203,204,205,206,207,208,209,210,211]]
[(3.6734, -78.4085, 35.9428)/20] => [[99,148,184,225,287,321,350,387,494,546,582,664,685,708,722,743,900,920,1012,1014],[192,193,194,195,196,197,198,199,200,201,202,203,204,205,206,207,208,209,210,211,212,213,214,215,216,217,218,219,220,221,222,223,224,225,226,227,228,229,230,231,232]]
[(42.8999, -21.6111, 36.0428)/20] => [[89,195,204,276,350,374,390,406,421,533,577,649,703,708,732,805,885,896,964,1014],[192,193,194,195,196,197,198,199,200,201,202,203,204,205,206,207,208,209,210,211,212,213,214,215,216,217,218,219,220,221,222,223,224,225,226,227,228,229,230,231,232]]
[(23.2069, -50.1253, 37.6113)/23] => [[14,99,204,225,243,321,387,533,577,649,675,685,703,708,722,743,859,907,920,950],[222,223,224,225,226,227,228,229,230,231,232,233,234,235,236,237,238,239,240,241,242,243,244,245,246,247,248,249,250,251,252,253,254,255,256,257,258,259,260,261,262]]
[(23.2069, -17.3413, 37.8903)/18] => [[99,117,204,234,243,276,350,388,390,421,489,533,577,649,691,712,735,896,904,924],[171,172,173,174,175,176,177,178,179,180,181,182,183,184,185,186,187,188,189,190,191,192,193,194,195,196,197,198,199,200,201,202,203,204,205,206,207,208,209,210,211]]
[(23.2069, -84.2154, 38.4554)/16] => [[14,148,225,287,321,387,494,664,675,685,703,708,722,743,805,859,907,920,950,1014],[151,152,153,154,155,156,157,158,159,160,161,162,163,164,165,166,167,168,169,170,171,172,173,174,175,176,177,178,179,180,181,182,183,184,185,186,187,188,189,190,191]]
