[(16.2189, -0.4853, -0.0929)/25] => [[17,71,74,88,117,204,234,243,276,339,388,489,542,574,703,709,712,776,924,987],[242,243,244,245,246,247,248,249,250,251,252,253,254,255,256,257,258,259,260,261,262,263,264,265,266,267,268,269,270,271,272,273,274,275,276,277,278,279,280,281,282]]
[(47.8410, -0.4853, 4.4013)/20] => [[5,17,68,88,117,204,276,328,339,396,466,542,635,732,774,899,913,964,987],[192,193,194,195,196,197,198,199,200,201,202,203,204,205,206,207,208,209,210,211,212,213,214,215,216,217,218,219,220,221,222,223,224,225,226,227,228,229,230,231,232]]
[(-15.2821, -0.4853, 4.4940)/20] => [[17,69,71,74,96,117,204,243,276,339,388,396,489,542,678,696,703,712,924,987],[192,193,194,195,196,197,198,199,200,201,202,203,204,205,206,207,208,209,210,211,212,213,214,215,216,217,218,219,220,221,222,223,224,225,226,227,228,229,230,231,232]]
[(16.2189, 30.9149, 4.6884)/20] => [[17,74,98,117,129,231,276,328,388,489,567,575,593,703,709,712,728,924,969,987],[192,193,194,195,196,197,198,199,200,201,202,203,204,205,206,207,208,209,210,211,212,213,214,215,216,217,218,219,220,221,222,223,224,225,226,227,228,229,230,231,232]]
[(16.2189, -31.7164, 4.8172)/20] => [[71,74,88,99,141,204,225,243,254,339,489,582,695,708,712,722,753,858,950,1012],[192,193,194,195,196,197,198,199,200,201,202,203,204,205,206,207,208,209,210,211,212,213,214,215,216,217,218,219,220,221,222,223,224,225,226,227,228,229,230,231,232]]
[(37.5730, 20.9736, 12.2556)/18] => [[5,17,117,234,240,276,304,328,339,567,575,635,709,712,732,774,835,964,969],[171,172,173,174,175,176,177,178,179,180,181,182,183,184,185,186,187,188,189,190,191,192,193,194,195,196,197,198,199,200,201,202,203,204,205,206,207,208,209,210,211]]
[(-4.9674, -21.7757, 12.3839)/19] => [[69,71,88,96,99,204,234,243,276,339,388,489,577,688,708,712,858,924,1012,1014],[182,183,184,185,186,187,188,189,190,191,192,193,194,195,196,197,198,199,200,201,202,203,204,205,206,207,208,209,210,211,212,213,214,215,216,217,218,219,220,221,222]]
[(37.3749, -21.7453, 12.4070)/18] => [[71,88,99,204,234,243,276,339,421,466,577,708,712,732,753,805,858,930,988,1014],[171,172,173,174,175,176,177,178,179,180,181,182,183,184,185,186,187,188,189,190,191,192,193,194,195,196,197,198,199,200,201,202,203,204,205,206,207,208,209,210,211]]
[(-4.9253, 20.7627, 12.4161)/19] => [[17,96,98,117,234,276,304,328,339,388,489,567,574,575,678,709,712,728,924,969],[182,183,184,185,186,187,188,189,190,191,192,193,194,195,196,197,198,199,200,201,202,203,204,205,206,207,208,209,210,211,212,213,214,215,216,217,218,219,220,221,222]]
[(16.2189, 31.5745, 28.5897)/23] => [[5,17,98,117,276,304,328,388,489,567,574,593,709,712,728,780,896,904,924,969],[222,223,224,225,226,227,228,229,230,231,232,233,234,235,236,237,238,239,240,241,242,243,244,245,246,247,248,249,250,251,252,253,254,255,256,257,258,259,260,261,262]]
[(-4.8119, 20.6488, 28.5897)/22] => [[5,17,96,98,117,234,276,304,328,388,390,489,567,574,678,712,728,904,924,969],[212,213,214,215,216,217,218,219,220,221,222,223,224,225,226,227,228,229,230,231,232,233,234,235,236,237,238,239,240,241,242,243,244,245,246,247,248,249,250,251,252]]
[(-15.8021, -0.4853, 28.5897)/23] => [[17,69,96,117,204,234,243,276,304,388,396,489,574,577,662,678,696,712,904,924],[222,223,224,225,226,227,228,229,230,231,232,233,234,235,236,237,238,239,240,241,242,243,244,245,246,247,248,249,250,251,252,253,254,255,256,257,258,259,260,261,262]]
[(48.2487, -0.4853, 28.5897)/24] => [[5,17,117,204,276,304,328,390,406,421,577,587,635,732,774,885,896,899,913,964],[232,233,234,235,236,237,238,239,240,241,242,243,244,245,246,247,248,249,250,251,252,253,254,255,256,257,258,259,260,261,262,263,264,265,266,267,268,269,270,271,272]]
[(37.2372, -21.6069, 28.5897)/22] => [[99,195,204,234,243,276,390,421,577,691,703,708,712,732,753,805,858,885,896,1014],[212,213,214,215,216,217,218,219,220,221,222,223,224,225,226,227,228,229,230,231,232,233,234,235,236,237,238,239,240,241,242,243,244,245,246,247,248,249,250,251,252]]
[(-4.8254, -21.6331, 28.5897)/23] => [[69,96,99,204,234,243,276,388,390,489,577,691,708,712,858,900,904,924,1012,1014],[222,223,224,225,226,227,228,229,230,231,232,233,234,235,236,237,238,239,240,241,242,243,244,245,246,247,248,249,250,251,252,253,254,255,256,257,258,259,260,261,262]]
[(16.2189, -32.6362, 28.5897)/23] => [[99,204,225,234,243,387,390,489,577,582,691,703,708,712,722,753,858,904,1012,1014],[222,223,224,225,226,227,228,229,230,231,232,233,234,235,236,237,238,239,240,241,242,243,244,245,246,247,248,249,250,251,252,253,254,255,256,257,258,259,260,261,262]]
[(37.3167, 20.7160, 28.5898)/22] => [[5,17,117,234,240,276,304,328,390,567,635,691,709,712,732,774,896,899,969],[212,213,214,215,216,217,218,219,220,221,222,223,224,225,226,227,228,229,230,231,232,233,234,235,236,237,238,239,240,241,242,243,244,245,246,247,248,249,250,251,252]]
[(37.1202, 20.5186, 44.5776)/18] => [[5,17,172,234,276,304,374,390,421,567,571,587,691,709,712,732,773,774,835,896],[171,172,173,174,175,176,177,178,179,180,181,182,183,184,185,186,187,188,189,190,191,192,193,194,195,196,197,198,199,200,201,202,203,204,205,206,207,208,209,210,211]]
[(-4.7614, 20.5979, 44.6380)/20] => [[5,17,87,96,98,172,234,276,304,388,390,489,567,574,691,712,735,888,904,924],[192,193,194,195,196,197,198,199,200,201,202,203,204,205,206,207,208,209,210,211,212,213,214,215,216,217,218,219,220,221,222,223,224,225,226,227,228,229,230,231,232]]
[(-4.7751, -21.5824, 44.6485)/20] => [[69,96,172,234,243,276,388,390,489,533,577,691,708,712,888,900,904,924,1012,1014],[192,193,194,195,196,197,198,199,200,201,202,203,204,205,206,207,208,209,210,211,212,213,214,215,216,217,218,219,220,221,222,223,224,225,226,227,228,229,230,231,232]]
[(37.2344, -21.6041, 44.6650)/19] => [[172,212,234,243,276,350,374,390,533,577,649,691,703,708,712,732,805,885,896,1014],[182,183,184,185,186,187,188,189,190,191,192,193,194,195,196,197,198,199,200,201,202,203,204,205,206,207,208,209,210,211,212,213,214,215,216,217,218,219,220,221,222]]
[(48.4509, -0.4853, 53.2447)/19] => [[5,17,172,212,276,304,374,390,454,469,533,577,617,649,732,784,885,896,913,964],[182,183,184,185,186,187,188,189,190,191,192,193,194,195,196,197,198,199,200,201,202,203,204,205,206,207,208,209,210,211,212,213,214,215,216,217,218,219,220,221,222]]
[(-16.1419, -0.4853, 53.3432)/18] => [[17,24,69,96,145,234,250,276,304,454,471,533,574,577,662,712,735,888,904,924],[171,172,173,174,175,176,177,178,179,180,181,182,183,184,185,186,187,188,189,190,191,192,193,194,195,196,197,198,199,200,201,202,203,204,205,206,207,208,209,210,211]]
[(16.2189, 32.0902, 53.3858)/19] => [[5,17,87,98,276,304,567,572,574,674,691,709,712,735,780,832,896,904,924,936],[182,183,184,185,186,187,188,189,190,191,192,193,194,195,196,197,198,199,200,201,202,203,204,205,206,207,208,209,210,211,212,213,214,215,216,217,218,219,220,221,222]]
[(16.2189, -33.2988, 53.5667)/19] => [[37,172,225,234,250,350,387,390,454,533,577,691,703,712,725,743,830,904,1012,1014],[182,183,184,185,186,187,188,189,190,191,192,193,194,195,196,197,198,199,200,201,202,203,204,205,206,207,208,209,210,211,212,213,214,215,216,217,218,219,220,221,222]]
[(16.2189, -0.4853, 57.2484)/24] => [[5,17,172,234,250,276,304,390,421,454,533,574,577,691,712,735,832,896,904,924],[232,233,234,235,236,237,238,239,240,241,242,243,244,245,246,247,248,249,250,251,252,253,254,255,256,257,258,259,260,261,262,263,264,265,266,267,268,269,270,271,272]]
