[(23.1693, -16.2880, 4.8413)/15] => [[71,74,88,99,117,204,234,243,276,328,339,388,489,542,712,753,776,924,987,988],[141,142,143,144,145,146,147,148,149,150,151,152,153,154,155,156,157,158,159,160,161,162,163,164,165,166,167,168,169,170,171,172,173,174,175,176,177,178,179,180,181]]
[(23.1693, -57.5472, 6.2294)/20] => [[14,71,88,99,204,225,243,254,321,478,646,685,695,708,722,753,858,930,950],[192,193,194,195,196,197,198,199,200,201,202,203,204,205,206,207,208,209,210,211,212,213,214,215,216,217,218,219,220,221,222,223,224,225,226,227,228,229,230,231,232]]
[(64.1521, -16.2880, 6.2583)/15] => [[26,35,68,88,97,328,396,421,466,545,635,693,720,732,740,753,884,913,964,988],[141,142,143,144,145,146,147,148,149,150,151,152,153,154,155,156,157,158,159,160,161,162,163,164,165,166,167,168,169,170,171,172,173,174,175,176,177,178,179,180,181]]
[(23.1693, 24.8373, 6.3277)/21] => [[17,74,98,117,231,276,328,339,388,489,542,567,575,709,712,728,774,924,969,987],[202,203,204,205,206,207,208,209,210,211,212,213,214,215,216,217,218,219,220,221,222,223,224,225,226,227,228,229,230,231,232,233,234,235,236,237,238,239,240,241,242]]
[(-17.6554, -16.2880, 6.3750)/15] => [[69,71,74,96,99,117,204,243,276,339,388,396,489,678,696,703,712,924,987,1012],[141,142,143,144,145,146,147,148,149,150,151,152,153,154,155,156,157,158,159,160,161,162,163,164,165,166,167,168,169,170,171,172,173,174,175,176,177,178,179,180,181]]
[(54.5024, -47.8022, 13.3719)/22] => [[88,89,204,225,321,339,387,396,646,695,708,722,753,805,858,930,950,958,988,1014],[212,213,214,215,216,217,218,219,220,221,222,223,224,225,226,227,228,229,230,231,232,233,234,235,236,237,238,239,240,241,242,243,244,245,246,247,248,249,250,251,252]]
[(53.9280, 14.6486, 13.7953)/21] => [[5,68,114,204,304,328,339,396,567,571,575,614,635,693,709,732,774,964,969],[202,203,204,205,206,207,208,209,210,211,212,213,214,215,216,217,218,219,220,221,222,223,224,225,226,227,228,229,230,231,232,233,234,235,236,237,238,239,240,241,242]]
[(-7.5745, -47.2094, 13.8064)/16] => [[69,71,88,99,141,204,225,234,243,254,321,339,387,577,582,646,708,722,858,1012],[151,152,153,154,155,156,157,158,159,160,161,162,163,164,165,166,167,168,169,170,171,172,173,174,175,176,177,178,179,180,181,182,183,184,185,186,187,188,189,190,191]]
[(-7.0648, 14.1211, 14.1821)/17] => [[17,69,71,96,117,204,234,276,304,339,388,489,567,574,575,577,678,712,924,969],[161,162,163,164,165,166,167,168,169,170,171,172,173,174,175,176,177,178,179,180,181,182,183,184,185,186,187,188,189,190,191,192,193,194,195,196,197,198,199,200,201]]
[(-20.2486, -16.2880, 36.4699)/25] => [[63,69,96,99,117,243,276,388,396,471,489,577,662,712,735,882,900,904,924,1012],[242,243,244,245,246,247,248,249,250,251,252,253,254,255,256,257,258,259,260,261,262,263,264,265,266,267,268,269,270,271,272,273,274,275,276,277,278,279,280,281,282]]
[(67.5627, -16.2880, 36.4699)/23] => [[26,35,89,97,350,374,390,406,421,515,558,649,693,725,732,885,896,913,950,964],[222,223,224,225,226,227,228,229,230,231,232,233,234,235,236,237,238,239,240,241,242,243,244,245,246,247,248,249,250,251,252,253,254,255,256,257,258,259,260,261,262]]
[(-7.7529, -47.3887, 36.4699)/23] => [[37,69,99,204,225,234,243,321,350,387,390,533,577,582,708,722,743,900,1012,1014],[222,223,224,225,226,227,228,229,230,231,232,233,234,235,236,237,238,239,240,241,242,243,244,245,246,247,248,249,250,251,252,253,254,255,256,257,258,259,260,261,262]]
[(23.1693, -60.7722, 36.4699)/25] => [[14,99,225,243,287,321,387,533,664,675,685,703,708,722,743,805,859,907,920,950],[242,243,244,245,246,247,248,249,250,251,252,253,254,255,256,257,258,259,260,261,262,263,264,265,266,267,268,269,270,271,272,273,274,275,276,277,278,279,280,281,282]]
[(23.1693, 27.1744, 36.4699)/25] => [[5,17,98,117,234,276,304,388,390,489,567,574,709,712,728,735,774,896,904,924],[242,243,244,245,246,247,248,249,250,251,252,253,254,255,256,257,258,259,260,261,262,263,264,265,266,267,268,269,270,271,272,273,274,275,276,277,278,279,280,281,282]]
[(54.1287, 14.8504, 36.4699)/21] => [[5,114,204,304,374,390,406,421,515,567,571,614,649,693,709,732,774,896,913,964],[202,203,204,205,206,207,208,209,210,211,212,213,214,215,216,217,218,219,220,221,222,223,224,225,226,227,228,229,230,231,232,233,234,235,236,237,238,239,240,241,242]]
[(54.7370, -48.0383, 36.4699)/22] => [[89,204,225,321,350,374,387,390,515,533,649,675,703,708,722,743,805,885,950,1014],[212,213,214,215,216,217,218,219,220,221,222,223,224,225,226,227,228,229,230,231,232,233,234,235,236,237,238,239,240,241,242,243,244,245,246,247,248,249,250,251,252]]
[(-7.2980, 14.3555, 36.4700)/23] => [[5,17,69,96,117,204,234,276,304,388,390,489,567,574,577,712,735,836,904,924],[222,223,224,225,226,227,228,229,230,231,232,233,234,235,236,237,238,239,240,241,242,243,244,245,246,247,248,249,250,251,252,253,254,255,256,257,258,259,260,261,262]]
[(-7.5736, 14.6326, 59.1328)/19] => [[5,17,69,96,145,172,234,250,276,304,390,454,567,574,577,712,735,888,904,924],[182,183,184,185,186,187,188,189,190,191,192,193,194,195,196,197,198,199,200,201,202,203,204,205,206,207,208,209,210,211,212,213,214,215,216,217,218,219,220,221,222]]
[(-7.9680, -47.6053, 59.4235)/21] => [[37,69,172,195,225,234,250,269,280,350,387,390,454,533,577,725,743,900,1012,1014],[202,203,204,205,206,207,208,209,210,211,212,213,214,215,216,217,218,219,220,221,222,223,224,225,226,227,228,229,230,231,232,233,234,235,236,237,238,239,240,241,242]]
[(54.4144, 15.1381, 59.5032)/21] => [[5,172,304,354,374,389,390,469,515,567,571,574,614,649,693,709,732,773,896,964],[202,203,204,205,206,207,208,209,210,211,212,213,214,215,216,217,218,219,220,221,222,223,224,225,226,227,228,229,230,231,232,233,234,235,236,237,238,239,240,241,242]]
[(55.0159, -48.3187, 59.9465)/19] => [[89,172,225,374,387,390,402,469,515,533,617,649,675,703,725,743,784,805,830,885],[182,183,184,185,186,187,188,189,190,191,192,193,194,195,196,197,198,199,200,201,202,203,204,205,206,207,208,209,210,211,212,213,214,215,216,217,218,219,220,221,222]]
[(-20.6435, -16.2880, 68.7675)/20] => [[24,63,69,131,145,234,250,471,535,540,577,615,662,735,852,882,888,900,904,924],[192,193,194,195,196,197,198,199,200,201,202,203,204,205,206,207,208,209,210,211,212,213,214,215,216,217,218,219,220,221,222,223,224,225,226,227,228,229,230,231,232]]
[(23.1693, 27.7823, 68.7705)/21] => [[5,98,172,175,187,234,236,304,389,390,451,567,691,709,735,766,773,896,904,924],[202,203,204,205,206,207,208,209,210,211,212,213,214,215,216,217,218,219,220,221,222,223,224,225,226,227,228,229,230,231,232,233,234,235,236,237,238,239,240,241,242]]
[(23.1693, -61.2860, 69.4506)/21] => [[225,387,397,406,467,533,617,664,675,680,692,703,725,743,830,859,907,920,999,1014],[202,203,204,205,206,207,208,209,210,211,212,213,214,215,216,217,218,219,220,221,222,223,224,225,226,227,228,229,230,231,232,233,234,235,236,237,238,239,240,241,242]]
[(68.1902, -16.2880, 69.6580)/19] => [[89,172,187,212,350,354,374,390,451,469,515,617,649,725,732,784,839,885,896,913],[182,183,184,185,186,187,188,189,190,191,192,193,194,195,196,197,198,199,200,201,202,203,204,205,206,207,208,209,210,211,212,213,214,215,216,217,218,219,220,221,222]]
[(-26.7742, -16.2880, 73.2871)/15] => [[24,63,131,145,250,332,345,471,535,540,577,615,653,662,735,852,882,888,900,904],[141,142,143,144,145,146,147,148,149,150,151,152,153,154,155,156,157,158,159,160,161,162,163,164,165,166,167,168,169,170,171,172,173,174,175,176,177,178,179,180,181]]
[(23.1693, 33.9794, 73.3128)/19] => [[168,175,187,236,304,349,389,572,674,691,735,765,766,771,773,780,839,896,904,931],[182,183,184,185,186,187,188,189,190,191,192,193,194,195,196,197,198,199,200,201,202,203,204,205,206,207,208,209,210,211,212,213,214,215,216,217,218,219,220,221,222]]
[(23.1693, -67.1068, 73.7170)/17] => [[350,387,397,406,467,533,617,675,680,692,703,725,743,769,830,859,907,920,999,1014],[161,162,163,164,165,166,167,168,169,170,171,172,173,174,175,176,177,178,179,180,181,182,183,184,185,186,187,188,189,190,191,192,193,194,195,196,197,198,199,200,201]]
[(73.8877, -16.2880, 73.8584)/14] => [[89,134,187,302,354,374,451,469,515,607,617,649,725,765,784,791,853,885,896,991],[131,132,133,134,135,136,137,138,139,140,141,142,143,144,145,146,147,148,149,150,151,152,153,154,155,156,157,158,159,160,161,162,163,164,165,166,167,168,169,170,171]]
