[(-58.3813, -44.2478, 1.4609)/15] => [[69,114,141,232,246,311,333,396,411,493,582,639,651,669,696,729,808,924,981,1012],[141,142,143,144,145,146,147,148,149,150,151,152,153,154,155,156,157,158,159,160,161,162,163,164,165,166,167,168,169,170,171,172,173,174,175,176,177,178,179,180,181]]
[(18.0560, -10.1605, 6.9010)/20] => [[71,74,88,99,117,204,234,243,276,339,388,489,542,703,712,753,776,924,987,1012],[192,193,194,195,196,197,198,199,200,201,202,203,204,205,206,207,208,209,210,211,212,213,214,215,216,217,218,219,220,221,222,223,224,225,226,227,228,229,230,231,232]]
[(-2.3933, -10.1605, 7.7510)/19] => [[69,71,74,88,96,99,117,204,243,276,339,388,489,542,678,703,712,924,987,1012],[182,183,184,185,186,187,188,189,190,191,192,193,194,195,196,197,198,199,200,201,202,203,204,205,206,207,208,209,210,211,212,213,214,215,216,217,218,219,220,221,222]]
[(18.0560, -16.1301, 8.5445)/15] => [[71,74,88,99,117,204,234,243,276,339,388,489,542,703,712,753,776,924,987,1012],[141,142,143,144,145,146,147,148,149,150,151,152,153,154,155,156,157,158,159,160,161,162,163,164,165,166,167,168,169,170,171,172,173,174,175,176,177,178,179,180,181]]
[(18.0560, -4.9259, 8.7297)/18] => [[17,71,74,88,117,204,234,243,276,339,388,489,542,574,703,709,712,776,924,987],[171,172,173,174,175,176,177,178,179,180,181,182,183,184,185,186,187,188,189,190,191,192,193,194,195,196,197,198,199,200,201,202,203,204,205,206,207,208,209,210,211]]
[(29.2157, -10.1605, 8.7946)/15] => [[71,74,88,99,117,204,234,243,276,328,339,388,489,542,712,753,776,924,987,988],[141,142,143,144,145,146,147,148,149,150,151,152,153,154,155,156,157,158,159,160,161,162,163,164,165,166,167,168,169,170,171,172,173,174,175,176,177,178,179,180,181]]
[(28.2537, -5.6126, 8.9027)/15] => [[17,71,74,88,117,204,234,243,276,339,388,489,542,574,709,712,774,776,924,987],[141,142,143,144,145,146,147,148,149,150,151,152,153,154,155,156,157,158,159,160,161,162,163,164,165,166,167,168,169,170,171,172,173,174,175,176,177,178,179,180,181]]
[(8.9615, -6.1047, 9.0267)/19] => [[17,69,71,74,88,96,117,204,234,243,276,339,388,489,542,678,703,712,924,987],[182,183,184,185,186,187,188,189,190,191,192,193,194,195,196,197,198,199,200,201,202,203,204,205,206,207,208,209,210,211,212,213,214,215,216,217,218,219,220,221,222]]
[(25.0061, -13.2599, 9.2676)/16] => [[71,74,88,99,117,204,234,243,276,328,339,388,489,542,712,753,776,924,987,988],[151,152,153,154,155,156,157,158,159,160,161,162,163,164,165,166,167,168,169,170,171,172,173,174,175,176,177,178,179,180,181,182,183,184,185,186,187,188,189,190,191]]
[(91.6156, 22.6437, 10.0483)/15] => [[28,35,114,134,240,326,396,545,571,614,635,688,693,732,770,827,835,860,881,964],[141,142,143,144,145,146,147,148,149,150,151,152,153,154,155,156,157,158,159,160,161,162,163,164,165,166,167,168,169,170,171,172,173,174,175,176,177,178,179,180,181]]
[(18.0560, -3.4481, 10.0484)/18] => [[5,17,71,88,117,204,234,243,276,304,328,339,388,489,574,577,709,712,836,924],[171,172,173,174,175,176,177,178,179,180,181,182,183,184,185,186,187,188,189,190,191,192,193,194,195,196,197,198,199,200,201,202,203,204,205,206,207,208,209,210,211]]
[(8.3527, -5.8334, 10.0484)/13] => [[17,69,71,88,96,117,204,234,243,276,304,339,388,489,574,577,678,709,712,924],[121,122,123,124,125,126,127,128,129,130,131,132,133,134,135,136,137,138,139,140,141,142,143,144,145,146,147,148,149,150,151,152,153,154,155,156,157,158,159,160,161]]
[(25.7508, -13.5918, 10.0484)/18] => [[68,71,88,99,117,204,234,243,276,328,339,388,421,489,577,688,712,753,924,988],[171,172,173,174,175,176,177,178,179,180,181,182,183,184,185,186,187,188,189,190,191,192,193,194,195,196,197,198,199,200,201,202,203,204,205,206,207,208,209,210,211]]
[(18.0560, -17.2550, 10.0484)/14] => [[68,71,88,99,117,204,234,243,276,328,339,388,489,577,688,712,753,836,924,1012],[131,132,133,134,135,136,137,138,139,140,141,142,143,144,145,146,147,148,149,150,151,152,153,154,155,156,157,158,159,160,161,162,163,164,165,166,167,168,169,170,171]]
[(-59.4560, -44.7270, 10.0484)/11] => [[69,114,118,141,232,246,311,396,411,493,582,639,651,669,696,729,789,808,981,1012],[101,102,103,104,105,106,107,108,109,110,111,112,113,114,115,116,117,118,119,120,121,122,123,124,125,126,127,128,129,130,131,132,133,134,135,136,137,138,139,140,141]]
[(109.9572, 30.8231, 10.0484)/16] => [[28,35,39,114,115,125,134,326,411,545,614,688,693,770,827,829,860,891,905,964],[151,152,153,154,155,156,157,158,159,160,161,162,163,164,165,166,167,168,169,170,171,172,173,174,175,176,177,178,179,180,181,182,183,184,185,186,187,188,189,190,191]]
[(-4.1164, -10.1605, 10.0484)/15] => [[68,69,71,88,96,99,117,204,234,243,276,339,388,489,577,678,712,836,924,1012],[141,142,143,144,145,146,147,148,149,150,151,152,153,154,155,156,157,158,159,160,161,162,163,164,165,166,167,168,169,170,171,172,173,174,175,176,177,178,179,180,181]]
[(30.5812, -10.1605, 10.0484)/15] => [[68,71,88,99,117,204,234,243,276,328,339,421,466,577,635,645,712,732,753,988],[141,142,143,144,145,146,147,148,149,150,151,152,153,154,155,156,157,158,159,160,161,162,163,164,165,166,167,168,169,170,171,172,173,174,175,176,177,178,179,180,181]]
[(26.4690, -13.9122, 10.9936)/19] => [[68,71,88,99,117,204,234,243,276,328,339,388,421,489,577,688,712,753,924,988],[182,183,184,185,186,187,188,189,190,191,192,193,194,195,196,197,198,199,200,201,202,203,204,205,206,207,208,209,210,211,212,213,214,215,216,217,218,219,220,221,222]]
[(8.3347, -5.8250, 11.1406)/16] => [[17,69,71,88,96,117,204,234,243,276,304,339,388,489,574,577,678,709,712,924],[151,152,153,154,155,156,157,158,159,160,161,162,163,164,165,166,167,168,169,170,171,172,173,174,175,176,177,178,179,180,181,182,183,184,185,186,187,188,189,190,191]]
[(31.4026, -10.1605, 11.5479)/15] => [[68,71,88,99,117,204,234,243,276,328,339,421,466,577,635,645,712,732,753,988],[141,142,143,144,145,146,147,148,149,150,151,152,153,154,155,156,157,158,159,160,161,162,163,164,165,166,167,168,169,170,171,172,173,174,175,176,177,178,179,180,181]]
[(18.0560, -17.6437, 11.9337)/15] => [[68,71,88,99,117,204,234,243,276,328,339,388,489,577,688,712,753,836,924,1012],[141,142,143,144,145,146,147,148,149,150,151,152,153,154,155,156,157,158,159,160,161,162,163,164,165,166,167,168,169,170,171,172,173,174,175,176,177,178,179,180,181]]
[(18.0560, -2.5955, 11.9542)/18] => [[5,17,71,88,117,204,234,243,276,304,328,339,388,489,574,577,709,712,836,924],[171,172,173,174,175,176,177,178,179,180,181,182,183,184,185,186,187,188,189,190,191,192,193,194,195,196,197,198,199,200,201,202,203,204,205,206,207,208,209,210,211]]
[(-3.3065, -10.1605, 12.4484)/16] => [[68,69,71,88,96,99,117,204,234,243,276,339,388,489,577,678,712,836,924,1012],[151,152,153,154,155,156,157,158,159,160,161,162,163,164,165,166,167,168,169,170,171,172,173,174,175,176,177,178,179,180,181,182,183,184,185,186,187,188,189,190,191]]
[(-21.8622, -27.9617, 14.5331)/19] => [[37,63,69,71,96,99,234,243,276,388,396,437,489,577,645,688,696,712,924,1012],[182,183,184,185,186,187,188,189,190,191,192,193,194,195,196,197,198,199,200,201,202,203,204,205,206,207,208,209,210,211,212,213,214,215,216,217,218,219,220,221,222]]
[(59.6098, 8.3706, 14.7166)/13] => [[5,68,88,204,304,328,339,396,406,421,466,587,635,693,732,774,913,950,964],[121,122,123,124,125,126,127,128,129,130,131,132,133,134,135,136,137,138,139,140,141,142,143,144,145,146,147,148,149,150,151,152,153,154,155,156,157,158,159,160,161]]
[(18.0560, -10.1605, 17.1125)/17] => [[68,71,88,99,117,204,234,243,276,328,339,388,489,577,688,712,753,836,924,1012],[161,162,163,164,165,166,167,168,169,170,171,172,173,174,175,176,177,178,179,180,181,182,183,184,185,186,187,188,189,190,191,192,193,194,195,196,197,198,199,200,201]]
[(85.7774, 20.0401, 17.6565)/19] => [[28,35,114,134,227,240,326,396,545,571,614,635,693,732,770,774,835,860,881,964],[182,183,184,185,186,187,188,189,190,191,192,193,194,195,196,197,198,199,200,201,202,203,204,205,206,207,208,209,210,211,212,213,214,215,216,217,218,219,220,221,222]]
[(85.7802, 20.0413, 17.6570)/18] => [[28,35,114,134,227,240,326,396,545,571,614,635,693,732,770,774,835,860,881,964],[171,172,173,174,175,176,177,178,179,180,181,182,183,184,185,186,187,188,189,190,191,192,193,194,195,196,197,198,199,200,201,202,203,204,205,206,207,208,209,210,211]]
