[(6.5290, -30.4173, -0.2396)/11] => [[69,71,74,88,96,99,141,204,225,243,254,339,489,582,708,712,722,858,950,1012],[101,102,103,104,105,106,107,108,109,110,111,112,113,114,115,116,117,118,119,120,121,122,123,124,125,126,127,128,129,130,131,132,133,134,135,136,137,138,139,140,141]]
[(-8.6331, -30.4173, 5.8723)/11] => [[69,71,74,88,96,99,141,204,225,243,254,339,489,582,708,712,722,858,950,1012],[101,102,103,104,105,106,107,108,109,110,111,112,113,114,115,116,117,118,119,120,121,122,123,124,125,126,127,128,129,130,131,132,133,134,135,136,137,138,139,140,141]]
[(6.5290, -45.5795, 5.8869)/13] => [[69,71,88,99,141,204,225,234,243,254,321,339,542,582,646,708,722,858,950,1012],[121,122,123,124,125,126,127,128,129,130,131,132,133,134,135,136,137,138,139,140,141,142,143,144,145,146,147,148,149,150,151,152,153,154,155,156,157,158,159,160,161]]
[(6.5290, -15.3488, 5.9800)/15] => [[69,71,74,88,96,99,117,204,243,276,339,388,489,542,678,703,712,924,987,1012],[141,142,143,144,145,146,147,148,149,150,151,152,153,154,155,156,157,158,159,160,161,162,163,164,165,166,167,168,169,170,171,172,173,174,175,176,177,178,179,180,181]]
[(21.5788, -30.4173, 5.9837)/13] => [[71,74,88,99,204,225,234,243,254,339,489,542,695,708,712,722,753,858,930,950],[121,122,123,124,125,126,127,128,129,130,131,132,133,134,135,136,137,138,139,140,141,142,143,144,145,146,147,148,149,150,151,152,153,154,155,156,157,158,159,160,161]]
[(-5.8155, -18.0607, 8.6699)/11] => [[69,71,74,88,96,99,117,204,243,276,339,388,489,542,678,703,712,924,987,1012],[101,102,103,104,105,106,107,108,109,110,111,112,113,114,115,116,117,118,119,120,121,122,123,124,125,126,127,128,129,130,131,132,133,134,135,136,137,138,139,140,141]]
[(18.8644, -42.7651, 8.6788)/11] => [[71,88,99,141,204,225,243,254,321,339,542,582,695,708,722,753,858,950,1012],[101,102,103,104,105,106,107,108,109,110,111,112,113,114,115,116,117,118,119,120,121,122,123,124,125,126,127,128,129,130,131,132,133,134,135,136,137,138,139,140,141]]
[(18.8211, -18.1130, 8.7218)/14] => [[71,74,88,99,117,204,234,243,276,339,388,489,542,703,712,753,776,924,987,1012],[131,132,133,134,135,136,137,138,139,140,141,142,143,144,145,146,147,148,149,150,151,152,153,154,155,156,157,158,159,160,161,162,163,164,165,166,167,168,169,170,171]]
[(-5.7615, -42.7197, 8.7235)/13] => [[69,71,88,99,141,204,225,234,243,254,321,339,542,582,646,708,722,858,950,1012],[121,122,123,124,125,126,127,128,129,130,131,132,133,134,135,136,137,138,139,140,141,142,143,144,145,146,147,148,149,150,151,152,153,154,155,156,157,158,159,160,161]]
[(-14.7030, -30.4173, 20.9264)/13] => [[69,96,99,204,225,234,243,387,396,489,577,582,691,696,712,722,858,900,904,1012],[121,122,123,124,125,126,127,128,129,130,131,132,133,134,135,136,137,138,139,140,141,142,143,144,145,146,147,148,149,150,151,152,153,154,155,156,157,158,159,160,161]]
[(27.8421, -30.4173, 20.9264)/11] => [[99,204,225,234,243,387,390,489,577,688,691,703,708,712,722,753,805,858,904,1014],[101,102,103,104,105,106,107,108,109,110,111,112,113,114,115,116,117,118,119,120,121,122,123,124,125,126,127,128,129,130,131,132,133,134,135,136,137,138,139,140,141]]
[(-8.4785, -45.4395, 20.9264)/13] => [[37,69,99,195,204,225,234,243,321,387,390,577,582,688,708,722,858,900,1012,1014],[121,122,123,124,125,126,127,128,129,130,131,132,133,134,135,136,137,138,139,140,141,142,143,144,145,146,147,148,149,150,151,152,153,154,155,156,157,158,159,160,161]]
[(6.5290, -51.7857, 20.9264)/13] => [[37,69,99,174,204,225,243,321,387,478,577,582,685,708,722,858,900,920,1012,1014],[121,122,123,124,125,126,127,128,129,130,131,132,133,134,135,136,137,138,139,140,141,142,143,144,145,146,147,148,149,150,151,152,153,154,155,156,157,158,159,160,161]]
[(6.5290, -9.1827, 20.9264)/11] => [[5,17,69,96,117,204,234,243,276,304,388,390,489,574,577,678,712,836,904,924],[101,102,103,104,105,106,107,108,109,110,111,112,113,114,115,116,117,118,119,120,121,122,123,124,125,126,127,128,129,130,131,132,133,134,135,136,137,138,139,140,141]]
[(-8.5525, -15.3210, 20.9264)/11] => [[69,96,99,117,204,234,243,276,388,390,489,577,678,691,712,836,900,904,924,1012],[101,102,103,104,105,106,107,108,109,110,111,112,113,114,115,116,117,118,119,120,121,122,123,124,125,126,127,128,129,130,131,132,133,134,135,136,137,138,139,140,141]]
[(21.4943, -15.4373, 20.9264)/13] => [[99,117,204,234,243,276,328,388,390,421,489,577,688,691,712,753,872,896,904,924],[121,122,123,124,125,126,127,128,129,130,131,132,133,134,135,136,137,138,139,140,141,142,143,144,145,146,147,148,149,150,151,152,153,154,155,156,157,158,159,160,161]]
[(21.5560, -45.4590, 20.9264)/15] => [[37,99,204,225,234,243,321,387,390,577,688,703,708,722,753,805,858,950,958,1014],[141,142,143,144,145,146,147,148,149,150,151,152,153,154,155,156,157,158,159,160,161,162,163,164,165,166,167,168,169,170,171,172,173,174,175,176,177,178,179,180,181]]
[(18.7964, -18.1378, 33.1065)/11] => [[99,117,204,234,243,276,350,388,390,489,533,577,691,712,735,836,896,904,924,1012],[101,102,103,104,105,106,107,108,109,110,111,112,113,114,115,116,117,118,119,120,121,122,123,124,125,126,127,128,129,130,131,132,133,134,135,136,137,138,139,140,141]]
[(-5.7439, -18.1324, 33.1118)/14] => [[69,96,99,117,204,234,243,276,388,390,489,533,577,712,735,836,900,904,924,1012],[131,132,133,134,135,136,137,138,139,140,141,142,143,144,145,146,147,148,149,150,151,152,153,154,155,156,157,158,159,160,161,162,163,164,165,166,167,168,169,170,171]]
[(-5.7681, -42.7265, 33.1358)/13] => [[37,69,99,204,225,234,243,321,350,387,390,533,577,582,708,722,743,900,1012,1014],[121,122,123,124,125,126,127,128,129,130,131,132,133,134,135,136,137,138,139,140,141,142,143,144,145,146,147,148,149,150,151,152,153,154,155,156,157,158,159,160,161]]
[(18.8642, -42.7647, 33.1738)/11] => [[37,99,204,225,234,243,321,350,387,390,533,577,582,703,708,722,743,950,1012,1014],[101,102,103,104,105,106,107,108,109,110,111,112,113,114,115,116,117,118,119,120,121,122,123,124,125,126,127,128,129,130,131,132,133,134,135,136,137,138,139,140,141]]
[(6.5290, -15.3221, 35.8993)/11] => [[69,96,99,117,204,234,243,276,388,390,489,533,577,712,735,836,900,904,924,1012],[101,102,103,104,105,106,107,108,109,110,111,112,113,114,115,116,117,118,119,120,121,122,123,124,125,126,127,128,129,130,131,132,133,134,135,136,137,138,139,140,141]]
[(6.5290, -45.5322, 35.9187)/9] => [[37,69,99,204,225,234,243,321,350,387,390,533,577,582,708,722,743,900,1012,1014],[81,82,83,84,85,86,87,88,89,90,91,92,93,94,95,96,97,98,99,100,101,102,103,104,105,106,107,108,109,110,111,112,113,114,115,116,117,118,119,120,121]]
[(6.5290, -45.5330, 35.9196)/11] => [[37,69,99,204,225,234,243,321,350,387,390,533,577,582,708,722,743,900,1012,1014],[101,102,103,104,105,106,107,108,109,110,111,112,113,114,115,116,117,118,119,120,121,122,123,124,125,126,127,128,129,130,131,132,133,134,135,136,137,138,139,140,141]]
[(-8.5844, -30.4173, 35.9321)/13] => [[69,96,99,204,225,234,243,387,390,489,533,577,582,708,712,722,743,900,904,1012],[121,122,123,124,125,126,127,128,129,130,131,132,133,134,135,136,137,138,139,140,141,142,143,144,145,146,147,148,149,150,151,152,153,154,155,156,157,158,159,160,161]]
[(21.6724, -30.4173, 35.9620)/11] => [[99,204,225,234,243,387,390,489,533,577,649,675,691,703,708,712,722,743,805,904],[101,102,103,104,105,106,107,108,109,110,111,112,113,114,115,116,117,118,119,120,121,122,123,124,125,126,127,128,129,130,131,132,133,134,135,136,137,138,139,140,141]]
[(6.5290, -30.4173, 42.1275)/13] => [[69,96,172,225,234,243,387,390,489,533,577,691,708,712,722,743,888,900,904,1012],[121,122,123,124,125,126,127,128,129,130,131,132,133,134,135,136,137,138,139,140,141,142,143,144,145,146,147,148,149,150,151,152,153,154,155,156,157,158,159,160,161]]
